<?xml version="1.0" encoding="UTF-8"?>
<testsuite name="com.jojoldu.book.springboot.domain.PostsRepositoryTest" tests="2" skipped="0" failures="0" errors="0" timestamp="2022-08-14T13:57:55" hostname="LAPTOP-KUNOOOVE" time="0.407">
  <properties/>
  <testcase name="게시글저장_불러오기" classname="com.jojoldu.book.springboot.domain.PostsRepositoryTest" time="0.389"/>
  <testcase name="BaseTimeEntity_등록" classname="com.jojoldu.book.springboot.domain.PostsRepositoryTest" time="0.017"/>
  <system-out><![CDATA[2022-08-14T22:57:44.238+0900 DEBUG SpringJUnit4ClassRunner constructor called with [class com.jojoldu.book.springboot.domain.PostsRepositoryTest]
2022-08-14T22:57:44.238+0900 DEBUG Instantiating CacheAwareContextLoaderDelegate from class [org.springframework.test.context.cache.DefaultCacheAwareContextLoaderDelegate]
2022-08-14T22:57:44.239+0900 DEBUG Instantiating BootstrapContext using constructor [public org.springframework.test.context.support.DefaultBootstrapContext(java.lang.Class,org.springframework.test.context.CacheAwareContextLoaderDelegate)]
2022-08-14T22:57:44.239+0900 DEBUG Instantiating TestContextBootstrapper for test class [com.jojoldu.book.springboot.domain.PostsRepositoryTest] from class [org.springframework.boot.test.context.SpringBootTestContextBootstrapper]
2022-08-14T22:57:44.241+0900 INFO Neither @ContextConfiguration nor @ContextHierarchy found for test class [com.jojoldu.book.springboot.domain.PostsRepositoryTest], using SpringBootContextLoader
2022-08-14T22:57:44.241+0900 DEBUG Did not detect default resource location for test class [com.jojoldu.book.springboot.domain.PostsRepositoryTest]: class path resource [com/jojoldu/book/springboot/domain/PostsRepositoryTest-context.xml] does not exist
2022-08-14T22:57:44.243+0900 DEBUG Did not detect default resource location for test class [com.jojoldu.book.springboot.domain.PostsRepositoryTest]: class path resource [com/jojoldu/book/springboot/domain/PostsRepositoryTestContext.groovy] does not exist
2022-08-14T22:57:44.243+0900 INFO Could not detect default resource locations for test class [com.jojoldu.book.springboot.domain.PostsRepositoryTest]: no resource found for suffixes {-context.xml, Context.groovy}.
2022-08-14T22:57:44.243+0900 INFO Could not detect default configuration classes for test class [com.jojoldu.book.springboot.domain.PostsRepositoryTest]: PostsRepositoryTest does not declare any static, non-private, non-final, nested classes annotated with @Configuration.
2022-08-14T22:57:44.247+0900 DEBUG Could not find an 'annotation declaring class' for annotation type [org.springframework.test.context.ActiveProfiles] and class [com.jojoldu.book.springboot.domain.PostsRepositoryTest]
2022-08-14T22:57:44.261+0900 DEBUG Identified candidate component class: file [C:\Users\kkang\IdeaProjects\freelec-springboot2-webservice\build\classes\java\main\com\jojoldu\book\springboot\Application.class]
2022-08-14T22:57:44.261+0900 INFO Found @SpringBootConfiguration com.jojoldu.book.springboot.Application for test class com.jojoldu.book.springboot.domain.PostsRepositoryTest
2022-08-14T22:57:44.266+0900 DEBUG @TestExecutionListeners is not present for class [com.jojoldu.book.springboot.domain.PostsRepositoryTest]: using defaults.
2022-08-14T22:57:44.266+0900 INFO Loaded default TestExecutionListener class names from location [META-INF/spring.factories]: [org.springframework.security.test.context.support.WithSecurityContextTestExecutionListener, org.springframework.security.test.context.support.ReactorContextTestExecutionListener, org.springframework.boot.test.autoconfigure.restdocs.RestDocsTestExecutionListener, org.springframework.boot.test.autoconfigure.web.client.MockRestServiceServerResetTestExecutionListener, org.springframework.boot.test.autoconfigure.web.servlet.MockMvcPrintOnlyOnFailureTestExecutionListener, org.springframework.boot.test.autoconfigure.web.servlet.WebDriverTestExecutionListener, org.springframework.boot.test.mock.mockito.MockitoTestExecutionListener, org.springframework.boot.test.mock.mockito.ResetMocksTestExecutionListener, org.springframework.test.context.web.ServletTestExecutionListener, org.springframework.test.context.support.DirtiesContextBeforeModesTestExecutionListener, org.springframework.test.context.support.DependencyInjectionTestExecutionListener, org.springframework.test.context.support.DirtiesContextTestExecutionListener, org.springframework.test.context.transaction.TransactionalTestExecutionListener, org.springframework.test.context.jdbc.SqlScriptsTestExecutionListener]
2022-08-14T22:57:44.268+0900 INFO Using TestExecutionListeners: [org.springframework.test.context.web.ServletTestExecutionListener@5d297d4d, org.springframework.test.context.support.DirtiesContextBeforeModesTestExecutionListener@1dd44289, org.springframework.boot.test.mock.mockito.MockitoTestExecutionListener@6cc56b32, org.springframework.boot.test.autoconfigure.SpringBootDependencyInjectionTestExecutionListener@43fe2008, org.springframework.test.context.support.DirtiesContextTestExecutionListener@552bee2f, org.springframework.test.context.transaction.TransactionalTestExecutionListener@6a543e09, org.springframework.test.context.jdbc.SqlScriptsTestExecutionListener@2d0f548a, org.springframework.security.test.context.support.WithSecurityContextTestExecutionListener@1fc3df43, org.springframework.security.test.context.support.ReactorContextTestExecutionListener@15130002, org.springframework.boot.test.autoconfigure.restdocs.RestDocsTestExecutionListener@5e7cd0df, org.springframework.boot.test.autoconfigure.web.client.MockRestServiceServerResetTestExecutionListener@900649e, org.springframework.boot.test.autoconfigure.web.servlet.MockMvcPrintOnlyOnFailureTestExecutionListener@8b89b3a, org.springframework.boot.test.autoconfigure.web.servlet.WebDriverTestExecutionListener@526893f, org.springframework.boot.test.mock.mockito.ResetMocksTestExecutionListener@3de45b6c]
2022-08-14T22:57:44.269+0900 DEBUG Retrieved @ProfileValueSourceConfiguration [null] for test class [com.jojoldu.book.springboot.domain.PostsRepositoryTest]
2022-08-14T22:57:44.269+0900 DEBUG Retrieved ProfileValueSource type [class org.springframework.test.annotation.SystemProfileValueSource] for class [com.jojoldu.book.springboot.domain.PostsRepositoryTest]
2022-08-14T22:57:44.269+0900 DEBUG Retrieved @ProfileValueSourceConfiguration [null] for test class [com.jojoldu.book.springboot.domain.PostsRepositoryTest]
2022-08-14T22:57:44.269+0900 DEBUG Retrieved ProfileValueSource type [class org.springframework.test.annotation.SystemProfileValueSource] for class [com.jojoldu.book.springboot.domain.PostsRepositoryTest]
2022-08-14T22:57:44.270+0900 DEBUG Before test class: context [DefaultTestContext@37caecda testClass = PostsRepositoryTest, testInstance = [null], testMethod = [null], testException = [null], mergedContextConfiguration = [WebMergedContextConfiguration@7be7c052 testClass = PostsRepositoryTest, locations = '{}', classes = '{class com.jojoldu.book.springboot.Application}', contextInitializerClasses = '[]', activeProfiles = '{}', propertySourceLocations = '{}', propertySourceProperties = '{org.springframework.boot.test.context.SpringBootTestContextBootstrapper=true}', contextCustomizers = set[org.springframework.boot.test.autoconfigure.properties.PropertyMappingContextCustomizer@0, org.springframework.boot.test.autoconfigure.web.servlet.WebDriverContextCustomizerFactory$Customizer@27cbfddf, org.springframework.boot.test.context.filter.ExcludeFilterContextCustomizer@4cee7fa0, org.springframework.boot.test.json.DuplicateJsonObjectContextCustomizerFactory$DuplicateJsonObjectContextCustomizer@7180e701, org.springframework.boot.test.mock.mockito.MockitoContextCustomizer@0, org.springframework.boot.test.web.client.TestRestTemplateContextCustomizer@8ef1d58], resourceBasePath = 'src/main/webapp', contextLoader = 'org.springframework.boot.test.context.SpringBootContextLoader', parent = [null]], attributes = map['org.springframework.test.context.web.ServletTestExecutionListener.activateListener' -> true]], class annotated with @DirtiesContext [false] with mode [null].
2022-08-14T22:57:44.270+0900 DEBUG Retrieved @ProfileValueSourceConfiguration [null] for test class [com.jojoldu.book.springboot.domain.PostsRepositoryTest]
2022-08-14T22:57:44.270+0900 DEBUG Retrieved ProfileValueSource type [class org.springframework.test.annotation.SystemProfileValueSource] for class [com.jojoldu.book.springboot.domain.PostsRepositoryTest]
2022-08-14T22:57:44.275+0900 DEBUG Adding inlined properties to environment: {spring.jmx.enabled=false, org.springframework.boot.test.context.SpringBootTestContextBootstrapper=true, server.port=-1}
2022-08-14T22:57:44.299+0900 DEBUG Activating profiles []
2022-08-14T22:57:44.354+0900 DEBUG Activating profiles []
2022-08-14T22:57:44.376+0900 DEBUG Application started with classpath: unknown

  .   ____          _            __ _ _
 /\\ / ___'_ __ _ _(_)_ __  __ _ \ \ \ \
( ( )\___ | '_ | '_| | '_ \/ _` | \ \ \ \
 \\/  ___)| |_)| | | | | || (_| |  ) ) ) )
  '  |____| .__|_| |_|_| |_\__, | / / / /
 =========|_|==============|___/=/_/_/_/
 :: Spring Boot ::        (v2.1.7.RELEASE)

2022-08-14T22:57:44.389+0900 INFO Starting PostsRepositoryTest on LAPTOP-KUNOOOVE with PID 18364 (started by kkang in C:\Users\kkang\IdeaProjects\freelec-springboot2-webservice)
2022-08-14T22:57:44.389+0900 DEBUG Running with Spring Boot v2.1.7.RELEASE, Spring v5.1.9.RELEASE
2022-08-14T22:57:44.390+0900 INFO No active profile set, falling back to default profiles: default
2022-08-14T22:57:44.390+0900 DEBUG Loading source class com.jojoldu.book.springboot.Application
2022-08-14T22:57:44.396+0900 DEBUG Loaded config file 'file:/C:/Users/kkang/IdeaProjects/freelec-springboot2-webservice/build/resources/test/application.properties' (classpath:/application.properties)
2022-08-14T22:57:44.397+0900 DEBUG Refreshing org.springframework.web.context.support.GenericWebApplicationContext@5bbf744b
2022-08-14T22:57:44.398+0900 DEBUG Creating shared instance of singleton bean 'org.springframework.context.annotation.internalConfigurationAnnotationProcessor'
2022-08-14T22:57:44.398+0900 DEBUG Creating shared instance of singleton bean 'org.springframework.boot.autoconfigure.internalCachingMetadataReaderFactory'
2022-08-14T22:57:44.447+0900 DEBUG Identified candidate component class: file [C:\Users\kkang\IdeaProjects\freelec-springboot2-webservice\build\classes\java\main\com\jojoldu\book\springboot\config\JpaConfig.class]
2022-08-14T22:57:44.448+0900 DEBUG Identified candidate component class: file [C:\Users\kkang\IdeaProjects\freelec-springboot2-webservice\build\classes\java\main\com\jojoldu\book\springboot\config\WebConfig.class]
2022-08-14T22:57:44.450+0900 DEBUG Identified candidate component class: file [C:\Users\kkang\IdeaProjects\freelec-springboot2-webservice\build\classes\java\main\com\jojoldu\book\springboot\config\auth\CustomOAuth2UserService.class]
2022-08-14T22:57:44.452+0900 DEBUG Identified candidate component class: file [C:\Users\kkang\IdeaProjects\freelec-springboot2-webservice\build\classes\java\main\com\jojoldu\book\springboot\config\auth\LoginUserArgumentResolver.class]
2022-08-14T22:57:44.454+0900 DEBUG Identified candidate component class: file [C:\Users\kkang\IdeaProjects\freelec-springboot2-webservice\build\classes\java\main\com\jojoldu\book\springboot\config\auth\SecurityConfig.class]
2022-08-14T22:57:44.472+0900 DEBUG Identified candidate component class: file [C:\Users\kkang\IdeaProjects\freelec-springboot2-webservice\build\classes\java\main\com\jojoldu\book\springboot\service\posts\PostsService.class]
2022-08-14T22:57:44.474+0900 DEBUG Identified candidate component class: file [C:\Users\kkang\IdeaProjects\freelec-springboot2-webservice\build\classes\java\main\com\jojoldu\book\springboot\web\HelloController.class]
2022-08-14T22:57:44.476+0900 DEBUG Identified candidate component class: file [C:\Users\kkang\IdeaProjects\freelec-springboot2-webservice\build\classes\java\main\com\jojoldu\book\springboot\web\IndexController.class]
2022-08-14T22:57:44.478+0900 DEBUG Identified candidate component class: file [C:\Users\kkang\IdeaProjects\freelec-springboot2-webservice\build\classes\java\main\com\jojoldu\book\springboot\web\PostsApiController.class]
2022-08-14T22:57:44.840+0900 DEBUG Found key 'spring.jmx.enabled' in PropertySource 'configurationProperties' with value of type String
2022-08-14T22:57:45.000+0900 DEBUG Found key 'spring.jmx.enabled' in PropertySource 'configurationProperties' with value of type String
2022-08-14T22:57:45.115+0900 DEBUG Found key 'spring.h2.console.enabled' in PropertySource 'configurationProperties' with value of type String
2022-08-14T22:57:45.286+0900 DEBUG Creating shared instance of singleton bean 'org.springframework.boot.autoconfigure.condition.BeanTypeRegistry'
2022-08-14T22:57:45.454+0900 INFO Bootstrapping Spring Data repositories in DEFAULT mode.
2022-08-14T22:57:45.473+0900 DEBUG Creating shared instance of singleton bean 'org.springframework.boot.autoconfigure.AutoConfigurationPackages'
2022-08-14T22:57:45.475+0900 DEBUG @EnableAutoConfiguration was declared on a class in the package 'com.jojoldu.book.springboot'. Automatic @Repository and @Entity scanning is enabled.
2022-08-14T22:57:45.475+0900 DEBUG Scanning for repositories in packages com.jojoldu.book.springboot.
2022-08-14T22:57:45.520+0900 DEBUG Identified candidate component class: file [C:\Users\kkang\IdeaProjects\freelec-springboot2-webservice\build\classes\java\main\com\jojoldu\book\springboot\domain\posts\PostsRepository.class]
2022-08-14T22:57:45.521+0900 DEBUG Identified candidate component class: file [C:\Users\kkang\IdeaProjects\freelec-springboot2-webservice\build\classes\java\main\com\jojoldu\book\springboot\domain\user\UserRepository.class]
2022-08-14T22:57:45.624+0900 INFO Finished Spring Data repository scanning in 148ms. Found 2 repository interfaces.
2022-08-14T22:57:45.634+0900 DEBUG Found key 'spring.h2.console.enabled' in PropertySource 'configurationProperties' with value of type String
2022-08-14T22:57:45.889+0900 DEBUG Creating shared instance of singleton bean 'propertySourcesPlaceholderConfigurer'
2022-08-14T22:57:45.907+0900 DEBUG Creating shared instance of singleton bean 'org.springframework.boot.test.mock.mockito.MockitoPostProcessor'
2022-08-14T22:57:45.908+0900 DEBUG Creating shared instance of singleton bean 'emBeanDefinitionRegistrarPostProcessor'
2022-08-14T22:57:45.941+0900 DEBUG Creating shared instance of singleton bean 'org.springframework.context.event.internalEventListenerProcessor'
2022-08-14T22:57:45.941+0900 DEBUG Creating shared instance of singleton bean 'org.springframework.data.jpa.domain.support.AuditingBeanFactoryPostProcessor'
2022-08-14T22:57:45.942+0900 DEBUG Creating shared instance of singleton bean 'org.springframework.boot.context.properties.ConfigurationBeanFactoryMetadata'
2022-08-14T22:57:45.942+0900 DEBUG Creating shared instance of singleton bean 'preserveErrorControllerTargetClassPostProcessor'
2022-08-14T22:57:45.942+0900 DEBUG Creating shared instance of singleton bean 'org.springframework.boot.devtools.autoconfigure.DevToolsDataSourceAutoConfiguration$DatabaseShutdownExecutorJpaDependencyConfiguration'
2022-08-14T22:57:45.946+0900 DEBUG Creating shared instance of singleton bean 'org.springframework.context.event.internalEventListenerFactory'
2022-08-14T22:57:45.946+0900 DEBUG Creating shared instance of singleton bean 'org.springframework.transaction.config.internalTransactionalEventListenerFactory'
2022-08-14T22:57:45.951+0900 DEBUG Creating shared instance of singleton bean 'org.springframework.boot.test.mock.mockito.MockitoPostProcessor$SpyPostProcessor'
2022-08-14T22:57:45.952+0900 DEBUG Creating shared instance of singleton bean 'org.springframework.context.annotation.internalAutowiredAnnotationProcessor'
2022-08-14T22:57:45.954+0900 DEBUG Creating shared instance of singleton bean 'org.springframework.context.annotation.internalCommonAnnotationProcessor'
2022-08-14T22:57:45.955+0900 DEBUG Creating shared instance of singleton bean 'org.springframework.context.annotation.internalPersistenceAnnotationProcessor'
2022-08-14T22:57:45.955+0900 DEBUG Creating shared instance of singleton bean 'org.springframework.boot.context.properties.ConfigurationPropertiesBindingPostProcessor'
2022-08-14T22:57:45.957+0900 DEBUG Creating shared instance of singleton bean 'methodValidationPostProcessor'
2022-08-14T22:57:45.959+0900 DEBUG Autowiring by type from bean name 'methodValidationPostProcessor' via factory method to bean named 'environment'
2022-08-14T22:57:45.980+0900 DEBUG Creating shared instance of singleton bean 'org.springframework.aop.config.internalAutoProxyCreator'
2022-08-14T22:57:46.061+0900 DEBUG Creating shared instance of singleton bean 'dataSourceInitializerPostProcessor'
2022-08-14T22:57:46.071+0900 DEBUG Creating shared instance of singleton bean 'persistenceExceptionTranslationPostProcessor'
2022-08-14T22:57:46.072+0900 DEBUG Autowiring by type from bean name 'persistenceExceptionTranslationPostProcessor' via factory method to bean named 'environment'
2022-08-14T22:57:46.102+0900 DEBUG Creating shared instance of singleton bean 'org.springframework.context.annotation.internalScheduledAnnotationProcessor'
2022-08-14T22:57:46.102+0900 DEBUG Creating shared instance of singleton bean 'org.springframework.scheduling.annotation.SchedulingConfiguration'
2022-08-14T22:57:46.151+0900 DEBUG Creating shared instance of singleton bean 'webServerFactoryCustomizerBeanPostProcessor'
2022-08-14T22:57:46.157+0900 DEBUG Creating shared instance of singleton bean 'errorPageRegistrarBeanPostProcessor'
2022-08-14T22:57:46.162+0900 DEBUG Creating shared instance of singleton bean 'dataSourceInitializedPublisher'
2022-08-14T22:57:46.168+0900 DEBUG Creating shared instance of singleton bean 'projectingArgumentResolverBeanPostProcessor'
2022-08-14T22:57:46.168+0900 DEBUG Creating shared instance of singleton bean 'org.springframework.transaction.config.internalTransactionAdvisor'
2022-08-14T22:57:46.169+0900 DEBUG Creating shared instance of singleton bean 'org.springframework.transaction.annotation.ProxyTransactionManagementConfiguration'
2022-08-14T22:57:46.190+0900 INFO Bean 'org.springframework.transaction.annotation.ProxyTransactionManagementConfiguration' of type [org.springframework.transaction.annotation.ProxyTransactionManagementConfiguration$$EnhancerBySpringCGLIB$$181732a] is not eligible for getting processed by all BeanPostProcessors (for example: not eligible for auto-proxying)
2022-08-14T22:57:46.200+0900 DEBUG Creating shared instance of singleton bean 'transactionAttributeSource'
2022-08-14T22:57:46.205+0900 DEBUG Creating shared instance of singleton bean 'transactionInterceptor'
2022-08-14T22:57:46.248+0900 DEBUG Unable to locate ThemeSource with name 'themeSource': using default [org.springframework.ui.context.support.ResourceBundleThemeSource@414d2821]
2022-08-14T22:57:46.251+0900 DEBUG Creating shared instance of singleton bean 'org.springframework.context.config.internalBeanConfigurerAspect'
2022-08-14T22:57:46.269+0900 DEBUG Creating shared instance of singleton bean 'inMemoryDatabaseShutdownExecutor'
2022-08-14T22:57:46.269+0900 DEBUG Creating shared instance of singleton bean 'org.springframework.boot.devtools.autoconfigure.DevToolsDataSourceAutoConfiguration'
2022-08-14T22:57:46.278+0900 DEBUG Creating shared instance of singleton bean 'dataSource'
2022-08-14T22:57:46.278+0900 DEBUG Creating shared instance of singleton bean 'org.springframework.boot.autoconfigure.jdbc.DataSourceConfiguration$Hikari'
2022-08-14T22:57:46.287+0900 DEBUG Creating shared instance of singleton bean 'spring.datasource-org.springframework.boot.autoconfigure.jdbc.DataSourceProperties'
2022-08-14T22:57:46.310+0900 DEBUG Autowiring by type from bean name 'dataSource' via factory method to bean named 'spring.datasource-org.springframework.boot.autoconfigure.jdbc.DataSourceProperties'
2022-08-14T22:57:46.334+0900 DEBUG Driver class org.h2.Driver found in Thread context class loader jdk.internal.loader.ClassLoaders$AppClassLoader@6659c656
2022-08-14T22:57:46.352+0900 DEBUG Creating shared instance of singleton bean 'org.springframework.boot.autoconfigure.jdbc.DataSourceInitializerInvoker'
2022-08-14T22:57:46.356+0900 DEBUG Autowiring by type from bean name 'org.springframework.boot.autoconfigure.jdbc.DataSourceInitializerInvoker' via constructor to bean named 'spring.datasource-org.springframework.boot.autoconfigure.jdbc.DataSourceProperties'
2022-08-14T22:57:46.356+0900 DEBUG Autowiring by type from bean name 'org.springframework.boot.autoconfigure.jdbc.DataSourceInitializerInvoker' via constructor to bean named 'org.springframework.web.context.support.GenericWebApplicationContext@5bbf744b'
2022-08-14T22:57:46.369+0900 DEBUG Autowiring by type from bean name 'inMemoryDatabaseShutdownExecutor' via factory method to bean named 'dataSource'
2022-08-14T22:57:46.369+0900 DEBUG Autowiring by type from bean name 'inMemoryDatabaseShutdownExecutor' via factory method to bean named 'spring.datasource-org.springframework.boot.autoconfigure.jdbc.DataSourceProperties'
2022-08-14T22:57:46.375+0900 DEBUG Creating shared instance of singleton bean 'entityManagerFactory'
2022-08-14T22:57:46.375+0900 DEBUG Creating shared instance of singleton bean 'org.springframework.boot.autoconfigure.orm.jpa.HibernateJpaConfiguration'
2022-08-14T22:57:46.377+0900 DEBUG Cannot find '.class' file for class [class org.springframework.boot.autoconfigure.orm.jpa.HibernateJpaConfiguration$$EnhancerBySpringCGLIB$$20583599] - unable to determine constructor/method parameter names
2022-08-14T22:57:46.379+0900 DEBUG Creating shared instance of singleton bean 'spring.jpa-org.springframework.boot.autoconfigure.orm.jpa.JpaProperties'
2022-08-14T22:57:46.388+0900 DEBUG Creating shared instance of singleton bean 'spring.jpa.hibernate-org.springframework.boot.autoconfigure.orm.jpa.HibernateProperties'
2022-08-14T22:57:46.396+0900 DEBUG Autowiring by type from bean name 'org.springframework.boot.autoconfigure.orm.jpa.HibernateJpaConfiguration' via constructor to bean named 'dataSource'
2022-08-14T22:57:46.396+0900 DEBUG Autowiring by type from bean name 'org.springframework.boot.autoconfigure.orm.jpa.HibernateJpaConfiguration' via constructor to bean named 'spring.jpa-org.springframework.boot.autoconfigure.orm.jpa.JpaProperties'
2022-08-14T22:57:46.396+0900 DEBUG Autowiring by type from bean name 'org.springframework.boot.autoconfigure.orm.jpa.HibernateJpaConfiguration' via constructor to bean named 'org.springframework.beans.factory.support.DefaultListableBeanFactory@120d6cbf'
2022-08-14T22:57:46.396+0900 DEBUG Autowiring by type from bean name 'org.springframework.boot.autoconfigure.orm.jpa.HibernateJpaConfiguration' via constructor to bean named 'spring.jpa.hibernate-org.springframework.boot.autoconfigure.orm.jpa.HibernateProperties'
2022-08-14T22:57:46.400+0900 DEBUG Creating shared instance of singleton bean 'platformTransactionManagerCustomizers'
2022-08-14T22:57:46.400+0900 DEBUG Creating shared instance of singleton bean 'org.springframework.boot.autoconfigure.transaction.TransactionAutoConfiguration'
2022-08-14T22:57:46.415+0900 DEBUG Creating shared instance of singleton bean 'spring.transaction-org.springframework.boot.autoconfigure.transaction.TransactionProperties'
2022-08-14T22:57:46.428+0900 DEBUG Creating shared instance of singleton bean 'hikariPoolDataSourceMetadataProvider'
2022-08-14T22:57:46.428+0900 DEBUG Creating shared instance of singleton bean 'org.springframework.boot.autoconfigure.jdbc.metadata.DataSourcePoolMetadataProvidersConfiguration$HikariPoolDataSourceMetadataProviderConfiguration'
2022-08-14T22:57:46.466+0900 DEBUG Creating shared instance of singleton bean 'entityManagerFactoryBuilder'
2022-08-14T22:57:46.468+0900 DEBUG Creating shared instance of singleton bean 'jpaVendorAdapter'
2022-08-14T22:57:46.570+0900 DEBUG Fetching JDBC Connection from DataSource
2022-08-14T22:57:46.572+0900 DEBUG HikariPool-1 - configuration:
2022-08-14T22:57:46.579+0900 DEBUG allowPoolSuspension.............false
2022-08-14T22:57:46.579+0900 DEBUG autoCommit......................true
2022-08-14T22:57:46.579+0900 DEBUG catalog.........................none
2022-08-14T22:57:46.579+0900 DEBUG connectionInitSql...............none
2022-08-14T22:57:46.580+0900 DEBUG connectionTestQuery.............none
2022-08-14T22:57:46.580+0900 DEBUG connectionTimeout...............30000
2022-08-14T22:57:46.580+0900 DEBUG dataSource......................none
2022-08-14T22:57:46.580+0900 DEBUG dataSourceClassName.............none
2022-08-14T22:57:46.580+0900 DEBUG dataSourceJNDI..................none
2022-08-14T22:57:46.581+0900 DEBUG dataSourceProperties............{password=<masked>}
2022-08-14T22:57:46.581+0900 DEBUG driverClassName................."org.h2.Driver"
2022-08-14T22:57:46.581+0900 DEBUG healthCheckProperties...........{}
2022-08-14T22:57:46.581+0900 DEBUG healthCheckRegistry.............none
2022-08-14T22:57:46.581+0900 DEBUG idleTimeout.....................600000
2022-08-14T22:57:46.581+0900 DEBUG initializationFailTimeout.......1
2022-08-14T22:57:46.582+0900 DEBUG isolateInternalQueries..........false
2022-08-14T22:57:46.582+0900 DEBUG jdbcUrl.........................jdbc:h2:mem:testdb
2022-08-14T22:57:46.582+0900 DEBUG leakDetectionThreshold..........0
2022-08-14T22:57:46.582+0900 DEBUG maxLifetime.....................1800000
2022-08-14T22:57:46.582+0900 DEBUG maximumPoolSize.................10
2022-08-14T22:57:46.582+0900 DEBUG metricRegistry..................none
2022-08-14T22:57:46.582+0900 DEBUG metricsTrackerFactory...........none
2022-08-14T22:57:46.583+0900 DEBUG minimumIdle.....................10
2022-08-14T22:57:46.583+0900 DEBUG password........................<masked>
2022-08-14T22:57:46.583+0900 DEBUG poolName........................"HikariPool-1"
2022-08-14T22:57:46.583+0900 DEBUG readOnly........................false
2022-08-14T22:57:46.583+0900 DEBUG registerMbeans..................false
2022-08-14T22:57:46.583+0900 DEBUG scheduledExecutor...............none
2022-08-14T22:57:46.583+0900 DEBUG schema..........................none
2022-08-14T22:57:46.583+0900 DEBUG threadFactory...................internal
2022-08-14T22:57:46.583+0900 DEBUG transactionIsolation............default
2022-08-14T22:57:46.583+0900 DEBUG username........................"sa"
2022-08-14T22:57:46.584+0900 DEBUG validationTimeout...............5000
2022-08-14T22:57:46.584+0900 INFO HikariPool-1 - Starting...
2022-08-14T22:57:47.444+0900 DEBUG HikariPool-1 - Added connection conn0: url=jdbc:h2:mem:testdb user=SA
2022-08-14T22:57:47.447+0900 INFO HikariPool-1 - Start completed.
2022-08-14T22:57:47.475+0900 DEBUG Autowiring by type from bean name 'entityManagerFactoryBuilder' via factory method to bean named 'jpaVendorAdapter'
2022-08-14T22:57:47.483+0900 DEBUG Autowiring by type from bean name 'entityManagerFactory' via factory method to bean named 'entityManagerFactoryBuilder'
2022-08-14T22:57:47.510+0900 DEBUG Fetching JDBC Connection from DataSource
2022-08-14T22:57:47.561+0900 DEBUG HikariPool-1 - Pool stats (total=1, active=0, idle=1, waiting=0)
2022-08-14T22:57:47.564+0900 DEBUG HikariPool-1 - Added connection conn1: url=jdbc:h2:mem:testdb user=SA
2022-08-14T22:57:47.564+0900 DEBUG HikariPool-1 - Added connection conn2: url=jdbc:h2:mem:testdb user=SA
2022-08-14T22:57:47.565+0900 DEBUG HikariPool-1 - Added connection conn3: url=jdbc:h2:mem:testdb user=SA
2022-08-14T22:57:47.566+0900 DEBUG HikariPool-1 - Added connection conn4: url=jdbc:h2:mem:testdb user=SA
2022-08-14T22:57:47.567+0900 DEBUG HikariPool-1 - Added connection conn5: url=jdbc:h2:mem:testdb user=SA
2022-08-14T22:57:47.567+0900 DEBUG HikariPool-1 - Added connection conn6: url=jdbc:h2:mem:testdb user=SA
2022-08-14T22:57:47.568+0900 DEBUG HikariPool-1 - Added connection conn7: url=jdbc:h2:mem:testdb user=SA
2022-08-14T22:57:47.568+0900 DEBUG HikariPool-1 - Added connection conn8: url=jdbc:h2:mem:testdb user=SA
2022-08-14T22:57:47.569+0900 DEBUG HikariPool-1 - Added connection conn9: url=jdbc:h2:mem:testdb user=SA
2022-08-14T22:57:47.569+0900 DEBUG HikariPool-1 - After adding stats (total=10, active=0, idle=10, waiting=0)
2022-08-14T22:57:47.630+0900 DEBUG Building JPA container EntityManagerFactory for persistence unit 'default'
2022-08-14T22:57:47.677+0900 DEBUG PersistenceUnitInfo [
	name: default
	persistence provider classname: null
	classloader: jdk.internal.loader.ClassLoaders$AppClassLoader@6659c656
	excludeUnlistedClasses: true
	JTA datasource: null
	Non JTA datasource: HikariDataSource (HikariPool-1)
	Transaction type: RESOURCE_LOCAL
	PU root URL: file:/C:/Users/kkang/IdeaProjects/freelec-springboot2-webservice/build/classes/java/test/
	Shared Cache Mode: UNSPECIFIED
	Validation Mode: AUTO
	Jar files URLs []
	Managed classes names [
		com.jojoldu.book.springboot.domain.BaseTimeEntity
		com.jojoldu.book.springboot.domain.posts.Posts
		com.jojoldu.book.springboot.domain.user.User]
	Mapping files names []
	Properties []
2022-08-14T22:57:47.714+0900 DEBUG Adding Integrator [org.hibernate.cfg.beanvalidation.BeanValidationIntegrator].
2022-08-14T22:57:47.720+0900 DEBUG Adding Integrator [org.hibernate.secure.spi.JaccIntegrator].
2022-08-14T22:57:47.725+0900 DEBUG Adding Integrator [org.hibernate.cache.internal.CollectionCacheInvalidator].
2022-08-14T22:57:47.923+0900 INFO HHH000412: Hibernate Core {5.3.10.Final}
2022-08-14T22:57:47.927+0900 INFO HHH000206: hibernate.properties not found
2022-08-14T22:57:47.980+0900 DEBUG Overriding existing service binding [org.hibernate.secure.spi.JaccService]
2022-08-14T22:57:48.042+0900 DEBUG Cannot default RegionFactory based on registered strategies as `[]` RegionFactory strategies were registered
2022-08-14T22:57:48.045+0900 DEBUG Cache region factory : org.hibernate.cache.internal.NoCachingRegionFactory
2022-08-14T22:57:48.089+0900 INFO HCANN000001: Hibernate Commons Annotations {5.0.4.Final}
2022-08-14T22:57:48.308+0900 DEBUG Adding type registration boolean -> org.hibernate.type.BooleanType@517d9cd5
2022-08-14T22:57:48.309+0900 DEBUG Adding type registration boolean -> org.hibernate.type.BooleanType@517d9cd5
2022-08-14T22:57:48.310+0900 DEBUG Adding type registration java.lang.Boolean -> org.hibernate.type.BooleanType@517d9cd5
2022-08-14T22:57:48.312+0900 DEBUG Adding type registration numeric_boolean -> org.hibernate.type.NumericBooleanType@78e7b83
2022-08-14T22:57:48.314+0900 DEBUG Adding type registration true_false -> org.hibernate.type.TrueFalseType@74e175c7
2022-08-14T22:57:48.316+0900 DEBUG Adding type registration yes_no -> org.hibernate.type.YesNoType@71135794
2022-08-14T22:57:48.320+0900 DEBUG Adding type registration byte -> org.hibernate.type.ByteType@639cb0c8
2022-08-14T22:57:48.320+0900 DEBUG Adding type registration byte -> org.hibernate.type.ByteType@639cb0c8
2022-08-14T22:57:48.320+0900 DEBUG Adding type registration java.lang.Byte -> org.hibernate.type.ByteType@639cb0c8
2022-08-14T22:57:48.324+0900 DEBUG Adding type registration character -> org.hibernate.type.CharacterType@3e24bab6
2022-08-14T22:57:48.324+0900 DEBUG Adding type registration char -> org.hibernate.type.CharacterType@3e24bab6
2022-08-14T22:57:48.325+0900 DEBUG Adding type registration java.lang.Character -> org.hibernate.type.CharacterType@3e24bab6
2022-08-14T22:57:48.329+0900 DEBUG Adding type registration short -> org.hibernate.type.ShortType@4add4dff
2022-08-14T22:57:48.329+0900 DEBUG Adding type registration short -> org.hibernate.type.ShortType@4add4dff
2022-08-14T22:57:48.329+0900 DEBUG Adding type registration java.lang.Short -> org.hibernate.type.ShortType@4add4dff
2022-08-14T22:57:48.333+0900 DEBUG Adding type registration integer -> org.hibernate.type.IntegerType@288b8663
2022-08-14T22:57:48.333+0900 DEBUG Adding type registration int -> org.hibernate.type.IntegerType@288b8663
2022-08-14T22:57:48.334+0900 DEBUG Adding type registration java.lang.Integer -> org.hibernate.type.IntegerType@288b8663
2022-08-14T22:57:48.338+0900 DEBUG Adding type registration long -> org.hibernate.type.LongType@2fccd98f
2022-08-14T22:57:48.338+0900 DEBUG Adding type registration long -> org.hibernate.type.LongType@2fccd98f
2022-08-14T22:57:48.338+0900 DEBUG Adding type registration java.lang.Long -> org.hibernate.type.LongType@2fccd98f
2022-08-14T22:57:48.341+0900 DEBUG Adding type registration float -> org.hibernate.type.FloatType@261099e1
2022-08-14T22:57:48.342+0900 DEBUG Adding type registration float -> org.hibernate.type.FloatType@261099e1
2022-08-14T22:57:48.342+0900 DEBUG Adding type registration java.lang.Float -> org.hibernate.type.FloatType@261099e1
2022-08-14T22:57:48.345+0900 DEBUG Adding type registration double -> org.hibernate.type.DoubleType@299dd381
2022-08-14T22:57:48.345+0900 DEBUG Adding type registration double -> org.hibernate.type.DoubleType@299dd381
2022-08-14T22:57:48.345+0900 DEBUG Adding type registration java.lang.Double -> org.hibernate.type.DoubleType@299dd381
2022-08-14T22:57:48.348+0900 DEBUG Adding type registration big_decimal -> org.hibernate.type.BigDecimalType@64f613da
2022-08-14T22:57:48.349+0900 DEBUG Adding type registration java.math.BigDecimal -> org.hibernate.type.BigDecimalType@64f613da
2022-08-14T22:57:48.352+0900 DEBUG Adding type registration big_integer -> org.hibernate.type.BigIntegerType@5543d800
2022-08-14T22:57:48.353+0900 DEBUG Adding type registration java.math.BigInteger -> org.hibernate.type.BigIntegerType@5543d800
2022-08-14T22:57:48.357+0900 DEBUG Adding type registration string -> org.hibernate.type.StringType@5d01a2eb
2022-08-14T22:57:48.357+0900 DEBUG Adding type registration java.lang.String -> org.hibernate.type.StringType@5d01a2eb
2022-08-14T22:57:48.360+0900 DEBUG Adding type registration nstring -> org.hibernate.type.StringNVarcharType@13f7c165
2022-08-14T22:57:48.362+0900 DEBUG Adding type registration ncharacter -> org.hibernate.type.CharacterNCharType@7a2fd94c
2022-08-14T22:57:48.366+0900 DEBUG Adding type registration url -> org.hibernate.type.UrlType@618e7761
2022-08-14T22:57:48.366+0900 DEBUG Adding type registration java.net.URL -> org.hibernate.type.UrlType@618e7761
2022-08-14T22:57:48.369+0900 DEBUG Adding type registration Duration -> org.hibernate.type.DurationType@73230721
2022-08-14T22:57:48.369+0900 DEBUG Adding type registration java.time.Duration -> org.hibernate.type.DurationType@73230721
2022-08-14T22:57:48.373+0900 DEBUG Adding type registration Instant -> org.hibernate.type.InstantType@7730da00
2022-08-14T22:57:48.373+0900 DEBUG Adding type registration java.time.Instant -> org.hibernate.type.InstantType@7730da00
2022-08-14T22:57:48.378+0900 DEBUG Adding type registration LocalDateTime -> org.hibernate.type.LocalDateTimeType@4ed19540
2022-08-14T22:57:48.381+0900 DEBUG Adding type registration java.time.LocalDateTime -> org.hibernate.type.LocalDateTimeType@4ed19540
2022-08-14T22:57:48.386+0900 DEBUG Adding type registration LocalDate -> org.hibernate.type.LocalDateType@2c6efee3
2022-08-14T22:57:48.387+0900 DEBUG Adding type registration java.time.LocalDate -> org.hibernate.type.LocalDateType@2c6efee3
2022-08-14T22:57:48.392+0900 DEBUG Adding type registration LocalTime -> org.hibernate.type.LocalTimeType@2202c92f
2022-08-14T22:57:48.392+0900 DEBUG Adding type registration java.time.LocalTime -> org.hibernate.type.LocalTimeType@2202c92f
2022-08-14T22:57:48.398+0900 DEBUG Adding type registration OffsetDateTime -> org.hibernate.type.OffsetDateTimeType@18301763
2022-08-14T22:57:48.398+0900 DEBUG Adding type registration java.time.OffsetDateTime -> org.hibernate.type.OffsetDateTimeType@18301763
2022-08-14T22:57:48.402+0900 DEBUG Adding type registration OffsetTime -> org.hibernate.type.OffsetTimeType@448fa659
2022-08-14T22:57:48.403+0900 DEBUG Adding type registration java.time.OffsetTime -> org.hibernate.type.OffsetTimeType@448fa659
2022-08-14T22:57:48.407+0900 DEBUG Adding type registration ZonedDateTime -> org.hibernate.type.ZonedDateTimeType@1e4a4ed5
2022-08-14T22:57:48.408+0900 DEBUG Adding type registration java.time.ZonedDateTime -> org.hibernate.type.ZonedDateTimeType@1e4a4ed5
2022-08-14T22:57:48.412+0900 DEBUG Adding type registration date -> org.hibernate.type.DateType@61f08aa9
2022-08-14T22:57:48.413+0900 DEBUG Adding type registration java.sql.Date -> org.hibernate.type.DateType@61f08aa9
2022-08-14T22:57:48.421+0900 DEBUG Adding type registration time -> org.hibernate.type.TimeType@3407ded1
2022-08-14T22:57:48.422+0900 DEBUG Adding type registration java.sql.Time -> org.hibernate.type.TimeType@3407ded1
2022-08-14T22:57:48.426+0900 DEBUG Adding type registration timestamp -> org.hibernate.type.TimestampType@736f2fb8
2022-08-14T22:57:48.427+0900 DEBUG Adding type registration java.sql.Timestamp -> org.hibernate.type.TimestampType@736f2fb8
2022-08-14T22:57:48.427+0900 DEBUG Adding type registration java.util.Date -> org.hibernate.type.TimestampType@736f2fb8
2022-08-14T22:57:48.432+0900 DEBUG Adding type registration dbtimestamp -> org.hibernate.type.DbTimestampType@3fc051ce
2022-08-14T22:57:48.436+0900 DEBUG Adding type registration calendar -> org.hibernate.type.CalendarType@2175d53f
2022-08-14T22:57:48.436+0900 DEBUG Adding type registration java.util.Calendar -> org.hibernate.type.CalendarType@2175d53f
2022-08-14T22:57:48.436+0900 DEBUG Adding type registration java.util.GregorianCalendar -> org.hibernate.type.CalendarType@2175d53f
2022-08-14T22:57:48.438+0900 DEBUG Adding type registration calendar_date -> org.hibernate.type.CalendarDateType@72406594
2022-08-14T22:57:48.443+0900 DEBUG Adding type registration locale -> org.hibernate.type.LocaleType@5a010eec
2022-08-14T22:57:48.443+0900 DEBUG Adding type registration java.util.Locale -> org.hibernate.type.LocaleType@5a010eec
2022-08-14T22:57:48.447+0900 DEBUG Adding type registration currency -> org.hibernate.type.CurrencyType@69fe8c75
2022-08-14T22:57:48.447+0900 DEBUG Adding type registration java.util.Currency -> org.hibernate.type.CurrencyType@69fe8c75
2022-08-14T22:57:48.452+0900 DEBUG Adding type registration timezone -> org.hibernate.type.TimeZoneType@4c0ab04f
2022-08-14T22:57:48.452+0900 DEBUG Adding type registration java.util.TimeZone -> org.hibernate.type.TimeZoneType@4c0ab04f
2022-08-14T22:57:48.455+0900 DEBUG Adding type registration class -> org.hibernate.type.ClassType@267b678f
2022-08-14T22:57:48.456+0900 DEBUG Adding type registration java.lang.Class -> org.hibernate.type.ClassType@267b678f
2022-08-14T22:57:48.459+0900 DEBUG Adding type registration uuid-binary -> org.hibernate.type.UUIDBinaryType@630e5010
2022-08-14T22:57:48.459+0900 DEBUG Adding type registration java.util.UUID -> org.hibernate.type.UUIDBinaryType@630e5010
2022-08-14T22:57:48.461+0900 DEBUG Adding type registration uuid-char -> org.hibernate.type.UUIDCharType@3331800f
2022-08-14T22:57:48.466+0900 DEBUG Adding type registration binary -> org.hibernate.type.BinaryType@48f2d51d
2022-08-14T22:57:48.467+0900 DEBUG Adding type registration byte[] -> org.hibernate.type.BinaryType@48f2d51d
2022-08-14T22:57:48.467+0900 DEBUG Adding type registration [B -> org.hibernate.type.BinaryType@48f2d51d
2022-08-14T22:57:48.470+0900 DEBUG Adding type registration wrapper-binary -> org.hibernate.type.WrapperBinaryType@73905dff
2022-08-14T22:57:48.471+0900 DEBUG Adding type registration Byte[] -> org.hibernate.type.WrapperBinaryType@73905dff
2022-08-14T22:57:48.471+0900 DEBUG Adding type registration [Ljava.lang.Byte; -> org.hibernate.type.WrapperBinaryType@73905dff
2022-08-14T22:57:48.475+0900 DEBUG Adding type registration row_version -> org.hibernate.type.RowVersionType@50b2ba2c
2022-08-14T22:57:48.477+0900 DEBUG Adding type registration image -> org.hibernate.type.ImageType@5d373794
2022-08-14T22:57:48.483+0900 DEBUG Adding type registration characters -> org.hibernate.type.CharArrayType@41f5389f
2022-08-14T22:57:48.484+0900 DEBUG Adding type registration char[] -> org.hibernate.type.CharArrayType@41f5389f
2022-08-14T22:57:48.484+0900 DEBUG Adding type registration [C -> org.hibernate.type.CharArrayType@41f5389f
2022-08-14T22:57:48.488+0900 DEBUG Adding type registration wrapper-characters -> org.hibernate.type.CharacterArrayType@f13e0a2
2022-08-14T22:57:48.488+0900 DEBUG Adding type registration [Ljava.lang.Character; -> org.hibernate.type.CharacterArrayType@f13e0a2
2022-08-14T22:57:48.488+0900 DEBUG Adding type registration Character[] -> org.hibernate.type.CharacterArrayType@f13e0a2
2022-08-14T22:57:48.491+0900 DEBUG Adding type registration text -> org.hibernate.type.TextType@5ef7ae2f
2022-08-14T22:57:48.492+0900 DEBUG Adding type registration ntext -> org.hibernate.type.NTextType@2c86b0ea
2022-08-14T22:57:48.498+0900 DEBUG Adding type registration blob -> org.hibernate.type.BlobType@30b97fcf
2022-08-14T22:57:48.498+0900 DEBUG Adding type registration java.sql.Blob -> org.hibernate.type.BlobType@30b97fcf
2022-08-14T22:57:48.500+0900 DEBUG Adding type registration materialized_blob -> org.hibernate.type.MaterializedBlobType@9fd3b61
2022-08-14T22:57:48.506+0900 DEBUG Adding type registration clob -> org.hibernate.type.ClobType@2c51c756
2022-08-14T22:57:48.506+0900 DEBUG Adding type registration java.sql.Clob -> org.hibernate.type.ClobType@2c51c756
2022-08-14T22:57:48.510+0900 DEBUG Adding type registration nclob -> org.hibernate.type.NClobType@45964b9e
2022-08-14T22:57:48.511+0900 DEBUG Adding type registration java.sql.NClob -> org.hibernate.type.NClobType@45964b9e
2022-08-14T22:57:48.513+0900 DEBUG Adding type registration materialized_clob -> org.hibernate.type.MaterializedClobType@443b6765
2022-08-14T22:57:48.515+0900 DEBUG Adding type registration materialized_nclob -> org.hibernate.type.MaterializedNClobType@53f1fcc2
2022-08-14T22:57:48.519+0900 DEBUG Adding type registration serializable -> org.hibernate.type.SerializableType@796613b7
2022-08-14T22:57:48.530+0900 DEBUG Adding type registration object -> org.hibernate.type.ObjectType@ad585fb
2022-08-14T22:57:48.530+0900 DEBUG Adding type registration java.lang.Object -> org.hibernate.type.ObjectType@ad585fb
2022-08-14T22:57:48.532+0900 DEBUG Adding type registration imm_date -> org.hibernate.type.AdaptedImmutableType@4d4bac56
2022-08-14T22:57:48.532+0900 DEBUG Adding type registration imm_time -> org.hibernate.type.AdaptedImmutableType@76980c75
2022-08-14T22:57:48.532+0900 DEBUG Adding type registration imm_timestamp -> org.hibernate.type.AdaptedImmutableType@3696d12d
2022-08-14T22:57:48.532+0900 DEBUG Adding type registration imm_dbtimestamp -> org.hibernate.type.AdaptedImmutableType@656672fb
2022-08-14T22:57:48.532+0900 DEBUG Adding type registration imm_calendar -> org.hibernate.type.AdaptedImmutableType@75df4b1d
2022-08-14T22:57:48.532+0900 DEBUG Adding type registration imm_calendar_date -> org.hibernate.type.AdaptedImmutableType@43120a77
2022-08-14T22:57:48.532+0900 DEBUG Adding type registration imm_binary -> org.hibernate.type.AdaptedImmutableType@430db481
2022-08-14T22:57:48.532+0900 DEBUG Adding type registration imm_serializable -> org.hibernate.type.AdaptedImmutableType@15aaf7b1
2022-08-14T22:57:48.568+0900 DEBUG Injecting JPA temp ClassLoader [org.springframework.instrument.classloading.SimpleThrowawayClassLoader@53f94afe] into BootstrapContext; was [null]
2022-08-14T22:57:48.568+0900 DEBUG ClassLoaderAccessImpl#injectTempClassLoader(org.springframework.instrument.classloading.SimpleThrowawayClassLoader@53f94afe) [was null]
2022-08-14T22:57:48.569+0900 DEBUG Injecting ScanEnvironment [org.hibernate.jpa.boot.internal.StandardJpaScanEnvironmentImpl@2059c3ff] into BootstrapContext; was [null]
2022-08-14T22:57:48.570+0900 DEBUG Injecting ScanOptions [org.hibernate.boot.archive.scan.internal.StandardScanOptions@2f8ab988] into BootstrapContext; was [org.hibernate.boot.archive.scan.internal.StandardScanOptions@46c475ba]
2022-08-14T22:57:48.717+0900 DEBUG Injecting JPA temp ClassLoader [null] into BootstrapContext; was [org.springframework.instrument.classloading.SimpleThrowawayClassLoader@53f94afe]
2022-08-14T22:57:48.717+0900 DEBUG ClassLoaderAccessImpl#injectTempClassLoader(null) [was org.springframework.instrument.classloading.SimpleThrowawayClassLoader@53f94afe]
2022-08-14T22:57:48.750+0900 DEBUG Registering IdentifierGenerator strategy [uuid2] -> [org.hibernate.id.UUIDGenerator]
2022-08-14T22:57:48.751+0900 DEBUG Registering IdentifierGenerator strategy [guid] -> [org.hibernate.id.GUIDGenerator]
2022-08-14T22:57:48.754+0900 DEBUG Registering IdentifierGenerator strategy [uuid] -> [org.hibernate.id.UUIDHexGenerator]
2022-08-14T22:57:48.754+0900 DEBUG Registering IdentifierGenerator strategy [uuid.hex] -> [org.hibernate.id.UUIDHexGenerator]
2022-08-14T22:57:48.755+0900 DEBUG Registering IdentifierGenerator strategy [assigned] -> [org.hibernate.id.Assigned]
2022-08-14T22:57:48.759+0900 DEBUG Registering IdentifierGenerator strategy [identity] -> [org.hibernate.id.IdentityGenerator]
2022-08-14T22:57:48.760+0900 DEBUG Registering IdentifierGenerator strategy [select] -> [org.hibernate.id.SelectGenerator]
2022-08-14T22:57:48.763+0900 DEBUG Registering IdentifierGenerator strategy [sequence] -> [org.hibernate.id.enhanced.SequenceStyleGenerator]
2022-08-14T22:57:48.765+0900 DEBUG Registering IdentifierGenerator strategy [seqhilo] -> [org.hibernate.id.SequenceHiLoGenerator]
2022-08-14T22:57:48.766+0900 DEBUG Registering IdentifierGenerator strategy [increment] -> [org.hibernate.id.IncrementGenerator]
2022-08-14T22:57:48.767+0900 DEBUG Registering IdentifierGenerator strategy [foreign] -> [org.hibernate.id.ForeignGenerator]
2022-08-14T22:57:48.768+0900 DEBUG Registering IdentifierGenerator strategy [sequence-identity] -> [org.hibernate.id.SequenceIdentityGenerator]
2022-08-14T22:57:48.768+0900 DEBUG Registering IdentifierGenerator strategy [enhanced-sequence] -> [org.hibernate.id.enhanced.SequenceStyleGenerator]
2022-08-14T22:57:48.770+0900 DEBUG Registering IdentifierGenerator strategy [enhanced-table] -> [org.hibernate.id.enhanced.TableGenerator]
2022-08-14T22:57:48.787+0900 DEBUG Database ->
       name : H2
    version : 1.4.199 (2019-03-13)
      major : 1
      minor : 4
2022-08-14T22:57:48.788+0900 DEBUG Driver ->
       name : H2 JDBC Driver
    version : 1.4.199 (2019-03-13)
      major : 1
      minor : 4
2022-08-14T22:57:48.788+0900 DEBUG JDBC version : 4.1
2022-08-14T22:57:48.826+0900 INFO HHH000400: Using dialect: org.hibernate.dialect.MySQL5InnoDBDialect
2022-08-14T22:57:48.971+0900 DEBUG JDBC driver metadata reported database stores quoted identifiers in neither upper, lower nor mixed case
2022-08-14T22:57:49.013+0900 DEBUG Created database namespace [logicalName=Name{catalog=null, schema=null}, physicalName=Name{catalog=null, schema=null}]
2022-08-14T22:57:49.027+0900 DEBUG Scoping TypeConfiguration [org.hibernate.type.spi.TypeConfiguration@10f384a2] to MetadataBuildingContext [org.hibernate.boot.internal.MetadataBuildingContextRootImpl@57fae911]
2022-08-14T22:57:49.265+0900 DEBUG Binding entity from annotated class: com.jojoldu.book.springboot.domain.posts.Posts
2022-08-14T22:57:49.322+0900 DEBUG Binding column: Ejb3DiscriminatorColumn{logicalColumnName'DTYPE', discriminatorTypeName='string'}
2022-08-14T22:57:49.363+0900 DEBUG Import with entity name Posts
2022-08-14T22:57:49.383+0900 DEBUG Bind entity com.jojoldu.book.springboot.domain.posts.Posts on table posts
2022-08-14T22:57:49.498+0900 DEBUG Binding column: Ejb3Column{table=org.hibernate.mapping.Table(posts), mappingColumn=id, insertable=true, updatable=true, unique=false}
2022-08-14T22:57:49.518+0900 DEBUG MetadataSourceProcessor property id with lazy=false
2022-08-14T22:57:49.524+0900 DEBUG Attempting to locate auto-apply AttributeConverter for property [com.jojoldu.book.springboot.domain.posts.Posts:id]
2022-08-14T22:57:49.535+0900 DEBUG building SimpleValue for id
2022-08-14T22:57:49.701+0900 DEBUG Building property id
2022-08-14T22:57:49.786+0900 DEBUG #makeIdGenerator(org.hibernate.mapping.SimpleValue([org.hibernate.mapping.Column(id)]), id, identity, , ...)
2022-08-14T22:57:49.788+0900 DEBUG Binding column: Ejb3Column{table=org.hibernate.mapping.Table(posts), mappingColumn=created_date, insertable=true, updatable=true, unique=false}
2022-08-14T22:57:49.788+0900 DEBUG MetadataSourceProcessor property createdDate with lazy=false
2022-08-14T22:57:49.788+0900 DEBUG Attempting to locate auto-apply AttributeConverter for property [com.jojoldu.book.springboot.domain.posts.Posts:createdDate]
2022-08-14T22:57:49.788+0900 DEBUG building SimpleValue for createdDate
2022-08-14T22:57:49.789+0900 DEBUG Building property createdDate
2022-08-14T22:57:49.789+0900 DEBUG Binding column: Ejb3Column{table=org.hibernate.mapping.Table(posts), mappingColumn=modified_date, insertable=true, updatable=true, unique=false}
2022-08-14T22:57:49.789+0900 DEBUG MetadataSourceProcessor property modifiedDate with lazy=false
2022-08-14T22:57:49.789+0900 DEBUG Attempting to locate auto-apply AttributeConverter for property [com.jojoldu.book.springboot.domain.posts.Posts:modifiedDate]
2022-08-14T22:57:49.789+0900 DEBUG building SimpleValue for modifiedDate
2022-08-14T22:57:49.789+0900 DEBUG Building property modifiedDate
2022-08-14T22:57:49.790+0900 DEBUG Binding column: Ejb3Column{table=org.hibernate.mapping.Table(posts), mappingColumn=author, insertable=true, updatable=true, unique=false}
2022-08-14T22:57:49.790+0900 DEBUG MetadataSourceProcessor property author with lazy=false
2022-08-14T22:57:49.790+0900 DEBUG Attempting to locate auto-apply AttributeConverter for property [com.jojoldu.book.springboot.domain.posts.Posts:author]
2022-08-14T22:57:49.790+0900 DEBUG building SimpleValue for author
2022-08-14T22:57:49.790+0900 DEBUG Building property author
2022-08-14T22:57:49.790+0900 DEBUG Binding column: Ejb3Column{table=org.hibernate.mapping.Table(posts), mappingColumn=content, insertable=true, updatable=true, unique=false}
2022-08-14T22:57:49.790+0900 DEBUG MetadataSourceProcessor property content with lazy=false
2022-08-14T22:57:49.790+0900 DEBUG Attempting to locate auto-apply AttributeConverter for property [com.jojoldu.book.springboot.domain.posts.Posts:content]
2022-08-14T22:57:49.791+0900 DEBUG building SimpleValue for content
2022-08-14T22:57:49.791+0900 DEBUG Building property content
2022-08-14T22:57:49.791+0900 DEBUG Binding column: Ejb3Column{table=org.hibernate.mapping.Table(posts), mappingColumn=title, insertable=true, updatable=true, unique=false}
2022-08-14T22:57:49.791+0900 DEBUG MetadataSourceProcessor property title with lazy=false
2022-08-14T22:57:49.791+0900 DEBUG Attempting to locate auto-apply AttributeConverter for property [com.jojoldu.book.springboot.domain.posts.Posts:title]
2022-08-14T22:57:49.791+0900 DEBUG building SimpleValue for title
2022-08-14T22:57:49.791+0900 DEBUG Building property title
2022-08-14T22:57:49.796+0900 DEBUG Binding entity from annotated class: com.jojoldu.book.springboot.domain.user.User
2022-08-14T22:57:49.797+0900 DEBUG Binding column: Ejb3DiscriminatorColumn{logicalColumnName'DTYPE', discriminatorTypeName='string'}
2022-08-14T22:57:49.797+0900 DEBUG Import with entity name User
2022-08-14T22:57:49.797+0900 DEBUG Bind entity com.jojoldu.book.springboot.domain.user.User on table user
2022-08-14T22:57:49.806+0900 DEBUG Binding column: Ejb3Column{table=org.hibernate.mapping.Table(user), mappingColumn=id, insertable=true, updatable=true, unique=false}
2022-08-14T22:57:49.806+0900 DEBUG MetadataSourceProcessor property id with lazy=false
2022-08-14T22:57:49.806+0900 DEBUG Attempting to locate auto-apply AttributeConverter for property [com.jojoldu.book.springboot.domain.user.User:id]
2022-08-14T22:57:49.807+0900 DEBUG building SimpleValue for id
2022-08-14T22:57:49.807+0900 DEBUG Building property id
2022-08-14T22:57:49.807+0900 DEBUG #makeIdGenerator(org.hibernate.mapping.SimpleValue([org.hibernate.mapping.Column(id)]), id, identity, , ...)
2022-08-14T22:57:49.807+0900 DEBUG Binding column: Ejb3Column{table=org.hibernate.mapping.Table(user), mappingColumn=created_date, insertable=true, updatable=true, unique=false}
2022-08-14T22:57:49.807+0900 DEBUG MetadataSourceProcessor property createdDate with lazy=false
2022-08-14T22:57:49.807+0900 DEBUG Attempting to locate auto-apply AttributeConverter for property [com.jojoldu.book.springboot.domain.user.User:createdDate]
2022-08-14T22:57:49.807+0900 DEBUG building SimpleValue for createdDate
2022-08-14T22:57:49.807+0900 DEBUG Building property createdDate
2022-08-14T22:57:49.808+0900 DEBUG Binding column: Ejb3Column{table=org.hibernate.mapping.Table(user), mappingColumn=modified_date, insertable=true, updatable=true, unique=false}
2022-08-14T22:57:49.808+0900 DEBUG MetadataSourceProcessor property modifiedDate with lazy=false
2022-08-14T22:57:49.808+0900 DEBUG Attempting to locate auto-apply AttributeConverter for property [com.jojoldu.book.springboot.domain.user.User:modifiedDate]
2022-08-14T22:57:49.808+0900 DEBUG building SimpleValue for modifiedDate
2022-08-14T22:57:49.808+0900 DEBUG Building property modifiedDate
2022-08-14T22:57:49.808+0900 DEBUG Binding column: Ejb3Column{table=org.hibernate.mapping.Table(user), mappingColumn=email, insertable=true, updatable=true, unique=false}
2022-08-14T22:57:49.808+0900 DEBUG MetadataSourceProcessor property email with lazy=false
2022-08-14T22:57:49.808+0900 DEBUG Attempting to locate auto-apply AttributeConverter for property [com.jojoldu.book.springboot.domain.user.User:email]
2022-08-14T22:57:49.808+0900 DEBUG building SimpleValue for email
2022-08-14T22:57:49.808+0900 DEBUG Building property email
2022-08-14T22:57:49.808+0900 DEBUG Binding column: Ejb3Column{table=org.hibernate.mapping.Table(user), mappingColumn=name, insertable=true, updatable=true, unique=false}
2022-08-14T22:57:49.808+0900 DEBUG MetadataSourceProcessor property name with lazy=false
2022-08-14T22:57:49.808+0900 DEBUG Attempting to locate auto-apply AttributeConverter for property [com.jojoldu.book.springboot.domain.user.User:name]
2022-08-14T22:57:49.809+0900 DEBUG building SimpleValue for name
2022-08-14T22:57:49.809+0900 DEBUG Building property name
2022-08-14T22:57:49.809+0900 DEBUG Binding column: Ejb3Column{table=org.hibernate.mapping.Table(user), mappingColumn=picture, insertable=true, updatable=true, unique=false}
2022-08-14T22:57:49.809+0900 DEBUG MetadataSourceProcessor property picture with lazy=false
2022-08-14T22:57:49.809+0900 DEBUG Attempting to locate auto-apply AttributeConverter for property [com.jojoldu.book.springboot.domain.user.User:picture]
2022-08-14T22:57:49.809+0900 DEBUG building SimpleValue for picture
2022-08-14T22:57:49.809+0900 DEBUG Building property picture
2022-08-14T22:57:49.809+0900 DEBUG Binding column: Ejb3Column{table=org.hibernate.mapping.Table(user), mappingColumn=role, insertable=true, updatable=true, unique=false}
2022-08-14T22:57:49.809+0900 DEBUG MetadataSourceProcessor property role with lazy=false
2022-08-14T22:57:49.809+0900 DEBUG Attempting to locate auto-apply AttributeConverter for property [com.jojoldu.book.springboot.domain.user.User:role]
2022-08-14T22:57:49.847+0900 DEBUG building SimpleValue for role
2022-08-14T22:57:49.848+0900 DEBUG Building property role
2022-08-14T22:57:49.854+0900 DEBUG Starting fillSimpleValue for id
2022-08-14T22:57:49.855+0900 DEBUG Starting fillSimpleValue for createdDate
2022-08-14T22:57:49.855+0900 DEBUG Starting fillSimpleValue for modifiedDate
2022-08-14T22:57:49.855+0900 DEBUG Starting fillSimpleValue for author
2022-08-14T22:57:49.855+0900 DEBUG Starting fillSimpleValue for content
2022-08-14T22:57:49.855+0900 DEBUG Starting fillSimpleValue for title
2022-08-14T22:57:49.856+0900 DEBUG Starting fillSimpleValue for id
2022-08-14T22:57:49.856+0900 DEBUG Starting fillSimpleValue for createdDate
2022-08-14T22:57:49.856+0900 DEBUG Starting fillSimpleValue for modifiedDate
2022-08-14T22:57:49.856+0900 DEBUG Starting fillSimpleValue for email
2022-08-14T22:57:49.856+0900 DEBUG Starting fillSimpleValue for name
2022-08-14T22:57:49.856+0900 DEBUG Starting fillSimpleValue for picture
2022-08-14T22:57:49.856+0900 DEBUG Starting fillSimpleValue for role
2022-08-14T22:57:49.862+0900 DEBUG Forcing column [id] to be non-null as it is part of the primary key for table [posts]
2022-08-14T22:57:49.862+0900 DEBUG Forcing column [id] to be non-null as it is part of the primary key for table [user]
2022-08-14T22:57:50.103+0900 DEBUG Using NAMED-based conversion for Enum com.jojoldu.book.springboot.domain.user.Role
2022-08-14T22:57:50.162+0900 DEBUG Building session factory
2022-08-14T22:57:50.168+0900 DEBUG SessionFactory name : null
2022-08-14T22:57:50.168+0900 DEBUG Automatic flush during beforeCompletion(): enabled
2022-08-14T22:57:50.168+0900 DEBUG Automatic session close at end of transaction: disabled
2022-08-14T22:57:50.168+0900 DEBUG Statistics: disabled
2022-08-14T22:57:50.168+0900 DEBUG Deleted entity synthetic identifier rollback: disabled
2022-08-14T22:57:50.168+0900 DEBUG Default entity-mode: pojo
2022-08-14T22:57:50.168+0900 DEBUG Check Nullability in Core (should be disabled when Bean Validation is on): enabled
2022-08-14T22:57:50.168+0900 DEBUG Allow initialization of lazy state outside session : disabled
2022-08-14T22:57:50.169+0900 DEBUG Using BatchFetchStyle : LEGACY
2022-08-14T22:57:50.169+0900 DEBUG Default batch fetch size: -1
2022-08-14T22:57:50.169+0900 DEBUG Maximum outer join fetch depth: 2
2022-08-14T22:57:50.169+0900 DEBUG Default null ordering: NONE
2022-08-14T22:57:50.169+0900 DEBUG Order SQL updates by primary key: disabled
2022-08-14T22:57:50.169+0900 DEBUG Order SQL inserts for batching: disabled
2022-08-14T22:57:50.169+0900 DEBUG multi-tenancy strategy : NONE
2022-08-14T22:57:50.169+0900 DEBUG JTA Track by Thread: enabled
2022-08-14T22:57:50.169+0900 DEBUG Query language substitutions: {}
2022-08-14T22:57:50.169+0900 DEBUG Named query checking : enabled
2022-08-14T22:57:50.169+0900 DEBUG Second-level cache: disabled
2022-08-14T22:57:50.169+0900 DEBUG Second-level query cache: disabled
2022-08-14T22:57:50.169+0900 DEBUG Second-level query cache factory: null
2022-08-14T22:57:50.169+0900 DEBUG Second-level cache region prefix: null
2022-08-14T22:57:50.169+0900 DEBUG Optimize second-level cache for minimal puts: disabled
2022-08-14T22:57:50.169+0900 DEBUG Structured second-level cache entries: disabled
2022-08-14T22:57:50.169+0900 DEBUG Second-level cache direct-reference entries: disabled
2022-08-14T22:57:50.169+0900 DEBUG Automatic eviction of collection cache: disabled
2022-08-14T22:57:50.169+0900 DEBUG JDBC batch size: 15
2022-08-14T22:57:50.170+0900 DEBUG JDBC batch updates for versioned data: enabled
2022-08-14T22:57:50.170+0900 DEBUG Scrollable result sets: enabled
2022-08-14T22:57:50.170+0900 DEBUG Wrap result sets: disabled
2022-08-14T22:57:50.170+0900 DEBUG JDBC3 getGeneratedKeys(): enabled
2022-08-14T22:57:50.170+0900 DEBUG JDBC result set fetch size: null
2022-08-14T22:57:50.170+0900 DEBUG Connection release mode: ON_CLOSE
2022-08-14T22:57:50.170+0900 DEBUG Generate SQL with comments: disabled
2022-08-14T22:57:50.170+0900 DEBUG JPA compliance - query : 
2022-08-14T22:57:50.170+0900 DEBUG JPA compliance - closed-handling : 
2022-08-14T22:57:50.170+0900 DEBUG JPA compliance - lists : 
2022-08-14T22:57:50.170+0900 DEBUG JPA compliance - transactions : 
2022-08-14T22:57:50.526+0900 DEBUG Adding touchForUpdate as PreUpdate callback for entity com.jojoldu.book.springboot.domain.posts.Posts
2022-08-14T22:57:50.526+0900 DEBUG Adding touchForCreate as PrePersist callback for entity com.jojoldu.book.springboot.domain.posts.Posts
2022-08-14T22:57:50.527+0900 DEBUG Adding touchForUpdate as PreUpdate callback for entity com.jojoldu.book.springboot.domain.user.User
2022-08-14T22:57:50.527+0900 DEBUG Adding touchForCreate as PrePersist callback for entity com.jojoldu.book.springboot.domain.user.User
2022-08-14T22:57:50.528+0900 DEBUG Using NAMED-based conversion for Enum com.jojoldu.book.springboot.domain.user.Role
2022-08-14T22:57:50.624+0900 DEBUG Session factory constructed with filter configurations : {}
2022-08-14T22:57:50.624+0900 DEBUG Instantiating session factory with properties: {sun.desktop=windows, awt.toolkit=sun.awt.windows.WToolkit, hibernate.id.new_generator_mappings=true, java.specification.version=11, sun.cpu.isalist=amd64, hibernate.resource.beans.container=org.springframework.orm.hibernate5.SpringBeanContainer@11a0c708, hibernate.connection.handling_mode=DELAYED_ACQUISITION_AND_HOLD, sun.jnu.encoding=MS949, hibernate.dialect=org.hibernate.dialect.MySQL5InnoDBDialect, org.gradle.test.worker=10, hibernate.implicit_naming_strategy=org.springframework.boot.orm.jpa.hibernate.SpringImplicitNamingStrategy, java.class.path=C:\\Users\\kkang\\.gradle\\caches\\7.4\\workerMain\\gradle-worker.jar;C:\\Users\\kkang\\IdeaProjects\\freelec-springboot2-webservice\\build\\classes\\java\\test;C:\\Users\\kkang\\IdeaProjects\\freelec-springboot2-webservice\\build\\resources\\test;C:\\Users\\kkang\\IdeaProjects\\freelec-springboot2-webservice\\build\\classes\\java\\main;C:\\Users\\kkang\\IdeaProjects\\freelec-springboot2-webservice\\build\\resources\\main;C:\\Users\\kkang\\.gradle\\caches\\modules-2\\files-2.1\\org.springframework.boot\\spring-boot-starter-web\\2.1.7.RELEASE\\fa43baf40bde3ecdb93ac9c545dd39f82ab29c35\\spring-boot-starter-web-2.1.7.RELEASE.jar;C:\\Users\\kkang\\.gradle\\caches\\modules-2\\files-2.1\\org.springframework.boot\\spring-boot-starter-data-jpa\\2.1.7.RELEASE\\5e4a5d5442f32f5e12b36674a620ec57b0b66c6e\\spring-boot-starter-data-jpa-2.1.7.RELEASE.jar;C:\\Users\\kkang\\.gradle\\caches\\modules-2\\files-2.1\\com.h2database\\h2\\1.4.199\\7bf08152984ed8859740ae3f97fae6c72771ae45\\h2-1.4.199.jar;C:\\Users\\kkang\\.gradle\\caches\\modules-2\\files-2.1\\org.springframework.boot\\spring-boot-starter-mustache\\2.1.7.RELEASE\\c52b1725d81a61eac91af3196a65c17adef75357\\spring-boot-starter-mustache-2.1.7.RELEASE.jar;C:\\Users\\kkang\\.gradle\\caches\\modules-2\\files-2.1\\org.springframework.boot\\spring-boot-starter-oauth2-client\\2.1.7.RELEASE\\aeaf63334bed877edd0b3ee999159532aad676fe\\spring-boot-starter-oauth2-client-2.1.7.RELEASE.jar;C:\\Users\\kkang\\.gradle\\caches\\modules-2\\files-2.1\\org.springframework.boot\\spring-boot-starter-log4j2\\2.1.7.RELEASE\\1cef16c6610c22c6863cfd7564f4a0435c75c3cc\\spring-boot-starter-log4j2-2.1.7.RELEASE.jar;C:\\Users\\kkang\\.gradle\\caches\\modules-2\\files-2.1\\org.springframework.session\\spring-session-jdbc\\2.1.8.RELEASE\\3dfd472ad79246046db57a068bf7cd3e986c8ef9\\spring-session-jdbc-2.1.8.RELEASE.jar;C:\\Users\\kkang\\.gradle\\caches\\modules-2\\files-2.1\\org.springframework.boot\\spring-boot-devtools\\2.1.7.RELEASE\\5a846c6e9ab67a4cbf7c4f22bc13bcab188198f9\\spring-boot-devtools-2.1.7.RELEASE.jar;C:\\Users\\kkang\\.gradle\\caches\\modules-2\\files-2.1\\org.springframework.boot\\spring-boot-starter-test\\2.1.7.RELEASE\\39e82379a28c217ab892eb00ef601dc0571f56a4\\spring-boot-starter-test-2.1.7.RELEASE.jar;C:\\Users\\kkang\\.gradle\\caches\\modules-2\\files-2.1\\org.springframework.security\\spring-security-test\\5.1.6.RELEASE\\21f7f82f753dea9f64c3e6438b82dc3dad508ef7\\spring-security-test-5.1.6.RELEASE.jar;C:\\Users\\kkang\\.gradle\\caches\\modules-2\\files-2.1\\org.springframework.boot\\spring-boot-starter-json\\2.1.7.RELEASE\\9c12f046a7c4ae110d89163a491ad0d7cf036e79\\spring-boot-starter-json-2.1.7.RELEASE.jar;C:\\Users\\kkang\\.gradle\\caches\\modules-2\\files-2.1\\org.springframework.boot\\spring-boot-starter-aop\\2.1.7.RELEASE\\4577d056af1f823bb7730c99f43c3268dd697310\\spring-boot-starter-aop-2.1.7.RELEASE.jar;C:\\Users\\kkang\\.gradle\\caches\\modules-2\\files-2.1\\org.springframework.boot\\spring-boot-starter-jdbc\\2.1.7.RELEASE\\3ea97a134b44a886ff529215e7bec04bfd93fa5b\\spring-boot-starter-jdbc-2.1.7.RELEASE.jar;C:\\Users\\kkang\\.gradle\\caches\\modules-2\\files-2.1\\org.springframework.boot\\spring-boot-starter\\2.1.7.RELEASE\\e23f4e9460e0e2220b444e40fc7fd6e95f66e0fe\\spring-boot-starter-2.1.7.RELEASE.jar;C:\\Users\\kkang\\.gradle\\caches\\modules-2\\files-2.1\\org.springframework.boot\\spring-boot-starter-tomcat\\2.1.7.RELEASE\\11f2a86aefefba72a4efe5ff18f4165a4b4e78b\\spring-boot-starter-tomcat-2.1.7.RELEASE.jar;C:\\Users\\kkang\\.gradle\\caches\\modules-2\\files-2.1\\org.hibernate.validator\\hibernate-validator\\6.0.17.Final\\af73055fc4a103ab347c56e7da5a143d68a0170\\hibernate-validator-6.0.17.Final.jar;C:\\Users\\kkang\\.gradle\\caches\\modules-2\\files-2.1\\org.springframework\\spring-webmvc\\5.1.9.RELEASE\\b9d4a2140488f0e6f9aa231e7938ae18da77b637\\spring-webmvc-5.1.9.RELEASE.jar;C:\\Users\\kkang\\.gradle\\caches\\modules-2\\files-2.1\\org.springframework.security\\spring-security-oauth2-client\\5.1.6.RELEASE\\8a77b659f7f6616ca5970796c04106595819f4eb\\spring-security-oauth2-client-5.1.6.RELEASE.jar;C:\\Users\\kkang\\.gradle\\caches\\modules-2\\files-2.1\\org.springframework.security\\spring-security-web\\5.1.6.RELEASE\\e3b159e84467cccddce815d30a9ccdc8d8b843c9\\spring-security-web-5.1.6.RELEASE.jar;C:\\Users\\kkang\\.gradle\\caches\\modules-2\\files-2.1\\org.springframework.security\\spring-security-oauth2-jose\\5.1.6.RELEASE\\78f947f9b1ee235f7efbb697e15acd05e16d009a\\spring-security-oauth2-jose-5.1.6.RELEASE.jar;C:\\Users\\kkang\\.gradle\\caches\\modules-2\\files-2.1\\org.springframework.security\\spring-security-oauth2-core\\5.1.6.RELEASE\\f3b2623760154aac86d32427696842c7c3d85326\\spring-security-oauth2-core-5.1.6.RELEASE.jar;C:\\Users\\kkang\\.gradle\\caches\\modules-2\\files-2.1\\org.springframework\\spring-web\\5.1.9.RELEASE\\9fe4390420fdd0b63dc4ed90d9027dafa9f74f80\\spring-web-5.1.9.RELEASE.jar;C:\\Users\\kkang\\.gradle\\caches\\modules-2\\files-2.1\\javax.transaction\\javax.transaction-api\\1.3\\e006adf5cf3cca2181d16bd640ecb80148ec0fce\\javax.transaction-api-1.3.jar;C:\\Users\\kkang\\.gradle\\caches\\modules-2\\files-2.1\\javax.xml.bind\\jaxb-api\\2.3.1\\8531ad5ac454cc2deb9d4d32c40c4d7451939b5d\\jaxb-api-2.3.1.jar;C:\\Users\\kkang\\.gradle\\caches\\modules-2\\files-2.1\\org.hibernate\\hibernate-core\\5.3.10.Final\\e608b854325005edbf43cb2b6041fdafd3f2eb57\\hibernate-core-5.3.10.Final.jar;C:\\Users\\kkang\\.gradle\\caches\\modules-2\\files-2.1\\org.springframework.data\\spring-data-jpa\\2.1.10.RELEASE\\12639406aa28c3a5195a1a4c9077fe562f54bc31\\spring-data-jpa-2.1.10.RELEASE.jar;C:\\Users\\kkang\\.gradle\\caches\\modules-2\\files-2.1\\org.springframework\\spring-aspects\\5.1.9.RELEASE\\a8aec853c345ed54a99627cee9f755ce7dbb734\\spring-aspects-5.1.9.RELEASE.jar;C:\\Users\\kkang\\.gradle\\caches\\modules-2\\files-2.1\\com.samskivert\\jmustache\\1.14\\495441daa241e5f48d555597fffa2b1dfc8c60d1\\jmustache-1.14.jar;C:\\Users\\kkang\\.gradle\\caches\\modules-2\\files-2.1\\org.springframework.security\\spring-security-config\\5.1.6.RELEASE\\11b96e5836074db01920e5452996b2ad2cd3d772\\spring-security-config-5.1.6.RELEASE.jar;C:\\Users\\kkang\\.gradle\\caches\\modules-2\\files-2.1\\org.springframework.security\\spring-security-core\\5.1.6.RELEASE\\86af52bc544976358b66b4617d6edd81824940bd\\spring-security-core-5.1.6.RELEASE.jar;C:\\Users\\kkang\\.gradle\\caches\\modules-2\\files-2.1\\org.apache.logging.log4j\\log4j-slf4j-impl\\2.11.2\\4d44e4edc4a7fb39f09b95b09f560a15976fa1ba\\log4j-slf4j-impl-2.11.2.jar;C:\\Users\\kkang\\.gradle\\caches\\modules-2\\files-2.1\\org.apache.logging.log4j\\log4j-core\\2.11.2\\6c2fb3f5b7cd27504726aef1b674b542a0c9cf53\\log4j-core-2.11.2.jar;C:\\Users\\kkang\\.gradle\\caches\\modules-2\\files-2.1\\org.apache.logging.log4j\\log4j-jul\\2.11.2\\194e36a54b0c292aad6fab90340ab45002fd8ad\\log4j-jul-2.11.2.jar;C:\\Users\\kkang\\.gradle\\caches\\modules-2\\files-2.1\\org.slf4j\\jul-to-slf4j\\1.7.26\\8031352b2bb0a49e67818bf04c027aa92e645d5c\\jul-to-slf4j-1.7.26.jar;C:\\Users\\kkang\\.gradle\\caches\\modules-2\\files-2.1\\org.springframework.session\\spring-session-core\\2.1.8.RELEASE\\2fe4df49293b18373c1050649192ff444be65f6\\spring-session-core-2.1.8.RELEASE.jar;C:\\Users\\kkang\\.gradle\\caches\\modules-2\\files-2.1\\org.springframework.boot\\spring-boot-test-autoconfigure\\2.1.7.RELEASE\\8c9847259e14419d2bcc4eed26bcf48dc56686ef\\spring-boot-test-autoconfigure-2.1.7.RELEASE.jar;C:\\Users\\kkang\\.gradle\\caches\\modules-2\\files-2.1\\org.springframework.boot\\spring-boot-autoconfigure\\2.1.7.RELEASE\\2c9d3e2c6ea3cb435e99e2973009636b62a9d816\\spring-boot-autoconfigure-2.1.7.RELEASE.jar;C:\\Users\\kkang\\.gradle\\caches\\modules-2\\files-2.1\\org.springframework.boot\\spring-boot-test\\2.1.7.RELEASE\\70ed88830a08e8baa0b562090168fdba0e92810\\spring-boot-test-2.1.7.RELEASE.jar;C:\\Users\\kkang\\.gradle\\caches\\modules-2\\files-2.1\\org.springframework.boot\\spring-boot\\2.1.7.RELEASE\\1599a2ad1fc6d36dbfc2a7c0dd5dab3a0bb27c61\\spring-boot-2.1.7.RELEASE.jar;C:\\Users\\kkang\\.gradle\\caches\\modules-2\\files-2.1\\org.springframework\\spring-context\\5.1.9.RELEASE\\c37f8fe15a5ae4ea1f351bd46167fd492a84eefa\\spring-context-5.1.9.RELEASE.jar;C:\\Users\\kkang\\.gradle\\caches\\modules-2\\files-2.1\\org.springframework\\spring-orm\\5.1.9.RELEASE\\220169d217f7114706141fc0afba425a5b368dce\\spring-orm-5.1.9.RELEASE.jar;C:\\Users\\kkang\\.gradle\\caches\\modules-2\\files-2.1\\org.springframework\\spring-jdbc\\5.1.9.RELEASE\\3fd70356ba8d7c00c4081c1a207766352624414e\\spring-jdbc-5.1.9.RELEASE.jar;C:\\Users\\kkang\\.gradle\\caches\\modules-2\\files-2.1\\com.jayway.jsonpath\\json-path\\2.4.0\\765a4401ceb2dc8d40553c2075eb80a8fa35c2ae\\json-path-2.4.0.jar;C:\\Users\\kkang\\.gradle\\caches\\modules-2\\files-2.1\\junit\\junit\\4.12\\2973d150c0dc1fefe998f834810d68f278ea58ec\\junit-4.12.jar;C:\\Users\\kkang\\.gradle\\caches\\modules-2\\files-2.1\\org.assertj\\assertj-core\\3.11.1\\fdac3217b804d6900fa3650f17b5cb48e620b140\\assertj-core-3.11.1.jar;C:\\Users\\kkang\\.gradle\\caches\\modules-2\\files-2.1\\org.mockito\\mockito-core\\2.23.4\\a35b6f8ffcfa786771eac7d7d903429e790fdf3f\\mockito-core-2.23.4.jar;C:\\Users\\kkang\\.gradle\\caches\\modules-2\\files-2.1\\org.hamcrest\\hamcrest-library\\1.3\\4785a3c21320980282f9f33d0d1264a69040538f\\hamcrest-library-1.3.jar;C:\\Users\\kkang\\.gradle\\caches\\modules-2\\files-2.1\\org.hamcrest\\hamcrest-core\\1.3\\42a25dc3219429f0e5d060061f71acb49bf010a0\\hamcrest-core-1.3.jar;C:\\Users\\kkang\\.gradle\\caches\\modules-2\\files-2.1\\org.skyscreamer\\jsonassert\\1.5.0\\6c9d5fe2f59da598d9aefc1cfc6528ff3cf32df3\\jsonassert-1.5.0.jar;C:\\Users\\kkang\\.gradle\\caches\\modules-2\\files-2.1\\org.springframework\\spring-test\\5.1.9.RELEASE\\653fa9de816677b3318e7058af54e7ee56866b09\\spring-test-5.1.9.RELEASE.jar;C:\\Users\\kkang\\.gradle\\caches\\modules-2\\files-2.1\\org.springframework\\spring-aop\\5.1.9.RELEASE\\bc2312ffad02251b9d472e4a7c0e472a58f50fbf\\spring-aop-5.1.9.RELEASE.jar;C:\\Users\\kkang\\.gradle\\caches\\modules-2\\files-2.1\\org.springframework.data\\spring-data-commons\\2.1.10.RELEASE\\c73a76070181b59b19df6893e1ca729263a69b47\\spring-data-commons-2.1.10.RELEASE.jar;C:\\Users\\kkang\\.gradle\\caches\\modules-2\\files-2.1\\org.springframework\\spring-tx\\5.1.9.RELEASE\\a9125e2c8eeb193030f3972c6293616943c55ef2\\spring-tx-5.1.9.RELEASE.jar;C:\\Users\\kkang\\.gradle\\caches\\modules-2\\files-2.1\\org.springframework\\spring-beans\\5.1.9.RELEASE\\5a03b3983108d73978aec2fa3e681aedad6782c\\spring-beans-5.1.9.RELEASE.jar;C:\\Users\\kkang\\.gradle\\caches\\modules-2\\files-2.1\\org.springframework\\spring-expression\\5.1.9.RELEASE\\db3a2468c1b7d697ec3b3ec6e5652dc282994fe3\\spring-expression-5.1.9.RELEASE.jar;C:\\Users\\kkang\\.gradle\\caches\\modules-2\\files-2.1\\org.springframework\\spring-core\\5.1.9.RELEASE\\dc3815439579b4fa0c19970e6b8e5d774af8d988\\spring-core-5.1.9.RELEASE.jar;C:\\Users\\kkang\\.gradle\\caches\\modules-2\\files-2.1\\org.xmlunit\\xmlunit-core\\2.6.3\\cdb208320aed4a7b94fb236cfbf91aeb6d0ede14\\xmlunit-core-2.6.3.jar;C:\\Users\\kkang\\.gradle\\caches\\modules-2\\files-2.1\\javax.annotation\\javax.annotation-api\\1.3.2\\934c04d3cfef185a8008e7bf34331b79730a9d43\\javax.annotation-api-1.3.2.jar;C:\\Users\\kkang\\.gradle\\caches\\modules-2\\files-2.1\\org.yaml\\snakeyaml\\1.23\\ec62d74fe50689c28c0ff5b35d3aebcaa8b5be68\\snakeyaml-1.23.jar;C:\\Users\\kkang\\.gradle\\caches\\modules-2\\files-2.1\\com.fasterxml.jackson.datatype\\jackson-datatype-jdk8\\2.9.9\\4b04126963103216c9c43b0f34bbc36315654204\\jackson-datatype-jdk8-2.9.9.jar;C:\\Users\\kkang\\.gradle\\caches\\modules-2\\files-2.1\\com.fasterxml.jackson.datatype\\jackson-datatype-jsr310\\2.9.9\\a33df137557793b0404a486888dbe049f7abeeeb\\jackson-datatype-jsr310-2.9.9.jar;C:\\Users\\kkang\\.gradle\\caches\\modules-2\\files-2.1\\com.fasterxml.jackson.module\\jackson-module-parameter-names\\2.9.9\\a92facb55a2538e7b2fe14294570a18b823ad431\\jackson-module-parameter-names-2.9.9.jar;C:\\Users\\kkang\\.gradle\\caches\\modules-2\\files-2.1\\com.fasterxml.jackson.core\\jackson-databind\\2.9.9\\d6eb9817d9c7289a91f043ac5ee02a6b3cc86238\\jackson-databind-2.9.9.jar;C:\\Users\\kkang\\.gradle\\caches\\modules-2\\files-2.1\\org.apache.tomcat.embed\\tomcat-embed-websocket\\9.0.22\\45974d3443cc15ad9d10239d762d5e15759e6364\\tomcat-embed-websocket-9.0.22.jar;C:\\Users\\kkang\\.gradle\\caches\\modules-2\\files-2.1\\org.apache.tomcat.embed\\tomcat-embed-core\\9.0.22\\79f39903498b28adacb18fe2ea046edd306295a6\\tomcat-embed-core-9.0.22.jar;C:\\Users\\kkang\\.gradle\\caches\\modules-2\\files-2.1\\org.apache.tomcat.embed\\tomcat-embed-el\\9.0.22\\4da4b778b635a7e78ca7cd7288253e2e47b88a9f\\tomcat-embed-el-9.0.22.jar;C:\\Users\\kkang\\.gradle\\caches\\modules-2\\files-2.1\\javax.validation\\validation-api\\2.0.1.Final\\cb855558e6271b1b32e716d24cb85c7f583ce09e\\validation-api-2.0.1.Final.jar;C:\\Users\\kkang\\.gradle\\caches\\modules-2\\files-2.1\\org.hibernate.common\\hibernate-commons-annotations\\5.0.4.Final\\965a18fdf939ee75e41f7918532d37b3a8350535\\hibernate-commons-annotations-5.0.4.Final.jar;C:\\Users\\kkang\\.gradle\\caches\\modules-2\\files-2.1\\org.jboss.logging\\jboss-logging\\3.3.2.Final\\3789d00e859632e6c6206adc0c71625559e6e3b0\\jboss-logging-3.3.2.Final.jar;C:\\Users\\kkang\\.gradle\\caches\\modules-2\\files-2.1\\com.fasterxml\\classmate\\1.4.0\\291658ac2ce2476256c7115943652c0accb5c857\\classmate-1.4.0.jar;C:\\Users\\kkang\\.gradle\\caches\\modules-2\\files-2.1\\org.aspectj\\aspectjweaver\\1.9.4\\9205229878f3d62fbd3a32a0fb6be2d6ad8589a9\\aspectjweaver-1.9.4.jar;C:\\Users\\kkang\\.gradle\\caches\\modules-2\\files-2.1\\com.zaxxer\\HikariCP\\3.2.0\\6c66db1c636ee90beb4c65fe34abd8ba9396bca6\\HikariCP-3.2.0.jar;C:\\Users\\kkang\\.gradle\\caches\\modules-2\\files-2.1\\javax.activation\\javax.activation-api\\1.2.0\\85262acf3ca9816f9537ca47d5adeabaead7cb16\\javax.activation-api-1.2.0.jar;C:\\Users\\kkang\\.gradle\\caches\\modules-2\\files-2.1\\javax.persistence\\javax.persistence-api\\2.2\\25665ac8c0b62f50e6488173233239120fc52c96\\javax.persistence-api-2.2.jar;C:\\Users\\kkang\\.gradle\\caches\\modules-2\\files-2.1\\org.javassist\\javassist\\3.23.2-GA\\c5afe660a95e87ceb518e4f5cf02f5c56b547683\\javassist-3.23.2-GA.jar;C:\\Users\\kkang\\.gradle\\caches\\modules-2\\files-2.1\\net.bytebuddy\\byte-buddy\\1.9.16\\e7d63009be7b87ff1f15b72e5b8c59c897a8d8bd\\byte-buddy-1.9.16.jar;C:\\Users\\kkang\\.gradle\\caches\\modules-2\\files-2.1\\antlr\\antlr\\2.7.7\\83cd2cd674a217ade95a4bb83a8a14f351f48bd0\\antlr-2.7.7.jar;C:\\Users\\kkang\\.gradle\\caches\\modules-2\\files-2.1\\org.jboss\\jandex\\2.0.5.Final\\7060f67764565b9ee9d467e3ed0cb8a9c601b23a\\jandex-2.0.5.Final.jar;C:\\Users\\kkang\\.gradle\\caches\\modules-2\\files-2.1\\org.dom4j\\dom4j\\2.1.1\\3dce5dbb3571aa820c677fadd8349bfa8f00c199\\dom4j-2.1.1.jar;C:\\Users\\kkang\\.gradle\\caches\\modules-2\\files-2.1\\org.slf4j\\slf4j-api\\1.7.26\\77100a62c2e6f04b53977b9f541044d7d722693d\\slf4j-api-1.7.26.jar;C:\\Users\\kkang\\.gradle\\caches\\modules-2\\files-2.1\\com.nimbusds\\oauth2-oidc-sdk\\6.0\\e731f0b62727a46ae6d6fded62b5678d28273c3c\\oauth2-oidc-sdk-6.0.jar;C:\\Users\\kkang\\.gradle\\caches\\modules-2\\files-2.1\\com.nimbusds\\nimbus-jose-jwt\\6.0.2\\81605278e5df1cf4c3774851649b85cade077fa5\\nimbus-jose-jwt-6.0.2.jar;C:\\Users\\kkang\\.gradle\\caches\\modules-2\\files-2.1\\org.apache.logging.log4j\\log4j-api\\2.11.2\\f5e9a2ffca496057d6891a3de65128efc636e26e\\log4j-api-2.11.2.jar;C:\\Users\\kkang\\.gradle\\caches\\modules-2\\files-2.1\\org.springframework\\spring-jcl\\5.1.9.RELEASE\\7c372790c999777d20f364960cf557dd74f890cf\\spring-jcl-5.1.9.RELEASE.jar;C:\\Users\\kkang\\.gradle\\caches\\modules-2\\files-2.1\\net.minidev\\json-smart\\2.3\\7396407491352ce4fa30de92efb158adb76b5b\\json-smart-2.3.jar;C:\\Users\\kkang\\.gradle\\caches\\modules-2\\files-2.1\\net.bytebuddy\\byte-buddy-agent\\1.9.16\\fd213511a0a845632456f636e576d24c2d6ac3bc\\byte-buddy-agent-1.9.16.jar;C:\\Users\\kkang\\.gradle\\caches\\modules-2\\files-2.1\\org.objenesis\\objenesis\\2.6\\639033469776fd37c08358c6b92a4761feb2af4b\\objenesis-2.6.jar;C:\\Users\\kkang\\.gradle\\caches\\modules-2\\files-2.1\\com.vaadin.external.google\\android-json\\0.0.20131108.vaadin1\\fa26d351fe62a6a17f5cda1287c1c6110dec413f\\android-json-0.0.20131108.vaadin1.jar;C:\\Users\\kkang\\.gradle\\caches\\modules-2\\files-2.1\\com.fasterxml.jackson.core\\jackson-annotations\\2.9.0\\7c10d545325e3a6e72e06381afe469fd40eb701\\jackson-annotations-2.9.0.jar;C:\\Users\\kkang\\.gradle\\caches\\modules-2\\files-2.1\\com.fasterxml.jackson.core\\jackson-core\\2.9.9\\bfff5af9fb8347d26bbb7959cb9b4fe9a2b0ca5e\\jackson-core-2.9.9.jar;C:\\Users\\kkang\\.gradle\\caches\\modules-2\\files-2.1\\com.sun.mail\\javax.mail\\1.6.2\\935151eb71beff17a2ffac15dd80184a99a0514f\\javax.mail-1.6.2.jar;C:\\Users\\kkang\\.gradle\\caches\\modules-2\\files-2.1\\com.github.stephenc.jcip\\jcip-annotations\\1.0-1\\ef31541dd28ae2cefdd17c7ebf352d93e9058c63\\jcip-annotations-1.0-1.jar;C:\\Users\\kkang\\.gradle\\caches\\modules-2\\files-2.1\\com.nimbusds\\lang-tag\\1.7\\97c73ecd70bc7e8eefb26c5eea84f251a63f1031\\lang-tag-1.7.jar;C:\\Users\\kkang\\.gradle\\caches\\modules-2\\files-2.1\\net.minidev\\accessors-smart\\1.2\\c592b500269bfde36096641b01238a8350f8aa31\\accessors-smart-1.2.jar;C:\\Users\\kkang\\.gradle\\caches\\modules-2\\files-2.1\\javax.activation\\activation\\1.1\\e6cb541461c2834bdea3eb920f1884d1eb508b50\\activation-1.1.jar;C:\\Users\\kkang\\.gradle\\caches\\modules-2\\files-2.1\\org.ow2.asm\\asm\\5.0.4\\da08b8cce7bbf903602a25a3a163ae252435795\\asm-5.0.4.jar, java.vm.vendor=Oracle Corporation, sun.arch.data.model=64, user.variant=, java.vendor.url=https://openjdk.java.net/, user.timezone=Asia/Seoul, os.name=Windows 10, java.vm.specification.version=11, javax.persistence.validation.mode=AUTO, user.country=KR, sun.java.launcher=SUN_STANDARD, sun.boot.library.path=C:\Program Files\Java\jdk-11.0.12\bin, sun.java.command=worker.org.gradle.process.internal.worker.GradleWorkerMain 'Gradle Test Executor 10', hibernate.transaction.jta.platform=org.hibernate.engine.transaction.jta.platform.internal.NoJtaPlatform@30bfdcc5, javax.persistence.sharedCache.mode=UNSPECIFIED, jdk.debug=release, sun.cpu.endian=little, user.home=C:\Users\kkang, user.language=ko, java.specification.vendor=Oracle Corporation, org.gradle.native=false, java.version.date=2021-07-20, java.home=C:\Program Files\Java\jdk-11.0.12, file.separator=\, java.vm.compressedOopsMode=32-bit, line.separator=
, java.specification.name=Java Platform API Specification, java.vm.specification.vendor=Oracle Corporation, hibernate.transaction.coordinator_class=class org.hibernate.resource.transaction.backend.jdbc.internal.JdbcResourceLocalTransactionCoordinatorBuilderImpl, java.awt.graphicsenv=sun.awt.Win32GraphicsEnvironment, java.awt.headless=true, hibernate.hbm2ddl.auto=create-drop, user.script=, sun.management.compiler=HotSpot 64-Bit Tiered Compilers, java.runtime.version=11.0.12+8-LTS-237, user.name=kkang, path.separator=;, os.version=10.0, java.runtime.name=Java(TM) SE Runtime Environment, file.encoding=x-windows-949, hibernate.ejb.persistenceUnitName=default, spring.beaninfo.ignore=true, java.vm.name=Java HotSpot(TM) 64-Bit Server VM, hibernate.show_sql=true, java.vendor.version=18.9, java.vendor.url.bug=https://bugreport.java.com/bugreport/, java.io.tmpdir=C:\Users\kkang\AppData\Local\Temp\, com.zaxxer.hikari.pool_number=1, java.version=11.0.12, hibernate.physical_naming_strategy=org.springframework.boot.orm.jpa.hibernate.SpringPhysicalNamingStrategy, user.dir=C:\Users\kkang\IdeaProjects\freelec-springboot2-webservice, os.arch=amd64, java.vm.specification.name=Java Virtual Machine Specification, PID=18364, java.awt.printerjob=sun.awt.windows.WPrinterJob, sun.os.patch.level=, org.gradle.internal.worker.tmpdir=C:\Users\kkang\IdeaProjects\freelec-springboot2-webservice\build\tmp\test\work, hibernate.boot.CfgXmlAccessService.key=org.hibernate.boot.cfgxml.spi.LoadedConfig@1e9b0c92, java.library.path=C:\Program Files\Java\jdk-11.0.12\bin;C:\WINDOWS\Sun\Java\bin;C:\WINDOWS\system32;C:\WINDOWS;C:\Borland\CBUILD~1\Bin;C:\Borland\CBUILD~1\Projects\Bpl;C:\Program Files\FileMaker\FileMaker Server\Web Publishing\publishing-engine\php\;C:\Program Files (x86)\Intel\iCLS Client\;C:\Program Files\Intel\iCLS Client\;C:\windows\system32;C:\windows;C:\windows\System32\Wbem;C:\windows\System32\WindowsPowerShell\v1.0\;C:\Program Files (x86)\NVIDIA Corporation\PhysX\Common;C:\Program Files (x86)\Intel\Intel(R) Management Engine Components\DAL;C:\Program Files\Intel\Intel(R) Management Engine Components\DAL;C:\Program Files (x86)\Intel\Intel(R) Management Engine Components\IPT;C:\Program Files\Intel\Intel(R) Management Engine Components\IPT;C:\WINDOWS\system32;C:\WINDOWS;C:\WINDOWS\System32\Wbem;C:\WINDOWS\System32\WindowsPowerShell\v1.0\;C:\WINDOWS\System32\OpenSSH\;C:\Program Files\Intel\WiFi\bin\;C:\Program Files\Common Files\Intel\WirelessCommon\;C:\Program Files\FileMaker\FileMaker Server\Database Server\;C:\Program Files\Git\cmd;C:\Program Files\nodejs\;C:\Program Files\Java\jdk-11.0.12bin;C:\Spark\spark-3.0.3-bin-hadoop2.7\bin;C:\Hadoop\bin;C:\Users\kkang\AppData\Local\Programs\Python\Python39\Scripts\;C:\Users\kkang\AppData\Local\Programs\Python\Python39\;C:\Users\kkang\AppData\Local\Programs\Python\Python37-32\Scripts\;C:\Users\kkang\AppData\Local\Programs\Python\Python37-32\;C:\Users\kkang\AppData\Local\Microsoft\WindowsApps;C:\Users\kkang\AppData\Local\atom\bin;C:\Users\kkang\AppData\Local\Programs\Microsoft VS Code\bin;C:\Users\kkang\AppData\Local\GitHubDesktop\bin;C:\Users\kkang\AppData\Local\Microsoft\WindowsApps;C:\node\npm;C:\Users\kkang\AppData\Roaming\npm;C:\sass\dart-sass\sass;C:\Users\kkang\AppData\Local\JetBrains\Toolbox\scripts;., java.vendor=Oracle Corporation, java.vm.info=mixed mode, java.vm.version=11.0.12+8-LTS-237, hibernate.bytecode.use_reflection_optimizer=false, sun.io.unicode.encoding=UnicodeLittle, hibernate.connection.datasource=HikariDataSource (HikariPool-1), java.class.version=55.0}
2022-08-14T22:57:50.732+0900 DEBUG Found javax.persistence.Persistence on classpath containing 'getPersistenceUtil'. Assuming JPA 2 environment. Trying to instantiate JPA aware TraversableResolver
2022-08-14T22:57:50.732+0900 DEBUG Instantiated JPA aware TraversableResolver of type org.hibernate.validator.internal.engine.resolver.JPATraversableResolver.
2022-08-14T22:57:50.733+0900 DEBUG Trying to load META-INF/validation.xml for XML based Validator configuration.
2022-08-14T22:57:50.733+0900 DEBUG Trying to load META-INF/validation.xml via TCCL
2022-08-14T22:57:50.740+0900 DEBUG Trying to load META-INF/validation.xml via Hibernate Validator's class loader
2022-08-14T22:57:50.742+0900 DEBUG No META-INF/validation.xml found. Using annotation based configuration only.
2022-08-14T22:57:50.761+0900 DEBUG Loaded expression factory via original TCCL
2022-08-14T22:57:50.762+0900 DEBUG HV000234: Using org.hibernate.validator.messageinterpolation.ResourceBundleMessageInterpolator as ValidatorFactory-scoped message interpolator.
2022-08-14T22:57:50.762+0900 DEBUG HV000234: Using org.hibernate.validator.internal.engine.resolver.JPATraversableResolver as ValidatorFactory-scoped traversable resolver.
2022-08-14T22:57:50.762+0900 DEBUG HV000234: Using org.hibernate.validator.internal.util.ExecutableParameterNameProvider as ValidatorFactory-scoped parameter name provider.
2022-08-14T22:57:50.762+0900 DEBUG HV000234: Using org.hibernate.validator.internal.engine.DefaultClockProvider as ValidatorFactory-scoped clock provider.
2022-08-14T22:57:50.762+0900 DEBUG HV000234: Using org.hibernate.validator.internal.engine.scripting.DefaultScriptEvaluatorFactory as ValidatorFactory-scoped script evaluator factory.
2022-08-14T22:57:50.766+0900 DEBUG Not known whether passed class name [com.jojoldu.book.springboot.domain.posts.Posts] is safe
2022-08-14T22:57:50.767+0900 DEBUG No temp ClassLoader provided; using live ClassLoader for loading potentially unsafe class : com.jojoldu.book.springboot.domain.posts.Posts
2022-08-14T22:57:50.839+0900 DEBUG Not known whether passed class name [com.jojoldu.book.springboot.domain.user.User] is safe
2022-08-14T22:57:50.839+0900 DEBUG No temp ClassLoader provided; using live ClassLoader for loading potentially unsafe class : com.jojoldu.book.springboot.domain.user.User
2022-08-14T22:57:50.853+0900 DEBUG Skipping JACC integration as it was not enabled
2022-08-14T22:57:50.856+0900 DEBUG Instantiated session factory
2022-08-14T22:57:50.856+0900 DEBUG Scoping TypeConfiguration [org.hibernate.type.spi.TypeConfiguration@10f384a2] to SessionFactoryImpl [org.hibernate.internal.SessionFactoryImpl@2d26c6a2]
2022-08-14T22:57:50.988+0900 DEBUG Not known whether passed class name [com.jojoldu.book.springboot.domain.posts.Posts] is safe
2022-08-14T22:57:50.988+0900 DEBUG No temp ClassLoader provided; using live ClassLoader for loading potentially unsafe class : com.jojoldu.book.springboot.domain.posts.Posts
2022-08-14T22:57:51.044+0900 DEBUG Not known whether passed class name [com.jojoldu.book.springboot.domain.posts.Posts] is safe
2022-08-14T22:57:51.048+0900 DEBUG No temp ClassLoader provided; using live ClassLoader for loading potentially unsafe class : com.jojoldu.book.springboot.domain.posts.Posts
2022-08-14T22:57:51.337+0900 DEBUG Not known whether passed class name [com.jojoldu.book.springboot.domain.user.User] is safe
2022-08-14T22:57:51.337+0900 DEBUG No temp ClassLoader provided; using live ClassLoader for loading potentially unsafe class : com.jojoldu.book.springboot.domain.user.User
2022-08-14T22:57:51.338+0900 DEBUG Using NAMED-based conversion for Enum com.jojoldu.book.springboot.domain.user.Role
2022-08-14T22:57:51.338+0900 DEBUG Using NAMED-based conversion for Enum com.jojoldu.book.springboot.domain.user.Role
2022-08-14T22:57:51.338+0900 DEBUG Not known whether passed class name [com.jojoldu.book.springboot.domain.user.User] is safe
2022-08-14T22:57:51.338+0900 DEBUG No temp ClassLoader provided; using live ClassLoader for loading potentially unsafe class : com.jojoldu.book.springboot.domain.user.User
2022-08-14T22:57:51.359+0900 DEBUG Using NAMED-based conversion for Enum com.jojoldu.book.springboot.domain.user.Role
2022-08-14T22:57:51.359+0900 DEBUG Using NAMED-based conversion for Enum com.jojoldu.book.springboot.domain.user.Role
2022-08-14T22:57:51.373+0900 DEBUG Static SQL for entity: com.jojoldu.book.springboot.domain.posts.Posts
2022-08-14T22:57:51.374+0900 DEBUG  Version select: select id from posts where id =?
2022-08-14T22:57:51.374+0900 DEBUG  Snapshot select: select posts_.id, posts_.created_date as created_2_0_, posts_.modified_date as modified3_0_, posts_.author as author4_0_, posts_.content as content5_0_, posts_.title as title6_0_ from posts posts_ where posts_.id=?
2022-08-14T22:57:51.374+0900 DEBUG  Insert 0: insert into posts (created_date, modified_date, author, content, title, id) values (?, ?, ?, ?, ?, ?)
2022-08-14T22:57:51.374+0900 DEBUG  Update 0: update posts set created_date=?, modified_date=?, author=?, content=?, title=? where id=?
2022-08-14T22:57:51.376+0900 DEBUG  Delete 0: delete from posts where id=?
2022-08-14T22:57:51.377+0900 DEBUG  Identity insert: insert into posts (created_date, modified_date, author, content, title) values (?, ?, ?, ?, ?)
2022-08-14T22:57:51.454+0900 DEBUG Adding QuerySpace : uid = <gen:0> -> org.hibernate.loader.plan.build.internal.spaces.EntityQuerySpaceImpl@1da5635e]
2022-08-14T22:57:51.457+0900 DEBUG Visiting attribute path : createdDate
2022-08-14T22:57:51.457+0900 DEBUG Visiting attribute path : modifiedDate
2022-08-14T22:57:51.457+0900 DEBUG Visiting attribute path : author
2022-08-14T22:57:51.457+0900 DEBUG Visiting attribute path : content
2022-08-14T22:57:51.457+0900 DEBUG Visiting attribute path : title
2022-08-14T22:57:51.457+0900 DEBUG Building LoadPlan...
2022-08-14T22:57:51.507+0900 DEBUG processing queryspace <gen:0>
2022-08-14T22:57:51.517+0900 DEBUG LoadPlan(entity=com.jojoldu.book.springboot.domain.posts.Posts)
    - Returns
       - EntityReturnImpl(entity=com.jojoldu.book.springboot.domain.posts.Posts, querySpaceUid=<gen:0>, path=com.jojoldu.book.springboot.domain.posts.Posts)
    - QuerySpaces
       - EntityQuerySpaceImpl(uid=<gen:0>, entity=com.jojoldu.book.springboot.domain.posts.Posts)
          - SQL table alias mapping - posts0_
          - alias suffix - 0_
          - suffixed key columns - {id1_0_0_}

2022-08-14T22:57:51.521+0900 DEBUG Static select for entity com.jojoldu.book.springboot.domain.posts.Posts [NONE]: select posts0_.id as id1_0_0_, posts0_.created_date as created_2_0_0_, posts0_.modified_date as modified3_0_0_, posts0_.author as author4_0_0_, posts0_.content as content5_0_0_, posts0_.title as title6_0_0_ from posts posts0_ where posts0_.id=?
2022-08-14T22:57:51.521+0900 DEBUG Adding QuerySpace : uid = <gen:0> -> org.hibernate.loader.plan.build.internal.spaces.EntityQuerySpaceImpl@d970881]
2022-08-14T22:57:51.521+0900 DEBUG Visiting attribute path : createdDate
2022-08-14T22:57:51.521+0900 DEBUG Visiting attribute path : modifiedDate
2022-08-14T22:57:51.521+0900 DEBUG Visiting attribute path : author
2022-08-14T22:57:51.521+0900 DEBUG Visiting attribute path : content
2022-08-14T22:57:51.521+0900 DEBUG Visiting attribute path : title
2022-08-14T22:57:51.521+0900 DEBUG Building LoadPlan...
2022-08-14T22:57:51.522+0900 DEBUG processing queryspace <gen:0>
2022-08-14T22:57:51.522+0900 DEBUG LoadPlan(entity=com.jojoldu.book.springboot.domain.posts.Posts)
    - Returns
       - EntityReturnImpl(entity=com.jojoldu.book.springboot.domain.posts.Posts, querySpaceUid=<gen:0>, path=com.jojoldu.book.springboot.domain.posts.Posts)
    - QuerySpaces
       - EntityQuerySpaceImpl(uid=<gen:0>, entity=com.jojoldu.book.springboot.domain.posts.Posts)
          - SQL table alias mapping - posts0_
          - alias suffix - 0_
          - suffixed key columns - {id1_0_0_}

2022-08-14T22:57:51.522+0900 DEBUG Static select for entity com.jojoldu.book.springboot.domain.posts.Posts [READ]: select posts0_.id as id1_0_0_, posts0_.created_date as created_2_0_0_, posts0_.modified_date as modified3_0_0_, posts0_.author as author4_0_0_, posts0_.content as content5_0_0_, posts0_.title as title6_0_0_ from posts posts0_ where posts0_.id=?
2022-08-14T22:57:51.760+0900 DEBUG Static select for action ACTION_MERGE on entity com.jojoldu.book.springboot.domain.posts.Posts: select posts0_.id as id1_0_0_, posts0_.created_date as created_2_0_0_, posts0_.modified_date as modified3_0_0_, posts0_.author as author4_0_0_, posts0_.content as content5_0_0_, posts0_.title as title6_0_0_ from posts posts0_ where posts0_.id=?
2022-08-14T22:57:51.761+0900 DEBUG Static select for action ACTION_REFRESH on entity com.jojoldu.book.springboot.domain.posts.Posts: select posts0_.id as id1_0_0_, posts0_.created_date as created_2_0_0_, posts0_.modified_date as modified3_0_0_, posts0_.author as author4_0_0_, posts0_.content as content5_0_0_, posts0_.title as title6_0_0_ from posts posts0_ where posts0_.id=?
2022-08-14T22:57:51.761+0900 DEBUG Static SQL for entity: com.jojoldu.book.springboot.domain.user.User
2022-08-14T22:57:51.762+0900 DEBUG  Version select: select id from user where id =?
2022-08-14T22:57:51.762+0900 DEBUG  Snapshot select: select user_.id, user_.created_date as created_2_1_, user_.modified_date as modified3_1_, user_.email as email4_1_, user_.name as name5_1_, user_.picture as picture6_1_, user_.role as role7_1_ from user user_ where user_.id=?
2022-08-14T22:57:51.762+0900 DEBUG  Insert 0: insert into user (created_date, modified_date, email, name, picture, role, id) values (?, ?, ?, ?, ?, ?, ?)
2022-08-14T22:57:51.762+0900 DEBUG  Update 0: update user set created_date=?, modified_date=?, email=?, name=?, picture=?, role=? where id=?
2022-08-14T22:57:51.762+0900 DEBUG  Delete 0: delete from user where id=?
2022-08-14T22:57:51.762+0900 DEBUG  Identity insert: insert into user (created_date, modified_date, email, name, picture, role) values (?, ?, ?, ?, ?, ?)
2022-08-14T22:57:51.762+0900 DEBUG Adding QuerySpace : uid = <gen:0> -> org.hibernate.loader.plan.build.internal.spaces.EntityQuerySpaceImpl@ab595e8]
2022-08-14T22:57:51.762+0900 DEBUG Visiting attribute path : createdDate
2022-08-14T22:57:51.762+0900 DEBUG Visiting attribute path : modifiedDate
2022-08-14T22:57:51.762+0900 DEBUG Visiting attribute path : email
2022-08-14T22:57:51.762+0900 DEBUG Visiting attribute path : name
2022-08-14T22:57:51.762+0900 DEBUG Visiting attribute path : picture
2022-08-14T22:57:51.763+0900 DEBUG Visiting attribute path : role
2022-08-14T22:57:51.763+0900 DEBUG Building LoadPlan...
2022-08-14T22:57:51.763+0900 DEBUG processing queryspace <gen:0>
2022-08-14T22:57:51.763+0900 DEBUG LoadPlan(entity=com.jojoldu.book.springboot.domain.user.User)
    - Returns
       - EntityReturnImpl(entity=com.jojoldu.book.springboot.domain.user.User, querySpaceUid=<gen:0>, path=com.jojoldu.book.springboot.domain.user.User)
    - QuerySpaces
       - EntityQuerySpaceImpl(uid=<gen:0>, entity=com.jojoldu.book.springboot.domain.user.User)
          - SQL table alias mapping - user0_
          - alias suffix - 0_
          - suffixed key columns - {id1_1_0_}

2022-08-14T22:57:51.763+0900 DEBUG Static select for entity com.jojoldu.book.springboot.domain.user.User [NONE]: select user0_.id as id1_1_0_, user0_.created_date as created_2_1_0_, user0_.modified_date as modified3_1_0_, user0_.email as email4_1_0_, user0_.name as name5_1_0_, user0_.picture as picture6_1_0_, user0_.role as role7_1_0_ from user user0_ where user0_.id=?
2022-08-14T22:57:51.763+0900 DEBUG Adding QuerySpace : uid = <gen:0> -> org.hibernate.loader.plan.build.internal.spaces.EntityQuerySpaceImpl@623be2a0]
2022-08-14T22:57:51.763+0900 DEBUG Visiting attribute path : createdDate
2022-08-14T22:57:51.764+0900 DEBUG Visiting attribute path : modifiedDate
2022-08-14T22:57:51.764+0900 DEBUG Visiting attribute path : email
2022-08-14T22:57:51.764+0900 DEBUG Visiting attribute path : name
2022-08-14T22:57:51.764+0900 DEBUG Visiting attribute path : picture
2022-08-14T22:57:51.764+0900 DEBUG Visiting attribute path : role
2022-08-14T22:57:51.764+0900 DEBUG Building LoadPlan...
2022-08-14T22:57:51.764+0900 DEBUG processing queryspace <gen:0>
2022-08-14T22:57:51.764+0900 DEBUG LoadPlan(entity=com.jojoldu.book.springboot.domain.user.User)
    - Returns
       - EntityReturnImpl(entity=com.jojoldu.book.springboot.domain.user.User, querySpaceUid=<gen:0>, path=com.jojoldu.book.springboot.domain.user.User)
    - QuerySpaces
       - EntityQuerySpaceImpl(uid=<gen:0>, entity=com.jojoldu.book.springboot.domain.user.User)
          - SQL table alias mapping - user0_
          - alias suffix - 0_
          - suffixed key columns - {id1_1_0_}

2022-08-14T22:57:51.764+0900 DEBUG Static select for entity com.jojoldu.book.springboot.domain.user.User [READ]: select user0_.id as id1_1_0_, user0_.created_date as created_2_1_0_, user0_.modified_date as modified3_1_0_, user0_.email as email4_1_0_, user0_.name as name5_1_0_, user0_.picture as picture6_1_0_, user0_.role as role7_1_0_ from user user0_ where user0_.id=?
2022-08-14T22:57:51.765+0900 DEBUG Static select for action ACTION_MERGE on entity com.jojoldu.book.springboot.domain.user.User: select user0_.id as id1_1_0_, user0_.created_date as created_2_1_0_, user0_.modified_date as modified3_1_0_, user0_.email as email4_1_0_, user0_.name as name5_1_0_, user0_.picture as picture6_1_0_, user0_.role as role7_1_0_ from user user0_ where user0_.id=?
2022-08-14T22:57:51.765+0900 DEBUG Static select for action ACTION_REFRESH on entity com.jojoldu.book.springboot.domain.user.User: select user0_.id as id1_1_0_, user0_.created_date as created_2_1_0_, user0_.modified_date as modified3_1_0_, user0_.email as email4_1_0_, user0_.name as name5_1_0_, user0_.picture as picture6_1_0_, user0_.role as role7_1_0_ from user user0_ where user0_.id=?
2022-08-14T22:57:51.826+0900 DEBUG Using NAMED-based conversion for Enum com.jojoldu.book.springboot.domain.user.Role
2022-08-14T22:57:51.826+0900 DEBUG Using NAMED-based conversion for Enum com.jojoldu.book.springboot.domain.user.Role
2022-08-14T22:57:51.923+0900 DEBUG drop table if exists posts
Hibernate: drop table if exists posts
2022-08-14T22:57:51.937+0900 DEBUG drop table if exists user
Hibernate: drop table if exists user
2022-08-14T22:57:51.945+0900 DEBUG create table posts (id bigint not null auto_increment, created_date datetime, modified_date datetime, author varchar(255), content TEXT not null, title varchar(500) not null, primary key (id)) engine=InnoDB
Hibernate: create table posts (id bigint not null auto_increment, created_date datetime, modified_date datetime, author varchar(255), content TEXT not null, title varchar(500) not null, primary key (id)) engine=InnoDB
2022-08-14T22:57:51.968+0900 DEBUG Using NAMED-based conversion for Enum com.jojoldu.book.springboot.domain.user.Role
2022-08-14T22:57:51.968+0900 DEBUG create table user (id bigint not null auto_increment, created_date datetime, modified_date datetime, email varchar(255) not null, name varchar(255) not null, picture varchar(255), role varchar(255) not null, primary key (id)) engine=InnoDB
Hibernate: create table user (id bigint not null auto_increment, created_date datetime, modified_date datetime, email varchar(255) not null, name varchar(255) not null, picture varchar(255), role varchar(255) not null, primary key (id)) engine=InnoDB
2022-08-14T22:57:51.974+0900 INFO HHH000476: Executing import script 'org.hibernate.tool.schema.internal.exec.ScriptSourceInputNonExistentImpl@45e49d3d'
2022-08-14T22:57:51.980+0900 DEBUG Checking 0 named HQL queries
2022-08-14T22:57:51.980+0900 DEBUG Checking 0 named SQL queries
2022-08-14T22:57:51.984+0900 DEBUG Initializing SessionFactoryRegistry : org.hibernate.internal.SessionFactoryRegistry@6bbd4048
2022-08-14T22:57:51.984+0900 DEBUG Registering SessionFactory: a17164c6-f2d6-4190-a688-427ec4bfe325 (<unnamed>)
2022-08-14T22:57:51.984+0900 DEBUG Not binding SessionFactory to JNDI, no JNDI name configured
2022-08-14T22:57:51.984+0900 INFO Initialized JPA EntityManagerFactory for persistence unit 'default'
2022-08-14T22:57:51.989+0900 DEBUG Fetching JDBC Connection from DataSource
2022-08-14T22:57:51.990+0900 DEBUG Creating shared instance of singleton bean 'delegatingApplicationListener'
2022-08-14T22:57:51.998+0900 DEBUG Creating shared instance of singleton bean 'application'
2022-08-14T22:57:52.007+0900 DEBUG Creating shared instance of singleton bean 'jpaConfig'
2022-08-14T22:57:52.036+0900 DEBUG Creating shared instance of singleton bean 'webConfig'
2022-08-14T22:57:52.037+0900 DEBUG Cannot find '.class' file for class [class com.jojoldu.book.springboot.config.WebConfig$$EnhancerBySpringCGLIB$$242d2beb] - unable to determine constructor/method parameter names
2022-08-14T22:57:52.039+0900 DEBUG Creating shared instance of singleton bean 'loginUserArgumentResolver'
2022-08-14T22:57:52.040+0900 DEBUG Autowiring by type from bean name 'loginUserArgumentResolver' via constructor to bean named 'com.sun.proxy.$Proxy100@4265cbed'
2022-08-14T22:57:52.045+0900 DEBUG Autowiring by type from bean name 'webConfig' via constructor to bean named 'loginUserArgumentResolver'
2022-08-14T22:57:52.056+0900 DEBUG Creating shared instance of singleton bean 'customOAuth2UserService'
2022-08-14T22:57:52.064+0900 DEBUG Creating shared instance of singleton bean 'userRepository'
2022-08-14T22:57:52.241+0900 DEBUG Creating shared instance of singleton bean 'jpaMappingContext'
2022-08-14T22:57:52.262+0900 DEBUG Initializing JpaMetamodelMappingContext…
2022-08-14T22:57:52.290+0900 DEBUG Finished initializing JpaMetamodelMappingContext!
2022-08-14T22:57:52.345+0900 DEBUG Creating new EntityManager for shared EntityManager invocation
2022-08-14T22:57:52.480+0900 DEBUG Statistics initialized [enabled=false]
2022-08-14T22:57:52.493+0900 DEBUG Creating new EntityManager for shared EntityManager invocation
2022-08-14T22:57:52.563+0900 DEBUG Initializing repository instance for com.jojoldu.book.springboot.domain.user.UserRepository…
2022-08-14T22:57:52.608+0900 DEBUG Creating new EntityManager for shared EntityManager invocation
2022-08-14T22:57:52.703+0900 DEBUG Creating new EntityManager for shared EntityManager invocation
2022-08-14T22:57:52.738+0900 DEBUG Looking up query for method findByEmail
2022-08-14T22:57:52.752+0900 DEBUG Looking up named query User.findByEmail
2022-08-14T22:57:52.755+0900 DEBUG On TransactionImpl creation, JpaCompliance#isJpaTransactionComplianceEnabled == false
2022-08-14T22:57:52.755+0900 DEBUG Did not find named query User.findByEmail
2022-08-14T22:57:52.761+0900 DEBUG Creating new EntityManager for shared EntityManager invocation
2022-08-14T22:57:52.867+0900 DEBUG Finished creation of repository instance for com.jojoldu.book.springboot.domain.user.UserRepository.
2022-08-14T22:57:52.872+0900 DEBUG Autowiring by type from bean name 'customOAuth2UserService' via constructor to bean named 'userRepository'
2022-08-14T22:57:52.872+0900 DEBUG Autowiring by type from bean name 'customOAuth2UserService' via constructor to bean named 'com.sun.proxy.$Proxy100@57fe6f2d'
2022-08-14T22:57:52.875+0900 DEBUG Creating shared instance of singleton bean 'securityConfig'
2022-08-14T22:57:52.876+0900 DEBUG Cannot find '.class' file for class [class com.jojoldu.book.springboot.config.auth.SecurityConfig$$EnhancerBySpringCGLIB$$bc2a64dd] - unable to determine constructor/method parameter names
2022-08-14T22:57:52.877+0900 DEBUG Autowiring by type from bean name 'securityConfig' via constructor to bean named 'customOAuth2UserService'
2022-08-14T22:57:52.890+0900 DEBUG Creating shared instance of singleton bean 'objectPostProcessor'
2022-08-14T22:57:52.890+0900 DEBUG Creating shared instance of singleton bean 'org.springframework.security.config.annotation.configuration.ObjectPostProcessorConfiguration'
2022-08-14T22:57:52.899+0900 DEBUG Autowiring by type from bean name 'objectPostProcessor' via factory method to bean named 'org.springframework.beans.factory.support.DefaultListableBeanFactory@120d6cbf'
2022-08-14T22:57:52.906+0900 DEBUG Creating shared instance of singleton bean 'org.springframework.security.config.annotation.authentication.configuration.AuthenticationConfiguration'
2022-08-14T22:57:52.915+0900 DEBUG Creating shared instance of singleton bean 'enableGlobalAuthenticationAutowiredConfigurer'
2022-08-14T22:57:52.916+0900 DEBUG Autowiring by type from bean name 'enableGlobalAuthenticationAutowiredConfigurer' via factory method to bean named 'org.springframework.web.context.support.GenericWebApplicationContext@5bbf744b'
2022-08-14T22:57:52.921+0900 DEBUG Creating shared instance of singleton bean 'initializeUserDetailsBeanManagerConfigurer'
2022-08-14T22:57:52.921+0900 DEBUG Autowiring by type from bean name 'initializeUserDetailsBeanManagerConfigurer' via factory method to bean named 'org.springframework.web.context.support.GenericWebApplicationContext@5bbf744b'
2022-08-14T22:57:52.927+0900 DEBUG Creating shared instance of singleton bean 'initializeAuthenticationProviderBeanManagerConfigurer'
2022-08-14T22:57:52.927+0900 DEBUG Autowiring by type from bean name 'initializeAuthenticationProviderBeanManagerConfigurer' via factory method to bean named 'org.springframework.web.context.support.GenericWebApplicationContext@5bbf744b'
2022-08-14T22:57:52.933+0900 DEBUG Creating shared instance of singleton bean 'mvcContentNegotiationManager'
2022-08-14T22:57:52.933+0900 DEBUG Creating shared instance of singleton bean 'org.springframework.boot.autoconfigure.web.servlet.WebMvcAutoConfiguration$EnableWebMvcConfiguration'
2022-08-14T22:57:52.934+0900 DEBUG Cannot find '.class' file for class [class org.springframework.boot.autoconfigure.web.servlet.WebMvcAutoConfiguration$EnableWebMvcConfiguration$$EnhancerBySpringCGLIB$$6c6ec3aa] - unable to determine constructor/method parameter names
2022-08-14T22:57:52.935+0900 DEBUG Creating shared instance of singleton bean 'spring.resources-org.springframework.boot.autoconfigure.web.ResourceProperties'
2022-08-14T22:57:52.939+0900 DEBUG Autowiring by type from bean name 'org.springframework.boot.autoconfigure.web.servlet.WebMvcAutoConfiguration$EnableWebMvcConfiguration' via constructor to bean named 'spring.resources-org.springframework.boot.autoconfigure.web.ResourceProperties'
2022-08-14T22:57:52.939+0900 DEBUG Autowiring by type from bean name 'org.springframework.boot.autoconfigure.web.servlet.WebMvcAutoConfiguration$EnableWebMvcConfiguration' via constructor to bean named 'org.springframework.beans.factory.support.DefaultListableBeanFactory@120d6cbf'
2022-08-14T22:57:52.941+0900 DEBUG Creating shared instance of singleton bean 'spring.mvc-org.springframework.boot.autoconfigure.web.servlet.WebMvcProperties'
2022-08-14T22:57:52.961+0900 DEBUG Creating shared instance of singleton bean 'org.springframework.security.config.annotation.web.configuration.WebMvcSecurityConfiguration'
2022-08-14T22:57:52.966+0900 DEBUG Creating shared instance of singleton bean 'org.springframework.security.config.annotation.web.configuration.OAuth2ClientConfiguration$OAuth2ClientWebMvcSecurityConfiguration'
2022-08-14T22:57:52.973+0900 DEBUG Creating shared instance of singleton bean 'authorizedClientRepository'
2022-08-14T22:57:52.973+0900 DEBUG Creating shared instance of singleton bean 'org.springframework.boot.autoconfigure.security.oauth2.client.servlet.OAuth2WebSecurityConfiguration'
2022-08-14T22:57:52.979+0900 DEBUG Creating shared instance of singleton bean 'authorizedClientService'
2022-08-14T22:57:52.980+0900 DEBUG Creating shared instance of singleton bean 'clientRegistrationRepository'
2022-08-14T22:57:52.980+0900 DEBUG Creating shared instance of singleton bean 'org.springframework.boot.autoconfigure.security.oauth2.client.servlet.OAuth2ClientRegistrationRepositoryConfiguration'
2022-08-14T22:57:52.981+0900 DEBUG Cannot find '.class' file for class [class org.springframework.boot.autoconfigure.security.oauth2.client.servlet.OAuth2ClientRegistrationRepositoryConfiguration$$EnhancerBySpringCGLIB$$46cb2001] - unable to determine constructor/method parameter names
2022-08-14T22:57:52.982+0900 DEBUG Creating shared instance of singleton bean 'spring.security.oauth2.client-org.springframework.boot.autoconfigure.security.oauth2.client.OAuth2ClientProperties'
2022-08-14T22:57:52.988+0900 DEBUG Autowiring by type from bean name 'org.springframework.boot.autoconfigure.security.oauth2.client.servlet.OAuth2ClientRegistrationRepositoryConfiguration' via constructor to bean named 'spring.security.oauth2.client-org.springframework.boot.autoconfigure.security.oauth2.client.OAuth2ClientProperties'
2022-08-14T22:57:53.016+0900 DEBUG Autowiring by type from bean name 'authorizedClientService' via factory method to bean named 'clientRegistrationRepository'
2022-08-14T22:57:53.022+0900 DEBUG Autowiring by type from bean name 'authorizedClientRepository' via factory method to bean named 'authorizedClientService'
2022-08-14T22:57:53.028+0900 DEBUG Creating shared instance of singleton bean 'org.springframework.boot.autoconfigure.web.servlet.WebMvcAutoConfiguration$WebMvcAutoConfigurationAdapter'
2022-08-14T22:57:53.029+0900 DEBUG Cannot find '.class' file for class [class org.springframework.boot.autoconfigure.web.servlet.WebMvcAutoConfiguration$WebMvcAutoConfigurationAdapter$$EnhancerBySpringCGLIB$$e728e8f] - unable to determine constructor/method parameter names
2022-08-14T22:57:53.029+0900 DEBUG Autowiring by type from bean name 'org.springframework.boot.autoconfigure.web.servlet.WebMvcAutoConfiguration$WebMvcAutoConfigurationAdapter' via constructor to bean named 'spring.resources-org.springframework.boot.autoconfigure.web.ResourceProperties'
2022-08-14T22:57:53.029+0900 DEBUG Autowiring by type from bean name 'org.springframework.boot.autoconfigure.web.servlet.WebMvcAutoConfiguration$WebMvcAutoConfigurationAdapter' via constructor to bean named 'spring.mvc-org.springframework.boot.autoconfigure.web.servlet.WebMvcProperties'
2022-08-14T22:57:53.030+0900 DEBUG Autowiring by type from bean name 'org.springframework.boot.autoconfigure.web.servlet.WebMvcAutoConfiguration$WebMvcAutoConfigurationAdapter' via constructor to bean named 'org.springframework.beans.factory.support.DefaultListableBeanFactory@120d6cbf'
2022-08-14T22:57:53.038+0900 DEBUG Creating shared instance of singleton bean 'org.springframework.boot.autoconfigure.orm.jpa.JpaBaseConfiguration$JpaWebConfiguration$JpaWebMvcConfiguration'
2022-08-14T22:57:53.038+0900 DEBUG Cannot find '.class' file for class [class org.springframework.boot.autoconfigure.orm.jpa.JpaBaseConfiguration$JpaWebConfiguration$JpaWebMvcConfiguration$$EnhancerBySpringCGLIB$$4abc8022] - unable to determine constructor/method parameter names
2022-08-14T22:57:53.039+0900 DEBUG Autowiring by type from bean name 'org.springframework.boot.autoconfigure.orm.jpa.JpaBaseConfiguration$JpaWebConfiguration$JpaWebMvcConfiguration' via constructor to bean named 'spring.jpa-org.springframework.boot.autoconfigure.orm.jpa.JpaProperties'
2022-08-14T22:57:53.046+0900 DEBUG Creating shared instance of singleton bean 'org.springframework.data.web.config.SpringDataWebConfiguration'
2022-08-14T22:57:53.047+0900 DEBUG Cannot find '.class' file for class [class org.springframework.data.web.config.SpringDataWebConfiguration$$EnhancerBySpringCGLIB$$62e5a17d] - unable to determine constructor/method parameter names
2022-08-14T22:57:53.048+0900 DEBUG Autowiring by type from bean name 'org.springframework.data.web.config.SpringDataWebConfiguration' via constructor to bean named 'org.springframework.web.context.support.GenericWebApplicationContext@5bbf744b'
2022-08-14T22:57:53.057+0900 DEBUG Creating shared instance of singleton bean 'pageableCustomizer'
2022-08-14T22:57:53.057+0900 DEBUG Creating shared instance of singleton bean 'org.springframework.boot.autoconfigure.data.web.SpringDataWebAutoConfiguration'
2022-08-14T22:57:53.058+0900 DEBUG Cannot find '.class' file for class [class org.springframework.boot.autoconfigure.data.web.SpringDataWebAutoConfiguration$$EnhancerBySpringCGLIB$$ed18294b] - unable to determine constructor/method parameter names
2022-08-14T22:57:53.059+0900 DEBUG Creating shared instance of singleton bean 'spring.data.web-org.springframework.boot.autoconfigure.data.web.SpringDataWebProperties'
2022-08-14T22:57:53.061+0900 DEBUG Autowiring by type from bean name 'org.springframework.boot.autoconfigure.data.web.SpringDataWebAutoConfiguration' via constructor to bean named 'spring.data.web-org.springframework.boot.autoconfigure.data.web.SpringDataWebProperties'
2022-08-14T22:57:53.072+0900 DEBUG Creating shared instance of singleton bean 'sortCustomizer'
2022-08-14T22:57:53.083+0900 DEBUG Creating shared instance of singleton bean 'postsService'
2022-08-14T22:57:53.087+0900 DEBUG Creating shared instance of singleton bean 'postsRepository'
2022-08-14T22:57:53.092+0900 DEBUG Creating new EntityManager for shared EntityManager invocation
2022-08-14T22:57:53.098+0900 DEBUG Initializing repository instance for com.jojoldu.book.springboot.domain.posts.PostsRepository…
2022-08-14T22:57:53.102+0900 DEBUG Creating new EntityManager for shared EntityManager invocation
2022-08-14T22:57:53.103+0900 DEBUG Creating new EntityManager for shared EntityManager invocation
2022-08-14T22:57:53.117+0900 DEBUG Looking up query for method findAllDesc
2022-08-14T22:57:53.118+0900 DEBUG Creating new EntityManager for shared EntityManager invocation
2022-08-14T22:57:53.155+0900 DEBUG QueryTranslatorFactory : org.hibernate.hql.internal.ast.ASTQueryTranslatorFactory@738955e6
2022-08-14T22:57:53.156+0900 INFO HHH000397: Using ASTQueryTranslatorFactory
2022-08-14T22:57:53.222+0900 DEBUG parse() - HQL: SELECT p FROM com.jojoldu.book.springboot.domain.posts.Posts p ORDER BY p.id DESC
2022-08-14T22:57:53.231+0900 DEBUG throwQueryException() : no errors
2022-08-14T22:57:53.239+0900 DEBUG --- HQL AST ---
 \-[QUERY] Node: 'query'
    +-[SELECT_FROM] Node: 'SELECT_FROM'
    |  +-[FROM] Node: 'FROM'
    |  |  \-[RANGE] Node: 'RANGE'
    |  |     +-[DOT] Node: '.'
    |  |     |  +-[DOT] Node: '.'
    |  |     |  |  +-[DOT] Node: '.'
    |  |     |  |  |  +-[DOT] Node: '.'
    |  |     |  |  |  |  +-[DOT] Node: '.'
    |  |     |  |  |  |  |  +-[DOT] Node: '.'
    |  |     |  |  |  |  |  |  +-[IDENT] Node: 'com'
    |  |     |  |  |  |  |  |  \-[IDENT] Node: 'jojoldu'
    |  |     |  |  |  |  |  \-[IDENT] Node: 'book'
    |  |     |  |  |  |  \-[IDENT] Node: 'springboot'
    |  |     |  |  |  \-[IDENT] Node: 'domain'
    |  |     |  |  \-[IDENT] Node: 'posts'
    |  |     |  \-[IDENT] Node: 'Posts'
    |  |     \-[ALIAS] Node: 'p'
    |  \-[SELECT] Node: 'SELECT'
    |     \-[IDENT] Node: 'p'
    \-[ORDER] Node: 'ORDER'
       +-[DOT] Node: '.'
       |  +-[IDENT] Node: 'p'
       |  \-[IDENT] Node: 'id'
       \-[DESCENDING] Node: 'DESC'

2022-08-14T22:57:53.274+0900 DEBUG select << begin [level=1, statement=select]
2022-08-14T22:57:53.311+0900 DEBUG FromClause{level=1} : com.jojoldu.book.springboot.domain.posts.Posts (p) -> posts0_
2022-08-14T22:57:53.314+0900 DEBUG Resolved : p -> posts0_.id
2022-08-14T22:57:53.317+0900 DEBUG Resolved : p -> posts0_.id
2022-08-14T22:57:53.318+0900 DEBUG getDataType() : id -> org.hibernate.type.LongType@2fccd98f
2022-08-14T22:57:53.319+0900 DEBUG Resolved : p.id -> posts0_.id
2022-08-14T22:57:53.319+0900 DEBUG select : finishing up [level=1, statement=select]
2022-08-14T22:57:53.319+0900 DEBUG processQuery() :  ( SELECT ( {select clause} posts0_.id ) ( FromClause{level=1} posts posts0_ ) ( ORDER ( posts0_.id posts0_.id id ) DESC ) )
2022-08-14T22:57:53.339+0900 DEBUG Using FROM fragment [posts posts0_]
2022-08-14T22:57:53.339+0900 DEBUG select >> end [level=1, statement=select]
2022-08-14T22:57:53.340+0900 DEBUG --- SQL AST ---
 \-[SELECT] QueryNode: 'SELECT'  querySpaces (posts)
    +-[SELECT_CLAUSE] SelectClause: '{select clause}'
    |  +-[ALIAS_REF] IdentNode: 'posts0_.id as id1_0_' {alias=p, className=com.jojoldu.book.springboot.domain.posts.Posts, tableAlias=posts0_}
    |  \-[SQL_TOKEN] SqlFragment: 'posts0_.created_date as created_2_0_, posts0_.modified_date as modified3_0_, posts0_.author as author4_0_, posts0_.content as content5_0_, posts0_.title as title6_0_'
    +-[FROM] FromClause: 'FROM' FromClause{level=1, fromElementCounter=1, fromElements=1, fromElementByClassAlias=[p], fromElementByTableAlias=[posts0_], fromElementsByPath=[], collectionJoinFromElementsByPath=[], impliedElements=[]}
    |  \-[FROM_FRAGMENT] FromElement: 'posts posts0_' FromElement{explicit,not a collection join,not a fetch join,fetch non-lazy properties,classAlias=p,role=null,tableName=posts,tableAlias=posts0_,origin=null,columns={,className=com.jojoldu.book.springboot.domain.posts.Posts}}
    \-[ORDER] OrderByClause: 'ORDER'
       +-[DOT] DotNode: 'posts0_.id' {propertyName=id,dereferenceType=PRIMITIVE,getPropertyPath=id,path=p.id,tableAlias=posts0_,className=com.jojoldu.book.springboot.domain.posts.Posts,classAlias=p}
       |  +-[ALIAS_REF] IdentNode: 'posts0_.id' {alias=p, className=com.jojoldu.book.springboot.domain.posts.Posts, tableAlias=posts0_}
       |  \-[IDENT] IdentNode: 'id' {originalText=id}
       \-[DESCENDING] SqlNode: 'DESC'

2022-08-14T22:57:53.340+0900 DEBUG throwQueryException() : no errors
2022-08-14T22:57:53.350+0900 DEBUG HQL: SELECT p FROM com.jojoldu.book.springboot.domain.posts.Posts p ORDER BY p.id DESC
2022-08-14T22:57:53.350+0900 DEBUG SQL: select posts0_.id as id1_0_, posts0_.created_date as created_2_0_, posts0_.modified_date as modified3_0_, posts0_.author as author4_0_, posts0_.content as content5_0_, posts0_.title as title6_0_ from posts posts0_ order by posts0_.id DESC
2022-08-14T22:57:53.350+0900 DEBUG throwQueryException() : no errors
2022-08-14T22:57:53.368+0900 DEBUG Finished creation of repository instance for com.jojoldu.book.springboot.domain.posts.PostsRepository.
2022-08-14T22:57:53.370+0900 DEBUG Autowiring by type from bean name 'postsService' via constructor to bean named 'postsRepository'
2022-08-14T22:57:53.408+0900 DEBUG Creating shared instance of singleton bean 'helloController'
2022-08-14T22:57:53.409+0900 DEBUG Creating shared instance of singleton bean 'indexController'
2022-08-14T22:57:53.413+0900 DEBUG Autowiring by type from bean name 'indexController' via constructor to bean named 'postsService'
2022-08-14T22:57:53.413+0900 DEBUG Autowiring by type from bean name 'indexController' via constructor to bean named 'com.sun.proxy.$Proxy100@14237e5'
2022-08-14T22:57:53.415+0900 DEBUG Creating shared instance of singleton bean 'postsApiController'
2022-08-14T22:57:53.418+0900 DEBUG Autowiring by type from bean name 'postsApiController' via constructor to bean named 'postsService'
2022-08-14T22:57:53.419+0900 DEBUG Creating shared instance of singleton bean 'jpaAuditingHandler'
2022-08-14T22:57:53.428+0900 DEBUG No AuditorAware set! Auditing will not be applied!
2022-08-14T22:57:53.429+0900 DEBUG Creating shared instance of singleton bean 'org.springframework.data.jpa.domain.support.AuditingEntityListener'
2022-08-14T22:57:53.430+0900 DEBUG Creating shared instance of singleton bean 'authenticationManagerBuilder'
2022-08-14T22:57:53.430+0900 DEBUG Autowiring by type from bean name 'authenticationManagerBuilder' via factory method to bean named 'objectPostProcessor'
2022-08-14T22:57:53.430+0900 DEBUG Autowiring by type from bean name 'authenticationManagerBuilder' via factory method to bean named 'org.springframework.web.context.support.GenericWebApplicationContext@5bbf744b'
2022-08-14T22:57:53.431+0900 DEBUG Creating shared instance of singleton bean 'authenticationEventPublisher'
2022-08-14T22:57:53.431+0900 DEBUG Creating shared instance of singleton bean 'org.springframework.boot.autoconfigure.security.servlet.SecurityAutoConfiguration'
2022-08-14T22:57:53.437+0900 DEBUG Autowiring by type from bean name 'authenticationEventPublisher' via factory method to bean named 'org.springframework.web.context.support.GenericWebApplicationContext@5bbf744b'
2022-08-14T22:57:53.449+0900 DEBUG Creating shared instance of singleton bean 'org.springframework.security.config.annotation.web.configuration.WebSecurityConfiguration'
2022-08-14T22:57:53.459+0900 DEBUG Creating shared instance of singleton bean 'autowiredWebSecurityConfigurersIgnoreParents'
2022-08-14T22:57:53.461+0900 DEBUG Autowiring by type from bean name 'autowiredWebSecurityConfigurersIgnoreParents' via factory method to bean named 'org.springframework.beans.factory.support.DefaultListableBeanFactory@120d6cbf'
2022-08-14T22:57:53.474+0900 DEBUG Creating shared instance of singleton bean 'springSecurityFilterChain'
2022-08-14T22:57:53.476+0900 DEBUG Eagerly initializing {securityConfig=com.jojoldu.book.springboot.config.auth.SecurityConfig$$EnhancerBySpringCGLIB$$bc2a64dd@85eabca}
2022-08-14T22:57:53.478+0900 DEBUG No authenticationProviders and no parentAuthenticationManager defined. Returning null.
2022-08-14T22:57:53.703+0900 DEBUG Adding web access control expression 'permitAll', for Ant [pattern='/']
2022-08-14T22:57:53.703+0900 DEBUG Adding web access control expression 'permitAll', for Ant [pattern='/css/**']
2022-08-14T22:57:53.703+0900 DEBUG Adding web access control expression 'permitAll', for Ant [pattern='/images/**']
2022-08-14T22:57:53.703+0900 DEBUG Adding web access control expression 'permitAll', for Ant [pattern='/js/**']
2022-08-14T22:57:53.703+0900 DEBUG Adding web access control expression 'permitAll', for Ant [pattern='/h2-console/**']
2022-08-14T22:57:53.703+0900 DEBUG Adding web access control expression 'permitAll', for Ant [pattern='/profile']
2022-08-14T22:57:53.703+0900 DEBUG Adding web access control expression 'hasRole('ROLE_USER')', for Ant [pattern='/api/v1/**']
2022-08-14T22:57:53.706+0900 DEBUG Adding web access control expression 'authenticated', for any request
2022-08-14T22:57:53.712+0900 DEBUG Validated configuration attributes
2022-08-14T22:57:53.713+0900 DEBUG Validated configuration attributes
2022-08-14T22:57:53.757+0900 INFO Creating filter chain: any request, [org.springframework.security.web.context.request.async.WebAsyncManagerIntegrationFilter@4eb43d2f, org.springframework.security.web.context.SecurityContextPersistenceFilter@5d04adc1, org.springframework.security.web.header.HeaderWriterFilter@7ee0dbd1, org.springframework.security.web.authentication.logout.LogoutFilter@3fae1ec9, org.springframework.security.oauth2.client.web.OAuth2AuthorizationRequestRedirectFilter@32fefbe6, org.springframework.security.oauth2.client.web.OAuth2LoginAuthenticationFilter@27c9500c, org.springframework.security.web.authentication.ui.DefaultLoginPageGeneratingFilter@47bcd95a, org.springframework.security.web.authentication.ui.DefaultLogoutPageGeneratingFilter@453961d7, org.springframework.security.web.savedrequest.RequestCacheAwareFilter@4c2812aa, org.springframework.security.web.servletapi.SecurityContextHolderAwareRequestFilter@346e76ad, org.springframework.security.web.authentication.AnonymousAuthenticationFilter@505f6511, org.springframework.security.web.session.SessionManagementFilter@67629872, org.springframework.security.web.access.ExceptionTranslationFilter@2df79942, org.springframework.security.web.access.intercept.FilterSecurityInterceptor@3c2188b0]
2022-08-14T22:57:53.773+0900 DEBUG Creating shared instance of singleton bean 'webSecurityExpressionHandler'
2022-08-14T22:57:53.774+0900 DEBUG Creating shared instance of singleton bean 'privilegeEvaluator'
2022-08-14T22:57:53.782+0900 DEBUG Creating shared instance of singleton bean 'requestDataValueProcessor'
2022-08-14T22:57:53.786+0900 DEBUG Creating shared instance of singleton bean 'org.springframework.security.config.annotation.web.configuration.OAuth2ClientConfiguration'
2022-08-14T22:57:53.789+0900 DEBUG Creating shared instance of singleton bean 'org.springframework.boot.autoconfigure.context.PropertyPlaceholderAutoConfiguration'
2022-08-14T22:57:53.797+0900 DEBUG Creating shared instance of singleton bean 'org.springframework.boot.autoconfigure.websocket.servlet.WebSocketServletAutoConfiguration$TomcatWebSocketConfiguration'
2022-08-14T22:57:53.804+0900 DEBUG Creating shared instance of singleton bean 'websocketServletWebServerCustomizer'
2022-08-14T22:57:53.812+0900 DEBUG Creating shared instance of singleton bean 'org.springframework.boot.autoconfigure.websocket.servlet.WebSocketServletAutoConfiguration'
2022-08-14T22:57:53.817+0900 DEBUG Creating shared instance of singleton bean 'org.springframework.boot.autoconfigure.web.servlet.ServletWebServerFactoryConfiguration$EmbeddedTomcat'
2022-08-14T22:57:53.822+0900 DEBUG Creating shared instance of singleton bean 'tomcatServletWebServerFactory'
2022-08-14T22:57:53.907+0900 DEBUG Creating shared instance of singleton bean 'servletWebServerFactoryCustomizer'
2022-08-14T22:57:53.907+0900 DEBUG Creating shared instance of singleton bean 'org.springframework.boot.autoconfigure.web.servlet.ServletWebServerFactoryAutoConfiguration'
2022-08-14T22:57:53.916+0900 DEBUG Creating shared instance of singleton bean 'server-org.springframework.boot.autoconfigure.web.ServerProperties'
2022-08-14T22:57:53.921+0900 DEBUG Autowiring by type from bean name 'servletWebServerFactoryCustomizer' via factory method to bean named 'server-org.springframework.boot.autoconfigure.web.ServerProperties'
2022-08-14T22:57:53.929+0900 DEBUG Creating shared instance of singleton bean 'tomcatServletWebServerFactoryCustomizer'
2022-08-14T22:57:53.929+0900 DEBUG Autowiring by type from bean name 'tomcatServletWebServerFactoryCustomizer' via factory method to bean named 'server-org.springframework.boot.autoconfigure.web.ServerProperties'
2022-08-14T22:57:53.934+0900 DEBUG Creating shared instance of singleton bean 'tomcatWebServerFactoryCustomizer'
2022-08-14T22:57:53.934+0900 DEBUG Creating shared instance of singleton bean 'org.springframework.boot.autoconfigure.web.embedded.EmbeddedWebServerFactoryCustomizerAutoConfiguration$TomcatWebServerFactoryCustomizerConfiguration'
2022-08-14T22:57:53.941+0900 DEBUG Autowiring by type from bean name 'tomcatWebServerFactoryCustomizer' via factory method to bean named 'environment'
2022-08-14T22:57:53.941+0900 DEBUG Autowiring by type from bean name 'tomcatWebServerFactoryCustomizer' via factory method to bean named 'server-org.springframework.boot.autoconfigure.web.ServerProperties'
2022-08-14T22:57:53.949+0900 DEBUG Creating shared instance of singleton bean 'localeCharsetMappingsCustomizer'
2022-08-14T22:57:53.949+0900 DEBUG Creating shared instance of singleton bean 'org.springframework.boot.autoconfigure.web.servlet.HttpEncodingAutoConfiguration'
2022-08-14T22:57:53.950+0900 DEBUG Cannot find '.class' file for class [class org.springframework.boot.autoconfigure.web.servlet.HttpEncodingAutoConfiguration$$EnhancerBySpringCGLIB$$d4d629cc] - unable to determine constructor/method parameter names
2022-08-14T22:57:53.952+0900 DEBUG Creating shared instance of singleton bean 'spring.http-org.springframework.boot.autoconfigure.http.HttpProperties'
2022-08-14T22:57:53.954+0900 DEBUG Autowiring by type from bean name 'org.springframework.boot.autoconfigure.web.servlet.HttpEncodingAutoConfiguration' via constructor to bean named 'spring.http-org.springframework.boot.autoconfigure.http.HttpProperties'
2022-08-14T22:57:53.987+0900 DEBUG Creating shared instance of singleton bean 'errorPageCustomizer'
2022-08-14T22:57:53.988+0900 DEBUG Creating shared instance of singleton bean 'org.springframework.boot.autoconfigure.web.servlet.error.ErrorMvcAutoConfiguration'
2022-08-14T22:57:53.989+0900 DEBUG Cannot find '.class' file for class [class org.springframework.boot.autoconfigure.web.servlet.error.ErrorMvcAutoConfiguration$$EnhancerBySpringCGLIB$$2d2d78af] - unable to determine constructor/method parameter names
2022-08-14T22:57:53.990+0900 DEBUG Creating shared instance of singleton bean 'dispatcherServletRegistration'
2022-08-14T22:57:53.991+0900 DEBUG Creating shared instance of singleton bean 'org.springframework.boot.autoconfigure.web.servlet.DispatcherServletAutoConfiguration$DispatcherServletRegistrationConfiguration'
2022-08-14T22:57:53.992+0900 DEBUG Cannot find '.class' file for class [class org.springframework.boot.autoconfigure.web.servlet.DispatcherServletAutoConfiguration$DispatcherServletRegistrationConfiguration$$EnhancerBySpringCGLIB$$b388979a] - unable to determine constructor/method parameter names
2022-08-14T22:57:53.992+0900 DEBUG Autowiring by type from bean name 'org.springframework.boot.autoconfigure.web.servlet.DispatcherServletAutoConfiguration$DispatcherServletRegistrationConfiguration' via constructor to bean named 'spring.mvc-org.springframework.boot.autoconfigure.web.servlet.WebMvcProperties'
2022-08-14T22:57:53.993+0900 DEBUG Creating shared instance of singleton bean 'multipartConfigElement'
2022-08-14T22:57:53.994+0900 DEBUG Creating shared instance of singleton bean 'org.springframework.boot.autoconfigure.web.servlet.MultipartAutoConfiguration'
2022-08-14T22:57:53.995+0900 DEBUG Cannot find '.class' file for class [class org.springframework.boot.autoconfigure.web.servlet.MultipartAutoConfiguration$$EnhancerBySpringCGLIB$$43c6b1d9] - unable to determine constructor/method parameter names
2022-08-14T22:57:53.996+0900 DEBUG Creating shared instance of singleton bean 'spring.servlet.multipart-org.springframework.boot.autoconfigure.web.servlet.MultipartProperties'
2022-08-14T22:57:53.999+0900 DEBUG Autowiring by type from bean name 'org.springframework.boot.autoconfigure.web.servlet.MultipartAutoConfiguration' via constructor to bean named 'spring.servlet.multipart-org.springframework.boot.autoconfigure.web.servlet.MultipartProperties'
2022-08-14T22:57:54.021+0900 DEBUG Creating shared instance of singleton bean 'dispatcherServlet'
2022-08-14T22:57:54.021+0900 DEBUG Creating shared instance of singleton bean 'org.springframework.boot.autoconfigure.web.servlet.DispatcherServletAutoConfiguration$DispatcherServletConfiguration'
2022-08-14T22:57:54.022+0900 DEBUG Cannot find '.class' file for class [class org.springframework.boot.autoconfigure.web.servlet.DispatcherServletAutoConfiguration$DispatcherServletConfiguration$$EnhancerBySpringCGLIB$$518102f3] - unable to determine constructor/method parameter names
2022-08-14T22:57:54.022+0900 DEBUG Autowiring by type from bean name 'org.springframework.boot.autoconfigure.web.servlet.DispatcherServletAutoConfiguration$DispatcherServletConfiguration' via constructor to bean named 'spring.http-org.springframework.boot.autoconfigure.http.HttpProperties'
2022-08-14T22:57:54.022+0900 DEBUG Autowiring by type from bean name 'org.springframework.boot.autoconfigure.web.servlet.DispatcherServletAutoConfiguration$DispatcherServletConfiguration' via constructor to bean named 'spring.mvc-org.springframework.boot.autoconfigure.web.servlet.WebMvcProperties'
2022-08-14T22:57:54.049+0900 DEBUG Autowiring by type from bean name 'dispatcherServletRegistration' via factory method to bean named 'dispatcherServlet'
2022-08-14T22:57:54.061+0900 DEBUG Autowiring by type from bean name 'org.springframework.boot.autoconfigure.web.servlet.error.ErrorMvcAutoConfiguration' via constructor to bean named 'server-org.springframework.boot.autoconfigure.web.ServerProperties'
2022-08-14T22:57:54.061+0900 DEBUG Autowiring by type from bean name 'org.springframework.boot.autoconfigure.web.servlet.error.ErrorMvcAutoConfiguration' via constructor to bean named 'dispatcherServletRegistration'
2022-08-14T22:57:54.062+0900 DEBUG Creating shared instance of singleton bean 'conventionErrorViewResolver'
2022-08-14T22:57:54.062+0900 DEBUG Creating shared instance of singleton bean 'org.springframework.boot.autoconfigure.web.servlet.error.ErrorMvcAutoConfiguration$DefaultErrorViewResolverConfiguration'
2022-08-14T22:57:54.063+0900 DEBUG Cannot find '.class' file for class [class org.springframework.boot.autoconfigure.web.servlet.error.ErrorMvcAutoConfiguration$DefaultErrorViewResolverConfiguration$$EnhancerBySpringCGLIB$$41c24d4f] - unable to determine constructor/method parameter names
2022-08-14T22:57:54.063+0900 DEBUG Autowiring by type from bean name 'org.springframework.boot.autoconfigure.web.servlet.error.ErrorMvcAutoConfiguration$DefaultErrorViewResolverConfiguration' via constructor to bean named 'org.springframework.web.context.support.GenericWebApplicationContext@5bbf744b'
2022-08-14T22:57:54.063+0900 DEBUG Autowiring by type from bean name 'org.springframework.boot.autoconfigure.web.servlet.error.ErrorMvcAutoConfiguration$DefaultErrorViewResolverConfiguration' via constructor to bean named 'spring.resources-org.springframework.boot.autoconfigure.web.ResourceProperties'
2022-08-14T22:57:54.088+0900 DEBUG Creating shared instance of singleton bean 'org.springframework.boot.autoconfigure.web.servlet.DispatcherServletAutoConfiguration'
2022-08-14T22:57:54.102+0900 DEBUG Creating shared instance of singleton bean 'org.springframework.boot.autoconfigure.task.TaskExecutionAutoConfiguration'
2022-08-14T22:57:54.103+0900 DEBUG Cannot find '.class' file for class [class org.springframework.boot.autoconfigure.task.TaskExecutionAutoConfiguration$$EnhancerBySpringCGLIB$$8d210c00] - unable to determine constructor/method parameter names
2022-08-14T22:57:54.105+0900 DEBUG Creating shared instance of singleton bean 'spring.task.execution-org.springframework.boot.autoconfigure.task.TaskExecutionProperties'
2022-08-14T22:57:54.108+0900 DEBUG Autowiring by type from bean name 'org.springframework.boot.autoconfigure.task.TaskExecutionAutoConfiguration' via constructor to bean named 'spring.task.execution-org.springframework.boot.autoconfigure.task.TaskExecutionProperties'
2022-08-14T22:57:54.117+0900 DEBUG Creating shared instance of singleton bean 'taskExecutorBuilder'
2022-08-14T22:57:54.125+0900 DEBUG Creating shared instance of singleton bean 'org.springframework.boot.autoconfigure.validation.ValidationAutoConfiguration'
2022-08-14T22:57:54.135+0900 DEBUG Creating shared instance of singleton bean 'defaultValidator'
2022-08-14T22:57:54.135+0900 DEBUG Found javax.persistence.Persistence on classpath containing 'getPersistenceUtil'. Assuming JPA 2 environment. Trying to instantiate JPA aware TraversableResolver
2022-08-14T22:57:54.136+0900 DEBUG Instantiated JPA aware TraversableResolver of type org.hibernate.validator.internal.engine.resolver.JPATraversableResolver.
2022-08-14T22:57:54.136+0900 DEBUG Loaded expression factory via original TCCL
2022-08-14T22:57:54.153+0900 DEBUG Found javax.persistence.Persistence on classpath containing 'getPersistenceUtil'. Assuming JPA 2 environment. Trying to instantiate JPA aware TraversableResolver
2022-08-14T22:57:54.153+0900 DEBUG Instantiated JPA aware TraversableResolver of type org.hibernate.validator.internal.engine.resolver.JPATraversableResolver.
2022-08-14T22:57:54.153+0900 DEBUG Setting custom MessageInterpolator of type org.springframework.validation.beanvalidation.LocaleContextMessageInterpolator
2022-08-14T22:57:54.154+0900 DEBUG Setting custom ConstraintValidatorFactory of type org.springframework.validation.beanvalidation.SpringConstraintValidatorFactory
2022-08-14T22:57:54.154+0900 DEBUG Setting custom ParameterNameProvider of type org.springframework.validation.beanvalidation.LocalValidatorFactoryBean$1
2022-08-14T22:57:54.154+0900 DEBUG Trying to load META-INF/validation.xml for XML based Validator configuration.
2022-08-14T22:57:54.155+0900 DEBUG Trying to load META-INF/validation.xml via user class loader
2022-08-14T22:57:54.155+0900 DEBUG Trying to load META-INF/validation.xml via TCCL
2022-08-14T22:57:54.156+0900 DEBUG Trying to load META-INF/validation.xml via Hibernate Validator's class loader
2022-08-14T22:57:54.157+0900 DEBUG No META-INF/validation.xml found. Using annotation based configuration only.
2022-08-14T22:57:54.164+0900 DEBUG HV000234: Using org.springframework.validation.beanvalidation.LocaleContextMessageInterpolator as ValidatorFactory-scoped message interpolator.
2022-08-14T22:57:54.164+0900 DEBUG HV000234: Using org.hibernate.validator.internal.engine.resolver.JPATraversableResolver as ValidatorFactory-scoped traversable resolver.
2022-08-14T22:57:54.164+0900 DEBUG HV000234: Using org.hibernate.validator.internal.util.ExecutableParameterNameProvider as ValidatorFactory-scoped parameter name provider.
2022-08-14T22:57:54.164+0900 DEBUG HV000234: Using org.hibernate.validator.internal.engine.DefaultClockProvider as ValidatorFactory-scoped clock provider.
2022-08-14T22:57:54.164+0900 DEBUG HV000234: Using org.hibernate.validator.internal.engine.scripting.DefaultScriptEvaluatorFactory as ValidatorFactory-scoped script evaluator factory.
2022-08-14T22:57:54.165+0900 DEBUG Creating shared instance of singleton bean 'org.springframework.boot.autoconfigure.web.servlet.error.ErrorMvcAutoConfiguration$WhitelabelErrorViewConfiguration'
2022-08-14T22:57:54.175+0900 DEBUG Creating shared instance of singleton bean 'error'
2022-08-14T22:57:54.179+0900 DEBUG Creating shared instance of singleton bean 'beanNameViewResolver'
2022-08-14T22:57:54.192+0900 DEBUG Creating shared instance of singleton bean 'errorAttributes'
2022-08-14T22:57:54.198+0900 DEBUG Creating shared instance of singleton bean 'basicErrorController'
2022-08-14T22:57:54.199+0900 DEBUG Autowiring by type from bean name 'basicErrorController' via factory method to bean named 'errorAttributes'
2022-08-14T22:57:54.202+0900 DEBUG Creating shared instance of singleton bean 'org.springframework.boot.autoconfigure.web.servlet.WebMvcAutoConfiguration$WebMvcAutoConfigurationAdapter$FaviconConfiguration'
2022-08-14T22:57:54.203+0900 DEBUG Cannot find '.class' file for class [class org.springframework.boot.autoconfigure.web.servlet.WebMvcAutoConfiguration$WebMvcAutoConfigurationAdapter$FaviconConfiguration$$EnhancerBySpringCGLIB$$caaf96d5] - unable to determine constructor/method parameter names
2022-08-14T22:57:54.203+0900 DEBUG Autowiring by type from bean name 'org.springframework.boot.autoconfigure.web.servlet.WebMvcAutoConfiguration$WebMvcAutoConfigurationAdapter$FaviconConfiguration' via constructor to bean named 'spring.resources-org.springframework.boot.autoconfigure.web.ResourceProperties'
2022-08-14T22:57:54.210+0900 DEBUG Creating shared instance of singleton bean 'faviconHandlerMapping'
2022-08-14T22:57:54.210+0900 DEBUG Creating shared instance of singleton bean 'faviconRequestHandler'
2022-08-14T22:57:54.244+0900 DEBUG Patterns [/**/favicon.ico] in 'faviconHandlerMapping'
2022-08-14T22:57:54.245+0900 DEBUG Creating shared instance of singleton bean 'requestMappingHandlerAdapter'
2022-08-14T22:57:54.251+0900 DEBUG Creating shared instance of singleton bean 'messageConverters'
2022-08-14T22:57:54.251+0900 DEBUG Creating shared instance of singleton bean 'org.springframework.boot.autoconfigure.http.HttpMessageConvertersAutoConfiguration'
2022-08-14T22:57:54.322+0900 DEBUG Cannot find '.class' file for class [class org.springframework.boot.autoconfigure.http.HttpMessageConvertersAutoConfiguration$$EnhancerBySpringCGLIB$$1bb53ebe] - unable to determine constructor/method parameter names
2022-08-14T22:57:54.323+0900 DEBUG Creating shared instance of singleton bean 'stringHttpMessageConverter'
2022-08-14T22:57:54.323+0900 DEBUG Creating shared instance of singleton bean 'org.springframework.boot.autoconfigure.http.HttpMessageConvertersAutoConfiguration$StringHttpMessageConverterConfiguration'
2022-08-14T22:57:54.388+0900 DEBUG Cannot find '.class' file for class [class org.springframework.boot.autoconfigure.http.HttpMessageConvertersAutoConfiguration$StringHttpMessageConverterConfiguration$$EnhancerBySpringCGLIB$$4ec3055e] - unable to determine constructor/method parameter names
2022-08-14T22:57:54.388+0900 DEBUG Autowiring by type from bean name 'org.springframework.boot.autoconfigure.http.HttpMessageConvertersAutoConfiguration$StringHttpMessageConverterConfiguration' via constructor to bean named 'spring.http-org.springframework.boot.autoconfigure.http.HttpProperties'
2022-08-14T22:57:54.420+0900 DEBUG Creating shared instance of singleton bean 'mappingJackson2HttpMessageConverter'
2022-08-14T22:57:54.420+0900 DEBUG Creating shared instance of singleton bean 'org.springframework.boot.autoconfigure.http.JacksonHttpMessageConvertersConfiguration$MappingJackson2HttpMessageConverterConfiguration'
2022-08-14T22:57:54.430+0900 DEBUG Creating shared instance of singleton bean 'jacksonObjectMapper'
2022-08-14T22:57:54.430+0900 DEBUG Creating shared instance of singleton bean 'org.springframework.boot.autoconfigure.jackson.JacksonAutoConfiguration$JacksonObjectMapperConfiguration'
2022-08-14T22:57:54.438+0900 DEBUG Creating shared instance of singleton bean 'jacksonObjectMapperBuilder'
2022-08-14T22:57:54.439+0900 DEBUG Creating shared instance of singleton bean 'org.springframework.boot.autoconfigure.jackson.JacksonAutoConfiguration$JacksonObjectMapperBuilderConfiguration'
2022-08-14T22:57:54.440+0900 DEBUG Cannot find '.class' file for class [class org.springframework.boot.autoconfigure.jackson.JacksonAutoConfiguration$JacksonObjectMapperBuilderConfiguration$$EnhancerBySpringCGLIB$$f61b4d4] - unable to determine constructor/method parameter names
2022-08-14T22:57:54.440+0900 DEBUG Autowiring by type from bean name 'org.springframework.boot.autoconfigure.jackson.JacksonAutoConfiguration$JacksonObjectMapperBuilderConfiguration' via constructor to bean named 'org.springframework.web.context.support.GenericWebApplicationContext@5bbf744b'
2022-08-14T22:57:54.450+0900 DEBUG Creating shared instance of singleton bean 'standardJacksonObjectMapperBuilderCustomizer'
2022-08-14T22:57:54.451+0900 DEBUG Creating shared instance of singleton bean 'org.springframework.boot.autoconfigure.jackson.JacksonAutoConfiguration$Jackson2ObjectMapperBuilderCustomizerConfiguration'
2022-08-14T22:57:54.463+0900 DEBUG Creating shared instance of singleton bean 'spring.jackson-org.springframework.boot.autoconfigure.jackson.JacksonProperties'
2022-08-14T22:57:54.466+0900 DEBUG Autowiring by type from bean name 'standardJacksonObjectMapperBuilderCustomizer' via factory method to bean named 'org.springframework.web.context.support.GenericWebApplicationContext@5bbf744b'
2022-08-14T22:57:54.466+0900 DEBUG Autowiring by type from bean name 'standardJacksonObjectMapperBuilderCustomizer' via factory method to bean named 'spring.jackson-org.springframework.boot.autoconfigure.jackson.JacksonProperties'
2022-08-14T22:57:54.473+0900 DEBUG Autowiring by type from bean name 'jacksonObjectMapperBuilder' via factory method to bean named 'standardJacksonObjectMapperBuilderCustomizer'
2022-08-14T22:57:54.474+0900 DEBUG Creating shared instance of singleton bean 'parameterNamesModule'
2022-08-14T22:57:54.474+0900 DEBUG Creating shared instance of singleton bean 'org.springframework.boot.autoconfigure.jackson.JacksonAutoConfiguration$ParameterNamesModuleConfiguration'
2022-08-14T22:57:54.494+0900 DEBUG Creating shared instance of singleton bean 'jsonComponentModule'
2022-08-14T22:57:54.494+0900 DEBUG Creating shared instance of singleton bean 'org.springframework.boot.autoconfigure.jackson.JacksonAutoConfiguration'
2022-08-14T22:57:54.516+0900 DEBUG Creating shared instance of singleton bean 'jacksonGeoModule'
2022-08-14T22:57:54.516+0900 DEBUG Creating shared instance of singleton bean 'org.springframework.data.web.config.SpringDataJacksonConfiguration'
2022-08-14T22:57:54.524+0900 DEBUG Autowiring by type from bean name 'jacksonObjectMapper' via factory method to bean named 'jacksonObjectMapperBuilder'
2022-08-14T22:57:54.537+0900 DEBUG Autowiring by type from bean name 'mappingJackson2HttpMessageConverter' via factory method to bean named 'jacksonObjectMapper'
2022-08-14T22:57:54.568+0900 DEBUG Creating shared instance of singleton bean 'mvcConversionService'
2022-08-14T22:57:54.587+0900 DEBUG Creating shared instance of singleton bean 'mvcValidator'
2022-08-14T22:57:54.600+0900 DEBUG Creating shared instance of singleton bean 'sortResolver'
2022-08-14T22:57:54.605+0900 DEBUG Creating shared instance of singleton bean 'pageableResolver'
2022-08-14T22:57:54.609+0900 DEBUG Creating shared instance of singleton bean 'applicationTaskExecutor'
2022-08-14T22:57:54.609+0900 DEBUG Autowiring by type from bean name 'applicationTaskExecutor' via factory method to bean named 'taskExecutorBuilder'
2022-08-14T22:57:54.625+0900 INFO Initializing ExecutorService 'applicationTaskExecutor'
2022-08-14T22:57:54.646+0900 DEBUG ControllerAdvice beans: 0 @ModelAttribute, 0 @InitBinder, 1 RequestBodyAdvice, 1 ResponseBodyAdvice
2022-08-14T22:57:54.648+0900 DEBUG Creating shared instance of singleton bean 'requestMappingHandlerMapping'
2022-08-14T22:57:54.649+0900 DEBUG Creating shared instance of singleton bean 'openEntityManagerInViewInterceptor'
2022-08-14T22:57:54.653+0900 WARN spring.jpa.open-in-view is enabled by default. Therefore, database queries may be performed during view rendering. Explicitly configure spring.jpa.open-in-view to disable this warning
2022-08-14T22:57:54.663+0900 DEBUG Creating shared instance of singleton bean 'mvcResourceUrlProvider'
2022-08-14T22:57:54.693+0900 DEBUG 11 mappings in 'requestMappingHandlerMapping'
2022-08-14T22:57:54.694+0900 DEBUG Creating shared instance of singleton bean 'welcomePageHandlerMapping'
2022-08-14T22:57:54.694+0900 DEBUG Autowiring by type from bean name 'welcomePageHandlerMapping' via factory method to bean named 'org.springframework.web.context.support.GenericWebApplicationContext@5bbf744b'
2022-08-14T22:57:54.700+0900 INFO Adding welcome page template: index
2022-08-14T22:57:54.717+0900 DEBUG Creating shared instance of singleton bean 'mvcPathMatcher'
2022-08-14T22:57:54.720+0900 DEBUG Creating shared instance of singleton bean 'mvcUrlPathHelper'
2022-08-14T22:57:54.722+0900 DEBUG Creating shared instance of singleton bean 'viewControllerHandlerMapping'
2022-08-14T22:57:54.724+0900 DEBUG Creating shared instance of singleton bean 'beanNameHandlerMapping'
2022-08-14T22:57:54.739+0900 DEBUG Creating shared instance of singleton bean 'resourceHandlerMapping'
2022-08-14T22:57:54.741+0900 DEBUG Patterns [/webjars/**, /**] in 'resourceHandlerMapping'
2022-08-14T22:57:54.741+0900 DEBUG Creating shared instance of singleton bean 'defaultServletHandlerMapping'
2022-08-14T22:57:54.741+0900 DEBUG Creating shared instance of singleton bean 'mvcUriComponentsContributor'
2022-08-14T22:57:54.744+0900 DEBUG Creating shared instance of singleton bean 'httpRequestHandlerAdapter'
2022-08-14T22:57:54.747+0900 DEBUG Creating shared instance of singleton bean 'simpleControllerHandlerAdapter'
2022-08-14T22:57:54.749+0900 DEBUG Creating shared instance of singleton bean 'handlerExceptionResolver'
2022-08-14T22:57:54.753+0900 DEBUG ControllerAdvice beans: 0 @ExceptionHandler, 1 ResponseBodyAdvice
2022-08-14T22:57:54.757+0900 DEBUG Creating shared instance of singleton bean 'mvcViewResolver'
2022-08-14T22:57:54.769+0900 DEBUG Creating shared instance of singleton bean 'defaultViewResolver'
2022-08-14T22:57:54.783+0900 DEBUG Creating shared instance of singleton bean 'viewResolver'
2022-08-14T22:57:54.785+0900 DEBUG Autowiring by type from bean name 'viewResolver' via factory method to bean named 'org.springframework.beans.factory.support.DefaultListableBeanFactory@120d6cbf'
2022-08-14T22:57:54.797+0900 DEBUG Creating shared instance of singleton bean 'mustacheViewResolver'
2022-08-14T22:57:54.798+0900 DEBUG Creating shared instance of singleton bean 'org.springframework.boot.autoconfigure.mustache.MustacheServletWebConfiguration'
2022-08-14T22:57:54.798+0900 DEBUG Cannot find '.class' file for class [class org.springframework.boot.autoconfigure.mustache.MustacheServletWebConfiguration$$EnhancerBySpringCGLIB$$97da8bf4] - unable to determine constructor/method parameter names
2022-08-14T22:57:54.799+0900 DEBUG Creating shared instance of singleton bean 'spring.mustache-org.springframework.boot.autoconfigure.mustache.MustacheProperties'
2022-08-14T22:57:54.804+0900 DEBUG Autowiring by type from bean name 'org.springframework.boot.autoconfigure.mustache.MustacheServletWebConfiguration' via constructor to bean named 'spring.mustache-org.springframework.boot.autoconfigure.mustache.MustacheProperties'
2022-08-14T22:57:54.811+0900 DEBUG Creating shared instance of singleton bean 'mustacheCompiler'
2022-08-14T22:57:54.811+0900 DEBUG Creating shared instance of singleton bean 'org.springframework.boot.autoconfigure.mustache.MustacheAutoConfiguration'
2022-08-14T22:57:54.811+0900 DEBUG Cannot find '.class' file for class [class org.springframework.boot.autoconfigure.mustache.MustacheAutoConfiguration$$EnhancerBySpringCGLIB$$38072b94] - unable to determine constructor/method parameter names
2022-08-14T22:57:54.812+0900 DEBUG Autowiring by type from bean name 'org.springframework.boot.autoconfigure.mustache.MustacheAutoConfiguration' via constructor to bean named 'spring.mustache-org.springframework.boot.autoconfigure.mustache.MustacheProperties'
2022-08-14T22:57:54.812+0900 DEBUG Autowiring by type from bean name 'org.springframework.boot.autoconfigure.mustache.MustacheAutoConfiguration' via constructor to bean named 'environment'
2022-08-14T22:57:54.812+0900 DEBUG Autowiring by type from bean name 'org.springframework.boot.autoconfigure.mustache.MustacheAutoConfiguration' via constructor to bean named 'org.springframework.web.context.support.GenericWebApplicationContext@5bbf744b'
2022-08-14T22:57:54.821+0900 DEBUG Creating shared instance of singleton bean 'mustacheTemplateLoader'
2022-08-14T22:57:54.827+0900 DEBUG Autowiring by type from bean name 'mustacheCompiler' via factory method to bean named 'mustacheTemplateLoader'
2022-08-14T22:57:54.830+0900 DEBUG Autowiring by type from bean name 'mustacheViewResolver' via factory method to bean named 'mustacheCompiler'
2022-08-14T22:57:54.851+0900 DEBUG Creating shared instance of singleton bean 'requestContextFilter'
2022-08-14T22:57:54.875+0900 DEBUG Creating shared instance of singleton bean 'org.springframework.boot.autoconfigure.web.servlet.WebMvcAutoConfiguration'
2022-08-14T22:57:54.883+0900 DEBUG Creating shared instance of singleton bean 'hiddenHttpMethodFilter'
2022-08-14T22:57:54.908+0900 DEBUG Creating shared instance of singleton bean 'formContentFilter'
2022-08-14T22:57:54.934+0900 DEBUG Creating shared instance of singleton bean 'org.springframework.boot.autoconfigure.aop.AopAutoConfiguration$CglibAutoProxyConfiguration'
2022-08-14T22:57:54.940+0900 DEBUG Creating shared instance of singleton bean 'org.springframework.boot.autoconfigure.aop.AopAutoConfiguration'
2022-08-14T22:57:54.946+0900 DEBUG Creating shared instance of singleton bean 'org.springframework.boot.autoconfigure.transaction.jta.JtaAutoConfiguration'
2022-08-14T22:57:54.953+0900 DEBUG Creating shared instance of singleton bean 'org.springframework.boot.autoconfigure.jdbc.DataSourceAutoConfiguration$PooledDataSourceConfiguration'
2022-08-14T22:57:54.961+0900 DEBUG Creating shared instance of singleton bean 'org.springframework.boot.autoconfigure.jdbc.metadata.DataSourcePoolMetadataProvidersConfiguration'
2022-08-14T22:57:54.966+0900 DEBUG Creating shared instance of singleton bean 'org.springframework.boot.autoconfigure.jdbc.DataSourceInitializationConfiguration'
2022-08-14T22:57:54.972+0900 DEBUG Creating shared instance of singleton bean 'org.springframework.boot.autoconfigure.jdbc.DataSourceAutoConfiguration'
2022-08-14T22:57:54.978+0900 DEBUG Creating shared instance of singleton bean 'org.springframework.boot.autoconfigure.orm.jpa.JpaBaseConfiguration$JpaWebConfiguration'
2022-08-14T22:57:54.984+0900 DEBUG Creating shared instance of singleton bean 'transactionManager'
2022-08-14T22:57:55.002+0900 DEBUG Creating shared instance of singleton bean 'org.springframework.boot.autoconfigure.orm.jpa.HibernateJpaAutoConfiguration'
2022-08-14T22:57:55.006+0900 DEBUG Creating shared instance of singleton bean 'org.springframework.boot.autoconfigure.context.ConfigurationPropertiesAutoConfiguration'
2022-08-14T22:57:55.013+0900 DEBUG Creating shared instance of singleton bean 'org.springframework.boot.autoconfigure.dao.PersistenceExceptionTranslationAutoConfiguration'
2022-08-14T22:57:55.017+0900 DEBUG Creating shared instance of singleton bean 'org.springframework.boot.autoconfigure.data.jpa.JpaRepositoriesAutoConfiguration'
2022-08-14T22:57:55.022+0900 DEBUG Creating shared instance of singleton bean 'org.springframework.data.jpa.util.JpaMetamodelCacheCleanup'
2022-08-14T22:57:55.025+0900 DEBUG Creating shared instance of singleton bean 'org.springframework.data.jpa.repository.support.JpaEvaluationContextExtension'
2022-08-14T22:57:55.031+0900 DEBUG Creating shared instance of singleton bean 'org.springframework.boot.autoconfigure.http.JacksonHttpMessageConvertersConfiguration'
2022-08-14T22:57:55.036+0900 DEBUG Creating shared instance of singleton bean 'org.springframework.data.web.config.ProjectingArgumentResolverRegistrar'
2022-08-14T22:57:55.040+0900 DEBUG Creating shared instance of singleton bean 'org.springframework.boot.autoconfigure.h2.H2ConsoleAutoConfiguration'
2022-08-14T22:57:55.041+0900 DEBUG Cannot find '.class' file for class [class org.springframework.boot.autoconfigure.h2.H2ConsoleAutoConfiguration$$EnhancerBySpringCGLIB$$d119f961] - unable to determine constructor/method parameter names
2022-08-14T22:57:55.042+0900 DEBUG Creating shared instance of singleton bean 'spring.h2.console-org.springframework.boot.autoconfigure.h2.H2ConsoleProperties'
2022-08-14T22:57:55.044+0900 DEBUG Autowiring by type from bean name 'org.springframework.boot.autoconfigure.h2.H2ConsoleAutoConfiguration' via constructor to bean named 'spring.h2.console-org.springframework.boot.autoconfigure.h2.H2ConsoleProperties'
2022-08-14T22:57:55.050+0900 DEBUG Creating shared instance of singleton bean 'h2Console'
2022-08-14T22:57:55.057+0900 DEBUG Creating shared instance of singleton bean 'org.springframework.boot.autoconfigure.http.codec.CodecsAutoConfiguration$LoggingCodecConfiguration'
2022-08-14T22:57:55.065+0900 DEBUG Creating shared instance of singleton bean 'loggingCodecCustomizer'
2022-08-14T22:57:55.066+0900 DEBUG Autowiring by type from bean name 'loggingCodecCustomizer' via factory method to bean named 'spring.http-org.springframework.boot.autoconfigure.http.HttpProperties'
2022-08-14T22:57:55.070+0900 DEBUG Creating shared instance of singleton bean 'org.springframework.boot.autoconfigure.http.codec.CodecsAutoConfiguration$JacksonCodecConfiguration'
2022-08-14T22:57:55.078+0900 DEBUG Creating shared instance of singleton bean 'jacksonCodecCustomizer'
2022-08-14T22:57:55.079+0900 DEBUG Autowiring by type from bean name 'jacksonCodecCustomizer' via factory method to bean named 'jacksonObjectMapper'
2022-08-14T22:57:55.085+0900 DEBUG Creating shared instance of singleton bean 'org.springframework.boot.autoconfigure.http.codec.CodecsAutoConfiguration'
2022-08-14T22:57:55.091+0900 DEBUG Creating shared instance of singleton bean 'org.springframework.boot.autoconfigure.info.ProjectInfoAutoConfiguration'
2022-08-14T22:57:55.092+0900 DEBUG Cannot find '.class' file for class [class org.springframework.boot.autoconfigure.info.ProjectInfoAutoConfiguration$$EnhancerBySpringCGLIB$$3d7b8043] - unable to determine constructor/method parameter names
2022-08-14T22:57:55.093+0900 DEBUG Creating shared instance of singleton bean 'spring.info-org.springframework.boot.autoconfigure.info.ProjectInfoProperties'
2022-08-14T22:57:55.095+0900 DEBUG Autowiring by type from bean name 'org.springframework.boot.autoconfigure.info.ProjectInfoAutoConfiguration' via constructor to bean named 'spring.info-org.springframework.boot.autoconfigure.info.ProjectInfoProperties'
2022-08-14T22:57:55.101+0900 DEBUG Creating shared instance of singleton bean 'org.springframework.boot.autoconfigure.jdbc.JdbcTemplateAutoConfiguration$JdbcTemplateConfiguration'
2022-08-14T22:57:55.101+0900 DEBUG Cannot find '.class' file for class [class org.springframework.boot.autoconfigure.jdbc.JdbcTemplateAutoConfiguration$JdbcTemplateConfiguration$$EnhancerBySpringCGLIB$$1a0ca197] - unable to determine constructor/method parameter names
2022-08-14T22:57:55.103+0900 DEBUG Creating shared instance of singleton bean 'spring.jdbc-org.springframework.boot.autoconfigure.jdbc.JdbcProperties'
2022-08-14T22:57:55.106+0900 DEBUG Autowiring by type from bean name 'org.springframework.boot.autoconfigure.jdbc.JdbcTemplateAutoConfiguration$JdbcTemplateConfiguration' via constructor to bean named 'dataSource'
2022-08-14T22:57:55.106+0900 DEBUG Autowiring by type from bean name 'org.springframework.boot.autoconfigure.jdbc.JdbcTemplateAutoConfiguration$JdbcTemplateConfiguration' via constructor to bean named 'spring.jdbc-org.springframework.boot.autoconfigure.jdbc.JdbcProperties'
2022-08-14T22:57:55.111+0900 DEBUG Creating shared instance of singleton bean 'jdbcTemplate'
2022-08-14T22:57:55.127+0900 DEBUG Creating shared instance of singleton bean 'org.springframework.boot.autoconfigure.jdbc.JdbcTemplateAutoConfiguration$NamedParameterJdbcTemplateConfiguration'
2022-08-14T22:57:55.133+0900 DEBUG Creating shared instance of singleton bean 'namedParameterJdbcTemplate'
2022-08-14T22:57:55.134+0900 DEBUG Autowiring by type from bean name 'namedParameterJdbcTemplate' via factory method to bean named 'jdbcTemplate'
2022-08-14T22:57:55.145+0900 DEBUG Creating shared instance of singleton bean 'org.springframework.boot.autoconfigure.jdbc.JdbcTemplateAutoConfiguration'
2022-08-14T22:57:55.151+0900 DEBUG Creating shared instance of singleton bean 'org.springframework.boot.autoconfigure.security.oauth2.client.servlet.OAuth2ClientAutoConfiguration'
2022-08-14T22:57:55.157+0900 DEBUG Creating shared instance of singleton bean 'spring.security-org.springframework.boot.autoconfigure.security.SecurityProperties'
2022-08-14T22:57:55.160+0900 DEBUG Creating shared instance of singleton bean 'org.springframework.boot.autoconfigure.security.servlet.SecurityFilterAutoConfiguration'
2022-08-14T22:57:55.170+0900 DEBUG Creating shared instance of singleton bean 'securityFilterChainRegistration'
2022-08-14T22:57:55.171+0900 DEBUG Autowiring by type from bean name 'securityFilterChainRegistration' via factory method to bean named 'spring.security-org.springframework.boot.autoconfigure.security.SecurityProperties'
2022-08-14T22:57:55.189+0900 DEBUG Creating shared instance of singleton bean 'org.springframework.boot.autoconfigure.security.servlet.SecurityRequestMatcherProviderAutoConfiguration$MvcRequestMatcherConfiguration'
2022-08-14T22:57:55.198+0900 DEBUG Creating shared instance of singleton bean 'requestMatcherProvider'
2022-08-14T22:57:55.199+0900 DEBUG Creating shared instance of singleton bean 'mvcHandlerMappingIntrospector'
2022-08-14T22:57:55.210+0900 DEBUG Autowiring by type from bean name 'requestMatcherProvider' via factory method to bean named 'mvcHandlerMappingIntrospector'
2022-08-14T22:57:55.217+0900 DEBUG Creating shared instance of singleton bean 'org.springframework.boot.autoconfigure.security.servlet.SecurityRequestMatcherProviderAutoConfiguration'
2022-08-14T22:57:55.224+0900 DEBUG Creating shared instance of singleton bean 'org.springframework.boot.autoconfigure.security.servlet.UserDetailsServiceAutoConfiguration'
2022-08-14T22:57:55.233+0900 DEBUG Creating shared instance of singleton bean 'org.springframework.boot.autoconfigure.session.SessionAutoConfiguration$ServletSessionRepositoryImplementationValidator'
2022-08-14T22:57:55.236+0900 DEBUG Creating shared instance of singleton bean 'spring.session-org.springframework.boot.autoconfigure.session.SessionProperties'
2022-08-14T22:57:55.239+0900 DEBUG Autowiring by type from bean name 'org.springframework.boot.autoconfigure.session.SessionAutoConfiguration$ServletSessionRepositoryImplementationValidator' via constructor to bean named 'org.springframework.web.context.support.GenericWebApplicationContext@5bbf744b'
2022-08-14T22:57:55.239+0900 DEBUG Autowiring by type from bean name 'org.springframework.boot.autoconfigure.session.SessionAutoConfiguration$ServletSessionRepositoryImplementationValidator' via constructor to bean named 'spring.session-org.springframework.boot.autoconfigure.session.SessionProperties'
2022-08-14T22:57:55.246+0900 DEBUG Creating shared instance of singleton bean 'org.springframework.boot.autoconfigure.session.JdbcSessionConfiguration$SpringBootJdbcHttpSessionConfiguration'
2022-08-14T22:57:55.274+0900 DEBUG Creating shared instance of singleton bean 'cookieSerializer'
2022-08-14T22:57:55.274+0900 DEBUG Creating shared instance of singleton bean 'org.springframework.boot.autoconfigure.session.SessionAutoConfiguration$ServletSessionConfiguration'
2022-08-14T22:57:55.284+0900 DEBUG Autowiring by type from bean name 'cookieSerializer' via factory method to bean named 'server-org.springframework.boot.autoconfigure.web.ServerProperties'
2022-08-14T22:57:55.306+0900 DEBUG Creating shared instance of singleton bean 'spring.session.jdbc-org.springframework.boot.autoconfigure.session.JdbcSessionProperties'
2022-08-14T22:57:55.311+0900 DEBUG Creating shared instance of singleton bean 'sessionRepository'
2022-08-14T22:57:55.337+0900 DEBUG Fetching JDBC Connection from DataSource
2022-08-14T22:57:55.343+0900 DEBUG Creating shared instance of singleton bean 'sessionEventHttpSessionListenerAdapter'
2022-08-14T22:57:55.351+0900 DEBUG Creating shared instance of singleton bean 'springSessionRepositoryFilter'
2022-08-14T22:57:55.353+0900 DEBUG Autowiring by type from bean name 'springSessionRepositoryFilter' via factory method to bean named 'sessionRepository'
2022-08-14T22:57:55.359+0900 DEBUG Creating shared instance of singleton bean 'org.springframework.boot.autoconfigure.session.JdbcSessionConfiguration'
2022-08-14T22:57:55.367+0900 DEBUG Creating shared instance of singleton bean 'jdbcSessionDataSourceInitializer'
2022-08-14T22:57:55.370+0900 DEBUG Autowiring by type from bean name 'jdbcSessionDataSourceInitializer' via factory method to bean named 'dataSource'
2022-08-14T22:57:55.370+0900 DEBUG Autowiring by type from bean name 'jdbcSessionDataSourceInitializer' via factory method to bean named 'org.springframework.web.context.support.GenericWebApplicationContext@5bbf744b'
2022-08-14T22:57:55.370+0900 DEBUG Autowiring by type from bean name 'jdbcSessionDataSourceInitializer' via factory method to bean named 'spring.session.jdbc-org.springframework.boot.autoconfigure.session.JdbcSessionProperties'
2022-08-14T22:57:55.378+0900 DEBUG Fetching JDBC Connection from DataSource
2022-08-14T22:57:55.378+0900 DEBUG Fetching JDBC Connection from DataSource
2022-08-14T22:57:55.381+0900 DEBUG Fetching JDBC Connection from DataSource
2022-08-14T22:57:55.387+0900 DEBUG Executing SQL script from class path resource [org/springframework/session/jdbc/schema-h2.sql]
2022-08-14T22:57:55.395+0900 DEBUG 0 returned as update count for SQL: CREATE TABLE SPRING_SESSION ( PRIMARY_ID CHAR(36) NOT NULL, SESSION_ID CHAR(36) NOT NULL, CREATION_TIME BIGINT NOT NULL, LAST_ACCESS_TIME BIGINT NOT NULL, MAX_INACTIVE_INTERVAL INT NOT NULL, EXPIRY_TIME BIGINT NOT NULL, PRINCIPAL_NAME VARCHAR(100), CONSTRAINT SPRING_SESSION_PK PRIMARY KEY (PRIMARY_ID) )
2022-08-14T22:57:55.396+0900 DEBUG 0 returned as update count for SQL: CREATE UNIQUE INDEX SPRING_SESSION_IX1 ON SPRING_SESSION (SESSION_ID)
2022-08-14T22:57:55.397+0900 DEBUG 0 returned as update count for SQL: CREATE INDEX SPRING_SESSION_IX2 ON SPRING_SESSION (EXPIRY_TIME)
2022-08-14T22:57:55.397+0900 DEBUG 0 returned as update count for SQL: CREATE INDEX SPRING_SESSION_IX3 ON SPRING_SESSION (PRINCIPAL_NAME)
2022-08-14T22:57:55.417+0900 DEBUG 0 returned as update count for SQL: CREATE TABLE SPRING_SESSION_ATTRIBUTES ( SESSION_PRIMARY_ID CHAR(36) NOT NULL, ATTRIBUTE_NAME VARCHAR(200) NOT NULL, ATTRIBUTE_BYTES LONGVARBINARY NOT NULL, CONSTRAINT SPRING_SESSION_ATTRIBUTES_PK PRIMARY KEY (SESSION_PRIMARY_ID, ATTRIBUTE_NAME), CONSTRAINT SPRING_SESSION_ATTRIBUTES_FK FOREIGN KEY (SESSION_PRIMARY_ID) REFERENCES SPRING_SESSION(PRIMARY_ID) ON DELETE CASCADE )
2022-08-14T22:57:55.417+0900 DEBUG Executed SQL script from class path resource [org/springframework/session/jdbc/schema-h2.sql] in 30 ms.
2022-08-14T22:57:55.418+0900 DEBUG Creating shared instance of singleton bean 'org.springframework.boot.autoconfigure.session.SessionAutoConfiguration$ServletSessionConfiguration$ServletSessionRepositoryConfiguration'
2022-08-14T22:57:55.427+0900 DEBUG Creating shared instance of singleton bean 'org.springframework.boot.autoconfigure.session.SessionAutoConfiguration$ServletSessionRepositoryValidator'
2022-08-14T22:57:55.429+0900 DEBUG Autowiring by type from bean name 'org.springframework.boot.autoconfigure.session.SessionAutoConfiguration$ServletSessionRepositoryValidator' via constructor to bean named 'spring.session-org.springframework.boot.autoconfigure.session.SessionProperties'
2022-08-14T22:57:55.434+0900 DEBUG Creating shared instance of singleton bean 'org.springframework.boot.autoconfigure.session.SessionRepositoryFilterConfiguration'
2022-08-14T22:57:55.443+0900 DEBUG Creating shared instance of singleton bean 'sessionRepositoryFilterRegistration'
2022-08-14T22:57:55.444+0900 DEBUG Autowiring by type from bean name 'sessionRepositoryFilterRegistration' via factory method to bean named 'spring.session-org.springframework.boot.autoconfigure.session.SessionProperties'
2022-08-14T22:57:55.444+0900 DEBUG Autowiring by type from bean name 'sessionRepositoryFilterRegistration' via factory method to bean named 'springSessionRepositoryFilter'
2022-08-14T22:57:55.460+0900 DEBUG Creating shared instance of singleton bean 'org.springframework.boot.autoconfigure.session.SessionAutoConfiguration'
2022-08-14T22:57:55.470+0900 DEBUG Creating shared instance of singleton bean 'org.springframework.boot.autoconfigure.task.TaskSchedulingAutoConfiguration'
2022-08-14T22:57:55.480+0900 DEBUG Creating shared instance of singleton bean 'taskSchedulerBuilder'
2022-08-14T22:57:55.481+0900 DEBUG Creating shared instance of singleton bean 'spring.task.scheduling-org.springframework.boot.autoconfigure.task.TaskSchedulingProperties'
2022-08-14T22:57:55.485+0900 DEBUG Autowiring by type from bean name 'taskSchedulerBuilder' via factory method to bean named 'spring.task.scheduling-org.springframework.boot.autoconfigure.task.TaskSchedulingProperties'
2022-08-14T22:57:55.491+0900 DEBUG Creating shared instance of singleton bean 'org.springframework.boot.autoconfigure.jdbc.DataSourceTransactionManagerAutoConfiguration$DataSourceTransactionManagerConfiguration'
2022-08-14T22:57:55.492+0900 DEBUG Cannot find '.class' file for class [class org.springframework.boot.autoconfigure.jdbc.DataSourceTransactionManagerAutoConfiguration$DataSourceTransactionManagerConfiguration$$EnhancerBySpringCGLIB$$ae820b99] - unable to determine constructor/method parameter names
2022-08-14T22:57:55.492+0900 DEBUG Autowiring by type from bean name 'org.springframework.boot.autoconfigure.jdbc.DataSourceTransactionManagerAutoConfiguration$DataSourceTransactionManagerConfiguration' via constructor to bean named 'dataSource'
2022-08-14T22:57:55.500+0900 DEBUG Creating shared instance of singleton bean 'org.springframework.boot.autoconfigure.jdbc.DataSourceTransactionManagerAutoConfiguration'
2022-08-14T22:57:55.505+0900 DEBUG Creating shared instance of singleton bean 'org.springframework.boot.autoconfigure.transaction.TransactionAutoConfiguration$EnableTransactionManagementConfiguration$CglibAutoProxyConfiguration'
2022-08-14T22:57:55.512+0900 DEBUG Creating shared instance of singleton bean 'org.springframework.boot.autoconfigure.transaction.TransactionAutoConfiguration$EnableTransactionManagementConfiguration'
2022-08-14T22:57:55.519+0900 DEBUG Creating shared instance of singleton bean 'org.springframework.boot.autoconfigure.transaction.TransactionAutoConfiguration$TransactionTemplateConfiguration'
2022-08-14T22:57:55.520+0900 DEBUG Cannot find '.class' file for class [class org.springframework.boot.autoconfigure.transaction.TransactionAutoConfiguration$TransactionTemplateConfiguration$$EnhancerBySpringCGLIB$$bd06c] - unable to determine constructor/method parameter names
2022-08-14T22:57:55.520+0900 DEBUG Autowiring by type from bean name 'org.springframework.boot.autoconfigure.transaction.TransactionAutoConfiguration$TransactionTemplateConfiguration' via constructor to bean named 'transactionManager'
2022-08-14T22:57:55.525+0900 DEBUG Creating shared instance of singleton bean 'transactionTemplate'
2022-08-14T22:57:55.534+0900 DEBUG Creating shared instance of singleton bean 'org.springframework.boot.autoconfigure.web.client.RestTemplateAutoConfiguration'
2022-08-14T22:57:55.535+0900 DEBUG Cannot find '.class' file for class [class org.springframework.boot.autoconfigure.web.client.RestTemplateAutoConfiguration$$EnhancerBySpringCGLIB$$9c976cab] - unable to determine constructor/method parameter names
2022-08-14T22:57:55.543+0900 DEBUG Creating shared instance of singleton bean 'restTemplateBuilder'
2022-08-14T22:57:55.552+0900 DEBUG Creating shared instance of singleton bean 'org.springframework.boot.autoconfigure.web.embedded.EmbeddedWebServerFactoryCustomizerAutoConfiguration'
2022-08-14T22:57:55.559+0900 DEBUG Creating shared instance of singleton bean 'characterEncodingFilter'
2022-08-14T22:57:55.577+0900 DEBUG Creating shared instance of singleton bean 'multipartResolver'
2022-08-14T22:57:55.592+0900 DEBUG 


============================
CONDITIONS EVALUATION REPORT
============================


Positive matches:
-----------------

   AopAutoConfiguration matched:
      - @ConditionalOnClass found required classes 'org.springframework.context.annotation.EnableAspectJAutoProxy', 'org.aspectj.lang.annotation.Aspect', 'org.aspectj.lang.reflect.Advice', 'org.aspectj.weaver.AnnotatedElement' (OnClassCondition)
      - @ConditionalOnProperty (spring.aop.auto=true) matched (OnPropertyCondition)

   AopAutoConfiguration.CglibAutoProxyConfiguration matched:
      - @ConditionalOnProperty (spring.aop.proxy-target-class=true) matched (OnPropertyCondition)

   CodecsAutoConfiguration matched:
      - @ConditionalOnClass found required class 'org.springframework.http.codec.CodecConfigurer' (OnClassCondition)

   CodecsAutoConfiguration.JacksonCodecConfiguration matched:
      - @ConditionalOnClass found required class 'com.fasterxml.jackson.databind.ObjectMapper' (OnClassCondition)

   CodecsAutoConfiguration.JacksonCodecConfiguration#jacksonCodecCustomizer matched:
      - @ConditionalOnBean (types: com.fasterxml.jackson.databind.ObjectMapper; SearchStrategy: all) found bean 'jacksonObjectMapper' (OnBeanCondition)

   DataSourceAutoConfiguration matched:
      - @ConditionalOnClass found required classes 'javax.sql.DataSource', 'org.springframework.jdbc.datasource.embedded.EmbeddedDatabaseType' (OnClassCondition)

   DataSourceAutoConfiguration.PooledDataSourceConfiguration matched:
      - AnyNestedCondition 1 matched 1 did not; NestedCondition on DataSourceAutoConfiguration.PooledDataSourceCondition.PooledDataSourceAvailable PooledDataSource found supported DataSource; NestedCondition on DataSourceAutoConfiguration.PooledDataSourceCondition.ExplicitType @ConditionalOnProperty (spring.datasource.type) did not find property 'type' (DataSourceAutoConfiguration.PooledDataSourceCondition)
      - @ConditionalOnMissingBean (types: javax.sql.DataSource,javax.sql.XADataSource; SearchStrategy: all) did not find any beans (OnBeanCondition)

   DataSourceConfiguration.Hikari matched:
      - @ConditionalOnClass found required class 'com.zaxxer.hikari.HikariDataSource' (OnClassCondition)
      - @ConditionalOnProperty (spring.datasource.type=com.zaxxer.hikari.HikariDataSource) matched (OnPropertyCondition)
      - @ConditionalOnMissingBean (types: javax.sql.DataSource; SearchStrategy: all) did not find any beans (OnBeanCondition)

   DataSourcePoolMetadataProvidersConfiguration.HikariPoolDataSourceMetadataProviderConfiguration matched:
      - @ConditionalOnClass found required class 'com.zaxxer.hikari.HikariDataSource' (OnClassCondition)

   DataSourceTransactionManagerAutoConfiguration matched:
      - @ConditionalOnClass found required classes 'org.springframework.jdbc.core.JdbcTemplate', 'org.springframework.transaction.PlatformTransactionManager' (OnClassCondition)

   DataSourceTransactionManagerAutoConfiguration.DataSourceTransactionManagerConfiguration matched:
      - @ConditionalOnSingleCandidate (types: javax.sql.DataSource; SearchStrategy: all) found a primary bean from beans 'dataSource' (OnBeanCondition)

   DevToolsDataSourceAutoConfiguration matched:
      - DevTools DataSource Condition found auto-configured DataSource (DevToolsDataSourceAutoConfiguration.DevToolsDataSourceCondition)

   DevToolsDataSourceAutoConfiguration.DatabaseShutdownExecutorJpaDependencyConfiguration matched:
      - @ConditionalOnClass found required class 'org.springframework.orm.jpa.LocalContainerEntityManagerFactoryBean' (OnClassCondition)
      - @ConditionalOnBean (types: org.springframework.orm.jpa.AbstractEntityManagerFactoryBean; SearchStrategy: all) found bean '&entityManagerFactory' (OnBeanCondition)

   DispatcherServletAutoConfiguration matched:
      - @ConditionalOnClass found required class 'org.springframework.web.servlet.DispatcherServlet' (OnClassCondition)
      - found 'session' scope (OnWebApplicationCondition)

   DispatcherServletAutoConfiguration.DispatcherServletConfiguration matched:
      - @ConditionalOnClass found required class 'javax.servlet.ServletRegistration' (OnClassCondition)
      - Default DispatcherServlet did not find dispatcher servlet beans (DispatcherServletAutoConfiguration.DefaultDispatcherServletCondition)

   DispatcherServletAutoConfiguration.DispatcherServletRegistrationConfiguration matched:
      - @ConditionalOnClass found required class 'javax.servlet.ServletRegistration' (OnClassCondition)
      - DispatcherServlet Registration did not find servlet registration bean (DispatcherServletAutoConfiguration.DispatcherServletRegistrationCondition)

   DispatcherServletAutoConfiguration.DispatcherServletRegistrationConfiguration#dispatcherServletRegistration matched:
      - @ConditionalOnBean (names: dispatcherServlet; types: org.springframework.web.servlet.DispatcherServlet; SearchStrategy: all) found bean 'dispatcherServlet' (OnBeanCondition)

   EmbeddedWebServerFactoryCustomizerAutoConfiguration matched:
      - @ConditionalOnWebApplication (required) found 'session' scope (OnWebApplicationCondition)

   EmbeddedWebServerFactoryCustomizerAutoConfiguration.TomcatWebServerFactoryCustomizerConfiguration matched:
      - @ConditionalOnClass found required classes 'org.apache.catalina.startup.Tomcat', 'org.apache.coyote.UpgradeProtocol' (OnClassCondition)

   ErrorMvcAutoConfiguration matched:
      - @ConditionalOnClass found required classes 'javax.servlet.Servlet', 'org.springframework.web.servlet.DispatcherServlet' (OnClassCondition)
      - found 'session' scope (OnWebApplicationCondition)

   ErrorMvcAutoConfiguration#basicErrorController matched:
      - @ConditionalOnMissingBean (types: org.springframework.boot.web.servlet.error.ErrorController; SearchStrategy: current) did not find any beans (OnBeanCondition)

   ErrorMvcAutoConfiguration#errorAttributes matched:
      - @ConditionalOnMissingBean (types: org.springframework.boot.web.servlet.error.ErrorAttributes; SearchStrategy: current) did not find any beans (OnBeanCondition)

   ErrorMvcAutoConfiguration.DefaultErrorViewResolverConfiguration#conventionErrorViewResolver matched:
      - @ConditionalOnBean (types: org.springframework.web.servlet.DispatcherServlet; SearchStrategy: all) found bean 'dispatcherServlet'; @ConditionalOnMissingBean (types: org.springframework.boot.autoconfigure.web.servlet.error.DefaultErrorViewResolver; SearchStrategy: all) did not find any beans (OnBeanCondition)

   ErrorMvcAutoConfiguration.WhitelabelErrorViewConfiguration matched:
      - @ConditionalOnProperty (server.error.whitelabel.enabled) matched (OnPropertyCondition)
      - ErrorTemplate Missing did not find error template view (ErrorMvcAutoConfiguration.ErrorTemplateMissingCondition)

   ErrorMvcAutoConfiguration.WhitelabelErrorViewConfiguration#beanNameViewResolver matched:
      - @ConditionalOnMissingBean (types: org.springframework.web.servlet.view.BeanNameViewResolver; SearchStrategy: all) did not find any beans (OnBeanCondition)

   ErrorMvcAutoConfiguration.WhitelabelErrorViewConfiguration#defaultErrorView matched:
      - @ConditionalOnMissingBean (names: error; SearchStrategy: all) did not find any beans (OnBeanCondition)

   GenericCacheConfiguration matched:
      - Cache org.springframework.boot.autoconfigure.cache.GenericCacheConfiguration automatic cache type (CacheCondition)

   H2ConsoleAutoConfiguration matched:
      - @ConditionalOnClass found required class 'org.h2.server.web.WebServlet' (OnClassCondition)
      - found 'session' scope (OnWebApplicationCondition)
      - @ConditionalOnProperty (spring.h2.console.enabled=true) matched (OnPropertyCondition)

   HibernateJpaAutoConfiguration matched:
      - @ConditionalOnClass found required classes 'org.springframework.orm.jpa.LocalContainerEntityManagerFactoryBean', 'javax.persistence.EntityManager', 'org.hibernate.engine.spi.SessionImplementor' (OnClassCondition)

   HibernateJpaConfiguration matched:
      - @ConditionalOnSingleCandidate (types: javax.sql.DataSource; SearchStrategy: all) found a primary bean from beans 'dataSource' (OnBeanCondition)

   HttpEncodingAutoConfiguration matched:
      - @ConditionalOnClass found required class 'org.springframework.web.filter.CharacterEncodingFilter' (OnClassCondition)
      - found 'session' scope (OnWebApplicationCondition)
      - @ConditionalOnProperty (spring.http.encoding.enabled) matched (OnPropertyCondition)

   HttpEncodingAutoConfiguration#characterEncodingFilter matched:
      - @ConditionalOnMissingBean (types: org.springframework.web.filter.CharacterEncodingFilter; SearchStrategy: all) did not find any beans (OnBeanCondition)

   HttpMessageConvertersAutoConfiguration matched:
      - @ConditionalOnClass found required class 'org.springframework.http.converter.HttpMessageConverter' (OnClassCondition)

   HttpMessageConvertersAutoConfiguration#messageConverters matched:
      - @ConditionalOnMissingBean (types: org.springframework.boot.autoconfigure.http.HttpMessageConverters; SearchStrategy: all) did not find any beans (OnBeanCondition)

   HttpMessageConvertersAutoConfiguration.StringHttpMessageConverterConfiguration matched:
      - @ConditionalOnClass found required class 'org.springframework.http.converter.StringHttpMessageConverter' (OnClassCondition)

   HttpMessageConvertersAutoConfiguration.StringHttpMessageConverterConfiguration#stringHttpMessageConverter matched:
      - @ConditionalOnMissingBean (types: org.springframework.http.converter.StringHttpMessageConverter; SearchStrategy: all) did not find any beans (OnBeanCondition)

   JacksonAutoConfiguration matched:
      - @ConditionalOnClass found required class 'com.fasterxml.jackson.databind.ObjectMapper' (OnClassCondition)

   JacksonAutoConfiguration.Jackson2ObjectMapperBuilderCustomizerConfiguration matched:
      - @ConditionalOnClass found required class 'org.springframework.http.converter.json.Jackson2ObjectMapperBuilder' (OnClassCondition)

   JacksonAutoConfiguration.JacksonObjectMapperBuilderConfiguration matched:
      - @ConditionalOnClass found required class 'org.springframework.http.converter.json.Jackson2ObjectMapperBuilder' (OnClassCondition)

   JacksonAutoConfiguration.JacksonObjectMapperBuilderConfiguration#jacksonObjectMapperBuilder matched:
      - @ConditionalOnMissingBean (types: org.springframework.http.converter.json.Jackson2ObjectMapperBuilder; SearchStrategy: all) did not find any beans (OnBeanCondition)

   JacksonAutoConfiguration.JacksonObjectMapperConfiguration matched:
      - @ConditionalOnClass found required class 'org.springframework.http.converter.json.Jackson2ObjectMapperBuilder' (OnClassCondition)

   JacksonAutoConfiguration.JacksonObjectMapperConfiguration#jacksonObjectMapper matched:
      - @ConditionalOnMissingBean (types: com.fasterxml.jackson.databind.ObjectMapper; SearchStrategy: all) did not find any beans (OnBeanCondition)

   JacksonAutoConfiguration.ParameterNamesModuleConfiguration matched:
      - @ConditionalOnClass found required class 'com.fasterxml.jackson.module.paramnames.ParameterNamesModule' (OnClassCondition)

   JacksonAutoConfiguration.ParameterNamesModuleConfiguration#parameterNamesModule matched:
      - @ConditionalOnMissingBean (types: com.fasterxml.jackson.module.paramnames.ParameterNamesModule; SearchStrategy: all) did not find any beans (OnBeanCondition)

   JacksonHttpMessageConvertersConfiguration.MappingJackson2HttpMessageConverterConfiguration matched:
      - @ConditionalOnClass found required class 'com.fasterxml.jackson.databind.ObjectMapper' (OnClassCondition)
      - @ConditionalOnProperty (spring.http.converters.preferred-json-mapper=jackson) matched (OnPropertyCondition)
      - @ConditionalOnBean (types: com.fasterxml.jackson.databind.ObjectMapper; SearchStrategy: all) found bean 'jacksonObjectMapper' (OnBeanCondition)

   JacksonHttpMessageConvertersConfiguration.MappingJackson2HttpMessageConverterConfiguration#mappingJackson2HttpMessageConverter matched:
      - @ConditionalOnMissingBean (types: org.springframework.http.converter.json.MappingJackson2HttpMessageConverter; SearchStrategy: all) did not find any beans (OnBeanCondition)

   JdbcSessionConfiguration matched:
      - @ConditionalOnClass found required classes 'org.springframework.jdbc.core.JdbcTemplate', 'org.springframework.session.jdbc.JdbcOperationsSessionRepository' (OnClassCondition)
      - Session Condition did not find property 'spring.session.store-type' (ServletSessionCondition)
      - @ConditionalOnBean (types: javax.sql.DataSource; SearchStrategy: all) found bean 'dataSource'; @ConditionalOnMissingBean (types: org.springframework.session.SessionRepository; SearchStrategy: all) did not find any beans (OnBeanCondition)

   JdbcSessionConfiguration#jdbcSessionDataSourceInitializer matched:
      - @ConditionalOnMissingBean (types: org.springframework.boot.autoconfigure.session.JdbcSessionDataSourceInitializer; SearchStrategy: all) did not find any beans (OnBeanCondition)

   JdbcTemplateAutoConfiguration matched:
      - @ConditionalOnClass found required classes 'javax.sql.DataSource', 'org.springframework.jdbc.core.JdbcTemplate' (OnClassCondition)
      - @ConditionalOnSingleCandidate (types: javax.sql.DataSource; SearchStrategy: all) found a primary bean from beans 'dataSource' (OnBeanCondition)

   JdbcTemplateAutoConfiguration.JdbcTemplateConfiguration#jdbcTemplate matched:
      - @ConditionalOnMissingBean (types: org.springframework.jdbc.core.JdbcOperations; SearchStrategy: all) did not find any beans (OnBeanCondition)

   JdbcTemplateAutoConfiguration.NamedParameterJdbcTemplateConfiguration#namedParameterJdbcTemplate matched:
      - @ConditionalOnSingleCandidate (types: org.springframework.jdbc.core.JdbcTemplate; SearchStrategy: all) found a primary bean from beans 'jdbcTemplate'; @ConditionalOnMissingBean (types: org.springframework.jdbc.core.namedparam.NamedParameterJdbcOperations; SearchStrategy: all) did not find any beans (OnBeanCondition)

   JpaBaseConfiguration#entityManagerFactory matched:
      - @ConditionalOnMissingBean (types: org.springframework.orm.jpa.LocalContainerEntityManagerFactoryBean,javax.persistence.EntityManagerFactory; SearchStrategy: all) did not find any beans (OnBeanCondition)

   JpaBaseConfiguration#entityManagerFactoryBuilder matched:
      - @ConditionalOnMissingBean (types: org.springframework.boot.orm.jpa.EntityManagerFactoryBuilder; SearchStrategy: all) did not find any beans (OnBeanCondition)

   JpaBaseConfiguration#jpaVendorAdapter matched:
      - @ConditionalOnMissingBean (types: org.springframework.orm.jpa.JpaVendorAdapter; SearchStrategy: all) did not find any beans (OnBeanCondition)

   JpaBaseConfiguration#transactionManager matched:
      - @ConditionalOnMissingBean (types: org.springframework.transaction.PlatformTransactionManager; SearchStrategy: all) did not find any beans (OnBeanCondition)

   JpaBaseConfiguration.JpaWebConfiguration matched:
      - @ConditionalOnClass found required class 'org.springframework.web.servlet.config.annotation.WebMvcConfigurer' (OnClassCondition)
      - found 'session' scope (OnWebApplicationCondition)
      - @ConditionalOnProperty (spring.jpa.open-in-view=true) matched (OnPropertyCondition)
      - @ConditionalOnMissingBean (types: org.springframework.orm.jpa.support.OpenEntityManagerInViewInterceptor,org.springframework.orm.jpa.support.OpenEntityManagerInViewFilter; SearchStrategy: all) did not find any beans (OnBeanCondition)

   JpaRepositoriesAutoConfiguration matched:
      - @ConditionalOnClass found required class 'org.springframework.data.jpa.repository.JpaRepository' (OnClassCondition)
      - @ConditionalOnProperty (spring.data.jpa.repositories.enabled=true) matched (OnPropertyCondition)
      - @ConditionalOnBean (types: javax.sql.DataSource; SearchStrategy: all) found bean 'dataSource'; @ConditionalOnMissingBean (types: org.springframework.data.jpa.repository.support.JpaRepositoryFactoryBean,org.springframework.data.jpa.repository.config.JpaRepositoryConfigExtension; SearchStrategy: all) did not find any beans (OnBeanCondition)

   JtaAutoConfiguration matched:
      - @ConditionalOnClass found required class 'javax.transaction.Transaction' (OnClassCondition)
      - @ConditionalOnProperty (spring.jta.enabled) matched (OnPropertyCondition)

   MultipartAutoConfiguration matched:
      - @ConditionalOnClass found required classes 'javax.servlet.Servlet', 'org.springframework.web.multipart.support.StandardServletMultipartResolver', 'javax.servlet.MultipartConfigElement' (OnClassCondition)
      - found 'session' scope (OnWebApplicationCondition)
      - @ConditionalOnProperty (spring.servlet.multipart.enabled) matched (OnPropertyCondition)

   MultipartAutoConfiguration#multipartConfigElement matched:
      - @ConditionalOnMissingBean (types: javax.servlet.MultipartConfigElement,org.springframework.web.multipart.commons.CommonsMultipartResolver; SearchStrategy: all) did not find any beans (OnBeanCondition)

   MultipartAutoConfiguration#multipartResolver matched:
      - @ConditionalOnMissingBean (types: org.springframework.web.multipart.MultipartResolver; SearchStrategy: all) did not find any beans (OnBeanCondition)

   MustacheAutoConfiguration matched:
      - @ConditionalOnClass found required class 'com.samskivert.mustache.Mustache' (OnClassCondition)

   MustacheAutoConfiguration#mustacheCompiler matched:
      - @ConditionalOnMissingBean (types: com.samskivert.mustache.Mustache$Compiler; SearchStrategy: all) did not find any beans (OnBeanCondition)

   MustacheAutoConfiguration#mustacheTemplateLoader matched:
      - @ConditionalOnMissingBean (types: com.samskivert.mustache.Mustache$TemplateLoader; SearchStrategy: all) did not find any beans (OnBeanCondition)

   MustacheServletWebConfiguration matched:
      - found 'session' scope (OnWebApplicationCondition)

   MustacheServletWebConfiguration#mustacheViewResolver matched:
      - @ConditionalOnMissingBean (types: org.springframework.boot.web.servlet.view.MustacheViewResolver; SearchStrategy: all) did not find any beans (OnBeanCondition)

   NoOpCacheConfiguration matched:
      - Cache org.springframework.boot.autoconfigure.cache.NoOpCacheConfiguration automatic cache type (CacheCondition)

   OAuth2ClientAutoConfiguration matched:
      - @ConditionalOnClass found required classes 'org.springframework.security.config.annotation.web.configuration.EnableWebSecurity', 'org.springframework.security.oauth2.client.registration.ClientRegistration' (OnClassCondition)
      - found 'session' scope (OnWebApplicationCondition)

   OAuth2ClientRegistrationRepositoryConfiguration matched:
      - OAuth2 Clients Configured Condition found registered clients test (ClientsConfiguredCondition)

   OAuth2ClientRegistrationRepositoryConfiguration#clientRegistrationRepository matched:
      - @ConditionalOnMissingBean (types: org.springframework.security.oauth2.client.registration.ClientRegistrationRepository; SearchStrategy: all) did not find any beans (OnBeanCondition)

   OAuth2WebSecurityConfiguration matched:
      - @ConditionalOnBean (types: org.springframework.security.oauth2.client.registration.ClientRegistrationRepository; SearchStrategy: all) found bean 'clientRegistrationRepository' (OnBeanCondition)

   OAuth2WebSecurityConfiguration#authorizedClientRepository matched:
      - @ConditionalOnMissingBean (types: org.springframework.security.oauth2.client.web.OAuth2AuthorizedClientRepository; SearchStrategy: all) did not find any beans (OnBeanCondition)

   OAuth2WebSecurityConfiguration#authorizedClientService matched:
      - @ConditionalOnMissingBean (types: org.springframework.security.oauth2.client.OAuth2AuthorizedClientService; SearchStrategy: all) did not find any beans (OnBeanCondition)

   PersistenceExceptionTranslationAutoConfiguration matched:
      - @ConditionalOnClass found required class 'org.springframework.dao.annotation.PersistenceExceptionTranslationPostProcessor' (OnClassCondition)

   PersistenceExceptionTranslationAutoConfiguration#persistenceExceptionTranslationPostProcessor matched:
      - @ConditionalOnProperty (spring.dao.exceptiontranslation.enabled) matched (OnPropertyCondition)
      - @ConditionalOnMissingBean (types: org.springframework.dao.annotation.PersistenceExceptionTranslationPostProcessor; SearchStrategy: all) did not find any beans (OnBeanCondition)

   PropertyPlaceholderAutoConfiguration#propertySourcesPlaceholderConfigurer matched:
      - @ConditionalOnMissingBean (types: org.springframework.context.support.PropertySourcesPlaceholderConfigurer; SearchStrategy: current) did not find any beans (OnBeanCondition)

   RestTemplateAutoConfiguration matched:
      - @ConditionalOnClass found required class 'org.springframework.web.client.RestTemplate' (OnClassCondition)

   RestTemplateAutoConfiguration#restTemplateBuilder matched:
      - @ConditionalOnMissingBean (types: org.springframework.boot.web.client.RestTemplateBuilder; SearchStrategy: all) did not find any beans (OnBeanCondition)

   SecurityAutoConfiguration matched:
      - @ConditionalOnClass found required class 'org.springframework.security.authentication.DefaultAuthenticationEventPublisher' (OnClassCondition)

   SecurityAutoConfiguration#authenticationEventPublisher matched:
      - @ConditionalOnMissingBean (types: org.springframework.security.authentication.AuthenticationEventPublisher; SearchStrategy: all) did not find any beans (OnBeanCondition)

   SecurityFilterAutoConfiguration matched:
      - @ConditionalOnClass found required classes 'org.springframework.security.web.context.AbstractSecurityWebApplicationInitializer', 'org.springframework.security.config.http.SessionCreationPolicy' (OnClassCondition)
      - found 'session' scope (OnWebApplicationCondition)

   SecurityFilterAutoConfiguration#securityFilterChainRegistration matched:
      - @ConditionalOnBean (names: springSecurityFilterChain; SearchStrategy: all) found bean 'springSecurityFilterChain' (OnBeanCondition)

   SecurityRequestMatcherProviderAutoConfiguration matched:
      - @ConditionalOnClass found required class 'org.springframework.security.web.util.matcher.RequestMatcher' (OnClassCondition)
      - found 'session' scope (OnWebApplicationCondition)

   SecurityRequestMatcherProviderAutoConfiguration.MvcRequestMatcherConfiguration matched:
      - @ConditionalOnClass found required class 'org.springframework.web.servlet.DispatcherServlet' (OnClassCondition)
      - @ConditionalOnBean (types: org.springframework.web.servlet.handler.HandlerMappingIntrospector; SearchStrategy: all) found bean 'mvcHandlerMappingIntrospector' (OnBeanCondition)

   SecurityRequestMatcherProviderAutoConfiguration.MvcRequestMatcherConfiguration#requestMatcherProvider matched:
      - @ConditionalOnClass found required class 'org.springframework.web.servlet.DispatcherServlet' (OnClassCondition)

   ServletWebServerFactoryAutoConfiguration matched:
      - @ConditionalOnClass found required class 'javax.servlet.ServletRequest' (OnClassCondition)
      - found 'session' scope (OnWebApplicationCondition)

   ServletWebServerFactoryAutoConfiguration#tomcatServletWebServerFactoryCustomizer matched:
      - @ConditionalOnClass found required class 'org.apache.catalina.startup.Tomcat' (OnClassCondition)

   ServletWebServerFactoryConfiguration.EmbeddedTomcat matched:
      - @ConditionalOnClass found required classes 'javax.servlet.Servlet', 'org.apache.catalina.startup.Tomcat', 'org.apache.coyote.UpgradeProtocol' (OnClassCondition)
      - @ConditionalOnMissingBean (types: org.springframework.boot.web.servlet.server.ServletWebServerFactory; SearchStrategy: current) did not find any beans (OnBeanCondition)

   SessionAutoConfiguration matched:
      - @ConditionalOnClass found required class 'org.springframework.session.Session' (OnClassCondition)
      - @ConditionalOnWebApplication (required) found 'session' scope (OnWebApplicationCondition)

   SessionAutoConfiguration.ServletSessionConfiguration matched:
      - found 'session' scope (OnWebApplicationCondition)

   SessionAutoConfiguration.ServletSessionConfiguration#cookieSerializer matched:
      - AnyNestedCondition 1 matched 1 did not; NestedCondition on SessionAutoConfiguration.DefaultCookieSerializerCondition.CookieHttpSessionIdResolverAvailable found non-matching nested conditions @ConditionalOnBean (types: org.springframework.session.web.http.CookieHttpSessionIdResolver; SearchStrategy: all) did not find any beans of type org.springframework.session.web.http.CookieHttpSessionIdResolver, @ConditionalOnBean (types: org.springframework.session.web.http.CookieHttpSessionIdResolver; SearchStrategy: all) did not find any beans of type org.springframework.session.web.http.CookieHttpSessionIdResolver; NestedCondition on SessionAutoConfiguration.DefaultCookieSerializerCondition.NoComponentsAvailable @ConditionalOnMissingBean (types: org.springframework.session.web.http.HttpSessionIdResolver,org.springframework.session.web.http.CookieSerializer; SearchStrategy: all) did not find any beans (SessionAutoConfiguration.DefaultCookieSerializerCondition)

   SessionAutoConfiguration.ServletSessionConfiguration.ServletSessionRepositoryConfiguration matched:
      - @ConditionalOnMissingBean (types: org.springframework.session.SessionRepository; SearchStrategy: all) did not find any beans (OnBeanCondition)

   SessionRepositoryFilterConfiguration matched:
      - @ConditionalOnBean (types: org.springframework.session.web.http.SessionRepositoryFilter; SearchStrategy: all) found bean 'springSessionRepositoryFilter' (OnBeanCondition)

   SimpleCacheConfiguration matched:
      - Cache org.springframework.boot.autoconfigure.cache.SimpleCacheConfiguration automatic cache type (CacheCondition)

   SpringDataWebAutoConfiguration matched:
      - @ConditionalOnClass found required classes 'org.springframework.data.web.PageableHandlerMethodArgumentResolver', 'org.springframework.web.servlet.config.annotation.WebMvcConfigurer' (OnClassCondition)
      - found 'session' scope (OnWebApplicationCondition)
      - @ConditionalOnMissingBean (types: org.springframework.data.web.PageableHandlerMethodArgumentResolver; SearchStrategy: all) did not find any beans (OnBeanCondition)

   SpringDataWebAutoConfiguration#pageableCustomizer matched:
      - @ConditionalOnMissingBean (types: org.springframework.data.web.config.PageableHandlerMethodArgumentResolverCustomizer; SearchStrategy: all) did not find any beans (OnBeanCondition)

   SpringDataWebAutoConfiguration#sortCustomizer matched:
      - @ConditionalOnMissingBean (types: org.springframework.data.web.config.SortHandlerMethodArgumentResolverCustomizer; SearchStrategy: all) did not find any beans (OnBeanCondition)

   TaskExecutionAutoConfiguration matched:
      - @ConditionalOnClass found required class 'org.springframework.scheduling.concurrent.ThreadPoolTaskExecutor' (OnClassCondition)

   TaskExecutionAutoConfiguration#applicationTaskExecutor matched:
      - @ConditionalOnMissingBean (types: java.util.concurrent.Executor; SearchStrategy: all) did not find any beans (OnBeanCondition)

   TaskExecutionAutoConfiguration#taskExecutorBuilder matched:
      - @ConditionalOnMissingBean (types: org.springframework.boot.task.TaskExecutorBuilder; SearchStrategy: all) did not find any beans (OnBeanCondition)

   TaskSchedulingAutoConfiguration matched:
      - @ConditionalOnClass found required class 'org.springframework.scheduling.concurrent.ThreadPoolTaskScheduler' (OnClassCondition)

   TaskSchedulingAutoConfiguration#taskSchedulerBuilder matched:
      - @ConditionalOnMissingBean (types: org.springframework.boot.task.TaskSchedulerBuilder; SearchStrategy: all) did not find any beans (OnBeanCondition)

   TransactionAutoConfiguration matched:
      - @ConditionalOnClass found required class 'org.springframework.transaction.PlatformTransactionManager' (OnClassCondition)

   TransactionAutoConfiguration#platformTransactionManagerCustomizers matched:
      - @ConditionalOnMissingBean (types: org.springframework.boot.autoconfigure.transaction.TransactionManagerCustomizers; SearchStrategy: all) did not find any beans (OnBeanCondition)

   TransactionAutoConfiguration.EnableTransactionManagementConfiguration matched:
      - @ConditionalOnBean (types: org.springframework.transaction.PlatformTransactionManager; SearchStrategy: all) found bean 'transactionManager'; @ConditionalOnMissingBean (types: org.springframework.transaction.annotation.AbstractTransactionManagementConfiguration; SearchStrategy: all) did not find any beans (OnBeanCondition)

   TransactionAutoConfiguration.EnableTransactionManagementConfiguration.CglibAutoProxyConfiguration matched:
      - @ConditionalOnProperty (spring.aop.proxy-target-class=true) matched (OnPropertyCondition)

   TransactionAutoConfiguration.TransactionTemplateConfiguration matched:
      - @ConditionalOnSingleCandidate (types: org.springframework.transaction.PlatformTransactionManager; SearchStrategy: all) found a primary bean from beans 'transactionManager' (OnBeanCondition)

   TransactionAutoConfiguration.TransactionTemplateConfiguration#transactionTemplate matched:
      - @ConditionalOnMissingBean (types: org.springframework.transaction.support.TransactionTemplate; SearchStrategy: all) did not find any beans (OnBeanCondition)

   UserDetailsServiceAutoConfiguration matched:
      - @ConditionalOnClass found required class 'org.springframework.security.authentication.AuthenticationManager' (OnClassCondition)
      - @ConditionalOnBean (types: org.springframework.security.config.annotation.ObjectPostProcessor; SearchStrategy: all) found bean 'objectPostProcessor'; @ConditionalOnMissingBean (types: org.springframework.security.authentication.AuthenticationManager,org.springframework.security.authentication.AuthenticationProvider,org.springframework.security.core.userdetails.UserDetailsService; SearchStrategy: all) did not find any beans (OnBeanCondition)

   ValidationAutoConfiguration matched:
      - @ConditionalOnClass found required class 'javax.validation.executable.ExecutableValidator' (OnClassCondition)
      - @ConditionalOnResource found location classpath:META-INF/services/javax.validation.spi.ValidationProvider (OnResourceCondition)

   ValidationAutoConfiguration#defaultValidator matched:
      - @ConditionalOnMissingBean (types: javax.validation.Validator; SearchStrategy: all) did not find any beans (OnBeanCondition)

   ValidationAutoConfiguration#methodValidationPostProcessor matched:
      - @ConditionalOnMissingBean (types: org.springframework.validation.beanvalidation.MethodValidationPostProcessor; SearchStrategy: all) did not find any beans (OnBeanCondition)

   WebMvcAutoConfiguration matched:
      - @ConditionalOnClass found required classes 'javax.servlet.Servlet', 'org.springframework.web.servlet.DispatcherServlet', 'org.springframework.web.servlet.config.annotation.WebMvcConfigurer' (OnClassCondition)
      - found 'session' scope (OnWebApplicationCondition)
      - @ConditionalOnMissingBean (types: org.springframework.web.servlet.config.annotation.WebMvcConfigurationSupport; SearchStrategy: all) did not find any beans (OnBeanCondition)

   WebMvcAutoConfiguration#formContentFilter matched:
      - @ConditionalOnProperty (spring.mvc.formcontent.filter.enabled) matched (OnPropertyCondition)
      - @ConditionalOnMissingBean (types: org.springframework.web.filter.FormContentFilter; SearchStrategy: all) did not find any beans (OnBeanCondition)

   WebMvcAutoConfiguration#hiddenHttpMethodFilter matched:
      - @ConditionalOnProperty (spring.mvc.hiddenmethod.filter.enabled) matched (OnPropertyCondition)
      - @ConditionalOnMissingBean (types: org.springframework.web.filter.HiddenHttpMethodFilter; SearchStrategy: all) did not find any beans (OnBeanCondition)

   WebMvcAutoConfiguration.WebMvcAutoConfigurationAdapter#defaultViewResolver matched:
      - @ConditionalOnMissingBean (types: org.springframework.web.servlet.view.InternalResourceViewResolver; SearchStrategy: all) did not find any beans (OnBeanCondition)

   WebMvcAutoConfiguration.WebMvcAutoConfigurationAdapter#requestContextFilter matched:
      - @ConditionalOnMissingBean (types: org.springframework.web.context.request.RequestContextListener,org.springframework.web.filter.RequestContextFilter; SearchStrategy: all) did not find any beans (OnBeanCondition)

   WebMvcAutoConfiguration.WebMvcAutoConfigurationAdapter#viewResolver matched:
      - @ConditionalOnBean (types: org.springframework.web.servlet.ViewResolver; SearchStrategy: all) found beans 'defaultViewResolver', 'beanNameViewResolver', 'mvcViewResolver'; @ConditionalOnMissingBean (names: viewResolver; types: org.springframework.web.servlet.view.ContentNegotiatingViewResolver; SearchStrategy: all) did not find any beans (OnBeanCondition)

   WebMvcAutoConfiguration.WebMvcAutoConfigurationAdapter.FaviconConfiguration matched:
      - @ConditionalOnProperty (spring.mvc.favicon.enabled) matched (OnPropertyCondition)

   WebSocketServletAutoConfiguration matched:
      - @ConditionalOnClass found required classes 'javax.servlet.Servlet', 'javax.websocket.server.ServerContainer' (OnClassCondition)
      - found 'session' scope (OnWebApplicationCondition)

   WebSocketServletAutoConfiguration.TomcatWebSocketConfiguration matched:
      - @ConditionalOnClass found required classes 'org.apache.catalina.startup.Tomcat', 'org.apache.tomcat.websocket.server.WsSci' (OnClassCondition)

   WebSocketServletAutoConfiguration.TomcatWebSocketConfiguration#websocketServletWebServerCustomizer matched:
      - @ConditionalOnMissingBean (names: websocketServletWebServerCustomizer; SearchStrategy: all) did not find any beans (OnBeanCondition)


Negative matches:
-----------------

   ActiveMQAutoConfiguration:
      Did not match:
         - @ConditionalOnClass did not find required class 'javax.jms.ConnectionFactory' (OnClassCondition)

   AopAutoConfiguration.JdkDynamicAutoProxyConfiguration:
      Did not match:
         - @ConditionalOnProperty (spring.aop.proxy-target-class=false) did not find property 'proxy-target-class' (OnPropertyCondition)

   ArtemisAutoConfiguration:
      Did not match:
         - @ConditionalOnClass did not find required class 'javax.jms.ConnectionFactory' (OnClassCondition)

   AtomikosJtaConfiguration:
      Did not match:
         - @ConditionalOnClass did not find required class 'com.atomikos.icatch.jta.UserTransactionManager' (OnClassCondition)

   BatchAutoConfiguration:
      Did not match:
         - @ConditionalOnClass did not find required class 'org.springframework.batch.core.launch.JobLauncher' (OnClassCondition)

   BitronixJtaConfiguration:
      Did not match:
         - @ConditionalOnClass did not find required class 'bitronix.tm.jndi.BitronixContext' (OnClassCondition)

   CacheAutoConfiguration:
      Did not match:
         - @ConditionalOnBean (types: org.springframework.cache.interceptor.CacheAspectSupport; SearchStrategy: all) did not find any beans of type org.springframework.cache.interceptor.CacheAspectSupport (OnBeanCondition)
      Matched:
         - @ConditionalOnClass found required class 'org.springframework.cache.CacheManager' (OnClassCondition)

   CacheAutoConfiguration.CacheManagerJpaDependencyConfiguration:
      Did not match:
         - Ancestor org.springframework.boot.autoconfigure.cache.CacheAutoConfiguration did not match (ConditionEvaluationReport.AncestorsMatchedCondition)
      Matched:
         - @ConditionalOnClass found required class 'org.springframework.orm.jpa.LocalContainerEntityManagerFactoryBean' (OnClassCondition)

   CaffeineCacheConfiguration:
      Did not match:
         - @ConditionalOnClass did not find required classes 'com.github.benmanes.caffeine.cache.Caffeine', 'org.springframework.cache.caffeine.CaffeineCacheManager' (OnClassCondition)

   CassandraAutoConfiguration:
      Did not match:
         - @ConditionalOnClass did not find required class 'com.datastax.driver.core.Cluster' (OnClassCondition)

   CassandraDataAutoConfiguration:
      Did not match:
         - @ConditionalOnClass did not find required class 'com.datastax.driver.core.Cluster' (OnClassCondition)

   CassandraReactiveDataAutoConfiguration:
      Did not match:
         - @ConditionalOnClass did not find required class 'com.datastax.driver.core.Cluster' (OnClassCondition)

   CassandraReactiveRepositoriesAutoConfiguration:
      Did not match:
         - @ConditionalOnClass did not find required class 'org.springframework.data.cassandra.ReactiveSession' (OnClassCondition)

   CassandraRepositoriesAutoConfiguration:
      Did not match:
         - @ConditionalOnClass did not find required class 'com.datastax.driver.core.Session' (OnClassCondition)

   ClientHttpConnectorAutoConfiguration:
      Did not match:
         - @ConditionalOnClass did not find required class 'org.springframework.web.reactive.function.client.WebClient' (OnClassCondition)

   CloudServiceConnectorsAutoConfiguration:
      Did not match:
         - @ConditionalOnClass did not find required class 'org.springframework.cloud.config.java.CloudScanConfiguration' (OnClassCondition)

   CouchbaseAutoConfiguration:
      Did not match:
         - @ConditionalOnClass did not find required class 'com.couchbase.client.java.Cluster' (OnClassCondition)

   CouchbaseCacheConfiguration:
      Did not match:
         - @ConditionalOnClass did not find required classes 'com.couchbase.client.java.Bucket', 'com.couchbase.client.spring.cache.CouchbaseCacheManager' (OnClassCondition)

   CouchbaseDataAutoConfiguration:
      Did not match:
         - @ConditionalOnClass did not find required class 'com.couchbase.client.java.Bucket' (OnClassCondition)

   CouchbaseReactiveDataAutoConfiguration:
      Did not match:
         - @ConditionalOnClass did not find required class 'com.couchbase.client.java.Bucket' (OnClassCondition)

   CouchbaseReactiveRepositoriesAutoConfiguration:
      Did not match:
         - @ConditionalOnClass did not find required class 'com.couchbase.client.java.Bucket' (OnClassCondition)

   CouchbaseRepositoriesAutoConfiguration:
      Did not match:
         - @ConditionalOnClass did not find required class 'com.couchbase.client.java.Bucket' (OnClassCondition)

   DataSourceAutoConfiguration.EmbeddedDatabaseConfiguration:
      Did not match:
         - EmbeddedDataSource found supported pooled data source (DataSourceAutoConfiguration.EmbeddedDatabaseCondition)

   DataSourceConfiguration.Dbcp2:
      Did not match:
         - @ConditionalOnClass did not find required class 'org.apache.commons.dbcp2.BasicDataSource' (OnClassCondition)

   DataSourceConfiguration.Generic:
      Did not match:
         - @ConditionalOnProperty (spring.datasource.type) did not find property 'spring.datasource.type' (OnPropertyCondition)

   DataSourceConfiguration.Tomcat:
      Did not match:
         - @ConditionalOnClass did not find required class 'org.apache.tomcat.jdbc.pool.DataSource' (OnClassCondition)

   DataSourceJmxConfiguration:
      Did not match:
         - @ConditionalOnProperty (spring.jmx.enabled=true) found different value in property 'enabled' (OnPropertyCondition)

   DataSourcePoolMetadataProvidersConfiguration.CommonsDbcp2PoolDataSourceMetadataProviderConfiguration:
      Did not match:
         - @ConditionalOnClass did not find required class 'org.apache.commons.dbcp2.BasicDataSource' (OnClassCondition)

   DataSourcePoolMetadataProvidersConfiguration.TomcatDataSourcePoolMetadataProviderConfiguration:
      Did not match:
         - @ConditionalOnClass did not find required class 'org.apache.tomcat.jdbc.pool.DataSource' (OnClassCondition)

   DataSourceTransactionManagerAutoConfiguration.DataSourceTransactionManagerConfiguration#transactionManager:
      Did not match:
         - @ConditionalOnMissingBean (types: org.springframework.transaction.PlatformTransactionManager; SearchStrategy: all) found beans of type 'org.springframework.transaction.PlatformTransactionManager' transactionManager (OnBeanCondition)

   DispatcherServletAutoConfiguration.DispatcherServletConfiguration#multipartResolver:
      Did not match:
         - @ConditionalOnBean (types: org.springframework.web.multipart.MultipartResolver; SearchStrategy: all) did not find any beans of type org.springframework.web.multipart.MultipartResolver (OnBeanCondition)

   EhCacheCacheConfiguration:
      Did not match:
         - @ConditionalOnClass did not find required classes 'net.sf.ehcache.Cache', 'org.springframework.cache.ehcache.EhCacheCacheManager' (OnClassCondition)

   ElasticsearchAutoConfiguration:
      Did not match:
         - @ConditionalOnClass did not find required class 'org.elasticsearch.client.Client' (OnClassCondition)

   ElasticsearchDataAutoConfiguration:
      Did not match:
         - @ConditionalOnClass did not find required class 'org.elasticsearch.client.Client' (OnClassCondition)

   ElasticsearchRepositoriesAutoConfiguration:
      Did not match:
         - @ConditionalOnClass did not find required class 'org.elasticsearch.client.Client' (OnClassCondition)

   EmbeddedLdapAutoConfiguration:
      Did not match:
         - @ConditionalOnClass did not find required class 'com.unboundid.ldap.listener.InMemoryDirectoryServer' (OnClassCondition)

   EmbeddedMongoAutoConfiguration:
      Did not match:
         - @ConditionalOnClass did not find required class 'com.mongodb.MongoClient' (OnClassCondition)

   EmbeddedWebServerFactoryCustomizerAutoConfiguration.JettyWebServerFactoryCustomizerConfiguration:
      Did not match:
         - @ConditionalOnClass did not find required classes 'org.eclipse.jetty.server.Server', 'org.eclipse.jetty.util.Loader', 'org.eclipse.jetty.webapp.WebAppContext' (OnClassCondition)

   EmbeddedWebServerFactoryCustomizerAutoConfiguration.NettyWebServerFactoryCustomizerConfiguration:
      Did not match:
         - @ConditionalOnClass did not find required class 'reactor.netty.http.server.HttpServer' (OnClassCondition)

   EmbeddedWebServerFactoryCustomizerAutoConfiguration.UndertowWebServerFactoryCustomizerConfiguration:
      Did not match:
         - @ConditionalOnClass did not find required classes 'io.undertow.Undertow', 'org.xnio.SslClientAuthMode' (OnClassCondition)

   ErrorWebFluxAutoConfiguration:
      Did not match:
         - @ConditionalOnClass did not find required class 'org.springframework.web.reactive.config.WebFluxConfigurer' (OnClassCondition)

   FlywayAutoConfiguration:
      Did not match:
         - @ConditionalOnClass did not find required class 'org.flywaydb.core.Flyway' (OnClassCondition)

   FreeMarkerAutoConfiguration:
      Did not match:
         - @ConditionalOnClass did not find required class 'freemarker.template.Configuration' (OnClassCondition)

   GroovyTemplateAutoConfiguration:
      Did not match:
         - @ConditionalOnClass did not find required class 'groovy.text.markup.MarkupTemplateEngine' (OnClassCondition)

   GsonAutoConfiguration:
      Did not match:
         - @ConditionalOnClass did not find required class 'com.google.gson.Gson' (OnClassCondition)

   GsonHttpMessageConvertersConfiguration:
      Did not match:
         - @ConditionalOnClass did not find required class 'com.google.gson.Gson' (OnClassCondition)

   HazelcastAutoConfiguration:
      Did not match:
         - @ConditionalOnClass did not find required class 'com.hazelcast.core.HazelcastInstance' (OnClassCondition)

   HazelcastCacheConfiguration:
      Did not match:
         - @ConditionalOnClass did not find required classes 'com.hazelcast.core.HazelcastInstance', 'com.hazelcast.spring.cache.HazelcastCacheManager' (OnClassCondition)

   HazelcastJpaDependencyAutoConfiguration:
      Did not match:
         - @ConditionalOnClass did not find required class 'com.hazelcast.core.HazelcastInstance' (OnClassCondition)

   HazelcastSessionConfiguration:
      Did not match:
         - @ConditionalOnClass did not find required class 'org.springframework.session.hazelcast.HazelcastSessionRepository' (OnClassCondition)

   HttpHandlerAutoConfiguration:
      Did not match:
         - @ConditionalOnClass did not find required class 'org.springframework.web.reactive.DispatcherHandler' (OnClassCondition)

   HypermediaAutoConfiguration:
      Did not match:
         - @ConditionalOnClass did not find required class 'org.springframework.hateoas.Resource' (OnClassCondition)

   InfinispanCacheConfiguration:
      Did not match:
         - @ConditionalOnClass did not find required class 'org.infinispan.spring.provider.SpringEmbeddedCacheManager' (OnClassCondition)

   InfluxDbAutoConfiguration:
      Did not match:
         - @ConditionalOnClass did not find required class 'org.influxdb.InfluxDB' (OnClassCondition)

   IntegrationAutoConfiguration:
      Did not match:
         - @ConditionalOnClass did not find required class 'org.springframework.integration.config.EnableIntegration' (OnClassCondition)

   JCacheCacheConfiguration:
      Did not match:
         - @ConditionalOnClass did not find required classes 'javax.cache.Caching', 'org.springframework.cache.jcache.JCacheCacheManager' (OnClassCondition)

   JacksonAutoConfiguration.JodaDateTimeJacksonConfiguration:
      Did not match:
         - @ConditionalOnClass did not find required classes 'org.joda.time.DateTime', 'com.fasterxml.jackson.datatype.joda.ser.DateTimeSerializer', 'com.fasterxml.jackson.datatype.joda.cfg.JacksonJodaDateFormat' (OnClassCondition)

   JacksonHttpMessageConvertersConfiguration.MappingJackson2XmlHttpMessageConverterConfiguration:
      Did not match:
         - @ConditionalOnClass did not find required class 'com.fasterxml.jackson.dataformat.xml.XmlMapper' (OnClassCondition)

   JdbcRepositoriesAutoConfiguration:
      Did not match:
         - @ConditionalOnClass did not find required class 'org.springframework.data.jdbc.repository.config.JdbcConfiguration' (OnClassCondition)

   JerseyAutoConfiguration:
      Did not match:
         - @ConditionalOnClass did not find required class 'org.glassfish.jersey.server.spring.SpringComponentProvider' (OnClassCondition)

   JestAutoConfiguration:
      Did not match:
         - @ConditionalOnClass did not find required class 'io.searchbox.client.JestClient' (OnClassCondition)

   JmsAutoConfiguration:
      Did not match:
         - @ConditionalOnClass did not find required class 'javax.jms.Message' (OnClassCondition)

   JmxAutoConfiguration:
      Did not match:
         - @ConditionalOnProperty (spring.jmx.enabled=true) found different value in property 'enabled' (OnPropertyCondition)
      Matched:
         - @ConditionalOnClass found required class 'org.springframework.jmx.export.MBeanExporter' (OnClassCondition)

   JndiConnectionFactoryAutoConfiguration:
      Did not match:
         - @ConditionalOnClass did not find required class 'org.springframework.jms.core.JmsTemplate' (OnClassCondition)

   JndiDataSourceAutoConfiguration:
      Did not match:
         - @ConditionalOnProperty (spring.datasource.jndi-name) did not find property 'jndi-name' (OnPropertyCondition)
      Matched:
         - @ConditionalOnClass found required classes 'javax.sql.DataSource', 'org.springframework.jdbc.datasource.embedded.EmbeddedDatabaseType' (OnClassCondition)

   JndiJtaConfiguration:
      Did not match:
         - @ConditionalOnJndi JNDI environment is not available (OnJndiCondition)
      Matched:
         - @ConditionalOnClass found required class 'org.springframework.transaction.jta.JtaTransactionManager' (OnClassCondition)

   JooqAutoConfiguration:
      Did not match:
         - @ConditionalOnClass did not find required class 'org.jooq.DSLContext' (OnClassCondition)

   JpaRepositoriesAutoConfiguration#entityManagerFactoryBootstrapExecutorCustomizer:
      Did not match:
         - AnyNestedCondition 0 matched 2 did not; NestedCondition on JpaRepositoriesAutoConfiguration.BootstrapExecutorCondition.LazyBootstrapMode @ConditionalOnProperty (spring.data.jpa.repositories.bootstrap-mode=lazy) did not find property 'bootstrap-mode'; NestedCondition on JpaRepositoriesAutoConfiguration.BootstrapExecutorCondition.DeferredBootstrapMode @ConditionalOnProperty (spring.data.jpa.repositories.bootstrap-mode=deferred) did not find property 'bootstrap-mode' (JpaRepositoriesAutoConfiguration.BootstrapExecutorCondition)

   JsonbAutoConfiguration:
      Did not match:
         - @ConditionalOnClass did not find required class 'javax.json.bind.Jsonb' (OnClassCondition)

   JsonbHttpMessageConvertersConfiguration:
      Did not match:
         - @ConditionalOnClass did not find required class 'javax.json.bind.Jsonb' (OnClassCondition)

   KafkaAutoConfiguration:
      Did not match:
         - @ConditionalOnClass did not find required class 'org.springframework.kafka.core.KafkaTemplate' (OnClassCondition)

   LdapAutoConfiguration:
      Did not match:
         - @ConditionalOnClass did not find required class 'org.springframework.ldap.core.ContextSource' (OnClassCondition)

   LdapRepositoriesAutoConfiguration:
      Did not match:
         - @ConditionalOnClass did not find required class 'org.springframework.data.ldap.repository.LdapRepository' (OnClassCondition)

   LiquibaseAutoConfiguration:
      Did not match:
         - @ConditionalOnClass did not find required class 'liquibase.change.DatabaseChange' (OnClassCondition)

   LocalDevToolsAutoConfiguration:
      Did not match:
         - Initialized Restarter Condition initialized without URLs (OnInitializedRestarterCondition)

   MailSenderAutoConfiguration:
      Did not match:
         - @ConditionalOnClass did not find required class 'org.springframework.mail.MailSender' (OnClassCondition)

   MailSenderValidatorAutoConfiguration:
      Did not match:
         - @ConditionalOnSingleCandidate did not find required type 'org.springframework.mail.javamail.JavaMailSenderImpl' (OnBeanCondition)

   MessageSourceAutoConfiguration:
      Did not match:
         - ResourceBundle did not find bundle with basename messages (MessageSourceAutoConfiguration.ResourceBundleCondition)

   MongoAutoConfiguration:
      Did not match:
         - @ConditionalOnClass did not find required class 'com.mongodb.MongoClient' (OnClassCondition)

   MongoDataAutoConfiguration:
      Did not match:
         - @ConditionalOnClass did not find required class 'com.mongodb.client.MongoClient' (OnClassCondition)

   MongoReactiveAutoConfiguration:
      Did not match:
         - @ConditionalOnClass did not find required class 'com.mongodb.reactivestreams.client.MongoClient' (OnClassCondition)

   MongoReactiveDataAutoConfiguration:
      Did not match:
         - @ConditionalOnClass did not find required class 'com.mongodb.reactivestreams.client.MongoClient' (OnClassCondition)

   MongoReactiveRepositoriesAutoConfiguration:
      Did not match:
         - @ConditionalOnClass did not find required class 'com.mongodb.reactivestreams.client.MongoClient' (OnClassCondition)

   MongoRepositoriesAutoConfiguration:
      Did not match:
         - @ConditionalOnClass did not find required class 'com.mongodb.MongoClient' (OnClassCondition)

   MongoSessionConfiguration:
      Did not match:
         - @ConditionalOnClass did not find required classes 'org.springframework.data.mongodb.core.MongoOperations', 'org.springframework.session.data.mongo.MongoOperationsSessionRepository' (OnClassCondition)

   MustacheReactiveWebConfiguration:
      Did not match:
         - did not find reactive web application classes (OnWebApplicationCondition)

   Neo4jDataAutoConfiguration:
      Did not match:
         - @ConditionalOnClass did not find required class 'org.neo4j.ogm.session.SessionFactory' (OnClassCondition)

   Neo4jRepositoriesAutoConfiguration:
      Did not match:
         - @ConditionalOnClass did not find required class 'org.neo4j.ogm.session.Neo4jSession' (OnClassCondition)

   NoOpSessionConfiguration:
      Did not match:
         - @ConditionalOnMissingBean (types: org.springframework.session.SessionRepository; SearchStrategy: all) found beans of type 'org.springframework.session.SessionRepository' sessionRepository (OnBeanCondition)
      Matched:
         - Session Condition did not find property 'spring.session.store-type' (ServletSessionCondition)

   OAuth2ResourceServerAutoConfiguration:
      Did not match:
         - @ConditionalOnClass did not find required class 'org.springframework.security.oauth2.server.resource.authentication.JwtAuthenticationToken' (OnClassCondition)

   OAuth2WebSecurityConfiguration.OAuth2WebSecurityConfigurerAdapter:
      Did not match:
         - @ConditionalOnMissingBean (types: org.springframework.security.config.annotation.web.configuration.WebSecurityConfigurerAdapter; SearchStrategy: all) found beans of type 'org.springframework.security.config.annotation.web.configuration.WebSecurityConfigurerAdapter' securityConfig (OnBeanCondition)

   ProjectInfoAutoConfiguration#buildProperties:
      Did not match:
         - @ConditionalOnResource did not find resource '${spring.info.build.location:classpath:META-INF/build-info.properties}' (OnResourceCondition)

   ProjectInfoAutoConfiguration#gitProperties:
      Did not match:
         - GitResource did not find git info at classpath:git.properties (ProjectInfoAutoConfiguration.GitResourceAvailableCondition)

   QuartzAutoConfiguration:
      Did not match:
         - @ConditionalOnClass did not find required class 'org.quartz.Scheduler' (OnClassCondition)

   RabbitAutoConfiguration:
      Did not match:
         - @ConditionalOnClass did not find required class 'com.rabbitmq.client.Channel' (OnClassCondition)

   ReactiveOAuth2ClientAutoConfiguration:
      Did not match:
         - @ConditionalOnClass did not find required class 'reactor.core.publisher.Flux' (OnClassCondition)

   ReactiveOAuth2ResourceServerAutoConfiguration:
      Did not match:
         - @ConditionalOnClass did not find required class 'org.springframework.security.oauth2.server.resource.BearerTokenAuthenticationToken' (OnClassCondition)

   ReactiveSecurityAutoConfiguration:
      Did not match:
         - @ConditionalOnClass did not find required class 'reactor.core.publisher.Flux' (OnClassCondition)

   ReactiveUserDetailsServiceAutoConfiguration:
      Did not match:
         - @ConditionalOnWebApplication did not find reactive web application classes (OnWebApplicationCondition)

   ReactiveWebServerFactoryAutoConfiguration:
      Did not match:
         - @ConditionalOnWebApplication did not find reactive web application classes (OnWebApplicationCondition)

   ReactorCoreAutoConfiguration:
      Did not match:
         - @ConditionalOnClass did not find required class 'reactor.core.publisher.Flux' (OnClassCondition)

   RedisAutoConfiguration:
      Did not match:
         - @ConditionalOnClass did not find required class 'org.springframework.data.redis.core.RedisOperations' (OnClassCondition)

   RedisCacheConfiguration:
      Did not match:
         - @ConditionalOnClass did not find required class 'org.springframework.data.redis.connection.RedisConnectionFactory' (OnClassCondition)

   RedisReactiveAutoConfiguration:
      Did not match:
         - @ConditionalOnClass did not find required class 'reactor.core.publisher.Flux' (OnClassCondition)

   RedisRepositoriesAutoConfiguration:
      Did not match:
         - @ConditionalOnClass did not find required class 'org.springframework.data.redis.repository.configuration.EnableRedisRepositories' (OnClassCondition)

   RedisSessionConfiguration:
      Did not match:
         - @ConditionalOnClass did not find required classes 'org.springframework.data.redis.core.RedisTemplate', 'org.springframework.session.data.redis.RedisOperationsSessionRepository' (OnClassCondition)

   RemoteDevToolsAutoConfiguration:
      Did not match:
         - @ConditionalOnProperty (spring.devtools.remote.secret) did not find property 'secret' (OnPropertyCondition)
      Matched:
         - @ConditionalOnClass found required classes 'javax.servlet.Filter', 'org.springframework.http.server.ServerHttpRequest' (OnClassCondition)

   RepositoryRestMvcAutoConfiguration:
      Did not match:
         - @ConditionalOnClass did not find required class 'org.springframework.data.rest.webmvc.config.RepositoryRestMvcConfiguration' (OnClassCondition)

   RestClientAutoConfiguration:
      Did not match:
         - @ConditionalOnClass did not find required class 'org.elasticsearch.client.RestClient' (OnClassCondition)

   SecurityDataConfiguration:
      Did not match:
         - @ConditionalOnClass did not find required class 'org.springframework.security.data.repository.query.SecurityEvaluationContextExtension' (OnClassCondition)

   SecurityRequestMatcherProviderAutoConfiguration.JerseyRequestMatcherConfiguration:
      Did not match:
         - @ConditionalOnClass did not find required class 'org.glassfish.jersey.server.ResourceConfig' (OnClassCondition)

   SendGridAutoConfiguration:
      Did not match:
         - @ConditionalOnClass did not find required class 'com.sendgrid.SendGrid' (OnClassCondition)

   ServletWebServerFactoryConfiguration.EmbeddedJetty:
      Did not match:
         - @ConditionalOnClass did not find required classes 'org.eclipse.jetty.server.Server', 'org.eclipse.jetty.util.Loader', 'org.eclipse.jetty.webapp.WebAppContext' (OnClassCondition)

   ServletWebServerFactoryConfiguration.EmbeddedUndertow:
      Did not match:
         - @ConditionalOnClass did not find required classes 'io.undertow.Undertow', 'org.xnio.SslClientAuthMode' (OnClassCondition)

   SessionAutoConfiguration.ReactiveSessionConfiguration:
      Did not match:
         - did not find reactive web application classes (OnWebApplicationCondition)

   SolrAutoConfiguration:
      Did not match:
         - @ConditionalOnClass did not find required class 'org.apache.solr.client.solrj.impl.CloudSolrClient' (OnClassCondition)

   SolrRepositoriesAutoConfiguration:
      Did not match:
         - @ConditionalOnClass did not find required class 'org.apache.solr.client.solrj.SolrClient' (OnClassCondition)

   SpringApplicationAdminJmxAutoConfiguration:
      Did not match:
         - @ConditionalOnProperty (spring.application.admin.enabled=true) did not find property 'enabled' (OnPropertyCondition)

   SpringBootWebSecurityConfiguration:
      Did not match:
         - @ConditionalOnMissingBean (types: org.springframework.security.config.annotation.web.configuration.WebSecurityConfigurerAdapter; SearchStrategy: all) found beans of type 'org.springframework.security.config.annotation.web.configuration.WebSecurityConfigurerAdapter' securityConfig (OnBeanCondition)
      Matched:
         - @ConditionalOnClass found required class 'org.springframework.security.config.annotation.web.configuration.WebSecurityConfigurerAdapter' (OnClassCondition)
         - found 'session' scope (OnWebApplicationCondition)

   TaskSchedulingAutoConfiguration#taskScheduler:
      Did not match:
         - @ConditionalOnMissingBean (types: org.springframework.scheduling.annotation.SchedulingConfigurer,org.springframework.scheduling.TaskScheduler,java.util.concurrent.ScheduledExecutorService; SearchStrategy: all) found beans of type 'org.springframework.scheduling.annotation.SchedulingConfigurer' org.springframework.boot.autoconfigure.session.JdbcSessionConfiguration$SpringBootJdbcHttpSessionConfiguration (OnBeanCondition)

   ThymeleafAutoConfiguration:
      Did not match:
         - @ConditionalOnClass did not find required class 'org.thymeleaf.spring5.SpringTemplateEngine' (OnClassCondition)

   TransactionAutoConfiguration.EnableTransactionManagementConfiguration.JdkDynamicAutoProxyConfiguration:
      Did not match:
         - @ConditionalOnProperty (spring.aop.proxy-target-class=false) did not find property 'proxy-target-class' (OnPropertyCondition)

   UserDetailsServiceAutoConfiguration#inMemoryUserDetailsManager:
      Did not match:
         - @ConditionalOnMissingBean (types: org.springframework.security.oauth2.client.registration.ClientRegistrationRepository; SearchStrategy: all) found beans of type 'org.springframework.security.oauth2.client.registration.ClientRegistrationRepository' clientRegistrationRepository (OnBeanCondition)

   WebClientAutoConfiguration:
      Did not match:
         - @ConditionalOnClass did not find required class 'org.springframework.web.reactive.function.client.WebClient' (OnClassCondition)

   WebFluxAutoConfiguration:
      Did not match:
         - @ConditionalOnClass did not find required class 'org.springframework.web.reactive.config.WebFluxConfigurer' (OnClassCondition)

   WebMvcAutoConfiguration.ResourceChainCustomizerConfiguration:
      Did not match:
         - @ConditionalOnEnabledResourceChain did not find class org.webjars.WebJarAssetLocator (OnEnabledResourceChainCondition)

   WebMvcAutoConfiguration.WebMvcAutoConfigurationAdapter#beanNameViewResolver:
      Did not match:
         - @ConditionalOnMissingBean (types: org.springframework.web.servlet.view.BeanNameViewResolver; SearchStrategy: all) found beans of type 'org.springframework.web.servlet.view.BeanNameViewResolver' beanNameViewResolver (OnBeanCondition)

   WebMvcAutoConfiguration.WebMvcAutoConfigurationAdapter#localeResolver:
      Did not match:
         - @ConditionalOnProperty (spring.mvc.locale) did not find property 'locale' (OnPropertyCondition)

   WebSecurityEnablerConfiguration:
      Did not match:
         - @ConditionalOnMissingBean (names: springSecurityFilterChain; SearchStrategy: all) found beans named springSecurityFilterChain (OnBeanCondition)
      Matched:
         - found 'session' scope (OnWebApplicationCondition)

   WebServiceTemplateAutoConfiguration:
      Did not match:
         - @ConditionalOnClass did not find required class 'org.springframework.oxm.Marshaller' (OnClassCondition)

   WebServicesAutoConfiguration:
      Did not match:
         - @ConditionalOnClass did not find required class 'org.springframework.ws.transport.http.MessageDispatcherServlet' (OnClassCondition)

   WebSocketMessagingAutoConfiguration:
      Did not match:
         - @ConditionalOnClass did not find required class 'org.springframework.web.socket.config.annotation.WebSocketMessageBrokerConfigurer' (OnClassCondition)

   WebSocketReactiveAutoConfiguration:
      Did not match:
         - @ConditionalOnWebApplication did not find reactive web application classes (OnWebApplicationCondition)

   WebSocketServletAutoConfiguration.JettyWebSocketConfiguration:
      Did not match:
         - @ConditionalOnClass did not find required class 'org.eclipse.jetty.websocket.jsr356.server.deploy.WebSocketServerContainerInitializer' (OnClassCondition)

   WebSocketServletAutoConfiguration.UndertowWebSocketConfiguration:
      Did not match:
         - @ConditionalOnClass did not find required class 'io.undertow.websockets.jsr.Bootstrap' (OnClassCondition)

   XADataSourceAutoConfiguration:
      Did not match:
         - @ConditionalOnBean (types: org.springframework.boot.jdbc.XADataSourceWrapper; SearchStrategy: all) did not find any beans of type org.springframework.boot.jdbc.XADataSourceWrapper (OnBeanCondition)
      Matched:
         - @ConditionalOnClass found required classes 'javax.sql.DataSource', 'javax.transaction.TransactionManager', 'org.springframework.jdbc.datasource.embedded.EmbeddedDatabaseType' (OnClassCondition)


Exclusions:
-----------

    None


Unconditional classes:
----------------------

    org.springframework.boot.autoconfigure.context.ConfigurationPropertiesAutoConfiguration

    org.springframework.boot.autoconfigure.context.PropertyPlaceholderAutoConfiguration

    org.springframework.boot.autoconfigure.info.ProjectInfoAutoConfiguration



2022-08-14T22:57:55.608+0900 INFO No TaskScheduler/ScheduledExecutorService bean found for scheduled processing
2022-08-14T22:57:55.628+0900 INFO Started PostsRepositoryTest in 11.353 seconds (JVM running for 28.279)
2022-08-14T22:57:55.630+0900 DEBUG Storing ApplicationContext in cache under key [[WebMergedContextConfiguration@7be7c052 testClass = PostsRepositoryTest, locations = '{}', classes = '{class com.jojoldu.book.springboot.Application}', contextInitializerClasses = '[]', activeProfiles = '{}', propertySourceLocations = '{}', propertySourceProperties = '{org.springframework.boot.test.context.SpringBootTestContextBootstrapper=true}', contextCustomizers = set[org.springframework.boot.test.autoconfigure.properties.PropertyMappingContextCustomizer@0, org.springframework.boot.test.autoconfigure.web.servlet.WebDriverContextCustomizerFactory$Customizer@27cbfddf, org.springframework.boot.test.context.filter.ExcludeFilterContextCustomizer@4cee7fa0, org.springframework.boot.test.json.DuplicateJsonObjectContextCustomizerFactory$DuplicateJsonObjectContextCustomizer@7180e701, org.springframework.boot.test.mock.mockito.MockitoContextCustomizer@0, org.springframework.boot.test.web.client.TestRestTemplateContextCustomizer@8ef1d58], resourceBasePath = 'src/main/webapp', contextLoader = 'org.springframework.boot.test.context.SpringBootContextLoader', parent = [null]]]
2022-08-14T22:57:55.630+0900 DEBUG Spring test ApplicationContext cache statistics: [DefaultContextCache@3a861417 size = 2, maxSize = 32, parentContextCount = 0, hitCount = 13, missCount = 2]
2022-08-14T22:57:55.631+0900 DEBUG Setting up MockHttpServletRequest, MockHttpServletResponse, ServletWebRequest, and RequestContextHolder for test context [DefaultTestContext@37caecda testClass = PostsRepositoryTest, testInstance = com.jojoldu.book.springboot.domain.PostsRepositoryTest@1639ec7a, testMethod = [null], testException = [null], mergedContextConfiguration = [WebMergedContextConfiguration@7be7c052 testClass = PostsRepositoryTest, locations = '{}', classes = '{class com.jojoldu.book.springboot.Application}', contextInitializerClasses = '[]', activeProfiles = '{}', propertySourceLocations = '{}', propertySourceProperties = '{org.springframework.boot.test.context.SpringBootTestContextBootstrapper=true}', contextCustomizers = set[org.springframework.boot.test.autoconfigure.properties.PropertyMappingContextCustomizer@0, org.springframework.boot.test.autoconfigure.web.servlet.WebDriverContextCustomizerFactory$Customizer@27cbfddf, org.springframework.boot.test.context.filter.ExcludeFilterContextCustomizer@4cee7fa0, org.springframework.boot.test.json.DuplicateJsonObjectContextCustomizerFactory$DuplicateJsonObjectContextCustomizer@7180e701, org.springframework.boot.test.mock.mockito.MockitoContextCustomizer@0, org.springframework.boot.test.web.client.TestRestTemplateContextCustomizer@8ef1d58], resourceBasePath = 'src/main/webapp', contextLoader = 'org.springframework.boot.test.context.SpringBootContextLoader', parent = [null]], attributes = map['org.springframework.test.context.web.ServletTestExecutionListener.activateListener' -> true]].
2022-08-14T22:57:55.631+0900 DEBUG Performing dependency injection for test context [[DefaultTestContext@37caecda testClass = PostsRepositoryTest, testInstance = com.jojoldu.book.springboot.domain.PostsRepositoryTest@1639ec7a, testMethod = [null], testException = [null], mergedContextConfiguration = [WebMergedContextConfiguration@7be7c052 testClass = PostsRepositoryTest, locations = '{}', classes = '{class com.jojoldu.book.springboot.Application}', contextInitializerClasses = '[]', activeProfiles = '{}', propertySourceLocations = '{}', propertySourceProperties = '{org.springframework.boot.test.context.SpringBootTestContextBootstrapper=true}', contextCustomizers = set[org.springframework.boot.test.autoconfigure.properties.PropertyMappingContextCustomizer@0, org.springframework.boot.test.autoconfigure.web.servlet.WebDriverContextCustomizerFactory$Customizer@27cbfddf, org.springframework.boot.test.context.filter.ExcludeFilterContextCustomizer@4cee7fa0, org.springframework.boot.test.json.DuplicateJsonObjectContextCustomizerFactory$DuplicateJsonObjectContextCustomizer@7180e701, org.springframework.boot.test.mock.mockito.MockitoContextCustomizer@0, org.springframework.boot.test.web.client.TestRestTemplateContextCustomizer@8ef1d58], resourceBasePath = 'src/main/webapp', contextLoader = 'org.springframework.boot.test.context.SpringBootContextLoader', parent = [null]], attributes = map['org.springframework.test.context.web.ServletTestExecutionListener.activateListener' -> true, 'org.springframework.test.context.web.ServletTestExecutionListener.populatedRequestContextHolder' -> true, 'org.springframework.test.context.web.ServletTestExecutionListener.resetRequestContextHolder' -> true]]].
2022-08-14T22:57:55.632+0900 DEBUG Retrieved ApplicationContext from cache with key [[WebMergedContextConfiguration@7be7c052 testClass = PostsRepositoryTest, locations = '{}', classes = '{class com.jojoldu.book.springboot.Application}', contextInitializerClasses = '[]', activeProfiles = '{}', propertySourceLocations = '{}', propertySourceProperties = '{org.springframework.boot.test.context.SpringBootTestContextBootstrapper=true}', contextCustomizers = set[org.springframework.boot.test.autoconfigure.properties.PropertyMappingContextCustomizer@0, org.springframework.boot.test.autoconfigure.web.servlet.WebDriverContextCustomizerFactory$Customizer@27cbfddf, org.springframework.boot.test.context.filter.ExcludeFilterContextCustomizer@4cee7fa0, org.springframework.boot.test.json.DuplicateJsonObjectContextCustomizerFactory$DuplicateJsonObjectContextCustomizer@7180e701, org.springframework.boot.test.mock.mockito.MockitoContextCustomizer@0, org.springframework.boot.test.web.client.TestRestTemplateContextCustomizer@8ef1d58], resourceBasePath = 'src/main/webapp', contextLoader = 'org.springframework.boot.test.context.SpringBootContextLoader', parent = [null]]]
2022-08-14T22:57:55.632+0900 DEBUG Spring test ApplicationContext cache statistics: [DefaultContextCache@3a861417 size = 2, maxSize = 32, parentContextCount = 0, hitCount = 14, missCount = 2]
2022-08-14T22:57:55.636+0900 DEBUG Before test method: context [DefaultTestContext@37caecda testClass = PostsRepositoryTest, testInstance = com.jojoldu.book.springboot.domain.PostsRepositoryTest@1639ec7a, testMethod = 게시글저장_불러오기@PostsRepositoryTest, testException = [null], mergedContextConfiguration = [WebMergedContextConfiguration@7be7c052 testClass = PostsRepositoryTest, locations = '{}', classes = '{class com.jojoldu.book.springboot.Application}', contextInitializerClasses = '[]', activeProfiles = '{}', propertySourceLocations = '{}', propertySourceProperties = '{org.springframework.boot.test.context.SpringBootTestContextBootstrapper=true}', contextCustomizers = set[org.springframework.boot.test.autoconfigure.properties.PropertyMappingContextCustomizer@0, org.springframework.boot.test.autoconfigure.web.servlet.WebDriverContextCustomizerFactory$Customizer@27cbfddf, org.springframework.boot.test.context.filter.ExcludeFilterContextCustomizer@4cee7fa0, org.springframework.boot.test.json.DuplicateJsonObjectContextCustomizerFactory$DuplicateJsonObjectContextCustomizer@7180e701, org.springframework.boot.test.mock.mockito.MockitoContextCustomizer@0, org.springframework.boot.test.web.client.TestRestTemplateContextCustomizer@8ef1d58], resourceBasePath = 'src/main/webapp', contextLoader = 'org.springframework.boot.test.context.SpringBootContextLoader', parent = [null]], attributes = map['org.springframework.test.context.web.ServletTestExecutionListener.activateListener' -> true, 'org.springframework.test.context.web.ServletTestExecutionListener.populatedRequestContextHolder' -> true, 'org.springframework.test.context.web.ServletTestExecutionListener.resetRequestContextHolder' -> true]], class annotated with @DirtiesContext [false] with mode [null], method annotated with @DirtiesContext [false] with mode [null].
2022-08-14T22:57:55.638+0900 DEBUG Retrieved ApplicationContext from cache with key [[WebMergedContextConfiguration@7be7c052 testClass = PostsRepositoryTest, locations = '{}', classes = '{class com.jojoldu.book.springboot.Application}', contextInitializerClasses = '[]', activeProfiles = '{}', propertySourceLocations = '{}', propertySourceProperties = '{org.springframework.boot.test.context.SpringBootTestContextBootstrapper=true}', contextCustomizers = set[org.springframework.boot.test.autoconfigure.properties.PropertyMappingContextCustomizer@0, org.springframework.boot.test.autoconfigure.web.servlet.WebDriverContextCustomizerFactory$Customizer@27cbfddf, org.springframework.boot.test.context.filter.ExcludeFilterContextCustomizer@4cee7fa0, org.springframework.boot.test.json.DuplicateJsonObjectContextCustomizerFactory$DuplicateJsonObjectContextCustomizer@7180e701, org.springframework.boot.test.mock.mockito.MockitoContextCustomizer@0, org.springframework.boot.test.web.client.TestRestTemplateContextCustomizer@8ef1d58], resourceBasePath = 'src/main/webapp', contextLoader = 'org.springframework.boot.test.context.SpringBootContextLoader', parent = [null]]]
2022-08-14T22:57:55.639+0900 DEBUG Spring test ApplicationContext cache statistics: [DefaultContextCache@3a861417 size = 2, maxSize = 32, parentContextCount = 0, hitCount = 15, missCount = 2]
2022-08-14T22:57:55.649+0900 DEBUG Adding transactional method 'save' with attribute: PROPAGATION_REQUIRED,ISOLATION_DEFAULT
2022-08-14T22:57:55.654+0900 DEBUG Creating new transaction with name [org.springframework.data.jpa.repository.support.SimpleJpaRepository.save]: PROPAGATION_REQUIRED,ISOLATION_DEFAULT
2022-08-14T22:57:55.655+0900 DEBUG Opened new EntityManager [SessionImpl(2093333949<open>)] for JPA transaction
2022-08-14T22:57:55.659+0900 DEBUG On TransactionImpl creation, JpaCompliance#isJpaTransactionComplianceEnabled == false
2022-08-14T22:57:55.659+0900 DEBUG begin
2022-08-14T22:57:55.663+0900 DEBUG Exposing JPA transaction as JDBC [org.springframework.orm.jpa.vendor.HibernateJpaDialect$HibernateConnectionHandle@a05727b]
2022-08-14T22:57:55.749+0900 DEBUG Touched com.jojoldu.book.springboot.domain.posts.Posts@361a618e - Last modification at 2022-08-14T22:57:55.742433900 by unknown
2022-08-14T22:57:55.768+0900 DEBUG Executing identity-insert immediately
2022-08-14T22:57:55.779+0900 DEBUG insert into posts (created_date, modified_date, author, content, title) values (?, ?, ?, ?, ?)
Hibernate: insert into posts (created_date, modified_date, author, content, title) values (?, ?, ?, ?, ?)
2022-08-14T22:57:55.800+0900 DEBUG Natively generated identity: 1
2022-08-14T22:57:55.800+0900 DEBUG HHH000387: ResultSet's statement was not registered
2022-08-14T22:57:55.806+0900 DEBUG Initiating transaction commit
2022-08-14T22:57:55.806+0900 DEBUG Committing JPA transaction on EntityManager [SessionImpl(2093333949<open>)]
2022-08-14T22:57:55.806+0900 DEBUG committing
2022-08-14T22:57:55.807+0900 DEBUG Processing flush-time cascades
2022-08-14T22:57:55.809+0900 DEBUG Dirty checking collections
2022-08-14T22:57:55.812+0900 DEBUG Flushed: 0 insertions, 0 updates, 0 deletions to 1 objects
2022-08-14T22:57:55.813+0900 DEBUG Flushed: 0 (re)creations, 0 updates, 0 removals to 0 collections
2022-08-14T22:57:55.816+0900 DEBUG Listing entities:
2022-08-14T22:57:55.818+0900 DEBUG com.jojoldu.book.springboot.domain.posts.Posts{createdDate=2022-08-14T22:57:55.742433900, author=jojoldu@gmail.com, modifiedDate=2022-08-14T22:57:55.742433900, id=1, title=테스트 게시글, content=테스트 본문}
2022-08-14T22:57:55.820+0900 DEBUG Closing JPA EntityManager [SessionImpl(2093333949<open>)] after transaction
2022-08-14T22:57:55.820+0900 DEBUG Adding transactional method 'findAll' with attribute: PROPAGATION_REQUIRED,ISOLATION_DEFAULT,readOnly
2022-08-14T22:57:55.821+0900 DEBUG Creating new transaction with name [org.springframework.data.jpa.repository.support.SimpleJpaRepository.findAll]: PROPAGATION_REQUIRED,ISOLATION_DEFAULT,readOnly
2022-08-14T22:57:55.821+0900 DEBUG Opened new EntityManager [SessionImpl(123428105<open>)] for JPA transaction
2022-08-14T22:57:55.825+0900 DEBUG Setting JDBC Connection [HikariProxyConnection@835787160 wrapping conn0: url=jdbc:h2:mem:testdb user=SA] read-only
2022-08-14T22:57:55.825+0900 DEBUG On TransactionImpl creation, JpaCompliance#isJpaTransactionComplianceEnabled == false
2022-08-14T22:57:55.825+0900 DEBUG begin
2022-08-14T22:57:55.825+0900 DEBUG Exposing JPA transaction as JDBC [org.springframework.orm.jpa.vendor.HibernateJpaDialect$HibernateConnectionHandle@6ee0ef34]
2022-08-14T22:57:55.829+0900 DEBUG Rendered criteria query -> select generatedAlias0 from Posts as generatedAlias0
2022-08-14T22:57:55.832+0900 DEBUG parse() - HQL: select generatedAlias0 from com.jojoldu.book.springboot.domain.posts.Posts as generatedAlias0
2022-08-14T22:57:55.833+0900 DEBUG throwQueryException() : no errors
2022-08-14T22:57:55.834+0900 DEBUG --- HQL AST ---
 \-[QUERY] Node: 'query'
    \-[SELECT_FROM] Node: 'SELECT_FROM'
       +-[FROM] Node: 'from'
       |  \-[RANGE] Node: 'RANGE'
       |     +-[DOT] Node: '.'
       |     |  +-[DOT] Node: '.'
       |     |  |  +-[DOT] Node: '.'
       |     |  |  |  +-[DOT] Node: '.'
       |     |  |  |  |  +-[DOT] Node: '.'
       |     |  |  |  |  |  +-[DOT] Node: '.'
       |     |  |  |  |  |  |  +-[IDENT] Node: 'com'
       |     |  |  |  |  |  |  \-[IDENT] Node: 'jojoldu'
       |     |  |  |  |  |  \-[IDENT] Node: 'book'
       |     |  |  |  |  \-[IDENT] Node: 'springboot'
       |     |  |  |  \-[IDENT] Node: 'domain'
       |     |  |  \-[IDENT] Node: 'posts'
       |     |  \-[IDENT] Node: 'Posts'
       |     \-[ALIAS] Node: 'generatedAlias0'
       \-[SELECT] Node: 'select'
          \-[IDENT] Node: 'generatedAlias0'

2022-08-14T22:57:55.834+0900 DEBUG select << begin [level=1, statement=select]
2022-08-14T22:57:55.835+0900 DEBUG FromClause{level=1} : com.jojoldu.book.springboot.domain.posts.Posts (generatedAlias0) -> posts0_
2022-08-14T22:57:55.835+0900 DEBUG Resolved : generatedAlias0 -> posts0_.id
2022-08-14T22:57:55.835+0900 DEBUG select : finishing up [level=1, statement=select]
2022-08-14T22:57:55.835+0900 DEBUG processQuery() :  ( SELECT ( {select clause} posts0_.id ) ( FromClause{level=1} posts posts0_ ) )
2022-08-14T22:57:55.835+0900 DEBUG Using FROM fragment [posts posts0_]
2022-08-14T22:57:55.835+0900 DEBUG select >> end [level=1, statement=select]
2022-08-14T22:57:55.835+0900 DEBUG --- SQL AST ---
 \-[SELECT] QueryNode: 'SELECT'  querySpaces (posts)
    +-[SELECT_CLAUSE] SelectClause: '{select clause}'
    |  +-[ALIAS_REF] IdentNode: 'posts0_.id as id1_0_' {alias=generatedAlias0, className=com.jojoldu.book.springboot.domain.posts.Posts, tableAlias=posts0_}
    |  \-[SQL_TOKEN] SqlFragment: 'posts0_.created_date as created_2_0_, posts0_.modified_date as modified3_0_, posts0_.author as author4_0_, posts0_.content as content5_0_, posts0_.title as title6_0_'
    \-[FROM] FromClause: 'from' FromClause{level=1, fromElementCounter=1, fromElements=1, fromElementByClassAlias=[generatedAlias0], fromElementByTableAlias=[posts0_], fromElementsByPath=[], collectionJoinFromElementsByPath=[], impliedElements=[]}
       \-[FROM_FRAGMENT] FromElement: 'posts posts0_' FromElement{explicit,not a collection join,not a fetch join,fetch non-lazy properties,classAlias=generatedAlias0,role=null,tableName=posts,tableAlias=posts0_,origin=null,columns={,className=com.jojoldu.book.springboot.domain.posts.Posts}}

2022-08-14T22:57:55.835+0900 DEBUG throwQueryException() : no errors
2022-08-14T22:57:55.835+0900 DEBUG HQL: select generatedAlias0 from com.jojoldu.book.springboot.domain.posts.Posts as generatedAlias0
2022-08-14T22:57:55.835+0900 DEBUG SQL: select posts0_.id as id1_0_, posts0_.created_date as created_2_0_, posts0_.modified_date as modified3_0_, posts0_.author as author4_0_, posts0_.content as content5_0_, posts0_.title as title6_0_ from posts posts0_
2022-08-14T22:57:55.835+0900 DEBUG throwQueryException() : no errors
2022-08-14T22:57:55.848+0900 DEBUG select posts0_.id as id1_0_, posts0_.created_date as created_2_0_, posts0_.modified_date as modified3_0_, posts0_.author as author4_0_, posts0_.content as content5_0_, posts0_.title as title6_0_ from posts posts0_
Hibernate: select posts0_.id as id1_0_, posts0_.created_date as created_2_0_, posts0_.modified_date as modified3_0_, posts0_.author as author4_0_, posts0_.content as content5_0_, posts0_.title as title6_0_ from posts posts0_
2022-08-14T22:57:55.850+0900 DEBUG Result set row: 0
2022-08-14T22:57:55.853+0900 DEBUG Result row: EntityKey[com.jojoldu.book.springboot.domain.posts.Posts#1]
2022-08-14T22:57:55.859+0900 DEBUG Resolving associations for [com.jojoldu.book.springboot.domain.posts.Posts#1]
2022-08-14T22:57:55.859+0900 DEBUG Done materializing entity [com.jojoldu.book.springboot.domain.posts.Posts#1]
2022-08-14T22:57:55.864+0900 DEBUG Initiating transaction commit
2022-08-14T22:57:55.864+0900 DEBUG Committing JPA transaction on EntityManager [SessionImpl(123428105<open>)]
2022-08-14T22:57:55.864+0900 DEBUG committing
2022-08-14T22:57:55.865+0900 DEBUG Closing JPA EntityManager [SessionImpl(123428105<open>)] after transaction
2022-08-14T22:57:55.865+0900 DEBUG HikariPool-1 - Reset (readOnly) on connection conn0: url=jdbc:h2:mem:testdb user=SA
2022-08-14T22:57:55.987+0900 DEBUG Adding transactional method 'deleteAll' with attribute: PROPAGATION_REQUIRED,ISOLATION_DEFAULT
2022-08-14T22:57:55.987+0900 DEBUG Creating new transaction with name [org.springframework.data.jpa.repository.support.SimpleJpaRepository.deleteAll]: PROPAGATION_REQUIRED,ISOLATION_DEFAULT
2022-08-14T22:57:55.988+0900 DEBUG Opened new EntityManager [SessionImpl(1548650215<open>)] for JPA transaction
2022-08-14T22:57:55.988+0900 DEBUG On TransactionImpl creation, JpaCompliance#isJpaTransactionComplianceEnabled == false
2022-08-14T22:57:55.988+0900 DEBUG begin
2022-08-14T22:57:55.988+0900 DEBUG Exposing JPA transaction as JDBC [org.springframework.orm.jpa.vendor.HibernateJpaDialect$HibernateConnectionHandle@48a2fb11]
2022-08-14T22:57:55.988+0900 DEBUG Rendered criteria query -> select generatedAlias0 from Posts as generatedAlias0
2022-08-14T22:57:55.988+0900 DEBUG select posts0_.id as id1_0_, posts0_.created_date as created_2_0_, posts0_.modified_date as modified3_0_, posts0_.author as author4_0_, posts0_.content as content5_0_, posts0_.title as title6_0_ from posts posts0_
Hibernate: select posts0_.id as id1_0_, posts0_.created_date as created_2_0_, posts0_.modified_date as modified3_0_, posts0_.author as author4_0_, posts0_.content as content5_0_, posts0_.title as title6_0_ from posts posts0_
2022-08-14T22:57:55.989+0900 DEBUG Result set row: 0
2022-08-14T22:57:55.989+0900 DEBUG Result row: EntityKey[com.jojoldu.book.springboot.domain.posts.Posts#1]
2022-08-14T22:57:55.989+0900 DEBUG Resolving associations for [com.jojoldu.book.springboot.domain.posts.Posts#1]
2022-08-14T22:57:55.989+0900 DEBUG Done materializing entity [com.jojoldu.book.springboot.domain.posts.Posts#1]
2022-08-14T22:57:55.998+0900 DEBUG Initiating transaction commit
2022-08-14T22:57:55.999+0900 DEBUG Committing JPA transaction on EntityManager [SessionImpl(1548650215<open>)]
2022-08-14T22:57:55.999+0900 DEBUG committing
2022-08-14T22:57:55.999+0900 DEBUG Processing flush-time cascades
2022-08-14T22:57:55.999+0900 DEBUG Dirty checking collections
2022-08-14T22:57:55.999+0900 DEBUG Flushed: 0 insertions, 0 updates, 1 deletions to 1 objects
2022-08-14T22:57:55.999+0900 DEBUG Flushed: 0 (re)creations, 0 updates, 0 removals to 0 collections
2022-08-14T22:57:55.999+0900 DEBUG Listing entities:
2022-08-14T22:57:55.999+0900 DEBUG com.jojoldu.book.springboot.domain.posts.Posts{createdDate=2022-08-14T22:57:55.742434, author=jojoldu@gmail.com, modifiedDate=2022-08-14T22:57:55.742434, id=1, title=테스트 게시글, content=테스트 본문}
2022-08-14T22:57:56.016+0900 DEBUG delete from posts where id=?
Hibernate: delete from posts where id=?
2022-08-14T22:57:56.021+0900 DEBUG Closing JPA EntityManager [SessionImpl(1548650215<open>)] after transaction
2022-08-14T22:57:56.021+0900 DEBUG HHH000420: Closing un-released batch
2022-08-14T22:57:56.022+0900 DEBUG Retrieved ApplicationContext from cache with key [[WebMergedContextConfiguration@7be7c052 testClass = PostsRepositoryTest, locations = '{}', classes = '{class com.jojoldu.book.springboot.Application}', contextInitializerClasses = '[]', activeProfiles = '{}', propertySourceLocations = '{}', propertySourceProperties = '{org.springframework.boot.test.context.SpringBootTestContextBootstrapper=true}', contextCustomizers = set[org.springframework.boot.test.autoconfigure.properties.PropertyMappingContextCustomizer@0, org.springframework.boot.test.autoconfigure.web.servlet.WebDriverContextCustomizerFactory$Customizer@27cbfddf, org.springframework.boot.test.context.filter.ExcludeFilterContextCustomizer@4cee7fa0, org.springframework.boot.test.json.DuplicateJsonObjectContextCustomizerFactory$DuplicateJsonObjectContextCustomizer@7180e701, org.springframework.boot.test.mock.mockito.MockitoContextCustomizer@0, org.springframework.boot.test.web.client.TestRestTemplateContextCustomizer@8ef1d58], resourceBasePath = 'src/main/webapp', contextLoader = 'org.springframework.boot.test.context.SpringBootContextLoader', parent = [null]]]
2022-08-14T22:57:56.022+0900 DEBUG Spring test ApplicationContext cache statistics: [DefaultContextCache@3a861417 size = 2, maxSize = 32, parentContextCount = 0, hitCount = 16, missCount = 2]
2022-08-14T22:57:56.022+0900 DEBUG Retrieved ApplicationContext from cache with key [[WebMergedContextConfiguration@7be7c052 testClass = PostsRepositoryTest, locations = '{}', classes = '{class com.jojoldu.book.springboot.Application}', contextInitializerClasses = '[]', activeProfiles = '{}', propertySourceLocations = '{}', propertySourceProperties = '{org.springframework.boot.test.context.SpringBootTestContextBootstrapper=true}', contextCustomizers = set[org.springframework.boot.test.autoconfigure.properties.PropertyMappingContextCustomizer@0, org.springframework.boot.test.autoconfigure.web.servlet.WebDriverContextCustomizerFactory$Customizer@27cbfddf, org.springframework.boot.test.context.filter.ExcludeFilterContextCustomizer@4cee7fa0, org.springframework.boot.test.json.DuplicateJsonObjectContextCustomizerFactory$DuplicateJsonObjectContextCustomizer@7180e701, org.springframework.boot.test.mock.mockito.MockitoContextCustomizer@0, org.springframework.boot.test.web.client.TestRestTemplateContextCustomizer@8ef1d58], resourceBasePath = 'src/main/webapp', contextLoader = 'org.springframework.boot.test.context.SpringBootContextLoader', parent = [null]]]
2022-08-14T22:57:56.022+0900 DEBUG Spring test ApplicationContext cache statistics: [DefaultContextCache@3a861417 size = 2, maxSize = 32, parentContextCount = 0, hitCount = 17, missCount = 2]
2022-08-14T22:57:56.022+0900 DEBUG Retrieved ApplicationContext from cache with key [[WebMergedContextConfiguration@7be7c052 testClass = PostsRepositoryTest, locations = '{}', classes = '{class com.jojoldu.book.springboot.Application}', contextInitializerClasses = '[]', activeProfiles = '{}', propertySourceLocations = '{}', propertySourceProperties = '{org.springframework.boot.test.context.SpringBootTestContextBootstrapper=true}', contextCustomizers = set[org.springframework.boot.test.autoconfigure.properties.PropertyMappingContextCustomizer@0, org.springframework.boot.test.autoconfigure.web.servlet.WebDriverContextCustomizerFactory$Customizer@27cbfddf, org.springframework.boot.test.context.filter.ExcludeFilterContextCustomizer@4cee7fa0, org.springframework.boot.test.json.DuplicateJsonObjectContextCustomizerFactory$DuplicateJsonObjectContextCustomizer@7180e701, org.springframework.boot.test.mock.mockito.MockitoContextCustomizer@0, org.springframework.boot.test.web.client.TestRestTemplateContextCustomizer@8ef1d58], resourceBasePath = 'src/main/webapp', contextLoader = 'org.springframework.boot.test.context.SpringBootContextLoader', parent = [null]]]
2022-08-14T22:57:56.023+0900 DEBUG Spring test ApplicationContext cache statistics: [DefaultContextCache@3a861417 size = 2, maxSize = 32, parentContextCount = 0, hitCount = 18, missCount = 2]
2022-08-14T22:57:56.023+0900 DEBUG Retrieved ApplicationContext from cache with key [[WebMergedContextConfiguration@7be7c052 testClass = PostsRepositoryTest, locations = '{}', classes = '{class com.jojoldu.book.springboot.Application}', contextInitializerClasses = '[]', activeProfiles = '{}', propertySourceLocations = '{}', propertySourceProperties = '{org.springframework.boot.test.context.SpringBootTestContextBootstrapper=true}', contextCustomizers = set[org.springframework.boot.test.autoconfigure.properties.PropertyMappingContextCustomizer@0, org.springframework.boot.test.autoconfigure.web.servlet.WebDriverContextCustomizerFactory$Customizer@27cbfddf, org.springframework.boot.test.context.filter.ExcludeFilterContextCustomizer@4cee7fa0, org.springframework.boot.test.json.DuplicateJsonObjectContextCustomizerFactory$DuplicateJsonObjectContextCustomizer@7180e701, org.springframework.boot.test.mock.mockito.MockitoContextCustomizer@0, org.springframework.boot.test.web.client.TestRestTemplateContextCustomizer@8ef1d58], resourceBasePath = 'src/main/webapp', contextLoader = 'org.springframework.boot.test.context.SpringBootContextLoader', parent = [null]]]
2022-08-14T22:57:56.023+0900 DEBUG Spring test ApplicationContext cache statistics: [DefaultContextCache@3a861417 size = 2, maxSize = 32, parentContextCount = 0, hitCount = 19, missCount = 2]
2022-08-14T22:57:56.025+0900 DEBUG After test method: context [DefaultTestContext@37caecda testClass = PostsRepositoryTest, testInstance = com.jojoldu.book.springboot.domain.PostsRepositoryTest@1639ec7a, testMethod = 게시글저장_불러오기@PostsRepositoryTest, testException = [null], mergedContextConfiguration = [WebMergedContextConfiguration@7be7c052 testClass = PostsRepositoryTest, locations = '{}', classes = '{class com.jojoldu.book.springboot.Application}', contextInitializerClasses = '[]', activeProfiles = '{}', propertySourceLocations = '{}', propertySourceProperties = '{org.springframework.boot.test.context.SpringBootTestContextBootstrapper=true}', contextCustomizers = set[org.springframework.boot.test.autoconfigure.properties.PropertyMappingContextCustomizer@0, org.springframework.boot.test.autoconfigure.web.servlet.WebDriverContextCustomizerFactory$Customizer@27cbfddf, org.springframework.boot.test.context.filter.ExcludeFilterContextCustomizer@4cee7fa0, org.springframework.boot.test.json.DuplicateJsonObjectContextCustomizerFactory$DuplicateJsonObjectContextCustomizer@7180e701, org.springframework.boot.test.mock.mockito.MockitoContextCustomizer@0, org.springframework.boot.test.web.client.TestRestTemplateContextCustomizer@8ef1d58], resourceBasePath = 'src/main/webapp', contextLoader = 'org.springframework.boot.test.context.SpringBootContextLoader', parent = [null]], attributes = map['org.springframework.test.context.web.ServletTestExecutionListener.activateListener' -> true, 'org.springframework.test.context.web.ServletTestExecutionListener.populatedRequestContextHolder' -> true, 'org.springframework.test.context.web.ServletTestExecutionListener.resetRequestContextHolder' -> true]], class annotated with @DirtiesContext [false] with mode [null], method annotated with @DirtiesContext [false] with mode [null].
2022-08-14T22:57:56.025+0900 DEBUG Resetting RequestContextHolder for test context [DefaultTestContext@37caecda testClass = PostsRepositoryTest, testInstance = com.jojoldu.book.springboot.domain.PostsRepositoryTest@1639ec7a, testMethod = 게시글저장_불러오기@PostsRepositoryTest, testException = [null], mergedContextConfiguration = [WebMergedContextConfiguration@7be7c052 testClass = PostsRepositoryTest, locations = '{}', classes = '{class com.jojoldu.book.springboot.Application}', contextInitializerClasses = '[]', activeProfiles = '{}', propertySourceLocations = '{}', propertySourceProperties = '{org.springframework.boot.test.context.SpringBootTestContextBootstrapper=true}', contextCustomizers = set[org.springframework.boot.test.autoconfigure.properties.PropertyMappingContextCustomizer@0, org.springframework.boot.test.autoconfigure.web.servlet.WebDriverContextCustomizerFactory$Customizer@27cbfddf, org.springframework.boot.test.context.filter.ExcludeFilterContextCustomizer@4cee7fa0, org.springframework.boot.test.json.DuplicateJsonObjectContextCustomizerFactory$DuplicateJsonObjectContextCustomizer@7180e701, org.springframework.boot.test.mock.mockito.MockitoContextCustomizer@0, org.springframework.boot.test.web.client.TestRestTemplateContextCustomizer@8ef1d58], resourceBasePath = 'src/main/webapp', contextLoader = 'org.springframework.boot.test.context.SpringBootContextLoader', parent = [null]], attributes = map['org.springframework.test.context.web.ServletTestExecutionListener.activateListener' -> true, 'org.springframework.test.context.web.ServletTestExecutionListener.populatedRequestContextHolder' -> true, 'org.springframework.test.context.web.ServletTestExecutionListener.resetRequestContextHolder' -> true]].
2022-08-14T22:57:56.025+0900 DEBUG Retrieved @ProfileValueSourceConfiguration [null] for test class [com.jojoldu.book.springboot.domain.PostsRepositoryTest]
2022-08-14T22:57:56.025+0900 DEBUG Retrieved ProfileValueSource type [class org.springframework.test.annotation.SystemProfileValueSource] for class [com.jojoldu.book.springboot.domain.PostsRepositoryTest]
2022-08-14T22:57:56.025+0900 DEBUG Retrieved ApplicationContext from cache with key [[WebMergedContextConfiguration@7be7c052 testClass = PostsRepositoryTest, locations = '{}', classes = '{class com.jojoldu.book.springboot.Application}', contextInitializerClasses = '[]', activeProfiles = '{}', propertySourceLocations = '{}', propertySourceProperties = '{org.springframework.boot.test.context.SpringBootTestContextBootstrapper=true}', contextCustomizers = set[org.springframework.boot.test.autoconfigure.properties.PropertyMappingContextCustomizer@0, org.springframework.boot.test.autoconfigure.web.servlet.WebDriverContextCustomizerFactory$Customizer@27cbfddf, org.springframework.boot.test.context.filter.ExcludeFilterContextCustomizer@4cee7fa0, org.springframework.boot.test.json.DuplicateJsonObjectContextCustomizerFactory$DuplicateJsonObjectContextCustomizer@7180e701, org.springframework.boot.test.mock.mockito.MockitoContextCustomizer@0, org.springframework.boot.test.web.client.TestRestTemplateContextCustomizer@8ef1d58], resourceBasePath = 'src/main/webapp', contextLoader = 'org.springframework.boot.test.context.SpringBootContextLoader', parent = [null]]]
2022-08-14T22:57:56.025+0900 DEBUG Spring test ApplicationContext cache statistics: [DefaultContextCache@3a861417 size = 2, maxSize = 32, parentContextCount = 0, hitCount = 20, missCount = 2]
2022-08-14T22:57:56.026+0900 DEBUG Setting up MockHttpServletRequest, MockHttpServletResponse, ServletWebRequest, and RequestContextHolder for test context [DefaultTestContext@37caecda testClass = PostsRepositoryTest, testInstance = com.jojoldu.book.springboot.domain.PostsRepositoryTest@557fe039, testMethod = [null], testException = [null], mergedContextConfiguration = [WebMergedContextConfiguration@7be7c052 testClass = PostsRepositoryTest, locations = '{}', classes = '{class com.jojoldu.book.springboot.Application}', contextInitializerClasses = '[]', activeProfiles = '{}', propertySourceLocations = '{}', propertySourceProperties = '{org.springframework.boot.test.context.SpringBootTestContextBootstrapper=true}', contextCustomizers = set[org.springframework.boot.test.autoconfigure.properties.PropertyMappingContextCustomizer@0, org.springframework.boot.test.autoconfigure.web.servlet.WebDriverContextCustomizerFactory$Customizer@27cbfddf, org.springframework.boot.test.context.filter.ExcludeFilterContextCustomizer@4cee7fa0, org.springframework.boot.test.json.DuplicateJsonObjectContextCustomizerFactory$DuplicateJsonObjectContextCustomizer@7180e701, org.springframework.boot.test.mock.mockito.MockitoContextCustomizer@0, org.springframework.boot.test.web.client.TestRestTemplateContextCustomizer@8ef1d58], resourceBasePath = 'src/main/webapp', contextLoader = 'org.springframework.boot.test.context.SpringBootContextLoader', parent = [null]], attributes = map['org.springframework.test.context.web.ServletTestExecutionListener.activateListener' -> true, 'org.springframework.test.context.support.DependencyInjectionTestExecutionListener.reinjectDependencies' -> true]].
2022-08-14T22:57:56.026+0900 DEBUG Performing dependency injection for test context [[DefaultTestContext@37caecda testClass = PostsRepositoryTest, testInstance = com.jojoldu.book.springboot.domain.PostsRepositoryTest@557fe039, testMethod = [null], testException = [null], mergedContextConfiguration = [WebMergedContextConfiguration@7be7c052 testClass = PostsRepositoryTest, locations = '{}', classes = '{class com.jojoldu.book.springboot.Application}', contextInitializerClasses = '[]', activeProfiles = '{}', propertySourceLocations = '{}', propertySourceProperties = '{org.springframework.boot.test.context.SpringBootTestContextBootstrapper=true}', contextCustomizers = set[org.springframework.boot.test.autoconfigure.properties.PropertyMappingContextCustomizer@0, org.springframework.boot.test.autoconfigure.web.servlet.WebDriverContextCustomizerFactory$Customizer@27cbfddf, org.springframework.boot.test.context.filter.ExcludeFilterContextCustomizer@4cee7fa0, org.springframework.boot.test.json.DuplicateJsonObjectContextCustomizerFactory$DuplicateJsonObjectContextCustomizer@7180e701, org.springframework.boot.test.mock.mockito.MockitoContextCustomizer@0, org.springframework.boot.test.web.client.TestRestTemplateContextCustomizer@8ef1d58], resourceBasePath = 'src/main/webapp', contextLoader = 'org.springframework.boot.test.context.SpringBootContextLoader', parent = [null]], attributes = map['org.springframework.test.context.web.ServletTestExecutionListener.activateListener' -> true, 'org.springframework.test.context.web.ServletTestExecutionListener.populatedRequestContextHolder' -> true, 'org.springframework.test.context.web.ServletTestExecutionListener.resetRequestContextHolder' -> true, 'org.springframework.test.context.support.DependencyInjectionTestExecutionListener.reinjectDependencies' -> true]]].
2022-08-14T22:57:56.026+0900 DEBUG Retrieved ApplicationContext from cache with key [[WebMergedContextConfiguration@7be7c052 testClass = PostsRepositoryTest, locations = '{}', classes = '{class com.jojoldu.book.springboot.Application}', contextInitializerClasses = '[]', activeProfiles = '{}', propertySourceLocations = '{}', propertySourceProperties = '{org.springframework.boot.test.context.SpringBootTestContextBootstrapper=true}', contextCustomizers = set[org.springframework.boot.test.autoconfigure.properties.PropertyMappingContextCustomizer@0, org.springframework.boot.test.autoconfigure.web.servlet.WebDriverContextCustomizerFactory$Customizer@27cbfddf, org.springframework.boot.test.context.filter.ExcludeFilterContextCustomizer@4cee7fa0, org.springframework.boot.test.json.DuplicateJsonObjectContextCustomizerFactory$DuplicateJsonObjectContextCustomizer@7180e701, org.springframework.boot.test.mock.mockito.MockitoContextCustomizer@0, org.springframework.boot.test.web.client.TestRestTemplateContextCustomizer@8ef1d58], resourceBasePath = 'src/main/webapp', contextLoader = 'org.springframework.boot.test.context.SpringBootContextLoader', parent = [null]]]
2022-08-14T22:57:56.026+0900 DEBUG Spring test ApplicationContext cache statistics: [DefaultContextCache@3a861417 size = 2, maxSize = 32, parentContextCount = 0, hitCount = 21, missCount = 2]
2022-08-14T22:57:56.027+0900 DEBUG Before test method: context [DefaultTestContext@37caecda testClass = PostsRepositoryTest, testInstance = com.jojoldu.book.springboot.domain.PostsRepositoryTest@557fe039, testMethod = BaseTimeEntity_등록@PostsRepositoryTest, testException = [null], mergedContextConfiguration = [WebMergedContextConfiguration@7be7c052 testClass = PostsRepositoryTest, locations = '{}', classes = '{class com.jojoldu.book.springboot.Application}', contextInitializerClasses = '[]', activeProfiles = '{}', propertySourceLocations = '{}', propertySourceProperties = '{org.springframework.boot.test.context.SpringBootTestContextBootstrapper=true}', contextCustomizers = set[org.springframework.boot.test.autoconfigure.properties.PropertyMappingContextCustomizer@0, org.springframework.boot.test.autoconfigure.web.servlet.WebDriverContextCustomizerFactory$Customizer@27cbfddf, org.springframework.boot.test.context.filter.ExcludeFilterContextCustomizer@4cee7fa0, org.springframework.boot.test.json.DuplicateJsonObjectContextCustomizerFactory$DuplicateJsonObjectContextCustomizer@7180e701, org.springframework.boot.test.mock.mockito.MockitoContextCustomizer@0, org.springframework.boot.test.web.client.TestRestTemplateContextCustomizer@8ef1d58], resourceBasePath = 'src/main/webapp', contextLoader = 'org.springframework.boot.test.context.SpringBootContextLoader', parent = [null]], attributes = map['org.springframework.test.context.web.ServletTestExecutionListener.activateListener' -> true, 'org.springframework.test.context.web.ServletTestExecutionListener.populatedRequestContextHolder' -> true, 'org.springframework.test.context.web.ServletTestExecutionListener.resetRequestContextHolder' -> true]], class annotated with @DirtiesContext [false] with mode [null], method annotated with @DirtiesContext [false] with mode [null].
2022-08-14T22:57:56.028+0900 DEBUG Retrieved ApplicationContext from cache with key [[WebMergedContextConfiguration@7be7c052 testClass = PostsRepositoryTest, locations = '{}', classes = '{class com.jojoldu.book.springboot.Application}', contextInitializerClasses = '[]', activeProfiles = '{}', propertySourceLocations = '{}', propertySourceProperties = '{org.springframework.boot.test.context.SpringBootTestContextBootstrapper=true}', contextCustomizers = set[org.springframework.boot.test.autoconfigure.properties.PropertyMappingContextCustomizer@0, org.springframework.boot.test.autoconfigure.web.servlet.WebDriverContextCustomizerFactory$Customizer@27cbfddf, org.springframework.boot.test.context.filter.ExcludeFilterContextCustomizer@4cee7fa0, org.springframework.boot.test.json.DuplicateJsonObjectContextCustomizerFactory$DuplicateJsonObjectContextCustomizer@7180e701, org.springframework.boot.test.mock.mockito.MockitoContextCustomizer@0, org.springframework.boot.test.web.client.TestRestTemplateContextCustomizer@8ef1d58], resourceBasePath = 'src/main/webapp', contextLoader = 'org.springframework.boot.test.context.SpringBootContextLoader', parent = [null]]]
2022-08-14T22:57:56.028+0900 DEBUG Spring test ApplicationContext cache statistics: [DefaultContextCache@3a861417 size = 2, maxSize = 32, parentContextCount = 0, hitCount = 22, missCount = 2]
2022-08-14T22:57:56.029+0900 DEBUG Creating new transaction with name [org.springframework.data.jpa.repository.support.SimpleJpaRepository.save]: PROPAGATION_REQUIRED,ISOLATION_DEFAULT
2022-08-14T22:57:56.029+0900 DEBUG Opened new EntityManager [SessionImpl(589123865<open>)] for JPA transaction
2022-08-14T22:57:56.029+0900 DEBUG On TransactionImpl creation, JpaCompliance#isJpaTransactionComplianceEnabled == false
2022-08-14T22:57:56.029+0900 DEBUG begin
2022-08-14T22:57:56.029+0900 DEBUG Exposing JPA transaction as JDBC [org.springframework.orm.jpa.vendor.HibernateJpaDialect$HibernateConnectionHandle@79cfc008]
2022-08-14T22:57:56.030+0900 DEBUG Touched com.jojoldu.book.springboot.domain.posts.Posts@1ea482b4 - Last modification at 2022-08-14T22:57:56.030664200 by unknown
2022-08-14T22:57:56.030+0900 DEBUG Executing identity-insert immediately
2022-08-14T22:57:56.030+0900 DEBUG insert into posts (created_date, modified_date, author, content, title) values (?, ?, ?, ?, ?)
Hibernate: insert into posts (created_date, modified_date, author, content, title) values (?, ?, ?, ?, ?)
2022-08-14T22:57:56.031+0900 DEBUG Natively generated identity: 2
2022-08-14T22:57:56.031+0900 DEBUG HHH000387: ResultSet's statement was not registered
2022-08-14T22:57:56.031+0900 DEBUG Initiating transaction commit
2022-08-14T22:57:56.031+0900 DEBUG Committing JPA transaction on EntityManager [SessionImpl(589123865<open>)]
2022-08-14T22:57:56.031+0900 DEBUG committing
2022-08-14T22:57:56.031+0900 DEBUG Processing flush-time cascades
2022-08-14T22:57:56.031+0900 DEBUG Dirty checking collections
2022-08-14T22:57:56.032+0900 DEBUG Flushed: 0 insertions, 0 updates, 0 deletions to 1 objects
2022-08-14T22:57:56.032+0900 DEBUG Flushed: 0 (re)creations, 0 updates, 0 removals to 0 collections
2022-08-14T22:57:56.032+0900 DEBUG Listing entities:
2022-08-14T22:57:56.032+0900 DEBUG com.jojoldu.book.springboot.domain.posts.Posts{createdDate=2022-08-14T22:57:56.030664200, author=author, modifiedDate=2022-08-14T22:57:56.030664200, id=2, title=title, content=content}
2022-08-14T22:57:56.032+0900 DEBUG Closing JPA EntityManager [SessionImpl(589123865<open>)] after transaction
2022-08-14T22:57:56.032+0900 DEBUG Creating new transaction with name [org.springframework.data.jpa.repository.support.SimpleJpaRepository.findAll]: PROPAGATION_REQUIRED,ISOLATION_DEFAULT,readOnly
2022-08-14T22:57:56.033+0900 DEBUG Opened new EntityManager [SessionImpl(924483541<open>)] for JPA transaction
2022-08-14T22:57:56.033+0900 DEBUG Setting JDBC Connection [HikariProxyConnection@255974271 wrapping conn0: url=jdbc:h2:mem:testdb user=SA] read-only
2022-08-14T22:57:56.033+0900 DEBUG On TransactionImpl creation, JpaCompliance#isJpaTransactionComplianceEnabled == false
2022-08-14T22:57:56.033+0900 DEBUG begin
2022-08-14T22:57:56.033+0900 DEBUG Exposing JPA transaction as JDBC [org.springframework.orm.jpa.vendor.HibernateJpaDialect$HibernateConnectionHandle@4df8f4e9]
2022-08-14T22:57:56.033+0900 DEBUG Rendered criteria query -> select generatedAlias0 from Posts as generatedAlias0
2022-08-14T22:57:56.033+0900 DEBUG select posts0_.id as id1_0_, posts0_.created_date as created_2_0_, posts0_.modified_date as modified3_0_, posts0_.author as author4_0_, posts0_.content as content5_0_, posts0_.title as title6_0_ from posts posts0_
Hibernate: select posts0_.id as id1_0_, posts0_.created_date as created_2_0_, posts0_.modified_date as modified3_0_, posts0_.author as author4_0_, posts0_.content as content5_0_, posts0_.title as title6_0_ from posts posts0_
2022-08-14T22:57:56.034+0900 DEBUG Result set row: 0
2022-08-14T22:57:56.034+0900 DEBUG Result row: EntityKey[com.jojoldu.book.springboot.domain.posts.Posts#2]
2022-08-14T22:57:56.034+0900 DEBUG Resolving associations for [com.jojoldu.book.springboot.domain.posts.Posts#2]
2022-08-14T22:57:56.034+0900 DEBUG Done materializing entity [com.jojoldu.book.springboot.domain.posts.Posts#2]
2022-08-14T22:57:56.035+0900 DEBUG Initiating transaction commit
2022-08-14T22:57:56.035+0900 DEBUG Committing JPA transaction on EntityManager [SessionImpl(924483541<open>)]
2022-08-14T22:57:56.035+0900 DEBUG committing
2022-08-14T22:57:56.035+0900 DEBUG Closing JPA EntityManager [SessionImpl(924483541<open>)] after transaction
2022-08-14T22:57:56.035+0900 DEBUG HikariPool-1 - Reset (readOnly) on connection conn0: url=jdbc:h2:mem:testdb user=SA
>>>>>>>>> createdDate=2022-08-14T22:57:56.030664, modifiedDate=2022-08-14T22:57:56.030664
2022-08-14T22:57:56.036+0900 DEBUG Creating new transaction with name [org.springframework.data.jpa.repository.support.SimpleJpaRepository.deleteAll]: PROPAGATION_REQUIRED,ISOLATION_DEFAULT
2022-08-14T22:57:56.036+0900 DEBUG Opened new EntityManager [SessionImpl(1480162798<open>)] for JPA transaction
2022-08-14T22:57:56.036+0900 DEBUG On TransactionImpl creation, JpaCompliance#isJpaTransactionComplianceEnabled == false
2022-08-14T22:57:56.036+0900 DEBUG begin
2022-08-14T22:57:56.036+0900 DEBUG Exposing JPA transaction as JDBC [org.springframework.orm.jpa.vendor.HibernateJpaDialect$HibernateConnectionHandle@4164ab12]
2022-08-14T22:57:56.036+0900 DEBUG Rendered criteria query -> select generatedAlias0 from Posts as generatedAlias0
2022-08-14T22:57:56.037+0900 DEBUG select posts0_.id as id1_0_, posts0_.created_date as created_2_0_, posts0_.modified_date as modified3_0_, posts0_.author as author4_0_, posts0_.content as content5_0_, posts0_.title as title6_0_ from posts posts0_
Hibernate: select posts0_.id as id1_0_, posts0_.created_date as created_2_0_, posts0_.modified_date as modified3_0_, posts0_.author as author4_0_, posts0_.content as content5_0_, posts0_.title as title6_0_ from posts posts0_
2022-08-14T22:57:56.037+0900 DEBUG Result set row: 0
2022-08-14T22:57:56.037+0900 DEBUG Result row: EntityKey[com.jojoldu.book.springboot.domain.posts.Posts#2]
2022-08-14T22:57:56.037+0900 DEBUG Resolving associations for [com.jojoldu.book.springboot.domain.posts.Posts#2]
2022-08-14T22:57:56.038+0900 DEBUG Done materializing entity [com.jojoldu.book.springboot.domain.posts.Posts#2]
2022-08-14T22:57:56.038+0900 DEBUG Initiating transaction commit
2022-08-14T22:57:56.038+0900 DEBUG Committing JPA transaction on EntityManager [SessionImpl(1480162798<open>)]
2022-08-14T22:57:56.038+0900 DEBUG committing
2022-08-14T22:57:56.038+0900 DEBUG Processing flush-time cascades
2022-08-14T22:57:56.038+0900 DEBUG Dirty checking collections
2022-08-14T22:57:56.038+0900 DEBUG Flushed: 0 insertions, 0 updates, 1 deletions to 1 objects
2022-08-14T22:57:56.038+0900 DEBUG Flushed: 0 (re)creations, 0 updates, 0 removals to 0 collections
2022-08-14T22:57:56.038+0900 DEBUG Listing entities:
2022-08-14T22:57:56.038+0900 DEBUG com.jojoldu.book.springboot.domain.posts.Posts{createdDate=2022-08-14T22:57:56.030664, author=author, modifiedDate=2022-08-14T22:57:56.030664, id=2, title=title, content=content}
2022-08-14T22:57:56.038+0900 DEBUG delete from posts where id=?
Hibernate: delete from posts where id=?
2022-08-14T22:57:56.039+0900 DEBUG Closing JPA EntityManager [SessionImpl(1480162798<open>)] after transaction
2022-08-14T22:57:56.039+0900 DEBUG HHH000420: Closing un-released batch
2022-08-14T22:57:56.039+0900 DEBUG Retrieved ApplicationContext from cache with key [[WebMergedContextConfiguration@7be7c052 testClass = PostsRepositoryTest, locations = '{}', classes = '{class com.jojoldu.book.springboot.Application}', contextInitializerClasses = '[]', activeProfiles = '{}', propertySourceLocations = '{}', propertySourceProperties = '{org.springframework.boot.test.context.SpringBootTestContextBootstrapper=true}', contextCustomizers = set[org.springframework.boot.test.autoconfigure.properties.PropertyMappingContextCustomizer@0, org.springframework.boot.test.autoconfigure.web.servlet.WebDriverContextCustomizerFactory$Customizer@27cbfddf, org.springframework.boot.test.context.filter.ExcludeFilterContextCustomizer@4cee7fa0, org.springframework.boot.test.json.DuplicateJsonObjectContextCustomizerFactory$DuplicateJsonObjectContextCustomizer@7180e701, org.springframework.boot.test.mock.mockito.MockitoContextCustomizer@0, org.springframework.boot.test.web.client.TestRestTemplateContextCustomizer@8ef1d58], resourceBasePath = 'src/main/webapp', contextLoader = 'org.springframework.boot.test.context.SpringBootContextLoader', parent = [null]]]
2022-08-14T22:57:56.040+0900 DEBUG Spring test ApplicationContext cache statistics: [DefaultContextCache@3a861417 size = 2, maxSize = 32, parentContextCount = 0, hitCount = 23, missCount = 2]
2022-08-14T22:57:56.040+0900 DEBUG Retrieved ApplicationContext from cache with key [[WebMergedContextConfiguration@7be7c052 testClass = PostsRepositoryTest, locations = '{}', classes = '{class com.jojoldu.book.springboot.Application}', contextInitializerClasses = '[]', activeProfiles = '{}', propertySourceLocations = '{}', propertySourceProperties = '{org.springframework.boot.test.context.SpringBootTestContextBootstrapper=true}', contextCustomizers = set[org.springframework.boot.test.autoconfigure.properties.PropertyMappingContextCustomizer@0, org.springframework.boot.test.autoconfigure.web.servlet.WebDriverContextCustomizerFactory$Customizer@27cbfddf, org.springframework.boot.test.context.filter.ExcludeFilterContextCustomizer@4cee7fa0, org.springframework.boot.test.json.DuplicateJsonObjectContextCustomizerFactory$DuplicateJsonObjectContextCustomizer@7180e701, org.springframework.boot.test.mock.mockito.MockitoContextCustomizer@0, org.springframework.boot.test.web.client.TestRestTemplateContextCustomizer@8ef1d58], resourceBasePath = 'src/main/webapp', contextLoader = 'org.springframework.boot.test.context.SpringBootContextLoader', parent = [null]]]
2022-08-14T22:57:56.040+0900 DEBUG Spring test ApplicationContext cache statistics: [DefaultContextCache@3a861417 size = 2, maxSize = 32, parentContextCount = 0, hitCount = 24, missCount = 2]
2022-08-14T22:57:56.040+0900 DEBUG Retrieved ApplicationContext from cache with key [[WebMergedContextConfiguration@7be7c052 testClass = PostsRepositoryTest, locations = '{}', classes = '{class com.jojoldu.book.springboot.Application}', contextInitializerClasses = '[]', activeProfiles = '{}', propertySourceLocations = '{}', propertySourceProperties = '{org.springframework.boot.test.context.SpringBootTestContextBootstrapper=true}', contextCustomizers = set[org.springframework.boot.test.autoconfigure.properties.PropertyMappingContextCustomizer@0, org.springframework.boot.test.autoconfigure.web.servlet.WebDriverContextCustomizerFactory$Customizer@27cbfddf, org.springframework.boot.test.context.filter.ExcludeFilterContextCustomizer@4cee7fa0, org.springframework.boot.test.json.DuplicateJsonObjectContextCustomizerFactory$DuplicateJsonObjectContextCustomizer@7180e701, org.springframework.boot.test.mock.mockito.MockitoContextCustomizer@0, org.springframework.boot.test.web.client.TestRestTemplateContextCustomizer@8ef1d58], resourceBasePath = 'src/main/webapp', contextLoader = 'org.springframework.boot.test.context.SpringBootContextLoader', parent = [null]]]
2022-08-14T22:57:56.040+0900 DEBUG Spring test ApplicationContext cache statistics: [DefaultContextCache@3a861417 size = 2, maxSize = 32, parentContextCount = 0, hitCount = 25, missCount = 2]
2022-08-14T22:57:56.041+0900 DEBUG Retrieved ApplicationContext from cache with key [[WebMergedContextConfiguration@7be7c052 testClass = PostsRepositoryTest, locations = '{}', classes = '{class com.jojoldu.book.springboot.Application}', contextInitializerClasses = '[]', activeProfiles = '{}', propertySourceLocations = '{}', propertySourceProperties = '{org.springframework.boot.test.context.SpringBootTestContextBootstrapper=true}', contextCustomizers = set[org.springframework.boot.test.autoconfigure.properties.PropertyMappingContextCustomizer@0, org.springframework.boot.test.autoconfigure.web.servlet.WebDriverContextCustomizerFactory$Customizer@27cbfddf, org.springframework.boot.test.context.filter.ExcludeFilterContextCustomizer@4cee7fa0, org.springframework.boot.test.json.DuplicateJsonObjectContextCustomizerFactory$DuplicateJsonObjectContextCustomizer@7180e701, org.springframework.boot.test.mock.mockito.MockitoContextCustomizer@0, org.springframework.boot.test.web.client.TestRestTemplateContextCustomizer@8ef1d58], resourceBasePath = 'src/main/webapp', contextLoader = 'org.springframework.boot.test.context.SpringBootContextLoader', parent = [null]]]
2022-08-14T22:57:56.041+0900 DEBUG Spring test ApplicationContext cache statistics: [DefaultContextCache@3a861417 size = 2, maxSize = 32, parentContextCount = 0, hitCount = 26, missCount = 2]
2022-08-14T22:57:56.043+0900 DEBUG After test method: context [DefaultTestContext@37caecda testClass = PostsRepositoryTest, testInstance = com.jojoldu.book.springboot.domain.PostsRepositoryTest@557fe039, testMethod = BaseTimeEntity_등록@PostsRepositoryTest, testException = [null], mergedContextConfiguration = [WebMergedContextConfiguration@7be7c052 testClass = PostsRepositoryTest, locations = '{}', classes = '{class com.jojoldu.book.springboot.Application}', contextInitializerClasses = '[]', activeProfiles = '{}', propertySourceLocations = '{}', propertySourceProperties = '{org.springframework.boot.test.context.SpringBootTestContextBootstrapper=true}', contextCustomizers = set[org.springframework.boot.test.autoconfigure.properties.PropertyMappingContextCustomizer@0, org.springframework.boot.test.autoconfigure.web.servlet.WebDriverContextCustomizerFactory$Customizer@27cbfddf, org.springframework.boot.test.context.filter.ExcludeFilterContextCustomizer@4cee7fa0, org.springframework.boot.test.json.DuplicateJsonObjectContextCustomizerFactory$DuplicateJsonObjectContextCustomizer@7180e701, org.springframework.boot.test.mock.mockito.MockitoContextCustomizer@0, org.springframework.boot.test.web.client.TestRestTemplateContextCustomizer@8ef1d58], resourceBasePath = 'src/main/webapp', contextLoader = 'org.springframework.boot.test.context.SpringBootContextLoader', parent = [null]], attributes = map['org.springframework.test.context.web.ServletTestExecutionListener.activateListener' -> true, 'org.springframework.test.context.web.ServletTestExecutionListener.populatedRequestContextHolder' -> true, 'org.springframework.test.context.web.ServletTestExecutionListener.resetRequestContextHolder' -> true]], class annotated with @DirtiesContext [false] with mode [null], method annotated with @DirtiesContext [false] with mode [null].
2022-08-14T22:57:56.044+0900 DEBUG Resetting RequestContextHolder for test context [DefaultTestContext@37caecda testClass = PostsRepositoryTest, testInstance = com.jojoldu.book.springboot.domain.PostsRepositoryTest@557fe039, testMethod = BaseTimeEntity_등록@PostsRepositoryTest, testException = [null], mergedContextConfiguration = [WebMergedContextConfiguration@7be7c052 testClass = PostsRepositoryTest, locations = '{}', classes = '{class com.jojoldu.book.springboot.Application}', contextInitializerClasses = '[]', activeProfiles = '{}', propertySourceLocations = '{}', propertySourceProperties = '{org.springframework.boot.test.context.SpringBootTestContextBootstrapper=true}', contextCustomizers = set[org.springframework.boot.test.autoconfigure.properties.PropertyMappingContextCustomizer@0, org.springframework.boot.test.autoconfigure.web.servlet.WebDriverContextCustomizerFactory$Customizer@27cbfddf, org.springframework.boot.test.context.filter.ExcludeFilterContextCustomizer@4cee7fa0, org.springframework.boot.test.json.DuplicateJsonObjectContextCustomizerFactory$DuplicateJsonObjectContextCustomizer@7180e701, org.springframework.boot.test.mock.mockito.MockitoContextCustomizer@0, org.springframework.boot.test.web.client.TestRestTemplateContextCustomizer@8ef1d58], resourceBasePath = 'src/main/webapp', contextLoader = 'org.springframework.boot.test.context.SpringBootContextLoader', parent = [null]], attributes = map['org.springframework.test.context.web.ServletTestExecutionListener.activateListener' -> true, 'org.springframework.test.context.web.ServletTestExecutionListener.populatedRequestContextHolder' -> true, 'org.springframework.test.context.web.ServletTestExecutionListener.resetRequestContextHolder' -> true]].
2022-08-14T22:57:56.044+0900 DEBUG After test class: context [DefaultTestContext@37caecda testClass = PostsRepositoryTest, testInstance = [null], testMethod = [null], testException = [null], mergedContextConfiguration = [WebMergedContextConfiguration@7be7c052 testClass = PostsRepositoryTest, locations = '{}', classes = '{class com.jojoldu.book.springboot.Application}', contextInitializerClasses = '[]', activeProfiles = '{}', propertySourceLocations = '{}', propertySourceProperties = '{org.springframework.boot.test.context.SpringBootTestContextBootstrapper=true}', contextCustomizers = set[org.springframework.boot.test.autoconfigure.properties.PropertyMappingContextCustomizer@0, org.springframework.boot.test.autoconfigure.web.servlet.WebDriverContextCustomizerFactory$Customizer@27cbfddf, org.springframework.boot.test.context.filter.ExcludeFilterContextCustomizer@4cee7fa0, org.springframework.boot.test.json.DuplicateJsonObjectContextCustomizerFactory$DuplicateJsonObjectContextCustomizer@7180e701, org.springframework.boot.test.mock.mockito.MockitoContextCustomizer@0, org.springframework.boot.test.web.client.TestRestTemplateContextCustomizer@8ef1d58], resourceBasePath = 'src/main/webapp', contextLoader = 'org.springframework.boot.test.context.SpringBootContextLoader', parent = [null]], attributes = map['org.springframework.test.context.web.ServletTestExecutionListener.activateListener' -> true, 'org.springframework.test.context.support.DependencyInjectionTestExecutionListener.reinjectDependencies' -> true]], class annotated with @DirtiesContext [false] with mode [null].
]]></system-out>
  <system-err><![CDATA[]]></system-err>
</testsuite>
