<?xml version="1.0" encoding="UTF-8"?>
<testsuite name="com.jojoldu.book.springboot.web.PostsApiControllerTest" tests="2" skipped="0" failures="0" errors="0" timestamp="2022-08-14T13:58:02" hostname="LAPTOP-KUNOOOVE" time="0.27">
  <properties/>
  <testcase name="Posts_등록된다" classname="com.jojoldu.book.springboot.web.PostsApiControllerTest" time="0.181"/>
  <testcase name="Posts_수정된다" classname="com.jojoldu.book.springboot.web.PostsApiControllerTest" time="0.088"/>
  <system-out><![CDATA[2022-08-14T22:58:02.036+0900 DEBUG SpringJUnit4ClassRunner constructor called with [class com.jojoldu.book.springboot.web.PostsApiControllerTest]
2022-08-14T22:58:02.036+0900 DEBUG Instantiating CacheAwareContextLoaderDelegate from class [org.springframework.test.context.cache.DefaultCacheAwareContextLoaderDelegate]
2022-08-14T22:58:02.036+0900 DEBUG Instantiating BootstrapContext using constructor [public org.springframework.test.context.support.DefaultBootstrapContext(java.lang.Class,org.springframework.test.context.CacheAwareContextLoaderDelegate)]
2022-08-14T22:58:02.037+0900 DEBUG Instantiating TestContextBootstrapper for test class [com.jojoldu.book.springboot.web.PostsApiControllerTest] from class [org.springframework.boot.test.context.SpringBootTestContextBootstrapper]
2022-08-14T22:58:02.037+0900 INFO Neither @ContextConfiguration nor @ContextHierarchy found for test class [com.jojoldu.book.springboot.web.PostsApiControllerTest], using SpringBootContextLoader
2022-08-14T22:58:02.038+0900 DEBUG Did not detect default resource location for test class [com.jojoldu.book.springboot.web.PostsApiControllerTest]: class path resource [com/jojoldu/book/springboot/web/PostsApiControllerTest-context.xml] does not exist
2022-08-14T22:58:02.039+0900 DEBUG Did not detect default resource location for test class [com.jojoldu.book.springboot.web.PostsApiControllerTest]: class path resource [com/jojoldu/book/springboot/web/PostsApiControllerTestContext.groovy] does not exist
2022-08-14T22:58:02.039+0900 INFO Could not detect default resource locations for test class [com.jojoldu.book.springboot.web.PostsApiControllerTest]: no resource found for suffixes {-context.xml, Context.groovy}.
2022-08-14T22:58:02.039+0900 INFO Could not detect default configuration classes for test class [com.jojoldu.book.springboot.web.PostsApiControllerTest]: PostsApiControllerTest does not declare any static, non-private, non-final, nested classes annotated with @Configuration.
2022-08-14T22:58:02.041+0900 DEBUG Could not find an 'annotation declaring class' for annotation type [org.springframework.test.context.ActiveProfiles] and class [com.jojoldu.book.springboot.web.PostsApiControllerTest]
2022-08-14T22:58:02.042+0900 INFO Found @SpringBootConfiguration com.jojoldu.book.springboot.Application for test class com.jojoldu.book.springboot.web.PostsApiControllerTest
2022-08-14T22:58:02.045+0900 DEBUG @TestExecutionListeners is not present for class [com.jojoldu.book.springboot.web.PostsApiControllerTest]: using defaults.
2022-08-14T22:58:02.045+0900 INFO Loaded default TestExecutionListener class names from location [META-INF/spring.factories]: [org.springframework.security.test.context.support.WithSecurityContextTestExecutionListener, org.springframework.security.test.context.support.ReactorContextTestExecutionListener, org.springframework.boot.test.autoconfigure.restdocs.RestDocsTestExecutionListener, org.springframework.boot.test.autoconfigure.web.client.MockRestServiceServerResetTestExecutionListener, org.springframework.boot.test.autoconfigure.web.servlet.MockMvcPrintOnlyOnFailureTestExecutionListener, org.springframework.boot.test.autoconfigure.web.servlet.WebDriverTestExecutionListener, org.springframework.boot.test.mock.mockito.MockitoTestExecutionListener, org.springframework.boot.test.mock.mockito.ResetMocksTestExecutionListener, org.springframework.test.context.web.ServletTestExecutionListener, org.springframework.test.context.support.DirtiesContextBeforeModesTestExecutionListener, org.springframework.test.context.support.DependencyInjectionTestExecutionListener, org.springframework.test.context.support.DirtiesContextTestExecutionListener, org.springframework.test.context.transaction.TransactionalTestExecutionListener, org.springframework.test.context.jdbc.SqlScriptsTestExecutionListener]
2022-08-14T22:58:02.047+0900 INFO Using TestExecutionListeners: [org.springframework.test.context.web.ServletTestExecutionListener@3744c760, org.springframework.test.context.support.DirtiesContextBeforeModesTestExecutionListener@7cb4fc46, org.springframework.boot.test.mock.mockito.MockitoTestExecutionListener@64b6d6dd, org.springframework.boot.test.autoconfigure.SpringBootDependencyInjectionTestExecutionListener@1181a376, org.springframework.test.context.support.DirtiesContextTestExecutionListener@ef09e1, org.springframework.test.context.transaction.TransactionalTestExecutionListener@5b628376, org.springframework.test.context.jdbc.SqlScriptsTestExecutionListener@930b6f9, org.springframework.security.test.context.support.WithSecurityContextTestExecutionListener@15363eba, org.springframework.security.test.context.support.ReactorContextTestExecutionListener@6d6e8dfc, org.springframework.boot.test.autoconfigure.restdocs.RestDocsTestExecutionListener@2258ca14, org.springframework.boot.test.autoconfigure.web.client.MockRestServiceServerResetTestExecutionListener@2e5337d8, org.springframework.boot.test.autoconfigure.web.servlet.MockMvcPrintOnlyOnFailureTestExecutionListener@ab40f46, org.springframework.boot.test.autoconfigure.web.servlet.WebDriverTestExecutionListener@13ac7281, org.springframework.boot.test.mock.mockito.ResetMocksTestExecutionListener@7740028a]
2022-08-14T22:58:02.047+0900 DEBUG Retrieved @ProfileValueSourceConfiguration [null] for test class [com.jojoldu.book.springboot.web.PostsApiControllerTest]
2022-08-14T22:58:02.047+0900 DEBUG Retrieved ProfileValueSource type [class org.springframework.test.annotation.SystemProfileValueSource] for class [com.jojoldu.book.springboot.web.PostsApiControllerTest]
2022-08-14T22:58:02.047+0900 DEBUG Retrieved @ProfileValueSourceConfiguration [null] for test class [com.jojoldu.book.springboot.web.PostsApiControllerTest]
2022-08-14T22:58:02.047+0900 DEBUG Retrieved ProfileValueSource type [class org.springframework.test.annotation.SystemProfileValueSource] for class [com.jojoldu.book.springboot.web.PostsApiControllerTest]
2022-08-14T22:58:02.047+0900 DEBUG Before test class: context [DefaultTestContext@409a164d testClass = PostsApiControllerTest, testInstance = [null], testMethod = [null], testException = [null], mergedContextConfiguration = [WebMergedContextConfiguration@6a7eef27 testClass = PostsApiControllerTest, locations = '{}', classes = '{class com.jojoldu.book.springboot.Application}', contextInitializerClasses = '[]', activeProfiles = '{}', propertySourceLocations = '{}', propertySourceProperties = '{org.springframework.boot.test.context.SpringBootTestContextBootstrapper=true, server.port=0}', contextCustomizers = set[org.springframework.boot.test.autoconfigure.properties.PropertyMappingContextCustomizer@0, org.springframework.boot.test.autoconfigure.web.servlet.WebDriverContextCustomizerFactory$Customizer@27cbfddf, org.springframework.boot.test.context.filter.ExcludeFilterContextCustomizer@4cee7fa0, org.springframework.boot.test.json.DuplicateJsonObjectContextCustomizerFactory$DuplicateJsonObjectContextCustomizer@7180e701, org.springframework.boot.test.mock.mockito.MockitoContextCustomizer@0, org.springframework.boot.test.web.client.TestRestTemplateContextCustomizer@8ef1d58], resourceBasePath = 'src/main/webapp', contextLoader = 'org.springframework.boot.test.context.SpringBootContextLoader', parent = [null]], attributes = map['org.springframework.test.context.web.ServletTestExecutionListener.activateListener' -> false]], class annotated with @DirtiesContext [false] with mode [null].
2022-08-14T22:58:02.047+0900 DEBUG Retrieved @ProfileValueSourceConfiguration [null] for test class [com.jojoldu.book.springboot.web.PostsApiControllerTest]
2022-08-14T22:58:02.047+0900 DEBUG Retrieved ProfileValueSource type [class org.springframework.test.annotation.SystemProfileValueSource] for class [com.jojoldu.book.springboot.web.PostsApiControllerTest]
2022-08-14T22:58:02.048+0900 DEBUG Performing dependency injection for test context [[DefaultTestContext@409a164d testClass = PostsApiControllerTest, testInstance = com.jojoldu.book.springboot.web.PostsApiControllerTest@1ab6a093, testMethod = [null], testException = [null], mergedContextConfiguration = [WebMergedContextConfiguration@6a7eef27 testClass = PostsApiControllerTest, locations = '{}', classes = '{class com.jojoldu.book.springboot.Application}', contextInitializerClasses = '[]', activeProfiles = '{}', propertySourceLocations = '{}', propertySourceProperties = '{org.springframework.boot.test.context.SpringBootTestContextBootstrapper=true, server.port=0}', contextCustomizers = set[org.springframework.boot.test.autoconfigure.properties.PropertyMappingContextCustomizer@0, org.springframework.boot.test.autoconfigure.web.servlet.WebDriverContextCustomizerFactory$Customizer@27cbfddf, org.springframework.boot.test.context.filter.ExcludeFilterContextCustomizer@4cee7fa0, org.springframework.boot.test.json.DuplicateJsonObjectContextCustomizerFactory$DuplicateJsonObjectContextCustomizer@7180e701, org.springframework.boot.test.mock.mockito.MockitoContextCustomizer@0, org.springframework.boot.test.web.client.TestRestTemplateContextCustomizer@8ef1d58], resourceBasePath = 'src/main/webapp', contextLoader = 'org.springframework.boot.test.context.SpringBootContextLoader', parent = [null]], attributes = map['org.springframework.test.context.web.ServletTestExecutionListener.activateListener' -> false]]].
2022-08-14T22:58:02.048+0900 DEBUG Retrieved ApplicationContext from cache with key [[WebMergedContextConfiguration@6a7eef27 testClass = PostsApiControllerTest, locations = '{}', classes = '{class com.jojoldu.book.springboot.Application}', contextInitializerClasses = '[]', activeProfiles = '{}', propertySourceLocations = '{}', propertySourceProperties = '{org.springframework.boot.test.context.SpringBootTestContextBootstrapper=true, server.port=0}', contextCustomizers = set[org.springframework.boot.test.autoconfigure.properties.PropertyMappingContextCustomizer@0, org.springframework.boot.test.autoconfigure.web.servlet.WebDriverContextCustomizerFactory$Customizer@27cbfddf, org.springframework.boot.test.context.filter.ExcludeFilterContextCustomizer@4cee7fa0, org.springframework.boot.test.json.DuplicateJsonObjectContextCustomizerFactory$DuplicateJsonObjectContextCustomizer@7180e701, org.springframework.boot.test.mock.mockito.MockitoContextCustomizer@0, org.springframework.boot.test.web.client.TestRestTemplateContextCustomizer@8ef1d58], resourceBasePath = 'src/main/webapp', contextLoader = 'org.springframework.boot.test.context.SpringBootContextLoader', parent = [null]]]
2022-08-14T22:58:02.048+0900 DEBUG Spring test ApplicationContext cache statistics: [DefaultContextCache@3a861417 size = 3, maxSize = 32, parentContextCount = 0, hitCount = 32, missCount = 3]
2022-08-14T22:58:02.050+0900 DEBUG Found key 'local.server.port' in PropertySource 'server.ports' with value of type Integer
2022-08-14T22:58:02.050+0900 DEBUG Found key 'local.server.port' in PropertySource 'environmentProperties' with value of type String
2022-08-14T22:58:02.053+0900 DEBUG Before test method: context [DefaultTestContext@409a164d testClass = PostsApiControllerTest, testInstance = com.jojoldu.book.springboot.web.PostsApiControllerTest@1ab6a093, testMethod = Posts_등록된다@PostsApiControllerTest, testException = [null], mergedContextConfiguration = [WebMergedContextConfiguration@6a7eef27 testClass = PostsApiControllerTest, locations = '{}', classes = '{class com.jojoldu.book.springboot.Application}', contextInitializerClasses = '[]', activeProfiles = '{}', propertySourceLocations = '{}', propertySourceProperties = '{org.springframework.boot.test.context.SpringBootTestContextBootstrapper=true, server.port=0}', contextCustomizers = set[org.springframework.boot.test.autoconfigure.properties.PropertyMappingContextCustomizer@0, org.springframework.boot.test.autoconfigure.web.servlet.WebDriverContextCustomizerFactory$Customizer@27cbfddf, org.springframework.boot.test.context.filter.ExcludeFilterContextCustomizer@4cee7fa0, org.springframework.boot.test.json.DuplicateJsonObjectContextCustomizerFactory$DuplicateJsonObjectContextCustomizer@7180e701, org.springframework.boot.test.mock.mockito.MockitoContextCustomizer@0, org.springframework.boot.test.web.client.TestRestTemplateContextCustomizer@8ef1d58], resourceBasePath = 'src/main/webapp', contextLoader = 'org.springframework.boot.test.context.SpringBootContextLoader', parent = [null]], attributes = map['org.springframework.test.context.web.ServletTestExecutionListener.activateListener' -> false]], class annotated with @DirtiesContext [false] with mode [null], method annotated with @DirtiesContext [false] with mode [null].
2022-08-14T22:58:02.053+0900 DEBUG Retrieved ApplicationContext from cache with key [[WebMergedContextConfiguration@6a7eef27 testClass = PostsApiControllerTest, locations = '{}', classes = '{class com.jojoldu.book.springboot.Application}', contextInitializerClasses = '[]', activeProfiles = '{}', propertySourceLocations = '{}', propertySourceProperties = '{org.springframework.boot.test.context.SpringBootTestContextBootstrapper=true, server.port=0}', contextCustomizers = set[org.springframework.boot.test.autoconfigure.properties.PropertyMappingContextCustomizer@0, org.springframework.boot.test.autoconfigure.web.servlet.WebDriverContextCustomizerFactory$Customizer@27cbfddf, org.springframework.boot.test.context.filter.ExcludeFilterContextCustomizer@4cee7fa0, org.springframework.boot.test.json.DuplicateJsonObjectContextCustomizerFactory$DuplicateJsonObjectContextCustomizer@7180e701, org.springframework.boot.test.mock.mockito.MockitoContextCustomizer@0, org.springframework.boot.test.web.client.TestRestTemplateContextCustomizer@8ef1d58], resourceBasePath = 'src/main/webapp', contextLoader = 'org.springframework.boot.test.context.SpringBootContextLoader', parent = [null]]]
2022-08-14T22:58:02.053+0900 DEBUG Spring test ApplicationContext cache statistics: [DefaultContextCache@3a861417 size = 3, maxSize = 32, parentContextCount = 0, hitCount = 33, missCount = 3]
2022-08-14T22:58:02.060+0900 DEBUG Retrieved ApplicationContext from cache with key [[WebMergedContextConfiguration@6a7eef27 testClass = PostsApiControllerTest, locations = '{}', classes = '{class com.jojoldu.book.springboot.Application}', contextInitializerClasses = '[]', activeProfiles = '{}', propertySourceLocations = '{}', propertySourceProperties = '{org.springframework.boot.test.context.SpringBootTestContextBootstrapper=true, server.port=0}', contextCustomizers = set[org.springframework.boot.test.autoconfigure.properties.PropertyMappingContextCustomizer@0, org.springframework.boot.test.autoconfigure.web.servlet.WebDriverContextCustomizerFactory$Customizer@27cbfddf, org.springframework.boot.test.context.filter.ExcludeFilterContextCustomizer@4cee7fa0, org.springframework.boot.test.json.DuplicateJsonObjectContextCustomizerFactory$DuplicateJsonObjectContextCustomizer@7180e701, org.springframework.boot.test.mock.mockito.MockitoContextCustomizer@0, org.springframework.boot.test.web.client.TestRestTemplateContextCustomizer@8ef1d58], resourceBasePath = 'src/main/webapp', contextLoader = 'org.springframework.boot.test.context.SpringBootContextLoader', parent = [null]]]
2022-08-14T22:58:02.060+0900 DEBUG Spring test ApplicationContext cache statistics: [DefaultContextCache@3a861417 size = 3, maxSize = 32, parentContextCount = 0, hitCount = 34, missCount = 3]
2022-08-14T22:58:02.064+0900 INFO Initializing Spring TestDispatcherServlet ''
2022-08-14T22:58:02.064+0900 INFO Initializing Servlet ''
2022-08-14T22:58:02.064+0900 DEBUG Detected StandardServletMultipartResolver
2022-08-14T22:58:02.067+0900 DEBUG enableLoggingRequestDetails='false': request parameters and headers will be masked to prevent unsafe logging of potentially sensitive data
2022-08-14T22:58:02.067+0900 INFO Completed initialization in 3 ms
2022-08-14T22:58:02.072+0900 DEBUG Invoking method 'getFilters' on target object [FilterChainProxy[Filter Chains: [[ any request, [org.springframework.security.web.context.request.async.WebAsyncManagerIntegrationFilter@25e95d04, org.springframework.security.web.context.SecurityContextPersistenceFilter@5bd11ad6, org.springframework.security.web.header.HeaderWriterFilter@60ee1a29, org.springframework.security.web.authentication.logout.LogoutFilter@68f9a4f4, org.springframework.security.oauth2.client.web.OAuth2AuthorizationRequestRedirectFilter@37635407, org.springframework.security.oauth2.client.web.OAuth2LoginAuthenticationFilter@33822750, org.springframework.security.web.authentication.ui.DefaultLoginPageGeneratingFilter@3bad0efd, org.springframework.security.web.authentication.ui.DefaultLogoutPageGeneratingFilter@6b5dc4bb, org.springframework.security.web.savedrequest.RequestCacheAwareFilter@5ffaac1f, org.springframework.security.web.servletapi.SecurityContextHolderAwareRequestFilter@4f55da9b, org.springframework.security.web.authentication.AnonymousAuthenticationFilter@46b376bb, org.springframework.security.web.session.SessionManagementFilter@6142b9dd, org.springframework.security.web.access.ExceptionTranslationFilter@747e0a31, org.springframework.security.web.access.intercept.FilterSecurityInterceptor@6005cfe5]]]]] with arguments {org.springframework.mock.web.MockHttpServletRequest@6e1ef044}
2022-08-14T22:58:02.073+0900 DEBUG Getting field 'repo' from target object [org.springframework.security.web.context.SecurityContextPersistenceFilter@5bd11ad6] or target class [class org.springframework.security.web.context.SecurityContextPersistenceFilter]
2022-08-14T22:58:02.073+0900 DEBUG Invoking method 'getFilters' on target object [FilterChainProxy[Filter Chains: [[ any request, [org.springframework.security.web.context.request.async.WebAsyncManagerIntegrationFilter@25e95d04, org.springframework.security.web.context.SecurityContextPersistenceFilter@5bd11ad6, org.springframework.security.web.header.HeaderWriterFilter@60ee1a29, org.springframework.security.web.authentication.logout.LogoutFilter@68f9a4f4, org.springframework.security.oauth2.client.web.OAuth2AuthorizationRequestRedirectFilter@37635407, org.springframework.security.oauth2.client.web.OAuth2LoginAuthenticationFilter@33822750, org.springframework.security.web.authentication.ui.DefaultLoginPageGeneratingFilter@3bad0efd, org.springframework.security.web.authentication.ui.DefaultLogoutPageGeneratingFilter@6b5dc4bb, org.springframework.security.web.savedrequest.RequestCacheAwareFilter@5ffaac1f, org.springframework.security.web.servletapi.SecurityContextHolderAwareRequestFilter@4f55da9b, org.springframework.security.web.authentication.AnonymousAuthenticationFilter@46b376bb, org.springframework.security.web.session.SessionManagementFilter@6142b9dd, org.springframework.security.web.access.ExceptionTranslationFilter@747e0a31, org.springframework.security.web.access.intercept.FilterSecurityInterceptor@6005cfe5]]]]] with arguments {org.springframework.mock.web.MockHttpServletRequest@6e1ef044}
2022-08-14T22:58:02.073+0900 DEBUG Setting field 'repo' of type [null] on target object [org.springframework.security.web.context.SecurityContextPersistenceFilter@5bd11ad6] or target class [class org.springframework.security.web.context.SecurityContextPersistenceFilter] to value [org.springframework.security.test.web.servlet.request.SecurityMockMvcRequestPostProcessors$SecurityContextRequestPostProcessorSupport$TestSecurityContextRepository@3c92f2f9]
2022-08-14T22:58:02.073+0900 DEBUG No HttpSession currently exists
2022-08-14T22:58:02.073+0900 DEBUG No SecurityContext was available from the HttpSession: null. A new one will be created.
2022-08-14T22:58:02.073+0900 DEBUG HttpSession being created as SecurityContext is non-default
2022-08-14T22:58:02.073+0900 DEBUG SecurityContext 'org.springframework.security.core.context.SecurityContextImpl@ca25360: Authentication: org.springframework.security.authentication.UsernamePasswordAuthenticationToken@ca25360: Principal: org.springframework.security.core.userdetails.User@36ebcb: Username: user; Password: [PROTECTED]; Enabled: true; AccountNonExpired: true; credentialsNonExpired: true; AccountNonLocked: true; Granted Authorities: ROLE_USER; Credentials: [PROTECTED]; Authenticated: true; Details: null; Granted Authorities: ROLE_USER' stored to HttpSession: 'org.springframework.mock.web.MockHttpSession@5b7b5484
2022-08-14T22:58:02.073+0900 DEBUG /api/v1/posts at position 1 of 14 in additional filter chain; firing Filter: 'WebAsyncManagerIntegrationFilter'
2022-08-14T22:58:02.073+0900 DEBUG /api/v1/posts at position 2 of 14 in additional filter chain; firing Filter: 'SecurityContextPersistenceFilter'
2022-08-14T22:58:02.073+0900 DEBUG Obtained a valid SecurityContext from SPRING_SECURITY_CONTEXT: 'org.springframework.security.core.context.SecurityContextImpl@ca25360: Authentication: org.springframework.security.authentication.UsernamePasswordAuthenticationToken@ca25360: Principal: org.springframework.security.core.userdetails.User@36ebcb: Username: user; Password: [PROTECTED]; Enabled: true; AccountNonExpired: true; credentialsNonExpired: true; AccountNonLocked: true; Granted Authorities: ROLE_USER; Credentials: [PROTECTED]; Authenticated: true; Details: null; Granted Authorities: ROLE_USER'
2022-08-14T22:58:02.073+0900 DEBUG /api/v1/posts at position 3 of 14 in additional filter chain; firing Filter: 'HeaderWriterFilter'
2022-08-14T22:58:02.074+0900 DEBUG /api/v1/posts at position 4 of 14 in additional filter chain; firing Filter: 'LogoutFilter'
2022-08-14T22:58:02.074+0900 DEBUG Trying to match using Ant [pattern='/logout', GET]
2022-08-14T22:58:02.074+0900 DEBUG Request 'POST /api/v1/posts' doesn't match 'GET /logout'
2022-08-14T22:58:02.074+0900 DEBUG Trying to match using Ant [pattern='/logout', POST]
2022-08-14T22:58:02.074+0900 DEBUG Checking match of request : '/api/v1/posts'; against '/logout'
2022-08-14T22:58:02.074+0900 DEBUG Trying to match using Ant [pattern='/logout', PUT]
2022-08-14T22:58:02.074+0900 DEBUG Request 'POST /api/v1/posts' doesn't match 'PUT /logout'
2022-08-14T22:58:02.074+0900 DEBUG Trying to match using Ant [pattern='/logout', DELETE]
2022-08-14T22:58:02.074+0900 DEBUG Request 'POST /api/v1/posts' doesn't match 'DELETE /logout'
2022-08-14T22:58:02.074+0900 DEBUG No matches found
2022-08-14T22:58:02.074+0900 DEBUG /api/v1/posts at position 5 of 14 in additional filter chain; firing Filter: 'OAuth2AuthorizationRequestRedirectFilter'
2022-08-14T22:58:02.074+0900 DEBUG Checking match of request : '/api/v1/posts'; against '/oauth2/authorization/{registrationId}'
2022-08-14T22:58:02.074+0900 DEBUG /api/v1/posts at position 6 of 14 in additional filter chain; firing Filter: 'OAuth2LoginAuthenticationFilter'
2022-08-14T22:58:02.074+0900 DEBUG Checking match of request : '/api/v1/posts'; against '/login/oauth2/code/*'
2022-08-14T22:58:02.074+0900 DEBUG /api/v1/posts at position 7 of 14 in additional filter chain; firing Filter: 'DefaultLoginPageGeneratingFilter'
2022-08-14T22:58:02.074+0900 DEBUG /api/v1/posts at position 8 of 14 in additional filter chain; firing Filter: 'DefaultLogoutPageGeneratingFilter'
2022-08-14T22:58:02.074+0900 DEBUG Request 'POST /api/v1/posts' doesn't match 'GET /logout'
2022-08-14T22:58:02.074+0900 DEBUG /api/v1/posts at position 9 of 14 in additional filter chain; firing Filter: 'RequestCacheAwareFilter'
2022-08-14T22:58:02.074+0900 DEBUG saved request doesn't match
2022-08-14T22:58:02.074+0900 DEBUG /api/v1/posts at position 10 of 14 in additional filter chain; firing Filter: 'SecurityContextHolderAwareRequestFilter'
2022-08-14T22:58:02.074+0900 DEBUG /api/v1/posts at position 11 of 14 in additional filter chain; firing Filter: 'AnonymousAuthenticationFilter'
2022-08-14T22:58:02.074+0900 DEBUG SecurityContextHolder not populated with anonymous token, as it already contained: 'org.springframework.security.authentication.UsernamePasswordAuthenticationToken@ca25360: Principal: org.springframework.security.core.userdetails.User@36ebcb: Username: user; Password: [PROTECTED]; Enabled: true; AccountNonExpired: true; credentialsNonExpired: true; AccountNonLocked: true; Granted Authorities: ROLE_USER; Credentials: [PROTECTED]; Authenticated: true; Details: null; Granted Authorities: ROLE_USER'
2022-08-14T22:58:02.074+0900 DEBUG /api/v1/posts at position 12 of 14 in additional filter chain; firing Filter: 'SessionManagementFilter'
2022-08-14T22:58:02.074+0900 DEBUG /api/v1/posts at position 13 of 14 in additional filter chain; firing Filter: 'ExceptionTranslationFilter'
2022-08-14T22:58:02.074+0900 DEBUG /api/v1/posts at position 14 of 14 in additional filter chain; firing Filter: 'FilterSecurityInterceptor'
2022-08-14T22:58:02.074+0900 DEBUG Checking match of request : '/api/v1/posts'; against '/'
2022-08-14T22:58:02.074+0900 DEBUG Checking match of request : '/api/v1/posts'; against '/css/**'
2022-08-14T22:58:02.074+0900 DEBUG Checking match of request : '/api/v1/posts'; against '/images/**'
2022-08-14T22:58:02.074+0900 DEBUG Checking match of request : '/api/v1/posts'; against '/js/**'
2022-08-14T22:58:02.074+0900 DEBUG Checking match of request : '/api/v1/posts'; against '/h2-console/**'
2022-08-14T22:58:02.075+0900 DEBUG Checking match of request : '/api/v1/posts'; against '/profile'
2022-08-14T22:58:02.075+0900 DEBUG Checking match of request : '/api/v1/posts'; against '/api/v1/**'
2022-08-14T22:58:02.075+0900 DEBUG Secure object: FilterInvocation: URL: /api/v1/posts; Attributes: [hasRole('ROLE_USER')]
2022-08-14T22:58:02.075+0900 DEBUG Previously Authenticated: org.springframework.security.authentication.UsernamePasswordAuthenticationToken@ca25360: Principal: org.springframework.security.core.userdetails.User@36ebcb: Username: user; Password: [PROTECTED]; Enabled: true; AccountNonExpired: true; credentialsNonExpired: true; AccountNonLocked: true; Granted Authorities: ROLE_USER; Credentials: [PROTECTED]; Authenticated: true; Details: null; Granted Authorities: ROLE_USER
2022-08-14T22:58:02.075+0900 DEBUG Voter: org.springframework.security.web.access.expression.WebExpressionVoter@6e7db0c6, returned: 1
2022-08-14T22:58:02.075+0900 DEBUG Authorization successful
2022-08-14T22:58:02.075+0900 DEBUG RunAsManager did not change Authentication object
2022-08-14T22:58:02.075+0900 DEBUG /api/v1/posts reached end of additional filter chain; proceeding with original chain
2022-08-14T22:58:02.075+0900 DEBUG POST "/api/v1/posts", parameters={}
2022-08-14T22:58:02.076+0900 DEBUG Mapped to public java.lang.Long com.jojoldu.book.springboot.web.PostsApiController.save(com.jojoldu.book.springboot.web.dto.PostsSaveRequestDto)
2022-08-14T22:58:02.076+0900 DEBUG Opening JPA EntityManager in OpenEntityManagerInViewInterceptor
2022-08-14T22:58:02.176+0900 DEBUG Read "application/json;charset=UTF-8" to [com.jojoldu.book.springboot.web.dto.PostsSaveRequestDto@46092840]
2022-08-14T22:58:02.184+0900 DEBUG Found thread-bound EntityManager [SessionImpl(1568782602<open>)] for JPA transaction
2022-08-14T22:58:02.184+0900 DEBUG Creating new transaction with name [com.jojoldu.book.springboot.service.posts.PostsService.save]: PROPAGATION_REQUIRED,ISOLATION_DEFAULT
2022-08-14T22:58:02.185+0900 DEBUG On TransactionImpl creation, JpaCompliance#isJpaTransactionComplianceEnabled == false
2022-08-14T22:58:02.185+0900 DEBUG begin
2022-08-14T22:58:02.185+0900 DEBUG Exposing JPA transaction as JDBC [org.springframework.orm.jpa.vendor.HibernateJpaDialect$HibernateConnectionHandle@635791b7]
2022-08-14T22:58:02.185+0900 DEBUG Adding transactional method 'save' with attribute: PROPAGATION_REQUIRED,ISOLATION_DEFAULT
2022-08-14T22:58:02.185+0900 DEBUG Found thread-bound EntityManager [SessionImpl(1568782602<open>)] for JPA transaction
2022-08-14T22:58:02.185+0900 DEBUG Participating in existing transaction
2022-08-14T22:58:02.198+0900 DEBUG Touched com.jojoldu.book.springboot.domain.posts.Posts@48ac4201 - Last modification at 2022-08-14T22:58:02.198161200 by unknown
2022-08-14T22:58:02.199+0900 DEBUG Executing identity-insert immediately
2022-08-14T22:58:02.199+0900 DEBUG insert into posts (created_date, modified_date, author, content, title) values (?, ?, ?, ?, ?)
Hibernate: insert into posts (created_date, modified_date, author, content, title) values (?, ?, ?, ?, ?)
2022-08-14T22:58:02.200+0900 DEBUG Natively generated identity: 1
2022-08-14T22:58:02.200+0900 DEBUG HHH000387: ResultSet's statement was not registered
2022-08-14T22:58:02.200+0900 DEBUG Initiating transaction commit
2022-08-14T22:58:02.200+0900 DEBUG Committing JPA transaction on EntityManager [SessionImpl(1568782602<open>)]
2022-08-14T22:58:02.200+0900 DEBUG committing
2022-08-14T22:58:02.200+0900 DEBUG Processing flush-time cascades
2022-08-14T22:58:02.200+0900 DEBUG Dirty checking collections
2022-08-14T22:58:02.201+0900 DEBUG Flushed: 0 insertions, 0 updates, 0 deletions to 1 objects
2022-08-14T22:58:02.201+0900 DEBUG Flushed: 0 (re)creations, 0 updates, 0 removals to 0 collections
2022-08-14T22:58:02.201+0900 DEBUG Listing entities:
2022-08-14T22:58:02.201+0900 DEBUG com.jojoldu.book.springboot.domain.posts.Posts{createdDate=2022-08-14T22:58:02.198161200, author=author, modifiedDate=2022-08-14T22:58:02.198161200, id=1, title=title, content=content}
2022-08-14T22:58:02.201+0900 DEBUG Not closing pre-bound JPA EntityManager after transaction
2022-08-14T22:58:02.209+0900 DEBUG Using 'application/json', given [*/*] and supported [application/json, application/*+json, application/json, application/*+json]
2022-08-14T22:58:02.209+0900 DEBUG Writing [1]
2022-08-14T22:58:02.209+0900 DEBUG Not injecting HSTS header since it did not match the requestMatcher org.springframework.security.web.header.writers.HstsHeaderWriter$SecureRequestMatcher@65844f32
2022-08-14T22:58:02.210+0900 DEBUG Closing JPA EntityManager in OpenEntityManagerInViewInterceptor
2022-08-14T22:58:02.210+0900 DEBUG Completed 200 OK
2022-08-14T22:58:02.210+0900 DEBUG Chain processed normally
2022-08-14T22:58:02.210+0900 DEBUG SecurityContextHolder now cleared, as request processing completed
2022-08-14T22:58:02.211+0900 DEBUG Adding transactional method 'findAll' with attribute: PROPAGATION_REQUIRED,ISOLATION_DEFAULT,readOnly
2022-08-14T22:58:02.211+0900 DEBUG Creating new transaction with name [org.springframework.data.jpa.repository.support.SimpleJpaRepository.findAll]: PROPAGATION_REQUIRED,ISOLATION_DEFAULT,readOnly
2022-08-14T22:58:02.211+0900 DEBUG Opened new EntityManager [SessionImpl(1123289808<open>)] for JPA transaction
2022-08-14T22:58:02.211+0900 DEBUG Setting JDBC Connection [HikariProxyConnection@1111351265 wrapping conn10: url=jdbc:h2:mem:testdb user=SA] read-only
2022-08-14T22:58:02.211+0900 DEBUG On TransactionImpl creation, JpaCompliance#isJpaTransactionComplianceEnabled == false
2022-08-14T22:58:02.211+0900 DEBUG begin
2022-08-14T22:58:02.211+0900 DEBUG Exposing JPA transaction as JDBC [org.springframework.orm.jpa.vendor.HibernateJpaDialect$HibernateConnectionHandle@5572be5a]
2022-08-14T22:58:02.212+0900 DEBUG Rendered criteria query -> select generatedAlias0 from Posts as generatedAlias0
2022-08-14T22:58:02.212+0900 DEBUG parse() - HQL: select generatedAlias0 from com.jojoldu.book.springboot.domain.posts.Posts as generatedAlias0
2022-08-14T22:58:02.214+0900 DEBUG throwQueryException() : no errors
2022-08-14T22:58:02.215+0900 DEBUG --- HQL AST ---
 \-[QUERY] Node: 'query'
    \-[SELECT_FROM] Node: 'SELECT_FROM'
       +-[FROM] Node: 'from'
       |  \-[RANGE] Node: 'RANGE'
       |     +-[DOT] Node: '.'
       |     |  +-[DOT] Node: '.'
       |     |  |  +-[DOT] Node: '.'
       |     |  |  |  +-[DOT] Node: '.'
       |     |  |  |  |  +-[DOT] Node: '.'
       |     |  |  |  |  |  +-[DOT] Node: '.'
       |     |  |  |  |  |  |  +-[IDENT] Node: 'com'
       |     |  |  |  |  |  |  \-[IDENT] Node: 'jojoldu'
       |     |  |  |  |  |  \-[IDENT] Node: 'book'
       |     |  |  |  |  \-[IDENT] Node: 'springboot'
       |     |  |  |  \-[IDENT] Node: 'domain'
       |     |  |  \-[IDENT] Node: 'posts'
       |     |  \-[IDENT] Node: 'Posts'
       |     \-[ALIAS] Node: 'generatedAlias0'
       \-[SELECT] Node: 'select'
          \-[IDENT] Node: 'generatedAlias0'

2022-08-14T22:58:02.215+0900 DEBUG select << begin [level=1, statement=select]
2022-08-14T22:58:02.215+0900 DEBUG FromClause{level=1} : com.jojoldu.book.springboot.domain.posts.Posts (generatedAlias0) -> posts0_
2022-08-14T22:58:02.215+0900 DEBUG Resolved : generatedAlias0 -> posts0_.id
2022-08-14T22:58:02.215+0900 DEBUG select : finishing up [level=1, statement=select]
2022-08-14T22:58:02.216+0900 DEBUG processQuery() :  ( SELECT ( {select clause} posts0_.id ) ( FromClause{level=1} posts posts0_ ) )
2022-08-14T22:58:02.216+0900 DEBUG Using FROM fragment [posts posts0_]
2022-08-14T22:58:02.216+0900 DEBUG select >> end [level=1, statement=select]
2022-08-14T22:58:02.216+0900 DEBUG --- SQL AST ---
 \-[SELECT] QueryNode: 'SELECT'  querySpaces (posts)
    +-[SELECT_CLAUSE] SelectClause: '{select clause}'
    |  +-[ALIAS_REF] IdentNode: 'posts0_.id as id1_0_' {alias=generatedAlias0, className=com.jojoldu.book.springboot.domain.posts.Posts, tableAlias=posts0_}
    |  \-[SQL_TOKEN] SqlFragment: 'posts0_.created_date as created_2_0_, posts0_.modified_date as modified3_0_, posts0_.author as author4_0_, posts0_.content as content5_0_, posts0_.title as title6_0_'
    \-[FROM] FromClause: 'from' FromClause{level=1, fromElementCounter=1, fromElements=1, fromElementByClassAlias=[generatedAlias0], fromElementByTableAlias=[posts0_], fromElementsByPath=[], collectionJoinFromElementsByPath=[], impliedElements=[]}
       \-[FROM_FRAGMENT] FromElement: 'posts posts0_' FromElement{explicit,not a collection join,not a fetch join,fetch non-lazy properties,classAlias=generatedAlias0,role=null,tableName=posts,tableAlias=posts0_,origin=null,columns={,className=com.jojoldu.book.springboot.domain.posts.Posts}}

2022-08-14T22:58:02.216+0900 DEBUG throwQueryException() : no errors
2022-08-14T22:58:02.216+0900 DEBUG HQL: select generatedAlias0 from com.jojoldu.book.springboot.domain.posts.Posts as generatedAlias0
2022-08-14T22:58:02.216+0900 DEBUG SQL: select posts0_.id as id1_0_, posts0_.created_date as created_2_0_, posts0_.modified_date as modified3_0_, posts0_.author as author4_0_, posts0_.content as content5_0_, posts0_.title as title6_0_ from posts posts0_
2022-08-14T22:58:02.216+0900 DEBUG throwQueryException() : no errors
2022-08-14T22:58:02.217+0900 DEBUG select posts0_.id as id1_0_, posts0_.created_date as created_2_0_, posts0_.modified_date as modified3_0_, posts0_.author as author4_0_, posts0_.content as content5_0_, posts0_.title as title6_0_ from posts posts0_
Hibernate: select posts0_.id as id1_0_, posts0_.created_date as created_2_0_, posts0_.modified_date as modified3_0_, posts0_.author as author4_0_, posts0_.content as content5_0_, posts0_.title as title6_0_ from posts posts0_
2022-08-14T22:58:02.218+0900 DEBUG Result set row: 0
2022-08-14T22:58:02.218+0900 DEBUG Result row: EntityKey[com.jojoldu.book.springboot.domain.posts.Posts#1]
2022-08-14T22:58:02.218+0900 DEBUG Resolving associations for [com.jojoldu.book.springboot.domain.posts.Posts#1]
2022-08-14T22:58:02.218+0900 DEBUG Done materializing entity [com.jojoldu.book.springboot.domain.posts.Posts#1]
2022-08-14T22:58:02.219+0900 DEBUG Initiating transaction commit
2022-08-14T22:58:02.219+0900 DEBUG Committing JPA transaction on EntityManager [SessionImpl(1123289808<open>)]
2022-08-14T22:58:02.219+0900 DEBUG committing
2022-08-14T22:58:02.219+0900 DEBUG Closing JPA EntityManager [SessionImpl(1123289808<open>)] after transaction
2022-08-14T22:58:02.219+0900 DEBUG HikariPool-2 - Reset (readOnly) on connection conn10: url=jdbc:h2:mem:testdb user=SA
2022-08-14T22:58:02.220+0900 DEBUG Adding transactional method 'deleteAll' with attribute: PROPAGATION_REQUIRED,ISOLATION_DEFAULT
2022-08-14T22:58:02.220+0900 DEBUG Creating new transaction with name [org.springframework.data.jpa.repository.support.SimpleJpaRepository.deleteAll]: PROPAGATION_REQUIRED,ISOLATION_DEFAULT
2022-08-14T22:58:02.220+0900 DEBUG Opened new EntityManager [SessionImpl(2144755610<open>)] for JPA transaction
2022-08-14T22:58:02.220+0900 DEBUG On TransactionImpl creation, JpaCompliance#isJpaTransactionComplianceEnabled == false
2022-08-14T22:58:02.221+0900 DEBUG begin
2022-08-14T22:58:02.221+0900 DEBUG Exposing JPA transaction as JDBC [org.springframework.orm.jpa.vendor.HibernateJpaDialect$HibernateConnectionHandle@f48a79a]
2022-08-14T22:58:02.221+0900 DEBUG Rendered criteria query -> select generatedAlias0 from Posts as generatedAlias0
2022-08-14T22:58:02.222+0900 DEBUG select posts0_.id as id1_0_, posts0_.created_date as created_2_0_, posts0_.modified_date as modified3_0_, posts0_.author as author4_0_, posts0_.content as content5_0_, posts0_.title as title6_0_ from posts posts0_
Hibernate: select posts0_.id as id1_0_, posts0_.created_date as created_2_0_, posts0_.modified_date as modified3_0_, posts0_.author as author4_0_, posts0_.content as content5_0_, posts0_.title as title6_0_ from posts posts0_
2022-08-14T22:58:02.222+0900 DEBUG Result set row: 0
2022-08-14T22:58:02.222+0900 DEBUG Result row: EntityKey[com.jojoldu.book.springboot.domain.posts.Posts#1]
2022-08-14T22:58:02.222+0900 DEBUG Resolving associations for [com.jojoldu.book.springboot.domain.posts.Posts#1]
2022-08-14T22:58:02.223+0900 DEBUG Done materializing entity [com.jojoldu.book.springboot.domain.posts.Posts#1]
2022-08-14T22:58:02.223+0900 DEBUG Initiating transaction commit
2022-08-14T22:58:02.223+0900 DEBUG Committing JPA transaction on EntityManager [SessionImpl(2144755610<open>)]
2022-08-14T22:58:02.223+0900 DEBUG committing
2022-08-14T22:58:02.223+0900 DEBUG Processing flush-time cascades
2022-08-14T22:58:02.223+0900 DEBUG Dirty checking collections
2022-08-14T22:58:02.224+0900 DEBUG Flushed: 0 insertions, 0 updates, 1 deletions to 1 objects
2022-08-14T22:58:02.224+0900 DEBUG Flushed: 0 (re)creations, 0 updates, 0 removals to 0 collections
2022-08-14T22:58:02.224+0900 DEBUG Listing entities:
2022-08-14T22:58:02.224+0900 DEBUG com.jojoldu.book.springboot.domain.posts.Posts{createdDate=2022-08-14T22:58:02.198161, author=author, modifiedDate=2022-08-14T22:58:02.198161, id=1, title=title, content=content}
2022-08-14T22:58:02.224+0900 DEBUG delete from posts where id=?
Hibernate: delete from posts where id=?
2022-08-14T22:58:02.225+0900 DEBUG Closing JPA EntityManager [SessionImpl(2144755610<open>)] after transaction
2022-08-14T22:58:02.225+0900 DEBUG HHH000420: Closing un-released batch
2022-08-14T22:58:02.226+0900 DEBUG Retrieved ApplicationContext from cache with key [[WebMergedContextConfiguration@6a7eef27 testClass = PostsApiControllerTest, locations = '{}', classes = '{class com.jojoldu.book.springboot.Application}', contextInitializerClasses = '[]', activeProfiles = '{}', propertySourceLocations = '{}', propertySourceProperties = '{org.springframework.boot.test.context.SpringBootTestContextBootstrapper=true, server.port=0}', contextCustomizers = set[org.springframework.boot.test.autoconfigure.properties.PropertyMappingContextCustomizer@0, org.springframework.boot.test.autoconfigure.web.servlet.WebDriverContextCustomizerFactory$Customizer@27cbfddf, org.springframework.boot.test.context.filter.ExcludeFilterContextCustomizer@4cee7fa0, org.springframework.boot.test.json.DuplicateJsonObjectContextCustomizerFactory$DuplicateJsonObjectContextCustomizer@7180e701, org.springframework.boot.test.mock.mockito.MockitoContextCustomizer@0, org.springframework.boot.test.web.client.TestRestTemplateContextCustomizer@8ef1d58], resourceBasePath = 'src/main/webapp', contextLoader = 'org.springframework.boot.test.context.SpringBootContextLoader', parent = [null]]]
2022-08-14T22:58:02.226+0900 DEBUG Spring test ApplicationContext cache statistics: [DefaultContextCache@3a861417 size = 3, maxSize = 32, parentContextCount = 0, hitCount = 35, missCount = 3]
2022-08-14T22:58:02.227+0900 DEBUG Retrieved ApplicationContext from cache with key [[WebMergedContextConfiguration@6a7eef27 testClass = PostsApiControllerTest, locations = '{}', classes = '{class com.jojoldu.book.springboot.Application}', contextInitializerClasses = '[]', activeProfiles = '{}', propertySourceLocations = '{}', propertySourceProperties = '{org.springframework.boot.test.context.SpringBootTestContextBootstrapper=true, server.port=0}', contextCustomizers = set[org.springframework.boot.test.autoconfigure.properties.PropertyMappingContextCustomizer@0, org.springframework.boot.test.autoconfigure.web.servlet.WebDriverContextCustomizerFactory$Customizer@27cbfddf, org.springframework.boot.test.context.filter.ExcludeFilterContextCustomizer@4cee7fa0, org.springframework.boot.test.json.DuplicateJsonObjectContextCustomizerFactory$DuplicateJsonObjectContextCustomizer@7180e701, org.springframework.boot.test.mock.mockito.MockitoContextCustomizer@0, org.springframework.boot.test.web.client.TestRestTemplateContextCustomizer@8ef1d58], resourceBasePath = 'src/main/webapp', contextLoader = 'org.springframework.boot.test.context.SpringBootContextLoader', parent = [null]]]
2022-08-14T22:58:02.227+0900 DEBUG Spring test ApplicationContext cache statistics: [DefaultContextCache@3a861417 size = 3, maxSize = 32, parentContextCount = 0, hitCount = 36, missCount = 3]
2022-08-14T22:58:02.227+0900 DEBUG Retrieved ApplicationContext from cache with key [[WebMergedContextConfiguration@6a7eef27 testClass = PostsApiControllerTest, locations = '{}', classes = '{class com.jojoldu.book.springboot.Application}', contextInitializerClasses = '[]', activeProfiles = '{}', propertySourceLocations = '{}', propertySourceProperties = '{org.springframework.boot.test.context.SpringBootTestContextBootstrapper=true, server.port=0}', contextCustomizers = set[org.springframework.boot.test.autoconfigure.properties.PropertyMappingContextCustomizer@0, org.springframework.boot.test.autoconfigure.web.servlet.WebDriverContextCustomizerFactory$Customizer@27cbfddf, org.springframework.boot.test.context.filter.ExcludeFilterContextCustomizer@4cee7fa0, org.springframework.boot.test.json.DuplicateJsonObjectContextCustomizerFactory$DuplicateJsonObjectContextCustomizer@7180e701, org.springframework.boot.test.mock.mockito.MockitoContextCustomizer@0, org.springframework.boot.test.web.client.TestRestTemplateContextCustomizer@8ef1d58], resourceBasePath = 'src/main/webapp', contextLoader = 'org.springframework.boot.test.context.SpringBootContextLoader', parent = [null]]]
2022-08-14T22:58:02.228+0900 DEBUG Spring test ApplicationContext cache statistics: [DefaultContextCache@3a861417 size = 3, maxSize = 32, parentContextCount = 0, hitCount = 37, missCount = 3]
2022-08-14T22:58:02.228+0900 DEBUG Retrieved ApplicationContext from cache with key [[WebMergedContextConfiguration@6a7eef27 testClass = PostsApiControllerTest, locations = '{}', classes = '{class com.jojoldu.book.springboot.Application}', contextInitializerClasses = '[]', activeProfiles = '{}', propertySourceLocations = '{}', propertySourceProperties = '{org.springframework.boot.test.context.SpringBootTestContextBootstrapper=true, server.port=0}', contextCustomizers = set[org.springframework.boot.test.autoconfigure.properties.PropertyMappingContextCustomizer@0, org.springframework.boot.test.autoconfigure.web.servlet.WebDriverContextCustomizerFactory$Customizer@27cbfddf, org.springframework.boot.test.context.filter.ExcludeFilterContextCustomizer@4cee7fa0, org.springframework.boot.test.json.DuplicateJsonObjectContextCustomizerFactory$DuplicateJsonObjectContextCustomizer@7180e701, org.springframework.boot.test.mock.mockito.MockitoContextCustomizer@0, org.springframework.boot.test.web.client.TestRestTemplateContextCustomizer@8ef1d58], resourceBasePath = 'src/main/webapp', contextLoader = 'org.springframework.boot.test.context.SpringBootContextLoader', parent = [null]]]
2022-08-14T22:58:02.228+0900 DEBUG Spring test ApplicationContext cache statistics: [DefaultContextCache@3a861417 size = 3, maxSize = 32, parentContextCount = 0, hitCount = 38, missCount = 3]
2022-08-14T22:58:02.233+0900 DEBUG After test method: context [DefaultTestContext@409a164d testClass = PostsApiControllerTest, testInstance = com.jojoldu.book.springboot.web.PostsApiControllerTest@1ab6a093, testMethod = Posts_등록된다@PostsApiControllerTest, testException = [null], mergedContextConfiguration = [WebMergedContextConfiguration@6a7eef27 testClass = PostsApiControllerTest, locations = '{}', classes = '{class com.jojoldu.book.springboot.Application}', contextInitializerClasses = '[]', activeProfiles = '{}', propertySourceLocations = '{}', propertySourceProperties = '{org.springframework.boot.test.context.SpringBootTestContextBootstrapper=true, server.port=0}', contextCustomizers = set[org.springframework.boot.test.autoconfigure.properties.PropertyMappingContextCustomizer@0, org.springframework.boot.test.autoconfigure.web.servlet.WebDriverContextCustomizerFactory$Customizer@27cbfddf, org.springframework.boot.test.context.filter.ExcludeFilterContextCustomizer@4cee7fa0, org.springframework.boot.test.json.DuplicateJsonObjectContextCustomizerFactory$DuplicateJsonObjectContextCustomizer@7180e701, org.springframework.boot.test.mock.mockito.MockitoContextCustomizer@0, org.springframework.boot.test.web.client.TestRestTemplateContextCustomizer@8ef1d58], resourceBasePath = 'src/main/webapp', contextLoader = 'org.springframework.boot.test.context.SpringBootContextLoader', parent = [null]], attributes = map['org.springframework.test.context.web.ServletTestExecutionListener.activateListener' -> false]], class annotated with @DirtiesContext [false] with mode [null], method annotated with @DirtiesContext [false] with mode [null].
2022-08-14T22:58:02.233+0900 DEBUG Retrieved @ProfileValueSourceConfiguration [null] for test class [com.jojoldu.book.springboot.web.PostsApiControllerTest]
2022-08-14T22:58:02.234+0900 DEBUG Retrieved ProfileValueSource type [class org.springframework.test.annotation.SystemProfileValueSource] for class [com.jojoldu.book.springboot.web.PostsApiControllerTest]
2022-08-14T22:58:02.234+0900 DEBUG Performing dependency injection for test context [[DefaultTestContext@409a164d testClass = PostsApiControllerTest, testInstance = com.jojoldu.book.springboot.web.PostsApiControllerTest@1afea182, testMethod = [null], testException = [null], mergedContextConfiguration = [WebMergedContextConfiguration@6a7eef27 testClass = PostsApiControllerTest, locations = '{}', classes = '{class com.jojoldu.book.springboot.Application}', contextInitializerClasses = '[]', activeProfiles = '{}', propertySourceLocations = '{}', propertySourceProperties = '{org.springframework.boot.test.context.SpringBootTestContextBootstrapper=true, server.port=0}', contextCustomizers = set[org.springframework.boot.test.autoconfigure.properties.PropertyMappingContextCustomizer@0, org.springframework.boot.test.autoconfigure.web.servlet.WebDriverContextCustomizerFactory$Customizer@27cbfddf, org.springframework.boot.test.context.filter.ExcludeFilterContextCustomizer@4cee7fa0, org.springframework.boot.test.json.DuplicateJsonObjectContextCustomizerFactory$DuplicateJsonObjectContextCustomizer@7180e701, org.springframework.boot.test.mock.mockito.MockitoContextCustomizer@0, org.springframework.boot.test.web.client.TestRestTemplateContextCustomizer@8ef1d58], resourceBasePath = 'src/main/webapp', contextLoader = 'org.springframework.boot.test.context.SpringBootContextLoader', parent = [null]], attributes = map['org.springframework.test.context.web.ServletTestExecutionListener.activateListener' -> false]]].
2022-08-14T22:58:02.234+0900 DEBUG Retrieved ApplicationContext from cache with key [[WebMergedContextConfiguration@6a7eef27 testClass = PostsApiControllerTest, locations = '{}', classes = '{class com.jojoldu.book.springboot.Application}', contextInitializerClasses = '[]', activeProfiles = '{}', propertySourceLocations = '{}', propertySourceProperties = '{org.springframework.boot.test.context.SpringBootTestContextBootstrapper=true, server.port=0}', contextCustomizers = set[org.springframework.boot.test.autoconfigure.properties.PropertyMappingContextCustomizer@0, org.springframework.boot.test.autoconfigure.web.servlet.WebDriverContextCustomizerFactory$Customizer@27cbfddf, org.springframework.boot.test.context.filter.ExcludeFilterContextCustomizer@4cee7fa0, org.springframework.boot.test.json.DuplicateJsonObjectContextCustomizerFactory$DuplicateJsonObjectContextCustomizer@7180e701, org.springframework.boot.test.mock.mockito.MockitoContextCustomizer@0, org.springframework.boot.test.web.client.TestRestTemplateContextCustomizer@8ef1d58], resourceBasePath = 'src/main/webapp', contextLoader = 'org.springframework.boot.test.context.SpringBootContextLoader', parent = [null]]]
2022-08-14T22:58:02.234+0900 DEBUG Spring test ApplicationContext cache statistics: [DefaultContextCache@3a861417 size = 3, maxSize = 32, parentContextCount = 0, hitCount = 39, missCount = 3]
2022-08-14T22:58:02.235+0900 DEBUG Found key 'local.server.port' in PropertySource 'server.ports' with value of type Integer
2022-08-14T22:58:02.235+0900 DEBUG Found key 'local.server.port' in PropertySource 'environmentProperties' with value of type String
2022-08-14T22:58:02.235+0900 DEBUG Before test method: context [DefaultTestContext@409a164d testClass = PostsApiControllerTest, testInstance = com.jojoldu.book.springboot.web.PostsApiControllerTest@1afea182, testMethod = Posts_수정된다@PostsApiControllerTest, testException = [null], mergedContextConfiguration = [WebMergedContextConfiguration@6a7eef27 testClass = PostsApiControllerTest, locations = '{}', classes = '{class com.jojoldu.book.springboot.Application}', contextInitializerClasses = '[]', activeProfiles = '{}', propertySourceLocations = '{}', propertySourceProperties = '{org.springframework.boot.test.context.SpringBootTestContextBootstrapper=true, server.port=0}', contextCustomizers = set[org.springframework.boot.test.autoconfigure.properties.PropertyMappingContextCustomizer@0, org.springframework.boot.test.autoconfigure.web.servlet.WebDriverContextCustomizerFactory$Customizer@27cbfddf, org.springframework.boot.test.context.filter.ExcludeFilterContextCustomizer@4cee7fa0, org.springframework.boot.test.json.DuplicateJsonObjectContextCustomizerFactory$DuplicateJsonObjectContextCustomizer@7180e701, org.springframework.boot.test.mock.mockito.MockitoContextCustomizer@0, org.springframework.boot.test.web.client.TestRestTemplateContextCustomizer@8ef1d58], resourceBasePath = 'src/main/webapp', contextLoader = 'org.springframework.boot.test.context.SpringBootContextLoader', parent = [null]], attributes = map['org.springframework.test.context.web.ServletTestExecutionListener.activateListener' -> false]], class annotated with @DirtiesContext [false] with mode [null], method annotated with @DirtiesContext [false] with mode [null].
2022-08-14T22:58:02.236+0900 DEBUG Retrieved ApplicationContext from cache with key [[WebMergedContextConfiguration@6a7eef27 testClass = PostsApiControllerTest, locations = '{}', classes = '{class com.jojoldu.book.springboot.Application}', contextInitializerClasses = '[]', activeProfiles = '{}', propertySourceLocations = '{}', propertySourceProperties = '{org.springframework.boot.test.context.SpringBootTestContextBootstrapper=true, server.port=0}', contextCustomizers = set[org.springframework.boot.test.autoconfigure.properties.PropertyMappingContextCustomizer@0, org.springframework.boot.test.autoconfigure.web.servlet.WebDriverContextCustomizerFactory$Customizer@27cbfddf, org.springframework.boot.test.context.filter.ExcludeFilterContextCustomizer@4cee7fa0, org.springframework.boot.test.json.DuplicateJsonObjectContextCustomizerFactory$DuplicateJsonObjectContextCustomizer@7180e701, org.springframework.boot.test.mock.mockito.MockitoContextCustomizer@0, org.springframework.boot.test.web.client.TestRestTemplateContextCustomizer@8ef1d58], resourceBasePath = 'src/main/webapp', contextLoader = 'org.springframework.boot.test.context.SpringBootContextLoader', parent = [null]]]
2022-08-14T22:58:02.236+0900 DEBUG Spring test ApplicationContext cache statistics: [DefaultContextCache@3a861417 size = 3, maxSize = 32, parentContextCount = 0, hitCount = 40, missCount = 3]
2022-08-14T22:58:02.238+0900 DEBUG Retrieved ApplicationContext from cache with key [[WebMergedContextConfiguration@6a7eef27 testClass = PostsApiControllerTest, locations = '{}', classes = '{class com.jojoldu.book.springboot.Application}', contextInitializerClasses = '[]', activeProfiles = '{}', propertySourceLocations = '{}', propertySourceProperties = '{org.springframework.boot.test.context.SpringBootTestContextBootstrapper=true, server.port=0}', contextCustomizers = set[org.springframework.boot.test.autoconfigure.properties.PropertyMappingContextCustomizer@0, org.springframework.boot.test.autoconfigure.web.servlet.WebDriverContextCustomizerFactory$Customizer@27cbfddf, org.springframework.boot.test.context.filter.ExcludeFilterContextCustomizer@4cee7fa0, org.springframework.boot.test.json.DuplicateJsonObjectContextCustomizerFactory$DuplicateJsonObjectContextCustomizer@7180e701, org.springframework.boot.test.mock.mockito.MockitoContextCustomizer@0, org.springframework.boot.test.web.client.TestRestTemplateContextCustomizer@8ef1d58], resourceBasePath = 'src/main/webapp', contextLoader = 'org.springframework.boot.test.context.SpringBootContextLoader', parent = [null]]]
2022-08-14T22:58:02.238+0900 DEBUG Spring test ApplicationContext cache statistics: [DefaultContextCache@3a861417 size = 3, maxSize = 32, parentContextCount = 0, hitCount = 41, missCount = 3]
2022-08-14T22:58:02.239+0900 INFO Initializing Spring TestDispatcherServlet ''
2022-08-14T22:58:02.239+0900 INFO Initializing Servlet ''
2022-08-14T22:58:02.239+0900 DEBUG Detected StandardServletMultipartResolver
2022-08-14T22:58:02.243+0900 DEBUG enableLoggingRequestDetails='false': request parameters and headers will be masked to prevent unsafe logging of potentially sensitive data
2022-08-14T22:58:02.244+0900 INFO Completed initialization in 4 ms
2022-08-14T22:58:02.244+0900 DEBUG Creating new transaction with name [org.springframework.data.jpa.repository.support.SimpleJpaRepository.save]: PROPAGATION_REQUIRED,ISOLATION_DEFAULT
2022-08-14T22:58:02.244+0900 DEBUG Opened new EntityManager [SessionImpl(59486871<open>)] for JPA transaction
2022-08-14T22:58:02.244+0900 DEBUG On TransactionImpl creation, JpaCompliance#isJpaTransactionComplianceEnabled == false
2022-08-14T22:58:02.244+0900 DEBUG begin
2022-08-14T22:58:02.244+0900 DEBUG Exposing JPA transaction as JDBC [org.springframework.orm.jpa.vendor.HibernateJpaDialect$HibernateConnectionHandle@6c96e1d5]
2022-08-14T22:58:02.246+0900 DEBUG Touched com.jojoldu.book.springboot.domain.posts.Posts@58e9375b - Last modification at 2022-08-14T22:58:02.246033200 by unknown
2022-08-14T22:58:02.246+0900 DEBUG Executing identity-insert immediately
2022-08-14T22:58:02.247+0900 DEBUG insert into posts (created_date, modified_date, author, content, title) values (?, ?, ?, ?, ?)
Hibernate: insert into posts (created_date, modified_date, author, content, title) values (?, ?, ?, ?, ?)
2022-08-14T22:58:02.248+0900 DEBUG Natively generated identity: 2
2022-08-14T22:58:02.248+0900 DEBUG HHH000387: ResultSet's statement was not registered
2022-08-14T22:58:02.248+0900 DEBUG Initiating transaction commit
2022-08-14T22:58:02.248+0900 DEBUG Committing JPA transaction on EntityManager [SessionImpl(59486871<open>)]
2022-08-14T22:58:02.248+0900 DEBUG committing
2022-08-14T22:58:02.248+0900 DEBUG Processing flush-time cascades
2022-08-14T22:58:02.248+0900 DEBUG Dirty checking collections
2022-08-14T22:58:02.249+0900 DEBUG Flushed: 0 insertions, 0 updates, 0 deletions to 1 objects
2022-08-14T22:58:02.249+0900 DEBUG Flushed: 0 (re)creations, 0 updates, 0 removals to 0 collections
2022-08-14T22:58:02.249+0900 DEBUG Listing entities:
2022-08-14T22:58:02.249+0900 DEBUG com.jojoldu.book.springboot.domain.posts.Posts{createdDate=2022-08-14T22:58:02.246033200, author=author, modifiedDate=2022-08-14T22:58:02.246033200, id=2, title=title, content=content}
2022-08-14T22:58:02.249+0900 DEBUG Closing JPA EntityManager [SessionImpl(59486871<open>)] after transaction
2022-08-14T22:58:02.253+0900 DEBUG Invoking method 'getFilters' on target object [FilterChainProxy[Filter Chains: [[ any request, [org.springframework.security.web.context.request.async.WebAsyncManagerIntegrationFilter@25e95d04, org.springframework.security.web.context.SecurityContextPersistenceFilter@5bd11ad6, org.springframework.security.web.header.HeaderWriterFilter@60ee1a29, org.springframework.security.web.authentication.logout.LogoutFilter@68f9a4f4, org.springframework.security.oauth2.client.web.OAuth2AuthorizationRequestRedirectFilter@37635407, org.springframework.security.oauth2.client.web.OAuth2LoginAuthenticationFilter@33822750, org.springframework.security.web.authentication.ui.DefaultLoginPageGeneratingFilter@3bad0efd, org.springframework.security.web.authentication.ui.DefaultLogoutPageGeneratingFilter@6b5dc4bb, org.springframework.security.web.savedrequest.RequestCacheAwareFilter@5ffaac1f, org.springframework.security.web.servletapi.SecurityContextHolderAwareRequestFilter@4f55da9b, org.springframework.security.web.authentication.AnonymousAuthenticationFilter@46b376bb, org.springframework.security.web.session.SessionManagementFilter@6142b9dd, org.springframework.security.web.access.ExceptionTranslationFilter@747e0a31, org.springframework.security.web.access.intercept.FilterSecurityInterceptor@6005cfe5]]]]] with arguments {org.springframework.mock.web.MockHttpServletRequest@2e530f34}
2022-08-14T22:58:02.253+0900 DEBUG Getting field 'repo' from target object [org.springframework.security.web.context.SecurityContextPersistenceFilter@5bd11ad6] or target class [class org.springframework.security.web.context.SecurityContextPersistenceFilter]
2022-08-14T22:58:02.253+0900 DEBUG No HttpSession currently exists
2022-08-14T22:58:02.253+0900 DEBUG No SecurityContext was available from the HttpSession: null. A new one will be created.
2022-08-14T22:58:02.253+0900 DEBUG HttpSession being created as SecurityContext is non-default
2022-08-14T22:58:02.253+0900 DEBUG SecurityContext 'org.springframework.security.core.context.SecurityContextImpl@ca25360: Authentication: org.springframework.security.authentication.UsernamePasswordAuthenticationToken@ca25360: Principal: org.springframework.security.core.userdetails.User@36ebcb: Username: user; Password: [PROTECTED]; Enabled: true; AccountNonExpired: true; credentialsNonExpired: true; AccountNonLocked: true; Granted Authorities: ROLE_USER; Credentials: [PROTECTED]; Authenticated: true; Details: null; Granted Authorities: ROLE_USER' stored to HttpSession: 'org.springframework.mock.web.MockHttpSession@39da0e47
2022-08-14T22:58:02.253+0900 DEBUG /api/v1/posts/2 at position 1 of 14 in additional filter chain; firing Filter: 'WebAsyncManagerIntegrationFilter'
2022-08-14T22:58:02.253+0900 DEBUG /api/v1/posts/2 at position 2 of 14 in additional filter chain; firing Filter: 'SecurityContextPersistenceFilter'
2022-08-14T22:58:02.254+0900 DEBUG Obtained a valid SecurityContext from SPRING_SECURITY_CONTEXT: 'org.springframework.security.core.context.SecurityContextImpl@ca25360: Authentication: org.springframework.security.authentication.UsernamePasswordAuthenticationToken@ca25360: Principal: org.springframework.security.core.userdetails.User@36ebcb: Username: user; Password: [PROTECTED]; Enabled: true; AccountNonExpired: true; credentialsNonExpired: true; AccountNonLocked: true; Granted Authorities: ROLE_USER; Credentials: [PROTECTED]; Authenticated: true; Details: null; Granted Authorities: ROLE_USER'
2022-08-14T22:58:02.254+0900 DEBUG /api/v1/posts/2 at position 3 of 14 in additional filter chain; firing Filter: 'HeaderWriterFilter'
2022-08-14T22:58:02.254+0900 DEBUG /api/v1/posts/2 at position 4 of 14 in additional filter chain; firing Filter: 'LogoutFilter'
2022-08-14T22:58:02.254+0900 DEBUG Trying to match using Ant [pattern='/logout', GET]
2022-08-14T22:58:02.254+0900 DEBUG Request 'PUT /api/v1/posts/2' doesn't match 'GET /logout'
2022-08-14T22:58:02.254+0900 DEBUG Trying to match using Ant [pattern='/logout', POST]
2022-08-14T22:58:02.254+0900 DEBUG Request 'PUT /api/v1/posts/2' doesn't match 'POST /logout'
2022-08-14T22:58:02.254+0900 DEBUG Trying to match using Ant [pattern='/logout', PUT]
2022-08-14T22:58:02.254+0900 DEBUG Checking match of request : '/api/v1/posts/2'; against '/logout'
2022-08-14T22:58:02.254+0900 DEBUG Trying to match using Ant [pattern='/logout', DELETE]
2022-08-14T22:58:02.254+0900 DEBUG Request 'PUT /api/v1/posts/2' doesn't match 'DELETE /logout'
2022-08-14T22:58:02.254+0900 DEBUG No matches found
2022-08-14T22:58:02.254+0900 DEBUG /api/v1/posts/2 at position 5 of 14 in additional filter chain; firing Filter: 'OAuth2AuthorizationRequestRedirectFilter'
2022-08-14T22:58:02.254+0900 DEBUG Checking match of request : '/api/v1/posts/2'; against '/oauth2/authorization/{registrationId}'
2022-08-14T22:58:02.254+0900 DEBUG /api/v1/posts/2 at position 6 of 14 in additional filter chain; firing Filter: 'OAuth2LoginAuthenticationFilter'
2022-08-14T22:58:02.254+0900 DEBUG Checking match of request : '/api/v1/posts/2'; against '/login/oauth2/code/*'
2022-08-14T22:58:02.254+0900 DEBUG /api/v1/posts/2 at position 7 of 14 in additional filter chain; firing Filter: 'DefaultLoginPageGeneratingFilter'
2022-08-14T22:58:02.254+0900 DEBUG /api/v1/posts/2 at position 8 of 14 in additional filter chain; firing Filter: 'DefaultLogoutPageGeneratingFilter'
2022-08-14T22:58:02.254+0900 DEBUG Request 'PUT /api/v1/posts/2' doesn't match 'GET /logout'
2022-08-14T22:58:02.254+0900 DEBUG /api/v1/posts/2 at position 9 of 14 in additional filter chain; firing Filter: 'RequestCacheAwareFilter'
2022-08-14T22:58:02.254+0900 DEBUG saved request doesn't match
2022-08-14T22:58:02.254+0900 DEBUG /api/v1/posts/2 at position 10 of 14 in additional filter chain; firing Filter: 'SecurityContextHolderAwareRequestFilter'
2022-08-14T22:58:02.254+0900 DEBUG /api/v1/posts/2 at position 11 of 14 in additional filter chain; firing Filter: 'AnonymousAuthenticationFilter'
2022-08-14T22:58:02.254+0900 DEBUG SecurityContextHolder not populated with anonymous token, as it already contained: 'org.springframework.security.authentication.UsernamePasswordAuthenticationToken@ca25360: Principal: org.springframework.security.core.userdetails.User@36ebcb: Username: user; Password: [PROTECTED]; Enabled: true; AccountNonExpired: true; credentialsNonExpired: true; AccountNonLocked: true; Granted Authorities: ROLE_USER; Credentials: [PROTECTED]; Authenticated: true; Details: null; Granted Authorities: ROLE_USER'
2022-08-14T22:58:02.254+0900 DEBUG /api/v1/posts/2 at position 12 of 14 in additional filter chain; firing Filter: 'SessionManagementFilter'
2022-08-14T22:58:02.254+0900 DEBUG /api/v1/posts/2 at position 13 of 14 in additional filter chain; firing Filter: 'ExceptionTranslationFilter'
2022-08-14T22:58:02.254+0900 DEBUG /api/v1/posts/2 at position 14 of 14 in additional filter chain; firing Filter: 'FilterSecurityInterceptor'
2022-08-14T22:58:02.254+0900 DEBUG Checking match of request : '/api/v1/posts/2'; against '/'
2022-08-14T22:58:02.254+0900 DEBUG Checking match of request : '/api/v1/posts/2'; against '/css/**'
2022-08-14T22:58:02.254+0900 DEBUG Checking match of request : '/api/v1/posts/2'; against '/images/**'
2022-08-14T22:58:02.254+0900 DEBUG Checking match of request : '/api/v1/posts/2'; against '/js/**'
2022-08-14T22:58:02.254+0900 DEBUG Checking match of request : '/api/v1/posts/2'; against '/h2-console/**'
2022-08-14T22:58:02.254+0900 DEBUG Checking match of request : '/api/v1/posts/2'; against '/profile'
2022-08-14T22:58:02.254+0900 DEBUG Checking match of request : '/api/v1/posts/2'; against '/api/v1/**'
2022-08-14T22:58:02.254+0900 DEBUG Secure object: FilterInvocation: URL: /api/v1/posts/2; Attributes: [hasRole('ROLE_USER')]
2022-08-14T22:58:02.254+0900 DEBUG Previously Authenticated: org.springframework.security.authentication.UsernamePasswordAuthenticationToken@ca25360: Principal: org.springframework.security.core.userdetails.User@36ebcb: Username: user; Password: [PROTECTED]; Enabled: true; AccountNonExpired: true; credentialsNonExpired: true; AccountNonLocked: true; Granted Authorities: ROLE_USER; Credentials: [PROTECTED]; Authenticated: true; Details: null; Granted Authorities: ROLE_USER
2022-08-14T22:58:02.255+0900 DEBUG Voter: org.springframework.security.web.access.expression.WebExpressionVoter@6e7db0c6, returned: 1
2022-08-14T22:58:02.255+0900 DEBUG Authorization successful
2022-08-14T22:58:02.255+0900 DEBUG RunAsManager did not change Authentication object
2022-08-14T22:58:02.255+0900 DEBUG /api/v1/posts/2 reached end of additional filter chain; proceeding with original chain
2022-08-14T22:58:02.255+0900 DEBUG PUT "/api/v1/posts/2", parameters={}
2022-08-14T22:58:02.256+0900 DEBUG Mapped to public java.lang.Long com.jojoldu.book.springboot.web.PostsApiController.update(java.lang.Long,com.jojoldu.book.springboot.web.dto.PostsUpdateRequestDto)
2022-08-14T22:58:02.256+0900 DEBUG Opening JPA EntityManager in OpenEntityManagerInViewInterceptor
2022-08-14T22:58:02.260+0900 DEBUG Read "application/json;charset=UTF-8" to [com.jojoldu.book.springboot.web.dto.PostsUpdateRequestDto@6a49b3c7]
2022-08-14T22:58:02.263+0900 DEBUG Found thread-bound EntityManager [SessionImpl(1869366370<open>)] for JPA transaction
2022-08-14T22:58:02.263+0900 DEBUG Creating new transaction with name [com.jojoldu.book.springboot.service.posts.PostsService.update]: PROPAGATION_REQUIRED,ISOLATION_DEFAULT
2022-08-14T22:58:02.263+0900 DEBUG On TransactionImpl creation, JpaCompliance#isJpaTransactionComplianceEnabled == false
2022-08-14T22:58:02.263+0900 DEBUG begin
2022-08-14T22:58:02.263+0900 DEBUG Exposing JPA transaction as JDBC [org.springframework.orm.jpa.vendor.HibernateJpaDialect$HibernateConnectionHandle@f3458af]
2022-08-14T22:58:02.264+0900 DEBUG Adding transactional method 'findById' with attribute: PROPAGATION_REQUIRED,ISOLATION_DEFAULT,readOnly
2022-08-14T22:58:02.264+0900 DEBUG Found thread-bound EntityManager [SessionImpl(1869366370<open>)] for JPA transaction
2022-08-14T22:58:02.264+0900 DEBUG Participating in existing transaction
2022-08-14T22:58:02.265+0900 DEBUG select posts0_.id as id1_0_0_, posts0_.created_date as created_2_0_0_, posts0_.modified_date as modified3_0_0_, posts0_.author as author4_0_0_, posts0_.content as content5_0_0_, posts0_.title as title6_0_0_ from posts posts0_ where posts0_.id=?
Hibernate: select posts0_.id as id1_0_0_, posts0_.created_date as created_2_0_0_, posts0_.modified_date as modified3_0_0_, posts0_.author as author4_0_0_, posts0_.content as content5_0_0_, posts0_.title as title6_0_0_ from posts posts0_ where posts0_.id=?
2022-08-14T22:58:02.272+0900 DEBUG Starting ResultSet row #0
2022-08-14T22:58:02.273+0900 DEBUG On call to EntityIdentifierReaderImpl#resolve, EntityKey was already known; should only happen on root returns with an optional identifier specified
2022-08-14T22:58:02.276+0900 DEBUG Resolving associations for [com.jojoldu.book.springboot.domain.posts.Posts#2]
2022-08-14T22:58:02.276+0900 DEBUG Done materializing entity [com.jojoldu.book.springboot.domain.posts.Posts#2]
2022-08-14T22:58:02.276+0900 DEBUG HHH000387: ResultSet's statement was not registered
2022-08-14T22:58:02.276+0900 DEBUG Done entity load : com.jojoldu.book.springboot.domain.posts.Posts#2
2022-08-14T22:58:02.277+0900 DEBUG Initiating transaction commit
2022-08-14T22:58:02.277+0900 DEBUG Committing JPA transaction on EntityManager [SessionImpl(1869366370<open>)]
2022-08-14T22:58:02.277+0900 DEBUG committing
2022-08-14T22:58:02.277+0900 DEBUG Processing flush-time cascades
2022-08-14T22:58:02.277+0900 DEBUG Dirty checking collections
2022-08-14T22:58:02.278+0900 DEBUG Touched com.jojoldu.book.springboot.domain.posts.Posts@6b994b71 - Last modification at 2022-08-14T22:58:02.278944800 by unknown
2022-08-14T22:58:02.279+0900 DEBUG Flushed: 0 insertions, 1 updates, 0 deletions to 1 objects
2022-08-14T22:58:02.279+0900 DEBUG Flushed: 0 (re)creations, 0 updates, 0 removals to 0 collections
2022-08-14T22:58:02.279+0900 DEBUG Listing entities:
2022-08-14T22:58:02.280+0900 DEBUG com.jojoldu.book.springboot.domain.posts.Posts{createdDate=2022-08-14T22:58:02.246033, author=author, modifiedDate=2022-08-14T22:58:02.278944800, id=2, title=title2, content=content2}
2022-08-14T22:58:02.281+0900 DEBUG update posts set created_date=?, modified_date=?, author=?, content=?, title=? where id=?
Hibernate: update posts set created_date=?, modified_date=?, author=?, content=?, title=? where id=?
2022-08-14T22:58:02.285+0900 DEBUG Not closing pre-bound JPA EntityManager after transaction
2022-08-14T22:58:02.286+0900 DEBUG Using 'application/json', given [*/*] and supported [application/json, application/*+json, application/json, application/*+json]
2022-08-14T22:58:02.286+0900 DEBUG Writing [2]
2022-08-14T22:58:02.286+0900 DEBUG Not injecting HSTS header since it did not match the requestMatcher org.springframework.security.web.header.writers.HstsHeaderWriter$SecureRequestMatcher@65844f32
2022-08-14T22:58:02.286+0900 DEBUG Closing JPA EntityManager in OpenEntityManagerInViewInterceptor
2022-08-14T22:58:02.287+0900 DEBUG Completed 200 OK
2022-08-14T22:58:02.287+0900 DEBUG Chain processed normally
2022-08-14T22:58:02.287+0900 DEBUG SecurityContextHolder now cleared, as request processing completed
2022-08-14T22:58:02.287+0900 DEBUG Creating new transaction with name [org.springframework.data.jpa.repository.support.SimpleJpaRepository.findAll]: PROPAGATION_REQUIRED,ISOLATION_DEFAULT,readOnly
2022-08-14T22:58:02.287+0900 DEBUG Opened new EntityManager [SessionImpl(968614268<open>)] for JPA transaction
2022-08-14T22:58:02.287+0900 DEBUG Setting JDBC Connection [HikariProxyConnection@929100776 wrapping conn10: url=jdbc:h2:mem:testdb user=SA] read-only
2022-08-14T22:58:02.287+0900 DEBUG On TransactionImpl creation, JpaCompliance#isJpaTransactionComplianceEnabled == false
2022-08-14T22:58:02.287+0900 DEBUG begin
2022-08-14T22:58:02.287+0900 DEBUG Exposing JPA transaction as JDBC [org.springframework.orm.jpa.vendor.HibernateJpaDialect$HibernateConnectionHandle@73032867]
2022-08-14T22:58:02.288+0900 DEBUG Rendered criteria query -> select generatedAlias0 from Posts as generatedAlias0
2022-08-14T22:58:02.288+0900 DEBUG select posts0_.id as id1_0_, posts0_.created_date as created_2_0_, posts0_.modified_date as modified3_0_, posts0_.author as author4_0_, posts0_.content as content5_0_, posts0_.title as title6_0_ from posts posts0_
Hibernate: select posts0_.id as id1_0_, posts0_.created_date as created_2_0_, posts0_.modified_date as modified3_0_, posts0_.author as author4_0_, posts0_.content as content5_0_, posts0_.title as title6_0_ from posts posts0_
2022-08-14T22:58:02.288+0900 DEBUG Result set row: 0
2022-08-14T22:58:02.289+0900 DEBUG Result row: EntityKey[com.jojoldu.book.springboot.domain.posts.Posts#2]
2022-08-14T22:58:02.289+0900 DEBUG Resolving associations for [com.jojoldu.book.springboot.domain.posts.Posts#2]
2022-08-14T22:58:02.289+0900 DEBUG Done materializing entity [com.jojoldu.book.springboot.domain.posts.Posts#2]
2022-08-14T22:58:02.289+0900 DEBUG Initiating transaction commit
2022-08-14T22:58:02.289+0900 DEBUG Committing JPA transaction on EntityManager [SessionImpl(968614268<open>)]
2022-08-14T22:58:02.289+0900 DEBUG committing
2022-08-14T22:58:02.290+0900 DEBUG Closing JPA EntityManager [SessionImpl(968614268<open>)] after transaction
2022-08-14T22:58:02.290+0900 DEBUG HikariPool-2 - Reset (readOnly) on connection conn10: url=jdbc:h2:mem:testdb user=SA
2022-08-14T22:58:02.290+0900 DEBUG Creating new transaction with name [org.springframework.data.jpa.repository.support.SimpleJpaRepository.deleteAll]: PROPAGATION_REQUIRED,ISOLATION_DEFAULT
2022-08-14T22:58:02.291+0900 DEBUG Opened new EntityManager [SessionImpl(1173121971<open>)] for JPA transaction
2022-08-14T22:58:02.291+0900 DEBUG On TransactionImpl creation, JpaCompliance#isJpaTransactionComplianceEnabled == false
2022-08-14T22:58:02.291+0900 DEBUG begin
2022-08-14T22:58:02.291+0900 DEBUG Exposing JPA transaction as JDBC [org.springframework.orm.jpa.vendor.HibernateJpaDialect$HibernateConnectionHandle@19158d56]
2022-08-14T22:58:02.291+0900 DEBUG Rendered criteria query -> select generatedAlias0 from Posts as generatedAlias0
2022-08-14T22:58:02.292+0900 DEBUG select posts0_.id as id1_0_, posts0_.created_date as created_2_0_, posts0_.modified_date as modified3_0_, posts0_.author as author4_0_, posts0_.content as content5_0_, posts0_.title as title6_0_ from posts posts0_
Hibernate: select posts0_.id as id1_0_, posts0_.created_date as created_2_0_, posts0_.modified_date as modified3_0_, posts0_.author as author4_0_, posts0_.content as content5_0_, posts0_.title as title6_0_ from posts posts0_
2022-08-14T22:58:02.292+0900 DEBUG Result set row: 0
2022-08-14T22:58:02.292+0900 DEBUG Result row: EntityKey[com.jojoldu.book.springboot.domain.posts.Posts#2]
2022-08-14T22:58:02.293+0900 DEBUG Resolving associations for [com.jojoldu.book.springboot.domain.posts.Posts#2]
2022-08-14T22:58:02.293+0900 DEBUG Done materializing entity [com.jojoldu.book.springboot.domain.posts.Posts#2]
2022-08-14T22:58:02.293+0900 DEBUG Initiating transaction commit
2022-08-14T22:58:02.293+0900 DEBUG Committing JPA transaction on EntityManager [SessionImpl(1173121971<open>)]
2022-08-14T22:58:02.293+0900 DEBUG committing
2022-08-14T22:58:02.293+0900 DEBUG Processing flush-time cascades
2022-08-14T22:58:02.293+0900 DEBUG Dirty checking collections
2022-08-14T22:58:02.293+0900 DEBUG Flushed: 0 insertions, 0 updates, 1 deletions to 1 objects
2022-08-14T22:58:02.293+0900 DEBUG Flushed: 0 (re)creations, 0 updates, 0 removals to 0 collections
2022-08-14T22:58:02.293+0900 DEBUG Listing entities:
2022-08-14T22:58:02.294+0900 DEBUG com.jojoldu.book.springboot.domain.posts.Posts{createdDate=2022-08-14T22:58:02.246033, author=author, modifiedDate=2022-08-14T22:58:02.278945, id=2, title=title2, content=content2}
2022-08-14T22:58:02.294+0900 DEBUG delete from posts where id=?
Hibernate: delete from posts where id=?
2022-08-14T22:58:02.295+0900 DEBUG Closing JPA EntityManager [SessionImpl(1173121971<open>)] after transaction
2022-08-14T22:58:02.295+0900 DEBUG HHH000420: Closing un-released batch
2022-08-14T22:58:02.315+0900 DEBUG Retrieved ApplicationContext from cache with key [[WebMergedContextConfiguration@6a7eef27 testClass = PostsApiControllerTest, locations = '{}', classes = '{class com.jojoldu.book.springboot.Application}', contextInitializerClasses = '[]', activeProfiles = '{}', propertySourceLocations = '{}', propertySourceProperties = '{org.springframework.boot.test.context.SpringBootTestContextBootstrapper=true, server.port=0}', contextCustomizers = set[org.springframework.boot.test.autoconfigure.properties.PropertyMappingContextCustomizer@0, org.springframework.boot.test.autoconfigure.web.servlet.WebDriverContextCustomizerFactory$Customizer@27cbfddf, org.springframework.boot.test.context.filter.ExcludeFilterContextCustomizer@4cee7fa0, org.springframework.boot.test.json.DuplicateJsonObjectContextCustomizerFactory$DuplicateJsonObjectContextCustomizer@7180e701, org.springframework.boot.test.mock.mockito.MockitoContextCustomizer@0, org.springframework.boot.test.web.client.TestRestTemplateContextCustomizer@8ef1d58], resourceBasePath = 'src/main/webapp', contextLoader = 'org.springframework.boot.test.context.SpringBootContextLoader', parent = [null]]]
2022-08-14T22:58:02.315+0900 DEBUG Spring test ApplicationContext cache statistics: [DefaultContextCache@3a861417 size = 3, maxSize = 32, parentContextCount = 0, hitCount = 42, missCount = 3]
2022-08-14T22:58:02.317+0900 DEBUG Retrieved ApplicationContext from cache with key [[WebMergedContextConfiguration@6a7eef27 testClass = PostsApiControllerTest, locations = '{}', classes = '{class com.jojoldu.book.springboot.Application}', contextInitializerClasses = '[]', activeProfiles = '{}', propertySourceLocations = '{}', propertySourceProperties = '{org.springframework.boot.test.context.SpringBootTestContextBootstrapper=true, server.port=0}', contextCustomizers = set[org.springframework.boot.test.autoconfigure.properties.PropertyMappingContextCustomizer@0, org.springframework.boot.test.autoconfigure.web.servlet.WebDriverContextCustomizerFactory$Customizer@27cbfddf, org.springframework.boot.test.context.filter.ExcludeFilterContextCustomizer@4cee7fa0, org.springframework.boot.test.json.DuplicateJsonObjectContextCustomizerFactory$DuplicateJsonObjectContextCustomizer@7180e701, org.springframework.boot.test.mock.mockito.MockitoContextCustomizer@0, org.springframework.boot.test.web.client.TestRestTemplateContextCustomizer@8ef1d58], resourceBasePath = 'src/main/webapp', contextLoader = 'org.springframework.boot.test.context.SpringBootContextLoader', parent = [null]]]
2022-08-14T22:58:02.317+0900 DEBUG Spring test ApplicationContext cache statistics: [DefaultContextCache@3a861417 size = 3, maxSize = 32, parentContextCount = 0, hitCount = 43, missCount = 3]
2022-08-14T22:58:02.318+0900 DEBUG Retrieved ApplicationContext from cache with key [[WebMergedContextConfiguration@6a7eef27 testClass = PostsApiControllerTest, locations = '{}', classes = '{class com.jojoldu.book.springboot.Application}', contextInitializerClasses = '[]', activeProfiles = '{}', propertySourceLocations = '{}', propertySourceProperties = '{org.springframework.boot.test.context.SpringBootTestContextBootstrapper=true, server.port=0}', contextCustomizers = set[org.springframework.boot.test.autoconfigure.properties.PropertyMappingContextCustomizer@0, org.springframework.boot.test.autoconfigure.web.servlet.WebDriverContextCustomizerFactory$Customizer@27cbfddf, org.springframework.boot.test.context.filter.ExcludeFilterContextCustomizer@4cee7fa0, org.springframework.boot.test.json.DuplicateJsonObjectContextCustomizerFactory$DuplicateJsonObjectContextCustomizer@7180e701, org.springframework.boot.test.mock.mockito.MockitoContextCustomizer@0, org.springframework.boot.test.web.client.TestRestTemplateContextCustomizer@8ef1d58], resourceBasePath = 'src/main/webapp', contextLoader = 'org.springframework.boot.test.context.SpringBootContextLoader', parent = [null]]]
2022-08-14T22:58:02.318+0900 DEBUG Spring test ApplicationContext cache statistics: [DefaultContextCache@3a861417 size = 3, maxSize = 32, parentContextCount = 0, hitCount = 44, missCount = 3]
2022-08-14T22:58:02.319+0900 DEBUG Retrieved ApplicationContext from cache with key [[WebMergedContextConfiguration@6a7eef27 testClass = PostsApiControllerTest, locations = '{}', classes = '{class com.jojoldu.book.springboot.Application}', contextInitializerClasses = '[]', activeProfiles = '{}', propertySourceLocations = '{}', propertySourceProperties = '{org.springframework.boot.test.context.SpringBootTestContextBootstrapper=true, server.port=0}', contextCustomizers = set[org.springframework.boot.test.autoconfigure.properties.PropertyMappingContextCustomizer@0, org.springframework.boot.test.autoconfigure.web.servlet.WebDriverContextCustomizerFactory$Customizer@27cbfddf, org.springframework.boot.test.context.filter.ExcludeFilterContextCustomizer@4cee7fa0, org.springframework.boot.test.json.DuplicateJsonObjectContextCustomizerFactory$DuplicateJsonObjectContextCustomizer@7180e701, org.springframework.boot.test.mock.mockito.MockitoContextCustomizer@0, org.springframework.boot.test.web.client.TestRestTemplateContextCustomizer@8ef1d58], resourceBasePath = 'src/main/webapp', contextLoader = 'org.springframework.boot.test.context.SpringBootContextLoader', parent = [null]]]
2022-08-14T22:58:02.319+0900 DEBUG Spring test ApplicationContext cache statistics: [DefaultContextCache@3a861417 size = 3, maxSize = 32, parentContextCount = 0, hitCount = 45, missCount = 3]
2022-08-14T22:58:02.322+0900 DEBUG After test method: context [DefaultTestContext@409a164d testClass = PostsApiControllerTest, testInstance = com.jojoldu.book.springboot.web.PostsApiControllerTest@1afea182, testMethod = Posts_수정된다@PostsApiControllerTest, testException = [null], mergedContextConfiguration = [WebMergedContextConfiguration@6a7eef27 testClass = PostsApiControllerTest, locations = '{}', classes = '{class com.jojoldu.book.springboot.Application}', contextInitializerClasses = '[]', activeProfiles = '{}', propertySourceLocations = '{}', propertySourceProperties = '{org.springframework.boot.test.context.SpringBootTestContextBootstrapper=true, server.port=0}', contextCustomizers = set[org.springframework.boot.test.autoconfigure.properties.PropertyMappingContextCustomizer@0, org.springframework.boot.test.autoconfigure.web.servlet.WebDriverContextCustomizerFactory$Customizer@27cbfddf, org.springframework.boot.test.context.filter.ExcludeFilterContextCustomizer@4cee7fa0, org.springframework.boot.test.json.DuplicateJsonObjectContextCustomizerFactory$DuplicateJsonObjectContextCustomizer@7180e701, org.springframework.boot.test.mock.mockito.MockitoContextCustomizer@0, org.springframework.boot.test.web.client.TestRestTemplateContextCustomizer@8ef1d58], resourceBasePath = 'src/main/webapp', contextLoader = 'org.springframework.boot.test.context.SpringBootContextLoader', parent = [null]], attributes = map['org.springframework.test.context.web.ServletTestExecutionListener.activateListener' -> false]], class annotated with @DirtiesContext [false] with mode [null], method annotated with @DirtiesContext [false] with mode [null].
2022-08-14T22:58:02.322+0900 DEBUG After test class: context [DefaultTestContext@409a164d testClass = PostsApiControllerTest, testInstance = [null], testMethod = [null], testException = [null], mergedContextConfiguration = [WebMergedContextConfiguration@6a7eef27 testClass = PostsApiControllerTest, locations = '{}', classes = '{class com.jojoldu.book.springboot.Application}', contextInitializerClasses = '[]', activeProfiles = '{}', propertySourceLocations = '{}', propertySourceProperties = '{org.springframework.boot.test.context.SpringBootTestContextBootstrapper=true, server.port=0}', contextCustomizers = set[org.springframework.boot.test.autoconfigure.properties.PropertyMappingContextCustomizer@0, org.springframework.boot.test.autoconfigure.web.servlet.WebDriverContextCustomizerFactory$Customizer@27cbfddf, org.springframework.boot.test.context.filter.ExcludeFilterContextCustomizer@4cee7fa0, org.springframework.boot.test.json.DuplicateJsonObjectContextCustomizerFactory$DuplicateJsonObjectContextCustomizer@7180e701, org.springframework.boot.test.mock.mockito.MockitoContextCustomizer@0, org.springframework.boot.test.web.client.TestRestTemplateContextCustomizer@8ef1d58], resourceBasePath = 'src/main/webapp', contextLoader = 'org.springframework.boot.test.context.SpringBootContextLoader', parent = [null]], attributes = map['org.springframework.test.context.web.ServletTestExecutionListener.activateListener' -> false]], class annotated with @DirtiesContext [false] with mode [null].
]]></system-out>
  <system-err><![CDATA[]]></system-err>
</testsuite>
